<?xml version="1.0" encoding="UTF-8" ?>
<testsuite errors="0" failures="0" hostname="cs-210-206.cs.ucla.edu" name="com.google.javascript.jscomp.InlineFunctionsTest" skipped="0" tests="235" time="0.774" timestamp="2015-03-08T21:49:15">
  <properties>
    <property name="java.vendor" value="Oracle Corporation" />
    <property name="lib.dir" value="/Users/linmanna/Documents/proj/UCLA-CS-239-Winter-2015/Part_B/Benchmark/closure-compiler/lib" />
    <property name="refasterjs-jarfile" value="/Users/linmanna/Documents/proj/UCLA-CS-239-Winter-2015/Part_B/Benchmark/closure-compiler/build/refasterjs.jar" />
    <property name="sun.java.launcher" value="SUN_STANDARD" />
    <property name="sun.management.compiler" value="HotSpot 64-Bit Tiered Compilers" />
    <property name="os.name" value="Mac OS X" />
    <property name="sun.boot.class.path" value="/Library/Java/JavaVirtualMachines/jdk1.7.0_75.jdk/Contents/Home/jre/lib/resources.jar:/Library/Java/JavaVirtualMachines/jdk1.7.0_75.jdk/Contents/Home/jre/lib/rt.jar:/Library/Java/JavaVirtualMachines/jdk1.7.0_75.jdk/Contents/Home/jre/lib/sunrsasign.jar:/Library/Java/JavaVirtualMachines/jdk1.7.0_75.jdk/Contents/Home/jre/lib/jsse.jar:/Library/Java/JavaVirtualMachines/jdk1.7.0_75.jdk/Contents/Home/jre/lib/jce.jar:/Library/Java/JavaVirtualMachines/jdk1.7.0_75.jdk/Contents/Home/jre/lib/charsets.jar:/Library/Java/JavaVirtualMachines/jdk1.7.0_75.jdk/Contents/Home/jre/lib/jfr.jar:/Library/Java/JavaVirtualMachines/jdk1.7.0_75.jdk/Contents/Home/jre/classes" />
    <property name="maven-repository-id" value="sonatype-nexus-staging" />
    <property name="java.vm.specification.vendor" value="Oracle Corporation" />
    <property name="ant.home" value="//Users/linmanna/ant" />
    <property name="java.runtime.version" value="1.7.0_75-b13" />
    <property name="gen.dir" value="/Users/linmanna/Documents/proj/UCLA-CS-239-Winter-2015/Part_B/Benchmark/closure-compiler/gen" />
    <property name="user.name" value="linmanna" />
    <property name="ant.file.compiler" value="/Users/linmanna/Documents/proj/UCLA-CS-239-Winter-2015/Part_B/Benchmark/closure-compiler/build.xml" />
    <property name="build.dir" value="/Users/linmanna/Documents/proj/UCLA-CS-239-Winter-2015/Part_B/Benchmark/closure-compiler/build" />
    <property name="ant.build.javac.target" value="1.7" />
    <property name="user.language" value="zh" />
    <property name="test.method" value="" />
    <property name="sun.boot.library.path" value="/Library/Java/JavaVirtualMachines/jdk1.7.0_75.jdk/Contents/Home/jre/lib" />
    <property name="ant.project.default-target" value="jar" />
    <property name="ant.project.name" value="compiler" />
    <property name="java.version" value="1.7.0_75" />
    <property name="user.timezone" value="" />
    <property name="sun.arch.data.model" value="64" />
    <property name="http.nonProxyHosts" value="local|*.local|169.254/16|*.169.254/16" />
    <property name="java.endorsed.dirs" value="/Library/Java/JavaVirtualMachines/jdk1.7.0_75.jdk/Contents/Home/jre/lib/endorsed" />
    <property name="sun.cpu.isalist" value="" />
    <property name="sun.jnu.encoding" value="UTF-8" />
    <property name="file.encoding.pkg" value="sun.io" />
    <property name="file.separator" value="/" />
    <property name="java.specification.name" value="Java Platform API Specification" />
    <property name="protoc.executable" value="protoc" />
    <property name="classes.dir" value="/Users/linmanna/Documents/proj/UCLA-CS-239-Winter-2015/Part_B/Benchmark/closure-compiler/build/classes" />
    <property name="java.class.version" value="51.0" />
    <property name="testClasses.dir" value="/Users/linmanna/Documents/proj/UCLA-CS-239-Winter-2015/Part_B/Benchmark/closure-compiler/build/test" />
    <property name="user.country" value="CN" />
    <property name="java.home" value="/Library/Java/JavaVirtualMachines/jdk1.7.0_75.jdk/Contents/Home/jre" />
    <property name="java.vm.info" value="mixed mode" />
    <property name="externs.dir" value="/Users/linmanna/Documents/proj/UCLA-CS-239-Winter-2015/Part_B/Benchmark/closure-compiler/externs" />
    <property name="ant.file" value="/Users/linmanna/Documents/proj/UCLA-CS-239-Winter-2015/Part_B/Benchmark/closure-compiler/build.xml" />
    <property name="os.version" value="10.9.5" />
    <property name="javac.debug" value="on" />
    <property name="path.separator" value=":" />
    <property name="java.vm.version" value="24.75-b04" />
    <property name="ant.library.dir" value="//Users/linmanna/ant/lib" />
    <property name="java.awt.printerjob" value="sun.lwawt.macosx.CPrinterJob" />
    <property name="webservice-jarfile" value="/Users/linmanna/Documents/proj/UCLA-CS-239-Winter-2015/Part_B/Benchmark/closure-compiler/build/webservice.jar" />
    <property name="sun.io.unicode.encoding" value="UnicodeBig" />
    <property name="test.fork" value="true" />
    <property name="webservice.dir" value="/Users/linmanna/Documents/proj/UCLA-CS-239-Winter-2015/Part_B/Benchmark/closure-compiler/src/com/google/javascript/jscomp/webservice" />
    <property name="awt.toolkit" value="sun.lwawt.macosx.LWCToolkit" />
    <property name="buildlib.dir" value="/Users/linmanna/Documents/proj/UCLA-CS-239-Winter-2015/Part_B/Benchmark/closure-compiler/build/lib" />
    <property name="socksNonProxyHosts" value="local|*.local|169.254/16|*.169.254/16" />
    <property name="ftp.nonProxyHosts" value="local|*.local|169.254/16|*.169.254/16" />
    <property name="ant.build.javac.source" value="1.7" />
    <property name="refasterjs.dir" value="/Users/linmanna/Documents/proj/UCLA-CS-239-Winter-2015/Part_B/Benchmark/closure-compiler/src/com/google/javascript/refactoring" />
    <property name="user.home" value="/Users/linmanna" />
    <property name="java.specification.vendor" value="Oracle Corporation" />
    <property name="test.dir" value="/Users/linmanna/Documents/proj/UCLA-CS-239-Winter-2015/Part_B/Benchmark/closure-compiler/test" />
    <property name="java.library.path" value="/Users/linmanna/Library/Java/Extensions:/Library/Java/Extensions:/Network/Library/Java/Extensions:/System/Library/Java/Extensions:/usr/lib/java:." />
    <property name="java.vendor.url" value="http://java.oracle.com/" />
    <property name="java.vm.vendor" value="Oracle Corporation" />
    <property name="gopherProxySet" value="false" />
    <property name="build.relVersion" value="5107abc" />
    <property name="java.runtime.name" value="Java(TM) SE Runtime Environment" />
    <property name="sun.java.command" value="org.apache.tools.ant.taskdefs.optional.junit.JUnitTestRunner testsfile=/Users/linmanna/Documents/proj/UCLA-CS-239-Winter-2015/Part_B/Benchmark/closure-compiler/junittestcases5949901879760027472.properties skipNonTests=false filtertrace=true haltOnError=false haltOnFailure=false formatter=org.apache.tools.ant.taskdefs.optional.junit.SummaryJUnitResultFormatter showoutput=true outputtoformatters=true logfailedtests=true threadid=0 logtestlistenerevents=false formatter=org.apache.tools.ant.taskdefs.optional.junit.BriefJUnitResultFormatter formatter=org.apache.tools.ant.taskdefs.optional.junit.XMLJUnitResultFormatter,/Users/linmanna/Documents/proj/UCLA-CS-239-Winter-2015/Part_B/Benchmark/closure-compiler/build/testoutput/IGNORETHIS.xml crashfile=/Users/linmanna/Documents/proj/UCLA-CS-239-Winter-2015/Part_B/Benchmark/closure-compiler/junitvmwatcher5896012663290099626.properties propsfile=/Users/linmanna/Documents/proj/UCLA-CS-239-Winter-2015/Part_B/Benchmark/closure-compiler/junit3382148267101857145.properties" />
    <property name="java.class.path" value="/Users/linmanna/Documents/proj/UCLA-CS-239-Winter-2015/Part_B/Benchmark/closure-compiler/build/classes:/Users/linmanna/Documents/proj/UCLA-CS-239-Winter-2015/Part_B/Benchmark/closure-compiler/lib/ant-launcher.jar:/Users/linmanna/Documents/proj/UCLA-CS-239-Winter-2015/Part_B/Benchmark/closure-compiler/lib/ant.jar:/Users/linmanna/Documents/proj/UCLA-CS-239-Winter-2015/Part_B/Benchmark/closure-compiler/lib/args4j.jar:/Users/linmanna/Documents/proj/UCLA-CS-239-Winter-2015/Part_B/Benchmark/closure-compiler/lib/gson.jar:/Users/linmanna/Documents/proj/UCLA-CS-239-Winter-2015/Part_B/Benchmark/closure-compiler/lib/guava.jar:/Users/linmanna/Documents/proj/UCLA-CS-239-Winter-2015/Part_B/Benchmark/closure-compiler/lib/jsr305.jar:/Users/linmanna/Documents/proj/UCLA-CS-239-Winter-2015/Part_B/Benchmark/closure-compiler/lib/junit.jar:/Users/linmanna/Documents/proj/UCLA-CS-239-Winter-2015/Part_B/Benchmark/closure-compiler/lib/protobuf-java.jar:/Users/linmanna/Documents/proj/UCLA-CS-239-Winter-2015/Part_B/Benchmark/closure-compiler/lib/truth.jar:/Users/linmanna/Documents/proj/UCLA-CS-239-Winter-2015/Part_B/Benchmark/closure-compiler/build/test:/Users/linmanna/ant/lib/ant-launcher.jar:/Users/linmanna/ant/lib/ant.jar:/Users/linmanna/ant/lib/ant-junit.jar:/Users/linmanna/ant/lib/ant-junit4.jar" />
    <property name="ant.version" value="Apache Ant(TM) version 1.9.4 compiled on April 29 2014" />
    <property name="test.class" value="*Test" />
    <property name="java.vm.specification.name" value="Java Virtual Machine Specification" />
    <property name="ant.file.type" value="file" />
    <property name="java.vm.specification.version" value="1.7" />
    <property name="sun.cpu.endian" value="little" />
    <property name="sun.os.patch.level" value="unknown" />
    <property name="java.io.tmpdir" value="/var/folders/_p/3swdt4h96dn79vyt21dtny9h0000gn/T/" />
    <property name="java.vendor.url.bug" value="http://bugreport.sun.com/bugreport/" />
    <property name="java.awt.graphicsenv" value="sun.awt.CGraphicsEnvironment" />
    <property name="maven-repository-url" value="https://oss.sonatype.org/service/local/staging/deploy/maven2/" />
    <property name="os.arch" value="x86_64" />
    <property name="webservice-classes.dir" value="/Users/linmanna/Documents/proj/UCLA-CS-239-Winter-2015/Part_B/Benchmark/closure-compiler/build/webservice-classes" />
    <property name="java.ext.dirs" value="/Users/linmanna/Library/Java/Extensions:/Library/Java/JavaVirtualMachines/jdk1.7.0_75.jdk/Contents/Home/jre/lib/ext:/Library/Java/Extensions:/Network/Library/Java/Extensions:/System/Library/Java/Extensions:/usr/lib/java" />
    <property name="user.dir" value="/Users/linmanna/Documents/proj/UCLA-CS-239-Winter-2015/Part_B/Benchmark/closure-compiler" />
    <property name="ant.file.type.compiler" value="file" />
    <property name="line.separator" value="&#xa;" />
    <property name="java.vm.name" value="Java HotSpot(TM) 64-Bit Server VM" />
    <property name="refasterjs-classes.dir" value="/Users/linmanna/Documents/proj/UCLA-CS-239-Winter-2015/Part_B/Benchmark/closure-compiler/build/refasterjs-classes" />
    <property name="basedir" value="/Users/linmanna/Documents/proj/UCLA-CS-239-Winter-2015/Part_B/Benchmark/closure-compiler" />
    <property name="ant.java.version" value="1.7" />
    <property name="ant.core.lib" value="/Users/linmanna/ant/lib/ant.jar" />
    <property name="file.encoding" value="UTF-8" />
    <property name="closure.build.dir" value="/Users/linmanna/Documents/proj/UCLA-CS-239-Winter-2015/Part_B/Benchmark/closure-compiler/build" />
    <property name="compiler-jarfile" value="/Users/linmanna/Documents/proj/UCLA-CS-239-Winter-2015/Part_B/Benchmark/closure-compiler/build/compiler.jar" />
    <property name="java.specification.version" value="1.7" />
    <property name="src.dir" value="/Users/linmanna/Documents/proj/UCLA-CS-239-Winter-2015/Part_B/Benchmark/closure-compiler/src" />
    <property name="ant.project.invoked-targets" value="clean,compile,compile-tests,test" />
    <property name="javadoc.dir" value="/Users/linmanna/Documents/proj/UCLA-CS-239-Winter-2015/Part_B/Benchmark/closure-compiler/build/javadoc" />
    <property name="tools.dir" value="/Users/linmanna/Documents/proj/UCLA-CS-239-Winter-2015/Part_B/Benchmark/closure-compiler/tools" />
  </properties>
  <testcase classname="com.google.javascript.jscomp.InlineFunctionsTest" name="testInlineEmptyFunction1" time="0.002" />
  <testcase classname="com.google.javascript.jscomp.InlineFunctionsTest" name="testInlineEmptyFunction2" time="0.002" />
  <testcase classname="com.google.javascript.jscomp.InlineFunctionsTest" name="testInlineEmptyFunction3" time="0.002" />
  <testcase classname="com.google.javascript.jscomp.InlineFunctionsTest" name="testInlineEmptyFunction4" time="0.002" />
  <testcase classname="com.google.javascript.jscomp.InlineFunctionsTest" name="testInlineEmptyFunction5" time="0.002" />
  <testcase classname="com.google.javascript.jscomp.InlineFunctionsTest" name="testInlineFunctions1" time="0.002" />
  <testcase classname="com.google.javascript.jscomp.InlineFunctionsTest" name="testInlineFunctions2" time="0.003" />
  <testcase classname="com.google.javascript.jscomp.InlineFunctionsTest" name="testInlineFunctions3" time="0.003" />
  <testcase classname="com.google.javascript.jscomp.InlineFunctionsTest" name="testInlineFunctions4" time="0.002" />
  <testcase classname="com.google.javascript.jscomp.InlineFunctionsTest" name="testInlineFunctions5" time="0.002" />
  <testcase classname="com.google.javascript.jscomp.InlineFunctionsTest" name="testInlineFunctions6" time="0.003" />
  <testcase classname="com.google.javascript.jscomp.InlineFunctionsTest" name="testInlineFunctions7" time="0.002" />
  <testcase classname="com.google.javascript.jscomp.InlineFunctionsTest" name="testInlineFunctions8" time="0.003" />
  <testcase classname="com.google.javascript.jscomp.InlineFunctionsTest" name="testInlineFunctions9" time="0.003" />
  <testcase classname="com.google.javascript.jscomp.InlineFunctionsTest" name="testInlineFunctions10" time="0.003" />
  <testcase classname="com.google.javascript.jscomp.InlineFunctionsTest" name="testInlineFunctions11" time="0.002" />
  <testcase classname="com.google.javascript.jscomp.InlineFunctionsTest" name="testInlineFunctions12" time="0.005" />
  <testcase classname="com.google.javascript.jscomp.InlineFunctionsTest" name="testInlineFunctions13" time="0.002" />
  <testcase classname="com.google.javascript.jscomp.InlineFunctionsTest" name="testInlineFunctions14" time="0.003" />
  <testcase classname="com.google.javascript.jscomp.InlineFunctionsTest" name="testInlineFunctions15a" time="0.004" />
  <testcase classname="com.google.javascript.jscomp.InlineFunctionsTest" name="testInlineFunctions15b" time="0.006" />
  <testcase classname="com.google.javascript.jscomp.InlineFunctionsTest" name="testInlineFunctions15c" time="0.005" />
  <testcase classname="com.google.javascript.jscomp.InlineFunctionsTest" name="testInlineFunctions15d" time="0.006" />
  <testcase classname="com.google.javascript.jscomp.InlineFunctionsTest" name="testInlineFunctions16a" time="0.005" />
  <testcase classname="com.google.javascript.jscomp.InlineFunctionsTest" name="testInlineFunctions16b" time="0.003" />
  <testcase classname="com.google.javascript.jscomp.InlineFunctionsTest" name="testInlineFunctions17" time="0.003" />
  <testcase classname="com.google.javascript.jscomp.InlineFunctionsTest" name="testInlineFunctions18" time="0.003" />
  <testcase classname="com.google.javascript.jscomp.InlineFunctionsTest" name="testInlineFunctions19" time="0.003" />
  <testcase classname="com.google.javascript.jscomp.InlineFunctionsTest" name="testInlineFunctions20" time="0.003" />
  <testcase classname="com.google.javascript.jscomp.InlineFunctionsTest" name="testInlineFunctions21" time="0.003" />
  <testcase classname="com.google.javascript.jscomp.InlineFunctionsTest" name="testInlineFunctions22" time="0.004" />
  <testcase classname="com.google.javascript.jscomp.InlineFunctionsTest" name="testInlineFunctions23" time="0.005" />
  <testcase classname="com.google.javascript.jscomp.InlineFunctionsTest" name="testInlineFunctions24" time="0.002" />
  <testcase classname="com.google.javascript.jscomp.InlineFunctionsTest" name="testInlineFunctions25" time="0.003" />
  <testcase classname="com.google.javascript.jscomp.InlineFunctionsTest" name="testInlineFunctions26" time="0.003" />
  <testcase classname="com.google.javascript.jscomp.InlineFunctionsTest" name="testInlineFunctions27" time="0.003" />
  <testcase classname="com.google.javascript.jscomp.InlineFunctionsTest" name="testInlineFunctions28" time="0.004" />
  <testcase classname="com.google.javascript.jscomp.InlineFunctionsTest" name="testInlineFunctions29" time="0.004" />
  <testcase classname="com.google.javascript.jscomp.InlineFunctionsTest" name="testInlineFunctions30" time="0.003" />
  <testcase classname="com.google.javascript.jscomp.InlineFunctionsTest" name="testInlineFunctions31" time="0.003" />
  <testcase classname="com.google.javascript.jscomp.InlineFunctionsTest" name="testMixedModeInlining1" time="0.002" />
  <testcase classname="com.google.javascript.jscomp.InlineFunctionsTest" name="testMixedModeInlining2" time="0.002" />
  <testcase classname="com.google.javascript.jscomp.InlineFunctionsTest" name="testMixedModeInlining3" time="0.002" />
  <testcase classname="com.google.javascript.jscomp.InlineFunctionsTest" name="testMixedModeInlining4" time="0.003" />
  <testcase classname="com.google.javascript.jscomp.InlineFunctionsTest" name="testMixedModeInliningCosting1" time="0.004" />
  <testcase classname="com.google.javascript.jscomp.InlineFunctionsTest" name="testMixedModeInliningCosting2" time="0.005" />
  <testcase classname="com.google.javascript.jscomp.InlineFunctionsTest" name="testMixedModeInliningCosting3" time="0.005" />
  <testcase classname="com.google.javascript.jscomp.InlineFunctionsTest" name="testMixedModeInliningCosting4" time="0.005" />
  <testcase classname="com.google.javascript.jscomp.InlineFunctionsTest" name="testNoInlineIfParametersModified1" time="0.002" />
  <testcase classname="com.google.javascript.jscomp.InlineFunctionsTest" name="testNoInlineIfParametersModified2" time="0.002" />
  <testcase classname="com.google.javascript.jscomp.InlineFunctionsTest" name="testNoInlineIfParametersModified3" time="0.003" />
  <testcase classname="com.google.javascript.jscomp.InlineFunctionsTest" name="testNoInlineIfParametersModified4" time="0.002" />
  <testcase classname="com.google.javascript.jscomp.InlineFunctionsTest" name="testNoInlineIfParametersModified5" time="0.002" />
  <testcase classname="com.google.javascript.jscomp.InlineFunctionsTest" name="testNoInlineIfParametersModified6" time="0.003" />
  <testcase classname="com.google.javascript.jscomp.InlineFunctionsTest" name="testNoInlineIfParametersModified7" time="0.002" />
  <testcase classname="com.google.javascript.jscomp.InlineFunctionsTest" name="testInlineIfParametersModified8" time="0.002" />
  <testcase classname="com.google.javascript.jscomp.InlineFunctionsTest" name="testInlineIfParametersModified9" time="0.001" />
  <testcase classname="com.google.javascript.jscomp.InlineFunctionsTest" name="testInlineNeverPartialSubtitution1" time="0.001" />
  <testcase classname="com.google.javascript.jscomp.InlineFunctionsTest" name="testInlineNeverPartialSubtitution2" time="0.002" />
  <testcase classname="com.google.javascript.jscomp.InlineFunctionsTest" name="testInlineNeverMutateConstants" time="0.002" />
  <testcase classname="com.google.javascript.jscomp.InlineFunctionsTest" name="testInlineNeverOverrideNewValues" time="0.003" />
  <testcase classname="com.google.javascript.jscomp.InlineFunctionsTest" name="testInlineMutableArgsReferencedOnce" time="0.003" />
  <testcase classname="com.google.javascript.jscomp.InlineFunctionsTest" name="testInlineMutableArgsReferencedOnce2" time="0.003" />
  <testcase classname="com.google.javascript.jscomp.InlineFunctionsTest" name="testInlineMutableArgsReferencedOnce3" time="0.004" />
  <testcase classname="com.google.javascript.jscomp.InlineFunctionsTest" name="testNoInlineMutableArgs1" time="0.002" />
  <testcase classname="com.google.javascript.jscomp.InlineFunctionsTest" name="testNoInlineMutableArgs2" time="0.002" />
  <testcase classname="com.google.javascript.jscomp.InlineFunctionsTest" name="testNoInlineMutableArgs3" time="0.002" />
  <testcase classname="com.google.javascript.jscomp.InlineFunctionsTest" name="testNoInlineMutableArgs4" time="0.002" />
  <testcase classname="com.google.javascript.jscomp.InlineFunctionsTest" name="testInlineBlockMutableArgs1" time="0.002" />
  <testcase classname="com.google.javascript.jscomp.InlineFunctionsTest" name="testInlineBlockMutableArgs2" time="0.003" />
  <testcase classname="com.google.javascript.jscomp.InlineFunctionsTest" name="testInlineBlockMutableArgs3" time="0.003" />
  <testcase classname="com.google.javascript.jscomp.InlineFunctionsTest" name="testInlineBlockMutableArgs4" time="0.002" />
  <testcase classname="com.google.javascript.jscomp.InlineFunctionsTest" name="testShadowVariables1" time="0.003" />
  <testcase classname="com.google.javascript.jscomp.InlineFunctionsTest" name="testShadowVariables2" time="0.004" />
  <testcase classname="com.google.javascript.jscomp.InlineFunctionsTest" name="testShadowVariables3" time="0.003" />
  <testcase classname="com.google.javascript.jscomp.InlineFunctionsTest" name="testShadowVariables4" time="0.004" />
  <testcase classname="com.google.javascript.jscomp.InlineFunctionsTest" name="testShadowVariables5" time="0.004" />
  <testcase classname="com.google.javascript.jscomp.InlineFunctionsTest" name="testShadowVariables6" time="0.003" />
  <testcase classname="com.google.javascript.jscomp.InlineFunctionsTest" name="testShadowVariables7" time="0.008" />
  <testcase classname="com.google.javascript.jscomp.InlineFunctionsTest" name="testShadowVariables8" time="0.002" />
  <testcase classname="com.google.javascript.jscomp.InlineFunctionsTest" name="testShadowVariables9" time="0.001" />
  <testcase classname="com.google.javascript.jscomp.InlineFunctionsTest" name="testShadowVariables10" time="0.001" />
  <testcase classname="com.google.javascript.jscomp.InlineFunctionsTest" name="testShadowVariables11" time="0.002" />
  <testcase classname="com.google.javascript.jscomp.InlineFunctionsTest" name="testShadowVariables12" time="0.002" />
  <testcase classname="com.google.javascript.jscomp.InlineFunctionsTest" name="testShadowVariables13" time="0.003" />
  <testcase classname="com.google.javascript.jscomp.InlineFunctionsTest" name="testShadowVariables14" time="0.003" />
  <testcase classname="com.google.javascript.jscomp.InlineFunctionsTest" name="testShadowVariables15" time="0.003" />
  <testcase classname="com.google.javascript.jscomp.InlineFunctionsTest" name="testShadowVariables16" time="0.006" />
  <testcase classname="com.google.javascript.jscomp.InlineFunctionsTest" name="testShadowVariables17" time="0.003" />
  <testcase classname="com.google.javascript.jscomp.InlineFunctionsTest" name="testShadowVariables18" time="0.003" />
  <testcase classname="com.google.javascript.jscomp.InlineFunctionsTest" name="testCostBasedInlining1" time="0.002" />
  <testcase classname="com.google.javascript.jscomp.InlineFunctionsTest" name="testCostBasedInlining2" time="0.003" />
  <testcase classname="com.google.javascript.jscomp.InlineFunctionsTest" name="testCostBasedInlining3" time="0.004" />
  <testcase classname="com.google.javascript.jscomp.InlineFunctionsTest" name="testCostBasedInlining4" time="0.003" />
  <testcase classname="com.google.javascript.jscomp.InlineFunctionsTest" name="testCostBasedInlining5" time="0.003" />
  <testcase classname="com.google.javascript.jscomp.InlineFunctionsTest" name="testCostBasedInlining6" time="0.003" />
  <testcase classname="com.google.javascript.jscomp.InlineFunctionsTest" name="testCostBasedInlining7" time="0.005" />
  <testcase classname="com.google.javascript.jscomp.InlineFunctionsTest" name="testCostBasedInlining8" time="0.004" />
  <testcase classname="com.google.javascript.jscomp.InlineFunctionsTest" name="testCostBasedInlining9" time="0.003" />
  <testcase classname="com.google.javascript.jscomp.InlineFunctionsTest" name="testCostBasedInlining10" time="0.003" />
  <testcase classname="com.google.javascript.jscomp.InlineFunctionsTest" name="testCostBasedInlining11" time="0.003" />
  <testcase classname="com.google.javascript.jscomp.InlineFunctionsTest" name="testCostBasedInlining12" time="0.003" />
  <testcase classname="com.google.javascript.jscomp.InlineFunctionsTest" name="testCostBasedInliningComplex1" time="0.003" />
  <testcase classname="com.google.javascript.jscomp.InlineFunctionsTest" name="testCostBasedInliningComplex2" time="0.003" />
  <testcase classname="com.google.javascript.jscomp.InlineFunctionsTest" name="testCostBasedInliningComplex3" time="0.004" />
  <testcase classname="com.google.javascript.jscomp.InlineFunctionsTest" name="testCostBasedInliningComplex4" time="0.003" />
  <testcase classname="com.google.javascript.jscomp.InlineFunctionsTest" name="testCostBasedInliningComplex5" time="0.002" />
  <testcase classname="com.google.javascript.jscomp.InlineFunctionsTest" name="testCostBasedInliningComplex6" time="0.005" />
  <testcase classname="com.google.javascript.jscomp.InlineFunctionsTest" name="testCostBasedInliningComplex7" time="0.004" />
  <testcase classname="com.google.javascript.jscomp.InlineFunctionsTest" name="testCostBasedInliningComplex8" time="0.003" />
  <testcase classname="com.google.javascript.jscomp.InlineFunctionsTest" name="testCostBasedInliningComplex9" time="0.003" />
  <testcase classname="com.google.javascript.jscomp.InlineFunctionsTest" name="testDoubleInlining1" time="0.002" />
  <testcase classname="com.google.javascript.jscomp.InlineFunctionsTest" name="testDoubleInlining2" time="0.002" />
  <testcase classname="com.google.javascript.jscomp.InlineFunctionsTest" name="testNoInlineOfNonGlobalFunction1" time="0.002" />
  <testcase classname="com.google.javascript.jscomp.InlineFunctionsTest" name="testNoInlineOfNonGlobalFunction2" time="0.002" />
  <testcase classname="com.google.javascript.jscomp.InlineFunctionsTest" name="testNoInlineOfNonGlobalFunction3" time="0.002" />
  <testcase classname="com.google.javascript.jscomp.InlineFunctionsTest" name="testNoInlineOfNonGlobalFunction4" time="0.003" />
  <testcase classname="com.google.javascript.jscomp.InlineFunctionsTest" name="testNoInlineMaskedFunction" time="0.002" />
  <testcase classname="com.google.javascript.jscomp.InlineFunctionsTest" name="testNoInlineNonFunction" time="0.002" />
  <testcase classname="com.google.javascript.jscomp.InlineFunctionsTest" name="testInlineCall" time="0.002" />
  <testcase classname="com.google.javascript.jscomp.InlineFunctionsTest" name="testInlineFunctionWithArgsMismatch1" time="0.002" />
  <testcase classname="com.google.javascript.jscomp.InlineFunctionsTest" name="testInlineFunctionWithArgsMismatch2" time="0.003" />
  <testcase classname="com.google.javascript.jscomp.InlineFunctionsTest" name="testInlineFunctionWithArgsMismatch3" time="0.003" />
  <testcase classname="com.google.javascript.jscomp.InlineFunctionsTest" name="testInlineFunctionWithArgsMismatch4" time="0.003" />
  <testcase classname="com.google.javascript.jscomp.InlineFunctionsTest" name="testArgumentsWithSideEffectsNeverInlined1" time="0.003" />
  <testcase classname="com.google.javascript.jscomp.InlineFunctionsTest" name="testArgumentsWithSideEffectsNeverInlined2" time="0.003" />
  <testcase classname="com.google.javascript.jscomp.InlineFunctionsTest" name="testOneSideEffectCallDoesNotRuinOthers" time="0.003" />
  <testcase classname="com.google.javascript.jscomp.InlineFunctionsTest" name="testComplexInlineNoResultNoParamCall1" time="0.001" />
  <testcase classname="com.google.javascript.jscomp.InlineFunctionsTest" name="testComplexInlineNoResultNoParamCall2" time="0.003" />
  <testcase classname="com.google.javascript.jscomp.InlineFunctionsTest" name="testComplexInlineNoResultNoParamCall3" time="0.004" />
  <testcase classname="com.google.javascript.jscomp.InlineFunctionsTest" name="testComplexInlineNoResultWithParamCall1" time="0.003" />
  <testcase classname="com.google.javascript.jscomp.InlineFunctionsTest" name="testComplexInlineNoResultWithParamCall2" time="0.003" />
  <testcase classname="com.google.javascript.jscomp.InlineFunctionsTest" name="testComplexInlineNoResultWithParamCall3" time="0.003" />
  <testcase classname="com.google.javascript.jscomp.InlineFunctionsTest" name="testComplexInline1" time="0.002" />
  <testcase classname="com.google.javascript.jscomp.InlineFunctionsTest" name="testComplexInline2" time="0.003" />
  <testcase classname="com.google.javascript.jscomp.InlineFunctionsTest" name="testComplexInline3" time="0.002" />
  <testcase classname="com.google.javascript.jscomp.InlineFunctionsTest" name="testComplexInline4" time="0.001" />
  <testcase classname="com.google.javascript.jscomp.InlineFunctionsTest" name="testComplexInline5" time="0.001" />
  <testcase classname="com.google.javascript.jscomp.InlineFunctionsTest" name="testComplexInline6" time="0.002" />
  <testcase classname="com.google.javascript.jscomp.InlineFunctionsTest" name="testComplexInline7" time="0.002" />
  <testcase classname="com.google.javascript.jscomp.InlineFunctionsTest" name="testComplexInline8" time="0.001" />
  <testcase classname="com.google.javascript.jscomp.InlineFunctionsTest" name="testComplexInlineVars1" time="0.002" />
  <testcase classname="com.google.javascript.jscomp.InlineFunctionsTest" name="testComplexInlineVars2" time="0.002" />
  <testcase classname="com.google.javascript.jscomp.InlineFunctionsTest" name="testComplexInlineVars3" time="0.002" />
  <testcase classname="com.google.javascript.jscomp.InlineFunctionsTest" name="testComplexInlineVars4" time="0.002" />
  <testcase classname="com.google.javascript.jscomp.InlineFunctionsTest" name="testComplexInlineVars5" time="0.002" />
  <testcase classname="com.google.javascript.jscomp.InlineFunctionsTest" name="testComplexInlineVars6" time="0.002" />
  <testcase classname="com.google.javascript.jscomp.InlineFunctionsTest" name="testComplexInlineVars7" time="0.003" />
  <testcase classname="com.google.javascript.jscomp.InlineFunctionsTest" name="testComplexInlineVars8" time="0.002" />
  <testcase classname="com.google.javascript.jscomp.InlineFunctionsTest" name="testComplexInlineVars9" time="0.003" />
  <testcase classname="com.google.javascript.jscomp.InlineFunctionsTest" name="testComplexInlineVars10" time="0.003" />
  <testcase classname="com.google.javascript.jscomp.InlineFunctionsTest" name="testComplexInlineVars11" time="0.002" />
  <testcase classname="com.google.javascript.jscomp.InlineFunctionsTest" name="testComplexInlineVars12" time="0.002" />
  <testcase classname="com.google.javascript.jscomp.InlineFunctionsTest" name="testComplexInlineInExpressionss1" time="0.002" />
  <testcase classname="com.google.javascript.jscomp.InlineFunctionsTest" name="testComplexInlineInExpressionss2" time="0.002" />
  <testcase classname="com.google.javascript.jscomp.InlineFunctionsTest" name="testComplexInlineInExpressionss3" time="0.004" />
  <testcase classname="com.google.javascript.jscomp.InlineFunctionsTest" name="testComplexInlineInExpressionss4" time="0.001" />
  <testcase classname="com.google.javascript.jscomp.InlineFunctionsTest" name="testComplexInlineInExpressionss5" time="0.002" />
  <testcase classname="com.google.javascript.jscomp.InlineFunctionsTest" name="testComplexNoInline1" time="0.002" />
  <testcase classname="com.google.javascript.jscomp.InlineFunctionsTest" name="testComplexNoInline2" time="0.001" />
  <testcase classname="com.google.javascript.jscomp.InlineFunctionsTest" name="testComplexSample" time="0.005" />
  <testcase classname="com.google.javascript.jscomp.InlineFunctionsTest" name="testComplexSampleNoInline" time="0.002" />
  <testcase classname="com.google.javascript.jscomp.InlineFunctionsTest" name="testComplexNoVarSub" time="0.002" />
  <testcase classname="com.google.javascript.jscomp.InlineFunctionsTest" name="testComplexFunctionWithFunctionDefinition1" time="0.003" />
  <testcase classname="com.google.javascript.jscomp.InlineFunctionsTest" name="testComplexFunctionWithFunctionDefinition2" time="0.005" />
  <testcase classname="com.google.javascript.jscomp.InlineFunctionsTest" name="testComplexFunctionWithFunctionDefinition2a" time="0.005" />
  <testcase classname="com.google.javascript.jscomp.InlineFunctionsTest" name="testComplexFunctionWithFunctionDefinition3" time="0.005" />
  <testcase classname="com.google.javascript.jscomp.InlineFunctionsTest" name="testDecomposePlusEquals" time="0.003" />
  <testcase classname="com.google.javascript.jscomp.InlineFunctionsTest" name="testDecomposeFunctionExpressionInCall" time="0.003" />
  <testcase classname="com.google.javascript.jscomp.InlineFunctionsTest" name="testInlineConstructor1" time="0.002" />
  <testcase classname="com.google.javascript.jscomp.InlineFunctionsTest" name="testInlineConstructor2" time="0.003" />
  <testcase classname="com.google.javascript.jscomp.InlineFunctionsTest" name="testInlineConstructor3" time="0.003" />
  <testcase classname="com.google.javascript.jscomp.InlineFunctionsTest" name="testInlineConstructor4" time="0.003" />
  <testcase classname="com.google.javascript.jscomp.InlineFunctionsTest" name="testFunctionExpressionInlining1" time="0.002" />
  <testcase classname="com.google.javascript.jscomp.InlineFunctionsTest" name="testFunctionExpressionInlining2" time="0.002" />
  <testcase classname="com.google.javascript.jscomp.InlineFunctionsTest" name="testFunctionExpressionInlining3" time="0.002" />
  <testcase classname="com.google.javascript.jscomp.InlineFunctionsTest" name="testFunctionExpressionInlining4" time="0.002" />
  <testcase classname="com.google.javascript.jscomp.InlineFunctionsTest" name="testFunctionExpressionCallInlining1" time="0.002" />
  <testcase classname="com.google.javascript.jscomp.InlineFunctionsTest" name="testFunctionExpressionCallInlining2" time="0.003" />
  <testcase classname="com.google.javascript.jscomp.InlineFunctionsTest" name="testFunctionExpressionCallInlining3" time="0.001" />
  <testcase classname="com.google.javascript.jscomp.InlineFunctionsTest" name="testFunctionExpressionCallInlining4" time="0.002" />
  <testcase classname="com.google.javascript.jscomp.InlineFunctionsTest" name="testFunctionExpressionCallInlining5" time="0.001" />
  <testcase classname="com.google.javascript.jscomp.InlineFunctionsTest" name="testFunctionExpressionCallInlining6" time="0.002" />
  <testcase classname="com.google.javascript.jscomp.InlineFunctionsTest" name="testFunctionExpressionCallInlining7" time="0.001" />
  <testcase classname="com.google.javascript.jscomp.InlineFunctionsTest" name="testFunctionExpressionCallInlining8" time="0.001" />
  <testcase classname="com.google.javascript.jscomp.InlineFunctionsTest" name="testFunctionExpressionCallInlining9" time="0.001" />
  <testcase classname="com.google.javascript.jscomp.InlineFunctionsTest" name="testFunctionExpressionCallInlining10" time="0.002" />
  <testcase classname="com.google.javascript.jscomp.InlineFunctionsTest" name="testFunctionExpressionCallInlining11a" time="0.002" />
  <testcase classname="com.google.javascript.jscomp.InlineFunctionsTest" name="testFunctionExpressionCallInlining11b" time="0.003" />
  <testcase classname="com.google.javascript.jscomp.InlineFunctionsTest" name="testFunctionExpressionCallInlining11c" time="0.004" />
  <testcase classname="com.google.javascript.jscomp.InlineFunctionsTest" name="testFunctionExpressionCallInlining11d" time="0.005" />
  <testcase classname="com.google.javascript.jscomp.InlineFunctionsTest" name="testFunctionExpressionCallInlining11e" time="0.004" />
  <testcase classname="com.google.javascript.jscomp.InlineFunctionsTest" name="testFunctionExpressionCallInlining12" time="0.002" />
  <testcase classname="com.google.javascript.jscomp.InlineFunctionsTest" name="testFunctionExpressionOmega" time="0.002" />
  <testcase classname="com.google.javascript.jscomp.InlineFunctionsTest" name="testLocalFunctionInlining1" time="0.002" />
  <testcase classname="com.google.javascript.jscomp.InlineFunctionsTest" name="testLocalFunctionInlining2" time="0.002" />
  <testcase classname="com.google.javascript.jscomp.InlineFunctionsTest" name="testLocalFunctionInlining3" time="0.001" />
  <testcase classname="com.google.javascript.jscomp.InlineFunctionsTest" name="testLocalFunctionInlining4" time="0.001" />
  <testcase classname="com.google.javascript.jscomp.InlineFunctionsTest" name="testLocalFunctionInlining5" time="0.002" />
  <testcase classname="com.google.javascript.jscomp.InlineFunctionsTest" name="testLocalFunctionInlining6" time="0.001" />
  <testcase classname="com.google.javascript.jscomp.InlineFunctionsTest" name="testLocalFunctionInliningOnly1" time="0.002" />
  <testcase classname="com.google.javascript.jscomp.InlineFunctionsTest" name="testLocalFunctionInliningOnly2" time="0.003" />
  <testcase classname="com.google.javascript.jscomp.InlineFunctionsTest" name="testLocalFunctionInliningOnly3" time="0.003" />
  <testcase classname="com.google.javascript.jscomp.InlineFunctionsTest" name="testLocalFunctionInliningOnly4" time="0.003" />
  <testcase classname="com.google.javascript.jscomp.InlineFunctionsTest" name="testInlineWithThis1" time="0.005" />
  <testcase classname="com.google.javascript.jscomp.InlineFunctionsTest" name="testInlineWithThis2" time="0.003" />
  <testcase classname="com.google.javascript.jscomp.InlineFunctionsTest" name="testInlineWithThis3" time="0.003" />
  <testcase classname="com.google.javascript.jscomp.InlineFunctionsTest" name="testInlineWithThis4" time="0.004" />
  <testcase classname="com.google.javascript.jscomp.InlineFunctionsTest" name="testInlineWithThis5" time="0.005" />
  <testcase classname="com.google.javascript.jscomp.InlineFunctionsTest" name="testInlineWithThis6" time="0.004" />
  <testcase classname="com.google.javascript.jscomp.InlineFunctionsTest" name="testInlineWithThis7" time="0.005" />
  <testcase classname="com.google.javascript.jscomp.InlineFunctionsTest" name="testFunctionExpressionYCombinator" time="0.009" />
  <testcase classname="com.google.javascript.jscomp.InlineFunctionsTest" name="testRenamePropertyFunction" time="0.002" />
  <testcase classname="com.google.javascript.jscomp.InlineFunctionsTest" name="testReplacePropertyFunction" time="0.004" />
  <testcase classname="com.google.javascript.jscomp.InlineFunctionsTest" name="testInlineWithClosureContainingThis" time="0.002" />
  <testcase classname="com.google.javascript.jscomp.InlineFunctionsTest" name="testIssue5159924a" time="0.003" />
  <testcase classname="com.google.javascript.jscomp.InlineFunctionsTest" name="testIssue5159924b" time="0.003" />
  <testcase classname="com.google.javascript.jscomp.InlineFunctionsTest" name="testInlineObject" time="0.003" />
  <testcase classname="com.google.javascript.jscomp.InlineFunctionsTest" name="testBug4944818" time="0.006" />
  <testcase classname="com.google.javascript.jscomp.InlineFunctionsTest" name="testIssue423" time="0.011" />
  <testcase classname="com.google.javascript.jscomp.InlineFunctionsTest" name="testIssue728" time="0.01" />
  <testcase classname="com.google.javascript.jscomp.InlineFunctionsTest" name="testAnonymous1" time="0.007" />
  <testcase classname="com.google.javascript.jscomp.InlineFunctionsTest" name="testAnonymous2" time="0.002" />
  <testcase classname="com.google.javascript.jscomp.InlineFunctionsTest" name="testAnonymous3" time="0.005" />
  <testcase classname="com.google.javascript.jscomp.InlineFunctionsTest" name="testLoopWithFunctionWithFunction" time="0.004" />
  <testcase classname="com.google.javascript.jscomp.InlineFunctionsTest" name="testMethodWithFunctionWithFunction" time="0.005" />
  <testcase classname="com.google.javascript.jscomp.InlineFunctionsTest" name="testCrossModuleInlining1" time="0.003" />
  <testcase classname="com.google.javascript.jscomp.InlineFunctionsTest" name="testCrossModuleInlining2" time="0.005" />
  <testcase classname="com.google.javascript.jscomp.InlineFunctionsTest" name="testCrossModuleInlining3" time="0.005" />
  <testcase classname="com.google.javascript.jscomp.InlineFunctionsTest" name="test6671158" time="0.004" />
  <testcase classname="com.google.javascript.jscomp.InlineFunctionsTest" name="test6671158b" time="0.004" />
  <testcase classname="com.google.javascript.jscomp.InlineFunctionsTest" name="test8609285a" time="0.002" />
  <testcase classname="com.google.javascript.jscomp.InlineFunctionsTest" name="test8609285b" time="0.003" />
  <testcase classname="com.google.javascript.jscomp.InlineFunctionsTest" name="testIssue1101" time="0.002" />
  <testcase classname="com.google.javascript.jscomp.InlineFunctionsTest" name="testMaxFunSizeAfterInlining" time="0.016" />
  <system-out><![CDATA[]]></system-out>
  <system-err><![CDATA[]]></system-err>
</testsuite>
