<?xml version="1.0" encoding="UTF-8" ?>
<testsuite errors="5" failures="0" hostname="cs-210-206.cs.ucla.edu" name="com.google.javascript.jscomp.parsing.NewParserTest" skipped="0" tests="243" time="0.123" timestamp="2015-03-08T21:49:42">
  <properties>
    <property name="java.vendor" value="Oracle Corporation" />
    <property name="lib.dir" value="/Users/linmanna/Documents/proj/UCLA-CS-239-Winter-2015/Part_B/Benchmark/closure-compiler/lib" />
    <property name="refasterjs-jarfile" value="/Users/linmanna/Documents/proj/UCLA-CS-239-Winter-2015/Part_B/Benchmark/closure-compiler/build/refasterjs.jar" />
    <property name="sun.java.launcher" value="SUN_STANDARD" />
    <property name="sun.management.compiler" value="HotSpot 64-Bit Tiered Compilers" />
    <property name="os.name" value="Mac OS X" />
    <property name="sun.boot.class.path" value="/Library/Java/JavaVirtualMachines/jdk1.7.0_75.jdk/Contents/Home/jre/lib/resources.jar:/Library/Java/JavaVirtualMachines/jdk1.7.0_75.jdk/Contents/Home/jre/lib/rt.jar:/Library/Java/JavaVirtualMachines/jdk1.7.0_75.jdk/Contents/Home/jre/lib/sunrsasign.jar:/Library/Java/JavaVirtualMachines/jdk1.7.0_75.jdk/Contents/Home/jre/lib/jsse.jar:/Library/Java/JavaVirtualMachines/jdk1.7.0_75.jdk/Contents/Home/jre/lib/jce.jar:/Library/Java/JavaVirtualMachines/jdk1.7.0_75.jdk/Contents/Home/jre/lib/charsets.jar:/Library/Java/JavaVirtualMachines/jdk1.7.0_75.jdk/Contents/Home/jre/lib/jfr.jar:/Library/Java/JavaVirtualMachines/jdk1.7.0_75.jdk/Contents/Home/jre/classes" />
    <property name="maven-repository-id" value="sonatype-nexus-staging" />
    <property name="java.vm.specification.vendor" value="Oracle Corporation" />
    <property name="ant.home" value="//Users/linmanna/ant" />
    <property name="java.runtime.version" value="1.7.0_75-b13" />
    <property name="gen.dir" value="/Users/linmanna/Documents/proj/UCLA-CS-239-Winter-2015/Part_B/Benchmark/closure-compiler/gen" />
    <property name="user.name" value="linmanna" />
    <property name="ant.file.compiler" value="/Users/linmanna/Documents/proj/UCLA-CS-239-Winter-2015/Part_B/Benchmark/closure-compiler/build.xml" />
    <property name="build.dir" value="/Users/linmanna/Documents/proj/UCLA-CS-239-Winter-2015/Part_B/Benchmark/closure-compiler/build" />
    <property name="ant.build.javac.target" value="1.7" />
    <property name="user.language" value="zh" />
    <property name="test.method" value="" />
    <property name="sun.boot.library.path" value="/Library/Java/JavaVirtualMachines/jdk1.7.0_75.jdk/Contents/Home/jre/lib" />
    <property name="ant.project.default-target" value="jar" />
    <property name="ant.project.name" value="compiler" />
    <property name="java.version" value="1.7.0_75" />
    <property name="user.timezone" value="" />
    <property name="sun.arch.data.model" value="64" />
    <property name="http.nonProxyHosts" value="local|*.local|169.254/16|*.169.254/16" />
    <property name="java.endorsed.dirs" value="/Library/Java/JavaVirtualMachines/jdk1.7.0_75.jdk/Contents/Home/jre/lib/endorsed" />
    <property name="sun.cpu.isalist" value="" />
    <property name="sun.jnu.encoding" value="UTF-8" />
    <property name="file.encoding.pkg" value="sun.io" />
    <property name="file.separator" value="/" />
    <property name="java.specification.name" value="Java Platform API Specification" />
    <property name="protoc.executable" value="protoc" />
    <property name="classes.dir" value="/Users/linmanna/Documents/proj/UCLA-CS-239-Winter-2015/Part_B/Benchmark/closure-compiler/build/classes" />
    <property name="java.class.version" value="51.0" />
    <property name="testClasses.dir" value="/Users/linmanna/Documents/proj/UCLA-CS-239-Winter-2015/Part_B/Benchmark/closure-compiler/build/test" />
    <property name="user.country" value="CN" />
    <property name="java.home" value="/Library/Java/JavaVirtualMachines/jdk1.7.0_75.jdk/Contents/Home/jre" />
    <property name="java.vm.info" value="mixed mode" />
    <property name="externs.dir" value="/Users/linmanna/Documents/proj/UCLA-CS-239-Winter-2015/Part_B/Benchmark/closure-compiler/externs" />
    <property name="ant.file" value="/Users/linmanna/Documents/proj/UCLA-CS-239-Winter-2015/Part_B/Benchmark/closure-compiler/build.xml" />
    <property name="os.version" value="10.9.5" />
    <property name="javac.debug" value="on" />
    <property name="path.separator" value=":" />
    <property name="java.vm.version" value="24.75-b04" />
    <property name="ant.library.dir" value="//Users/linmanna/ant/lib" />
    <property name="java.awt.printerjob" value="sun.lwawt.macosx.CPrinterJob" />
    <property name="webservice-jarfile" value="/Users/linmanna/Documents/proj/UCLA-CS-239-Winter-2015/Part_B/Benchmark/closure-compiler/build/webservice.jar" />
    <property name="sun.io.unicode.encoding" value="UnicodeBig" />
    <property name="test.fork" value="true" />
    <property name="webservice.dir" value="/Users/linmanna/Documents/proj/UCLA-CS-239-Winter-2015/Part_B/Benchmark/closure-compiler/src/com/google/javascript/jscomp/webservice" />
    <property name="awt.toolkit" value="sun.lwawt.macosx.LWCToolkit" />
    <property name="buildlib.dir" value="/Users/linmanna/Documents/proj/UCLA-CS-239-Winter-2015/Part_B/Benchmark/closure-compiler/build/lib" />
    <property name="socksNonProxyHosts" value="local|*.local|169.254/16|*.169.254/16" />
    <property name="ftp.nonProxyHosts" value="local|*.local|169.254/16|*.169.254/16" />
    <property name="ant.build.javac.source" value="1.7" />
    <property name="refasterjs.dir" value="/Users/linmanna/Documents/proj/UCLA-CS-239-Winter-2015/Part_B/Benchmark/closure-compiler/src/com/google/javascript/refactoring" />
    <property name="user.home" value="/Users/linmanna" />
    <property name="java.specification.vendor" value="Oracle Corporation" />
    <property name="test.dir" value="/Users/linmanna/Documents/proj/UCLA-CS-239-Winter-2015/Part_B/Benchmark/closure-compiler/test" />
    <property name="java.library.path" value="/Users/linmanna/Library/Java/Extensions:/Library/Java/Extensions:/Network/Library/Java/Extensions:/System/Library/Java/Extensions:/usr/lib/java:." />
    <property name="java.vendor.url" value="http://java.oracle.com/" />
    <property name="java.vm.vendor" value="Oracle Corporation" />
    <property name="gopherProxySet" value="false" />
    <property name="build.relVersion" value="5107abc" />
    <property name="java.runtime.name" value="Java(TM) SE Runtime Environment" />
    <property name="sun.java.command" value="org.apache.tools.ant.taskdefs.optional.junit.JUnitTestRunner testsfile=/Users/linmanna/Documents/proj/UCLA-CS-239-Winter-2015/Part_B/Benchmark/closure-compiler/junittestcases5949901879760027472.properties skipNonTests=false filtertrace=true haltOnError=false haltOnFailure=false formatter=org.apache.tools.ant.taskdefs.optional.junit.SummaryJUnitResultFormatter showoutput=true outputtoformatters=true logfailedtests=true threadid=0 logtestlistenerevents=false formatter=org.apache.tools.ant.taskdefs.optional.junit.BriefJUnitResultFormatter formatter=org.apache.tools.ant.taskdefs.optional.junit.XMLJUnitResultFormatter,/Users/linmanna/Documents/proj/UCLA-CS-239-Winter-2015/Part_B/Benchmark/closure-compiler/build/testoutput/IGNORETHIS.xml crashfile=/Users/linmanna/Documents/proj/UCLA-CS-239-Winter-2015/Part_B/Benchmark/closure-compiler/junitvmwatcher5896012663290099626.properties propsfile=/Users/linmanna/Documents/proj/UCLA-CS-239-Winter-2015/Part_B/Benchmark/closure-compiler/junit3382148267101857145.properties" />
    <property name="java.class.path" value="/Users/linmanna/Documents/proj/UCLA-CS-239-Winter-2015/Part_B/Benchmark/closure-compiler/build/classes:/Users/linmanna/Documents/proj/UCLA-CS-239-Winter-2015/Part_B/Benchmark/closure-compiler/lib/ant-launcher.jar:/Users/linmanna/Documents/proj/UCLA-CS-239-Winter-2015/Part_B/Benchmark/closure-compiler/lib/ant.jar:/Users/linmanna/Documents/proj/UCLA-CS-239-Winter-2015/Part_B/Benchmark/closure-compiler/lib/args4j.jar:/Users/linmanna/Documents/proj/UCLA-CS-239-Winter-2015/Part_B/Benchmark/closure-compiler/lib/gson.jar:/Users/linmanna/Documents/proj/UCLA-CS-239-Winter-2015/Part_B/Benchmark/closure-compiler/lib/guava.jar:/Users/linmanna/Documents/proj/UCLA-CS-239-Winter-2015/Part_B/Benchmark/closure-compiler/lib/jsr305.jar:/Users/linmanna/Documents/proj/UCLA-CS-239-Winter-2015/Part_B/Benchmark/closure-compiler/lib/junit.jar:/Users/linmanna/Documents/proj/UCLA-CS-239-Winter-2015/Part_B/Benchmark/closure-compiler/lib/protobuf-java.jar:/Users/linmanna/Documents/proj/UCLA-CS-239-Winter-2015/Part_B/Benchmark/closure-compiler/lib/truth.jar:/Users/linmanna/Documents/proj/UCLA-CS-239-Winter-2015/Part_B/Benchmark/closure-compiler/build/test:/Users/linmanna/ant/lib/ant-launcher.jar:/Users/linmanna/ant/lib/ant.jar:/Users/linmanna/ant/lib/ant-junit.jar:/Users/linmanna/ant/lib/ant-junit4.jar" />
    <property name="ant.version" value="Apache Ant(TM) version 1.9.4 compiled on April 29 2014" />
    <property name="test.class" value="*Test" />
    <property name="java.vm.specification.name" value="Java Virtual Machine Specification" />
    <property name="ant.file.type" value="file" />
    <property name="java.vm.specification.version" value="1.7" />
    <property name="sun.cpu.endian" value="little" />
    <property name="sun.os.patch.level" value="unknown" />
    <property name="java.io.tmpdir" value="/var/folders/_p/3swdt4h96dn79vyt21dtny9h0000gn/T/" />
    <property name="java.vendor.url.bug" value="http://bugreport.sun.com/bugreport/" />
    <property name="java.awt.graphicsenv" value="sun.awt.CGraphicsEnvironment" />
    <property name="maven-repository-url" value="https://oss.sonatype.org/service/local/staging/deploy/maven2/" />
    <property name="os.arch" value="x86_64" />
    <property name="webservice-classes.dir" value="/Users/linmanna/Documents/proj/UCLA-CS-239-Winter-2015/Part_B/Benchmark/closure-compiler/build/webservice-classes" />
    <property name="java.ext.dirs" value="/Users/linmanna/Library/Java/Extensions:/Library/Java/JavaVirtualMachines/jdk1.7.0_75.jdk/Contents/Home/jre/lib/ext:/Library/Java/Extensions:/Network/Library/Java/Extensions:/System/Library/Java/Extensions:/usr/lib/java" />
    <property name="user.dir" value="/Users/linmanna/Documents/proj/UCLA-CS-239-Winter-2015/Part_B/Benchmark/closure-compiler" />
    <property name="ant.file.type.compiler" value="file" />
    <property name="line.separator" value="&#xa;" />
    <property name="java.vm.name" value="Java HotSpot(TM) 64-Bit Server VM" />
    <property name="refasterjs-classes.dir" value="/Users/linmanna/Documents/proj/UCLA-CS-239-Winter-2015/Part_B/Benchmark/closure-compiler/build/refasterjs-classes" />
    <property name="basedir" value="/Users/linmanna/Documents/proj/UCLA-CS-239-Winter-2015/Part_B/Benchmark/closure-compiler" />
    <property name="ant.java.version" value="1.7" />
    <property name="ant.core.lib" value="/Users/linmanna/ant/lib/ant.jar" />
    <property name="file.encoding" value="UTF-8" />
    <property name="closure.build.dir" value="/Users/linmanna/Documents/proj/UCLA-CS-239-Winter-2015/Part_B/Benchmark/closure-compiler/build" />
    <property name="compiler-jarfile" value="/Users/linmanna/Documents/proj/UCLA-CS-239-Winter-2015/Part_B/Benchmark/closure-compiler/build/compiler.jar" />
    <property name="java.specification.version" value="1.7" />
    <property name="src.dir" value="/Users/linmanna/Documents/proj/UCLA-CS-239-Winter-2015/Part_B/Benchmark/closure-compiler/src" />
    <property name="ant.project.invoked-targets" value="clean,compile,compile-tests,test" />
    <property name="javadoc.dir" value="/Users/linmanna/Documents/proj/UCLA-CS-239-Winter-2015/Part_B/Benchmark/closure-compiler/build/javadoc" />
    <property name="tools.dir" value="/Users/linmanna/Documents/proj/UCLA-CS-239-Winter-2015/Part_B/Benchmark/closure-compiler/tools" />
  </properties>
  <testcase classname="com.google.javascript.jscomp.parsing.NewParserTest" name="testRegExp" time="0.001" />
  <testcase classname="com.google.javascript.jscomp.parsing.NewParserTest" name="testObjectDestructuringComputedProp" time="0.0" />
  <testcase classname="com.google.javascript.jscomp.parsing.NewParserTest" name="testGetter" time="0.001" />
  <testcase classname="com.google.javascript.jscomp.parsing.NewParserTest" name="testSetter" time="0.001" />
  <testcase classname="com.google.javascript.jscomp.parsing.NewParserTest" name="testDefaultParameters" time="0.0" />
  <testcase classname="com.google.javascript.jscomp.parsing.NewParserTest" name="testDefaultParametersWithRestParameters" time="0.0" />
  <testcase classname="com.google.javascript.jscomp.parsing.NewParserTest" name="testTemplateLiteral" time="0.0">
    <error type="java.lang.ArrayIndexOutOfBoundsException">java.lang.ArrayIndexOutOfBoundsException
</error>
  </testcase>
  <testcase classname="com.google.javascript.jscomp.parsing.NewParserTest" name="testFunction" time="0.001" />
  <testcase classname="com.google.javascript.jscomp.parsing.NewParserTest" name="testReturn" time="0.001" />
  <testcase classname="com.google.javascript.jscomp.parsing.NewParserTest" name="testThrow" time="0.0" />
  <testcase classname="com.google.javascript.jscomp.parsing.NewParserTest" name="testNestedWhile" time="0.001" />
  <testcase classname="com.google.javascript.jscomp.parsing.NewParserTest" name="testBreakCrossFunction" time="0.0" />
  <testcase classname="com.google.javascript.jscomp.parsing.NewParserTest" name="testBreakCrossFunctionInFor" time="0.0" />
  <testcase classname="com.google.javascript.jscomp.parsing.NewParserTest" name="testBreakInForOf" time="0.0" />
  <testcase classname="com.google.javascript.jscomp.parsing.NewParserTest" name="testContinueToSwitch" time="0.0" />
  <testcase classname="com.google.javascript.jscomp.parsing.NewParserTest" name="testContinueToSwitchWithNoCases" time="0.0" />
  <testcase classname="com.google.javascript.jscomp.parsing.NewParserTest" name="testContinueToSwitchWithTwoCases" time="0.0" />
  <testcase classname="com.google.javascript.jscomp.parsing.NewParserTest" name="testContinueToSwitchWithDefault" time="0.0" />
  <testcase classname="com.google.javascript.jscomp.parsing.NewParserTest" name="testContinueToLabelSwitch" time="0.001" />
  <testcase classname="com.google.javascript.jscomp.parsing.NewParserTest" name="testContinueOutsideSwitch" time="0.001" />
  <testcase classname="com.google.javascript.jscomp.parsing.NewParserTest" name="testContinueNotCrossFunction1" time="0.0" />
  <testcase classname="com.google.javascript.jscomp.parsing.NewParserTest" name="testContinueNotCrossFunction2" time="0.0" />
  <testcase classname="com.google.javascript.jscomp.parsing.NewParserTest" name="testContinueInForOf" time="0.001" />
  <testcase classname="com.google.javascript.jscomp.parsing.NewParserTest" name="testLabel1" time="0.0" />
  <testcase classname="com.google.javascript.jscomp.parsing.NewParserTest" name="testLabel2" time="0.0" />
  <testcase classname="com.google.javascript.jscomp.parsing.NewParserTest" name="testLabel3" time="0.0" />
  <testcase classname="com.google.javascript.jscomp.parsing.NewParserTest" name="testDuplicateLabelWithoutBraces" time="0.0" />
  <testcase classname="com.google.javascript.jscomp.parsing.NewParserTest" name="testDuplicateLabelWithBraces" time="0.0" />
  <testcase classname="com.google.javascript.jscomp.parsing.NewParserTest" name="testDuplicateLabelWithFor" time="0.0" />
  <testcase classname="com.google.javascript.jscomp.parsing.NewParserTest" name="testNonDuplicateLabelSiblings" time="0.0" />
  <testcase classname="com.google.javascript.jscomp.parsing.NewParserTest" name="testNonDuplicateLabelCrossFunction" time="0.001" />
  <testcase classname="com.google.javascript.jscomp.parsing.NewParserTest" name="testLinenoCharnoAssign1" time="0.0" />
  <testcase classname="com.google.javascript.jscomp.parsing.NewParserTest" name="testLinenoCharnoAssign2" time="0.001" />
  <testcase classname="com.google.javascript.jscomp.parsing.NewParserTest" name="testLinenoCharnoCall" time="0.0" />
  <testcase classname="com.google.javascript.jscomp.parsing.NewParserTest" name="testLinenoCharnoGetProp1" time="0.0" />
  <testcase classname="com.google.javascript.jscomp.parsing.NewParserTest" name="testLinenoCharnoGetProp2" time="0.001" />
  <testcase classname="com.google.javascript.jscomp.parsing.NewParserTest" name="testLinenoCharnoGetelem1" time="0.0" />
  <testcase classname="com.google.javascript.jscomp.parsing.NewParserTest" name="testLinenoCharnoGetelem2" time="0.0" />
  <testcase classname="com.google.javascript.jscomp.parsing.NewParserTest" name="testLinenoCharnoGetelem3" time="0.0" />
  <testcase classname="com.google.javascript.jscomp.parsing.NewParserTest" name="testLinenoCharnoForComparison" time="0.001" />
  <testcase classname="com.google.javascript.jscomp.parsing.NewParserTest" name="testLinenoCharnoHook" time="0.0" />
  <testcase classname="com.google.javascript.jscomp.parsing.NewParserTest" name="testLinenoCharnoArrayLiteral" time="0.0" />
  <testcase classname="com.google.javascript.jscomp.parsing.NewParserTest" name="testLinenoCharnoObjectLiteral" time="0.001" />
  <testcase classname="com.google.javascript.jscomp.parsing.NewParserTest" name="testLinenoCharnoAdd" time="0.0" />
  <testcase classname="com.google.javascript.jscomp.parsing.NewParserTest" name="testLinenoCharnoSub" time="0.0" />
  <testcase classname="com.google.javascript.jscomp.parsing.NewParserTest" name="testLinenoCharnoMul" time="0.0" />
  <testcase classname="com.google.javascript.jscomp.parsing.NewParserTest" name="testLinenoCharnoDiv" time="0.001" />
  <testcase classname="com.google.javascript.jscomp.parsing.NewParserTest" name="testLinenoCharnoMod" time="0.0" />
  <testcase classname="com.google.javascript.jscomp.parsing.NewParserTest" name="testLinenoCharnoShift" time="0.0" />
  <testcase classname="com.google.javascript.jscomp.parsing.NewParserTest" name="testLinenoCharnoBinaryAnd" time="0.0" />
  <testcase classname="com.google.javascript.jscomp.parsing.NewParserTest" name="testLinenoCharnoAnd" time="0.001" />
  <testcase classname="com.google.javascript.jscomp.parsing.NewParserTest" name="testLinenoCharnoBinaryOr" time="0.0" />
  <testcase classname="com.google.javascript.jscomp.parsing.NewParserTest" name="testLinenoCharnoOr" time="0.0" />
  <testcase classname="com.google.javascript.jscomp.parsing.NewParserTest" name="testLinenoCharnoLt" time="0.0" />
  <testcase classname="com.google.javascript.jscomp.parsing.NewParserTest" name="testLinenoCharnoLe" time="0.0" />
  <testcase classname="com.google.javascript.jscomp.parsing.NewParserTest" name="testLinenoCharnoGt" time="0.0" />
  <testcase classname="com.google.javascript.jscomp.parsing.NewParserTest" name="testLinenoCharnoGe" time="0.0" />
  <testcase classname="com.google.javascript.jscomp.parsing.NewParserTest" name="testJSDocAttachment1" time="0.001" />
  <testcase classname="com.google.javascript.jscomp.parsing.NewParserTest" name="testJSDocAttachment2" time="0.0" />
  <testcase classname="com.google.javascript.jscomp.parsing.NewParserTest" name="testJSDocAttachment3" time="0.0" />
  <testcase classname="com.google.javascript.jscomp.parsing.NewParserTest" name="testJSDocAttachment4" time="0.001" />
  <testcase classname="com.google.javascript.jscomp.parsing.NewParserTest" name="testJSDocAttachment5" time="0.0" />
  <testcase classname="com.google.javascript.jscomp.parsing.NewParserTest" name="testJSDocAttachment6" time="0.0" />
  <testcase classname="com.google.javascript.jscomp.parsing.NewParserTest" name="testJSDocAttachment7" time="0.001" />
  <testcase classname="com.google.javascript.jscomp.parsing.NewParserTest" name="testJSDocAttachment8" time="0.0" />
  <testcase classname="com.google.javascript.jscomp.parsing.NewParserTest" name="testJSDocAttachment9" time="0.0" />
  <testcase classname="com.google.javascript.jscomp.parsing.NewParserTest" name="testJSDocAttachment10" time="0.0" />
  <testcase classname="com.google.javascript.jscomp.parsing.NewParserTest" name="testJSDocAttachment11" time="0.001" />
  <testcase classname="com.google.javascript.jscomp.parsing.NewParserTest" name="testJSDocAttachment12" time="0.0" />
  <testcase classname="com.google.javascript.jscomp.parsing.NewParserTest" name="testJSDocAttachment13" time="0.0" />
  <testcase classname="com.google.javascript.jscomp.parsing.NewParserTest" name="testJSDocAttachment14" time="0.0" />
  <testcase classname="com.google.javascript.jscomp.parsing.NewParserTest" name="testJSDocAttachment15" time="0.0" />
  <testcase classname="com.google.javascript.jscomp.parsing.NewParserTest" name="testJSDocAttachment16" time="0.001" />
  <testcase classname="com.google.javascript.jscomp.parsing.NewParserTest" name="testJSDocAttachment17" time="0.0" />
  <testcase classname="com.google.javascript.jscomp.parsing.NewParserTest" name="testJSDocAttachment18" time="0.0" />
  <testcase classname="com.google.javascript.jscomp.parsing.NewParserTest" name="testJSDocAttachment19" time="0.0" />
  <testcase classname="com.google.javascript.jscomp.parsing.NewParserTest" name="testJSDocAttachment20" time="0.001" />
  <testcase classname="com.google.javascript.jscomp.parsing.NewParserTest" name="testJSDocAttachment21" time="0.0" />
  <testcase classname="com.google.javascript.jscomp.parsing.NewParserTest" name="testJSDocAttachment22" time="0.0" />
  <testcase classname="com.google.javascript.jscomp.parsing.NewParserTest" name="testInlineJSDocAttachment1" time="0.001" />
  <testcase classname="com.google.javascript.jscomp.parsing.NewParserTest" name="testInlineJSDocAttachment2" time="0.0" />
  <testcase classname="com.google.javascript.jscomp.parsing.NewParserTest" name="testInlineJSDocAttachment3" time="0.0" />
  <testcase classname="com.google.javascript.jscomp.parsing.NewParserTest" name="testInlineJSDocAttachment4" time="0.001" />
  <testcase classname="com.google.javascript.jscomp.parsing.NewParserTest" name="testInlineJSDocAttachment5" time="0.0" />
  <testcase classname="com.google.javascript.jscomp.parsing.NewParserTest" name="testInlineJSDocAttachment6" time="0.0" />
  <testcase classname="com.google.javascript.jscomp.parsing.NewParserTest" name="testIncorrectJSDocDoesNotAlterJSParsing1" time="0.001" />
  <testcase classname="com.google.javascript.jscomp.parsing.NewParserTest" name="testIncorrectJSDocDoesNotAlterJSParsing2" time="0.0" />
  <testcase classname="com.google.javascript.jscomp.parsing.NewParserTest" name="testIncorrectJSDocDoesNotAlterJSParsing3" time="0.0" />
  <testcase classname="com.google.javascript.jscomp.parsing.NewParserTest" name="testIncorrectJSDocDoesNotAlterJSParsing4" time="0.0" />
  <testcase classname="com.google.javascript.jscomp.parsing.NewParserTest" name="testIncorrectJSDocDoesNotAlterJSParsing5" time="0.0" />
  <testcase classname="com.google.javascript.jscomp.parsing.NewParserTest" name="testIncorrectJSDocDoesNotAlterJSParsing6" time="0.0" />
  <testcase classname="com.google.javascript.jscomp.parsing.NewParserTest" name="testIncorrectJSDocDoesNotAlterJSParsing7" time="0.0" />
  <testcase classname="com.google.javascript.jscomp.parsing.NewParserTest" name="testIncorrectJSDocDoesNotAlterJSParsing8" time="0.001" />
  <testcase classname="com.google.javascript.jscomp.parsing.NewParserTest" name="testIncorrectJSDocDoesNotAlterJSParsing9" time="0.0" />
  <testcase classname="com.google.javascript.jscomp.parsing.NewParserTest" name="testUnescapedSlashInRegexpCharClass" time="0.001" />
  <testcase classname="com.google.javascript.jscomp.parsing.NewParserTest" name="testMalformedRegexp" time="0.0" />
  <testcase classname="com.google.javascript.jscomp.parsing.NewParserTest" name="testParse" time="0.001" />
  <testcase classname="com.google.javascript.jscomp.parsing.NewParserTest" name="testAutomaticSemicolonInsertion" time="0.001" />
  <testcase classname="com.google.javascript.jscomp.parsing.NewParserTest" name="testAutomaticSemicolonInsertionExamplesFromSpec" time="0.0" />
  <testcase classname="com.google.javascript.jscomp.parsing.NewParserTest" name="testMethodInObjectLiteral" time="0.001" />
  <testcase classname="com.google.javascript.jscomp.parsing.NewParserTest" name="testExtendedObjectLiteral" time="0.0" />
  <testcase classname="com.google.javascript.jscomp.parsing.NewParserTest" name="testComputedPropertiesObjLit" time="0.0" />
  <testcase classname="com.google.javascript.jscomp.parsing.NewParserTest" name="testComputedMethodClass" time="0.0" />
  <testcase classname="com.google.javascript.jscomp.parsing.NewParserTest" name="testComputedProperty" time="0.001" />
  <testcase classname="com.google.javascript.jscomp.parsing.NewParserTest" name="testTrailingCommaWarning1" time="0.0" />
  <testcase classname="com.google.javascript.jscomp.parsing.NewParserTest" name="testTrailingCommaWarning2" time="0.001" />
  <testcase classname="com.google.javascript.jscomp.parsing.NewParserTest" name="testTrailingCommaWarning3" time="0.0" />
  <testcase classname="com.google.javascript.jscomp.parsing.NewParserTest" name="testTrailingCommaWarning4" time="0.001" />
  <testcase classname="com.google.javascript.jscomp.parsing.NewParserTest" name="testTrailingCommaWarning5" time="0.0" />
  <testcase classname="com.google.javascript.jscomp.parsing.NewParserTest" name="testTrailingCommaWarning6" time="0.001" />
  <testcase classname="com.google.javascript.jscomp.parsing.NewParserTest" name="testTrailingCommaWarning7" time="0.0" />
  <testcase classname="com.google.javascript.jscomp.parsing.NewParserTest" name="testSuspiciousBlockCommentWarning1" time="0.001" />
  <testcase classname="com.google.javascript.jscomp.parsing.NewParserTest" name="testSuspiciousBlockCommentWarning2" time="0.0" />
  <testcase classname="com.google.javascript.jscomp.parsing.NewParserTest" name="testSuspiciousBlockCommentWarning3" time="0.0" />
  <testcase classname="com.google.javascript.jscomp.parsing.NewParserTest" name="testSuspiciousBlockCommentWarning4" time="0.001" />
  <testcase classname="com.google.javascript.jscomp.parsing.NewParserTest" name="testSuspiciousBlockCommentWarning5" time="0.0" />
  <testcase classname="com.google.javascript.jscomp.parsing.NewParserTest" name="testSuspiciousBlockCommentWarning6" time="0.001" />
  <testcase classname="com.google.javascript.jscomp.parsing.NewParserTest" name="testSuspiciousBlockCommentWarning7" time="0.001" />
  <testcase classname="com.google.javascript.jscomp.parsing.NewParserTest" name="testSuspiciousBlockCommentWarning8" time="0.0" />
  <testcase classname="com.google.javascript.jscomp.parsing.NewParserTest" name="testCatchClauseForbidden" time="0.0" />
  <testcase classname="com.google.javascript.jscomp.parsing.NewParserTest" name="testConstForbidden" time="0.001" />
  <testcase classname="com.google.javascript.jscomp.parsing.NewParserTest" name="testAnonymousFunctionExpression" time="0.0" />
  <testcase classname="com.google.javascript.jscomp.parsing.NewParserTest" name="testArrayDestructuringVar" time="0.0" />
  <testcase classname="com.google.javascript.jscomp.parsing.NewParserTest" name="testArrayDestructuringInitializer" time="0.0" />
  <testcase classname="com.google.javascript.jscomp.parsing.NewParserTest" name="testArrayDestructuringTrailingComma" time="0.0" />
  <testcase classname="com.google.javascript.jscomp.parsing.NewParserTest" name="testArrayDestructuringFnDeclaration" time="0.0" />
  <testcase classname="com.google.javascript.jscomp.parsing.NewParserTest" name="testObjectDestructuringVar" time="0.001" />
  <testcase classname="com.google.javascript.jscomp.parsing.NewParserTest" name="testObjectDestructuringVarWithInitializer" time="0.0" />
  <testcase classname="com.google.javascript.jscomp.parsing.NewParserTest" name="testObjectDestructuringAssign" time="0.001" />
  <testcase classname="com.google.javascript.jscomp.parsing.NewParserTest" name="testObjectDestructuringAssignWithInitializer" time="0.001" />
  <testcase classname="com.google.javascript.jscomp.parsing.NewParserTest" name="testObjectDestructuringWithInitializerInvalid" time="0.001" />
  <testcase classname="com.google.javascript.jscomp.parsing.NewParserTest" name="testObjectDestructuringFnDeclaration" time="0.001" />
  <testcase classname="com.google.javascript.jscomp.parsing.NewParserTest" name="testObjectDestructuringStringAndNumberKeys" time="0.001" />
  <testcase classname="com.google.javascript.jscomp.parsing.NewParserTest" name="testObjectDestructuringKeywordKeys" time="0.001" />
  <testcase classname="com.google.javascript.jscomp.parsing.NewParserTest" name="testObjectDestructuringComplexTarget" time="0.001" />
  <testcase classname="com.google.javascript.jscomp.parsing.NewParserTest" name="testObjectDestructuringExtraParens" time="0.0" />
  <testcase classname="com.google.javascript.jscomp.parsing.NewParserTest" name="testMixedDestructuringWithInitializer" time="0.0" />
  <testcase classname="com.google.javascript.jscomp.parsing.NewParserTest" name="testDestructuringNoRHS" time="0.001" />
  <testcase classname="com.google.javascript.jscomp.parsing.NewParserTest" name="testComprehensions" time="0.002" />
  <testcase classname="com.google.javascript.jscomp.parsing.NewParserTest" name="testLetForbidden1" time="0.0" />
  <testcase classname="com.google.javascript.jscomp.parsing.NewParserTest" name="testLetForbidden2" time="0.0" />
  <testcase classname="com.google.javascript.jscomp.parsing.NewParserTest" name="testLetForbidden3" time="0.0" />
  <testcase classname="com.google.javascript.jscomp.parsing.NewParserTest" name="testYieldForbidden" time="0.0" />
  <testcase classname="com.google.javascript.jscomp.parsing.NewParserTest" name="testGenerator" time="0.001" />
  <testcase classname="com.google.javascript.jscomp.parsing.NewParserTest" name="testBracelessFunctionForbidden" time="0.0" />
  <testcase classname="com.google.javascript.jscomp.parsing.NewParserTest" name="testGeneratorsForbidden" time="0.0" />
  <testcase classname="com.google.javascript.jscomp.parsing.NewParserTest" name="testGettersForbidden1" time="0.001" />
  <testcase classname="com.google.javascript.jscomp.parsing.NewParserTest" name="testGettersForbidden2" time="0.0" />
  <testcase classname="com.google.javascript.jscomp.parsing.NewParserTest" name="testGettersForbidden3" time="0.001" />
  <testcase classname="com.google.javascript.jscomp.parsing.NewParserTest" name="testGettersForbidden4" time="0.0" />
  <testcase classname="com.google.javascript.jscomp.parsing.NewParserTest" name="testGettersForbidden5" time="0.0" />
  <testcase classname="com.google.javascript.jscomp.parsing.NewParserTest" name="testGettersForbidden6" time="0.001" />
  <testcase classname="com.google.javascript.jscomp.parsing.NewParserTest" name="testSettersForbidden" time="0.0" />
  <testcase classname="com.google.javascript.jscomp.parsing.NewParserTest" name="testSettersForbidden2" time="0.0" />
  <testcase classname="com.google.javascript.jscomp.parsing.NewParserTest" name="testFileOverviewJSDoc1" time="0.0" />
  <testcase classname="com.google.javascript.jscomp.parsing.NewParserTest" name="testFileOverviewJSDocDoesNotHoseParsing" time="0.0" />
  <testcase classname="com.google.javascript.jscomp.parsing.NewParserTest" name="testFileOverviewJSDoc2" time="0.0" />
  <testcase classname="com.google.javascript.jscomp.parsing.NewParserTest" name="testObjectLiteralDoc1" time="0.001" />
  <testcase classname="com.google.javascript.jscomp.parsing.NewParserTest" name="testDuplicatedParam" time="0.0" />
  <testcase classname="com.google.javascript.jscomp.parsing.NewParserTest" name="testLet" time="0.001" />
  <testcase classname="com.google.javascript.jscomp.parsing.NewParserTest" name="testYield1" time="0.0" />
  <testcase classname="com.google.javascript.jscomp.parsing.NewParserTest" name="testYield2" time="0.001" />
  <testcase classname="com.google.javascript.jscomp.parsing.NewParserTest" name="testYield3" time="0.0" />
  <testcase classname="com.google.javascript.jscomp.parsing.NewParserTest" name="testStringLineContinuation" time="0.0" />
  <testcase classname="com.google.javascript.jscomp.parsing.NewParserTest" name="testStringLiteral" time="0.0" />
  <testcase classname="com.google.javascript.jscomp.parsing.NewParserTest" name="testUseTemplateLiteral" time="0.0" />
  <testcase classname="com.google.javascript.jscomp.parsing.NewParserTest" name="testTemplateLiteralWithLineContinuation" time="0.0">
    <error type="java.lang.ArrayIndexOutOfBoundsException">java.lang.ArrayIndexOutOfBoundsException
</error>
  </testcase>
  <testcase classname="com.google.javascript.jscomp.parsing.NewParserTest" name="testTemplateLiteralSubstitution" time="0.0" />
  <testcase classname="com.google.javascript.jscomp.parsing.NewParserTest" name="testUnterminatedTemplateLiteral" time="0.001">
    <error type="java.lang.ArrayIndexOutOfBoundsException">java.lang.ArrayIndexOutOfBoundsException
</error>
  </testcase>
  <testcase classname="com.google.javascript.jscomp.parsing.NewParserTest" name="testIncorrectEscapeSequenceInTemplateLiteral" time="0.0">
    <error type="java.lang.ArrayIndexOutOfBoundsException">java.lang.ArrayIndexOutOfBoundsException
</error>
  </testcase>
  <testcase classname="com.google.javascript.jscomp.parsing.NewParserTest" name="testExponentialLiterals" time="0.001" />
  <testcase classname="com.google.javascript.jscomp.parsing.NewParserTest" name="testBinaryLiterals" time="0.0" />
  <testcase classname="com.google.javascript.jscomp.parsing.NewParserTest" name="testOctalLiterals" time="0.0">
    <error message="extra error: Semi-colon expected" type="java.lang.AssertionError">java.lang.AssertionError: extra error: Semi-colon expected
	at com.google.javascript.rhino.testing.TestErrorReporter.error(TestErrorReporter.java:90)
	at com.google.javascript.jscomp.parsing.ParserRunner$Es6ErrorReporter.reportMessage(ParserRunner.java:141)
	at com.google.javascript.jscomp.parsing.parser.util.ErrorReporter.reportError(ErrorReporter.java:27)
	at com.google.javascript.jscomp.parsing.parser.Parser.reportError(Parser.java:2914)
	at com.google.javascript.jscomp.parsing.parser.Parser.eatPossibleImplicitSemiColon(Parser.java:2656)
	at com.google.javascript.jscomp.parsing.parser.Parser.parseExpressionStatement(Parser.java:1038)
	at com.google.javascript.jscomp.parsing.parser.Parser.parseStatementStandard(Parser.java:866)
	at com.google.javascript.jscomp.parsing.parser.Parser.parseSourceElement(Parser.java:545)
	at com.google.javascript.jscomp.parsing.parser.Parser.parseScriptElement(Parser.java:184)
	at com.google.javascript.jscomp.parsing.parser.Parser.parseGlobalSourceElements(Parser.java:166)
	at com.google.javascript.jscomp.parsing.parser.Parser.parseProgram(Parser.java:151)
	at com.google.javascript.jscomp.parsing.ParserRunner.parse(ParserRunner.java:102)
	at com.google.javascript.jscomp.parsing.NewParserTest.parseWarning(NewParserTest.java:2589)
	at com.google.javascript.jscomp.parsing.NewParserTest.testOctalLiterals(NewParserTest.java:1734)
</error>
  </testcase>
  <testcase classname="com.google.javascript.jscomp.parsing.NewParserTest" name="testOldStyleOctalLiterals" time="0.0" />
  <testcase classname="com.google.javascript.jscomp.parsing.NewParserTest" name="testInvalidOctalLiterals" time="0.0" />
  <testcase classname="com.google.javascript.jscomp.parsing.NewParserTest" name="testInvalidOldStyleOctalLiterals" time="0.001" />
  <testcase classname="com.google.javascript.jscomp.parsing.NewParserTest" name="testLamestWarningEver" time="0.0" />
  <testcase classname="com.google.javascript.jscomp.parsing.NewParserTest" name="testUnfinishedComment" time="0.001" />
  <testcase classname="com.google.javascript.jscomp.parsing.NewParserTest" name="testHtmlStartCommentAtStartOfLine" time="0.001" />
  <testcase classname="com.google.javascript.jscomp.parsing.NewParserTest" name="testHtmlStartComment" time="0.0" />
  <testcase classname="com.google.javascript.jscomp.parsing.NewParserTest" name="testHtmlEndCommentAtStartOfLine" time="0.0" />
  <testcase classname="com.google.javascript.jscomp.parsing.NewParserTest" name="testHtmlEndComment" time="0.001" />
  <testcase classname="com.google.javascript.jscomp.parsing.NewParserTest" name="testParseBlockDescription" time="0.0" />
  <testcase classname="com.google.javascript.jscomp.parsing.NewParserTest" name="testUnnamedFunctionStatement" time="0.0" />
  <testcase classname="com.google.javascript.jscomp.parsing.NewParserTest" name="testReservedKeywords" time="0.001" />
  <testcase classname="com.google.javascript.jscomp.parsing.NewParserTest" name="testKeywordsAsProperties" time="0.002" />
  <testcase classname="com.google.javascript.jscomp.parsing.NewParserTest" name="testKeywordsAsPropertiesInExterns1" time="0.0" />
  <testcase classname="com.google.javascript.jscomp.parsing.NewParserTest" name="testKeywordsAsPropertiesInExterns2" time="0.0" />
  <testcase classname="com.google.javascript.jscomp.parsing.NewParserTest" name="testUnicodeInIdentifiers" time="0.001" />
  <testcase classname="com.google.javascript.jscomp.parsing.NewParserTest" name="testUnicodePointEscapeInIdentifiers" time="0.0" />
  <testcase classname="com.google.javascript.jscomp.parsing.NewParserTest" name="testUnicodePointEscapeStringLiterals" time="0.0" />
  <testcase classname="com.google.javascript.jscomp.parsing.NewParserTest" name="testInvalidUnicodePointEscapeInIdentifiers" time="0.001" />
  <testcase classname="com.google.javascript.jscomp.parsing.NewParserTest" name="testInvalidUnicodePointEscapeStringLiterals" time="0.0" />
  <testcase classname="com.google.javascript.jscomp.parsing.NewParserTest" name="testInvalidEscape" time="0.0" />
  <testcase classname="com.google.javascript.jscomp.parsing.NewParserTest" name="testEOFInUnicodeEscape" time="0.0" />
  <testcase classname="com.google.javascript.jscomp.parsing.NewParserTest" name="testEndOfIdentifierInUnicodeEscape" time="0.0" />
  <testcase classname="com.google.javascript.jscomp.parsing.NewParserTest" name="testInvalidUnicodeEscape" time="0.001" />
  <testcase classname="com.google.javascript.jscomp.parsing.NewParserTest" name="testUnicodeEscapeInvalidIdentifierStart" time="0.0" />
  <testcase classname="com.google.javascript.jscomp.parsing.NewParserTest" name="testUnicodeEscapeInvalidIdentifierChar" time="0.001" />
  <testcase classname="com.google.javascript.jscomp.parsing.NewParserTest" name="testKeywordAsIdentifier" time="0.0" />
  <testcase classname="com.google.javascript.jscomp.parsing.NewParserTest" name="testGetPropFunctionName" time="0.0" />
  <testcase classname="com.google.javascript.jscomp.parsing.NewParserTest" name="testGetPropFunctionNameIdeMode" time="0.001" />
  <testcase classname="com.google.javascript.jscomp.parsing.NewParserTest" name="testIdeModePartialTree" time="0.0" />
  <testcase classname="com.google.javascript.jscomp.parsing.NewParserTest" name="testForEach" time="0.0" />
  <testcase classname="com.google.javascript.jscomp.parsing.NewParserTest" name="testMisplacedTypeAnnotation1" time="0.001" />
  <testcase classname="com.google.javascript.jscomp.parsing.NewParserTest" name="testMisplacedTypeAnnotation2" time="0.0" />
  <testcase classname="com.google.javascript.jscomp.parsing.NewParserTest" name="testMisplacedTypeAnnotation3" time="0.0" />
  <testcase classname="com.google.javascript.jscomp.parsing.NewParserTest" name="testMisplacedTypeAnnotation4" time="0.0" />
  <testcase classname="com.google.javascript.jscomp.parsing.NewParserTest" name="testMisplacedTypeAnnotation5" time="0.0" />
  <testcase classname="com.google.javascript.jscomp.parsing.NewParserTest" name="testMisplacedTypeAnnotation6" time="0.0" />
  <testcase classname="com.google.javascript.jscomp.parsing.NewParserTest" name="testValidTypeAnnotation1" time="0.0" />
  <testcase classname="com.google.javascript.jscomp.parsing.NewParserTest" name="testValidTypeAnnotation2" time="0.0" />
  <testcase classname="com.google.javascript.jscomp.parsing.NewParserTest" name="testValidTypeAnnotation3" time="0.0" />
  <testcase classname="com.google.javascript.jscomp.parsing.NewParserTest" name="testValidTypeAnnotation4" time="0.0" />
  <testcase classname="com.google.javascript.jscomp.parsing.NewParserTest" name="testParsingAssociativity" time="0.001" />
  <testcase classname="com.google.javascript.jscomp.parsing.NewParserTest" name="testIssue1116" time="0.0" />
  <testcase classname="com.google.javascript.jscomp.parsing.NewParserTest" name="testUnterminatedStringLiteral" time="0.0" />
  <testcase classname="com.google.javascript.jscomp.parsing.NewParserTest" name="testUnterminatedRegExp" time="0.0" />
  <testcase classname="com.google.javascript.jscomp.parsing.NewParserTest" name="testRegExpFlags" time="0.0" />
  <testcase classname="com.google.javascript.jscomp.parsing.NewParserTest" name="testES6RegExpFlags" time="0.001" />
  <testcase classname="com.google.javascript.jscomp.parsing.NewParserTest" name="testClass1" time="0.0" />
  <testcase classname="com.google.javascript.jscomp.parsing.NewParserTest" name="testClass2" time="0.0" />
  <testcase classname="com.google.javascript.jscomp.parsing.NewParserTest" name="testClass3" time="0.001" />
  <testcase classname="com.google.javascript.jscomp.parsing.NewParserTest" name="testClassKeywordsAsMethodNames" time="0.0" />
  <testcase classname="com.google.javascript.jscomp.parsing.NewParserTest" name="testSuper1" time="0.0" />
  <testcase classname="com.google.javascript.jscomp.parsing.NewParserTest" name="testArrow1" time="0.001" />
  <testcase classname="com.google.javascript.jscomp.parsing.NewParserTest" name="testArrowInvalid" time="0.0" />
  <testcase classname="com.google.javascript.jscomp.parsing.NewParserTest" name="testForIn_ES6" time="0.0" />
  <testcase classname="com.google.javascript.jscomp.parsing.NewParserTest" name="testForIn_ES5" time="0.001" />
  <testcase classname="com.google.javascript.jscomp.parsing.NewParserTest" name="testForInDestructuring" time="0.001" />
  <testcase classname="com.google.javascript.jscomp.parsing.NewParserTest" name="testForOf1" time="0.0" />
  <testcase classname="com.google.javascript.jscomp.parsing.NewParserTest" name="testForOf2" time="0.0" />
  <testcase classname="com.google.javascript.jscomp.parsing.NewParserTest" name="testInvalidDestructuring" time="0.001" />
  <testcase classname="com.google.javascript.jscomp.parsing.NewParserTest" name="testForOfPatterns" time="0.001" />
  <testcase classname="com.google.javascript.jscomp.parsing.NewParserTest" name="testForOfPatternsWithInitializer" time="0.001" />
  <testcase classname="com.google.javascript.jscomp.parsing.NewParserTest" name="testShebang" time="0.0" />
  <testcase classname="com.google.javascript.jscomp.parsing.NewParserTest" name="testLookaheadGithubIssue699" time="0.002" />
  <testcase classname="com.google.javascript.jscomp.parsing.NewParserTest" name="testArrayDestructuringRest" time="0.0" />
  <testcase classname="com.google.javascript.jscomp.parsing.NewParserTest" name="testMixedDestructuring" time="0.0" />
  <testcase classname="com.google.javascript.jscomp.parsing.NewParserTest" name="testImport" time="0.0" />
  <testcase classname="com.google.javascript.jscomp.parsing.NewParserTest" name="testWhile" time="0.001" />
  <testcase classname="com.google.javascript.jscomp.parsing.NewParserTest" name="testBreak" time="0.0" />
  <testcase classname="com.google.javascript.jscomp.parsing.NewParserTest" name="testContinue" time="0.0" />
  <system-out><![CDATA[]]></system-out>
  <system-err><![CDATA[]]></system-err>
</testsuite>
