<?xml version="1.0" encoding="UTF-8" ?>
<testsuite errors="0" failures="0" hostname="s-164-67-71-126.resnet.ucla.edu" name="com.google.javascript.jscomp.FunctionInjectorTest" skipped="0" tests="133" time="0.216" timestamp="2015-03-08T09:06:20">
  <properties>
    <property name="java.vendor" value="Oracle Corporation" />
    <property name="lib.dir" value="/Users/tomerwei/Repos/PLay/closure-compiler/lib" />
    <property name="refasterjs-jarfile" value="/Users/tomerwei/Repos/PLay/closure-compiler/build/refasterjs.jar" />
    <property name="sun.java.launcher" value="SUN_STANDARD" />
    <property name="sun.management.compiler" value="HotSpot 64-Bit Tiered Compilers" />
    <property name="os.name" value="Mac OS X" />
    <property name="sun.boot.class.path" value="/Library/Java/JavaVirtualMachines/jdk1.7.0_75.jdk/Contents/Home/jre/lib/resources.jar:/Library/Java/JavaVirtualMachines/jdk1.7.0_75.jdk/Contents/Home/jre/lib/rt.jar:/Library/Java/JavaVirtualMachines/jdk1.7.0_75.jdk/Contents/Home/jre/lib/sunrsasign.jar:/Library/Java/JavaVirtualMachines/jdk1.7.0_75.jdk/Contents/Home/jre/lib/jsse.jar:/Library/Java/JavaVirtualMachines/jdk1.7.0_75.jdk/Contents/Home/jre/lib/jce.jar:/Library/Java/JavaVirtualMachines/jdk1.7.0_75.jdk/Contents/Home/jre/lib/charsets.jar:/Library/Java/JavaVirtualMachines/jdk1.7.0_75.jdk/Contents/Home/jre/lib/jfr.jar:/Library/Java/JavaVirtualMachines/jdk1.7.0_75.jdk/Contents/Home/jre/classes" />
    <property name="maven-repository-id" value="sonatype-nexus-staging" />
    <property name="java.vm.specification.vendor" value="Oracle Corporation" />
    <property name="ant.home" value="/opt/local/share/java/apache-ant" />
    <property name="java.runtime.version" value="1.7.0_75-b13" />
    <property name="gen.dir" value="/Users/tomerwei/Repos/PLay/closure-compiler/gen" />
    <property name="user.name" value="tomerwei" />
    <property name="ant.file.compiler" value="/Users/tomerwei/Repos/PLay/closure-compiler/build.xml" />
    <property name="build.dir" value="/Users/tomerwei/Repos/PLay/closure-compiler/build" />
    <property name="ant.build.javac.target" value="1.7" />
    <property name="user.language" value="en" />
    <property name="test.method" value="" />
    <property name="sun.boot.library.path" value="/Library/Java/JavaVirtualMachines/jdk1.7.0_75.jdk/Contents/Home/jre/lib" />
    <property name="ant.project.default-target" value="jar" />
    <property name="ant.project.name" value="compiler" />
    <property name="java.version" value="1.7.0_75" />
    <property name="user.timezone" value="" />
    <property name="sun.arch.data.model" value="64" />
    <property name="http.nonProxyHosts" value="local|*.local|169.254/16|*.169.254/16" />
    <property name="java.endorsed.dirs" value="/Library/Java/JavaVirtualMachines/jdk1.7.0_75.jdk/Contents/Home/jre/lib/endorsed" />
    <property name="sun.cpu.isalist" value="" />
    <property name="sun.jnu.encoding" value="UTF-8" />
    <property name="file.encoding.pkg" value="sun.io" />
    <property name="file.separator" value="/" />
    <property name="java.specification.name" value="Java Platform API Specification" />
    <property name="protoc.executable" value="protoc" />
    <property name="classes.dir" value="/Users/tomerwei/Repos/PLay/closure-compiler/build/classes" />
    <property name="java.class.version" value="51.0" />
    <property name="testClasses.dir" value="/Users/tomerwei/Repos/PLay/closure-compiler/build/test" />
    <property name="user.country" value="US" />
    <property name="java.home" value="/Library/Java/JavaVirtualMachines/jdk1.7.0_75.jdk/Contents/Home/jre" />
    <property name="java.vm.info" value="mixed mode" />
    <property name="externs.dir" value="/Users/tomerwei/Repos/PLay/closure-compiler/externs" />
    <property name="ant.file" value="/Users/tomerwei/Repos/PLay/closure-compiler/build.xml" />
    <property name="os.version" value="10.9.5" />
    <property name="javac.debug" value="on" />
    <property name="path.separator" value=":" />
    <property name="java.vm.version" value="24.75-b04" />
    <property name="ant.library.dir" value="/opt/local/share/java/apache-ant/lib" />
    <property name="java.awt.printerjob" value="sun.lwawt.macosx.CPrinterJob" />
    <property name="webservice-jarfile" value="/Users/tomerwei/Repos/PLay/closure-compiler/build/webservice.jar" />
    <property name="sun.io.unicode.encoding" value="UnicodeBig" />
    <property name="test.fork" value="true" />
    <property name="webservice.dir" value="/Users/tomerwei/Repos/PLay/closure-compiler/src/com/google/javascript/jscomp/webservice" />
    <property name="awt.toolkit" value="sun.lwawt.macosx.LWCToolkit" />
    <property name="buildlib.dir" value="/Users/tomerwei/Repos/PLay/closure-compiler/build/lib" />
    <property name="socksNonProxyHosts" value="local|*.local|169.254/16|*.169.254/16" />
    <property name="ftp.nonProxyHosts" value="local|*.local|169.254/16|*.169.254/16" />
    <property name="ant.build.javac.source" value="1.7" />
    <property name="refasterjs.dir" value="/Users/tomerwei/Repos/PLay/closure-compiler/src/com/google/javascript/refactoring" />
    <property name="user.home" value="/Users/tomerwei" />
    <property name="java.specification.vendor" value="Oracle Corporation" />
    <property name="test.dir" value="/Users/tomerwei/Repos/PLay/closure-compiler/test" />
    <property name="java.library.path" value="/Users/tomerwei/Library/Java/Extensions:/Library/Java/Extensions:/Network/Library/Java/Extensions:/System/Library/Java/Extensions:/usr/lib/java:." />
    <property name="java.vendor.url" value="http://java.oracle.com/" />
    <property name="java.vm.vendor" value="Oracle Corporation" />
    <property name="gopherProxySet" value="false" />
    <property name="build.relVersion" value="v20150126-162-g55aa491" />
    <property name="java.runtime.name" value="Java(TM) SE Runtime Environment" />
    <property name="sun.java.command" value="org.apache.tools.ant.taskdefs.optional.junit.JUnitTestRunner testsfile=/Users/tomerwei/Repos/PLay/closure-compiler/junittestcases5320804302362041037.properties skipNonTests=false filtertrace=true haltOnError=false haltOnFailure=false formatter=org.apache.tools.ant.taskdefs.optional.junit.SummaryJUnitResultFormatter showoutput=true outputtoformatters=true logfailedtests=true threadid=0 logtestlistenerevents=false formatter=org.apache.tools.ant.taskdefs.optional.junit.BriefJUnitResultFormatter formatter=org.apache.tools.ant.taskdefs.optional.junit.XMLJUnitResultFormatter,/Users/tomerwei/Repos/PLay/closure-compiler/build/testoutput/IGNORETHIS.xml crashfile=/Users/tomerwei/Repos/PLay/closure-compiler/junitvmwatcher5819990703841375885.properties propsfile=/Users/tomerwei/Repos/PLay/closure-compiler/junit642073203518458064.properties" />
    <property name="java.class.path" value="/Users/tomerwei/Repos/PLay/closure-compiler/build/classes:/Users/tomerwei/Repos/PLay/closure-compiler/lib/ant-launcher.jar:/Users/tomerwei/Repos/PLay/closure-compiler/lib/ant.jar:/Users/tomerwei/Repos/PLay/closure-compiler/lib/args4j.jar:/Users/tomerwei/Repos/PLay/closure-compiler/lib/gson.jar:/Users/tomerwei/Repos/PLay/closure-compiler/lib/guava.jar:/Users/tomerwei/Repos/PLay/closure-compiler/lib/jsr305.jar:/Users/tomerwei/Repos/PLay/closure-compiler/lib/junit.jar:/Users/tomerwei/Repos/PLay/closure-compiler/lib/protobuf-java.jar:/Users/tomerwei/Repos/PLay/closure-compiler/lib/truth.jar:/Users/tomerwei/Repos/PLay/closure-compiler/build/test:/opt/local/share/java/apache-ant/lib/ant-launcher.jar:/opt/local/share/java/apache-ant/lib/ant.jar:/opt/local/share/java/apache-ant/lib/ant-junit.jar:/opt/local/share/java/apache-ant/lib/ant-junit4.jar" />
    <property name="ant.version" value="Apache Ant(TM) version 1.9.4 compiled on April 29 2014" />
    <property name="test.class" value="*Test" />
    <property name="java.vm.specification.name" value="Java Virtual Machine Specification" />
    <property name="ant.file.type" value="file" />
    <property name="java.vm.specification.version" value="1.7" />
    <property name="sun.cpu.endian" value="little" />
    <property name="sun.os.patch.level" value="unknown" />
    <property name="java.io.tmpdir" value="/var/folders/f6/3011v4610sd8c89rtjf_9j9m0000gn/T/" />
    <property name="java.vendor.url.bug" value="http://bugreport.sun.com/bugreport/" />
    <property name="java.awt.graphicsenv" value="sun.awt.CGraphicsEnvironment" />
    <property name="maven-repository-url" value="https://oss.sonatype.org/service/local/staging/deploy/maven2/" />
    <property name="os.arch" value="x86_64" />
    <property name="webservice-classes.dir" value="/Users/tomerwei/Repos/PLay/closure-compiler/build/webservice-classes" />
    <property name="java.ext.dirs" value="/Users/tomerwei/Library/Java/Extensions:/Library/Java/JavaVirtualMachines/jdk1.7.0_75.jdk/Contents/Home/jre/lib/ext:/Library/Java/Extensions:/Network/Library/Java/Extensions:/System/Library/Java/Extensions:/usr/lib/java" />
    <property name="user.dir" value="/Users/tomerwei/Repos/PLay/closure-compiler" />
    <property name="ant.file.type.compiler" value="file" />
    <property name="line.separator" value="&#xa;" />
    <property name="java.vm.name" value="Java HotSpot(TM) 64-Bit Server VM" />
    <property name="refasterjs-classes.dir" value="/Users/tomerwei/Repos/PLay/closure-compiler/build/refasterjs-classes" />
    <property name="basedir" value="/Users/tomerwei/Repos/PLay/closure-compiler" />
    <property name="ant.java.version" value="1.7" />
    <property name="ant.core.lib" value="/opt/local/share/java/apache-ant/lib/ant.jar" />
    <property name="file.encoding" value="UTF-8" />
    <property name="closure.build.dir" value="/Users/tomerwei/Repos/PLay/closure-compiler/build" />
    <property name="compiler-jarfile" value="/Users/tomerwei/Repos/PLay/closure-compiler/build/compiler.jar" />
    <property name="java.specification.version" value="1.7" />
    <property name="src.dir" value="/Users/tomerwei/Repos/PLay/closure-compiler/src" />
    <property name="ant.project.invoked-targets" value="clean,compile,compile-tests,test" />
    <property name="javadoc.dir" value="/Users/tomerwei/Repos/PLay/closure-compiler/build/javadoc" />
    <property name="tools.dir" value="/Users/tomerwei/Repos/PLay/closure-compiler/tools" />
  </properties>
  <testcase classname="com.google.javascript.jscomp.FunctionInjectorTest" name="testIsSimpleFunction1" time="0.001" />
  <testcase classname="com.google.javascript.jscomp.FunctionInjectorTest" name="testIsSimpleFunction2" time="0.001" />
  <testcase classname="com.google.javascript.jscomp.FunctionInjectorTest" name="testIsSimpleFunction3" time="0.001" />
  <testcase classname="com.google.javascript.jscomp.FunctionInjectorTest" name="testIsSimpleFunction4" time="0.001" />
  <testcase classname="com.google.javascript.jscomp.FunctionInjectorTest" name="testIsSimpleFunction5" time="0.001" />
  <testcase classname="com.google.javascript.jscomp.FunctionInjectorTest" name="testIsSimpleFunction6" time="0.001" />
  <testcase classname="com.google.javascript.jscomp.FunctionInjectorTest" name="testIsSimpleFunction7" time="0.001" />
  <testcase classname="com.google.javascript.jscomp.FunctionInjectorTest" name="testCanInlineReferenceToFunction1" time="0.002" />
  <testcase classname="com.google.javascript.jscomp.FunctionInjectorTest" name="testCanInlineReferenceToFunction2" time="0.001" />
  <testcase classname="com.google.javascript.jscomp.FunctionInjectorTest" name="testCanInlineReferenceToFunction3" time="0.001" />
  <testcase classname="com.google.javascript.jscomp.FunctionInjectorTest" name="testCanInlineReferenceToFunction4" time="0.001" />
  <testcase classname="com.google.javascript.jscomp.FunctionInjectorTest" name="testCanInlineReferenceToFunction5" time="0.001" />
  <testcase classname="com.google.javascript.jscomp.FunctionInjectorTest" name="testCanInlineReferenceToFunction6" time="0.001" />
  <testcase classname="com.google.javascript.jscomp.FunctionInjectorTest" name="testCanInlineReferenceToFunction7" time="0.0" />
  <testcase classname="com.google.javascript.jscomp.FunctionInjectorTest" name="testCanInlineReferenceToFunction8" time="0.001" />
  <testcase classname="com.google.javascript.jscomp.FunctionInjectorTest" name="testCanInlineReferenceToFunction9" time="0.001" />
  <testcase classname="com.google.javascript.jscomp.FunctionInjectorTest" name="testCanInlineReferenceToFunction10" time="0.001" />
  <testcase classname="com.google.javascript.jscomp.FunctionInjectorTest" name="testCanInlineReferenceToFunction11" time="0.001" />
  <testcase classname="com.google.javascript.jscomp.FunctionInjectorTest" name="testCanInlineReferenceToFunction12" time="0.0" />
  <testcase classname="com.google.javascript.jscomp.FunctionInjectorTest" name="testCanInlineReferenceToFunction12b" time="0.0" />
  <testcase classname="com.google.javascript.jscomp.FunctionInjectorTest" name="testCanInlineReferenceToFunction14" time="0.0" />
  <testcase classname="com.google.javascript.jscomp.FunctionInjectorTest" name="testCanInlineReferenceToFunction15" time="0.0" />
  <testcase classname="com.google.javascript.jscomp.FunctionInjectorTest" name="testCanInlineReferenceToFunction16" time="0.0" />
  <testcase classname="com.google.javascript.jscomp.FunctionInjectorTest" name="testCanInlineReferenceToFunction17" time="0.0" />
  <testcase classname="com.google.javascript.jscomp.FunctionInjectorTest" name="testCanInlineReferenceToFunction18" time="0.001" />
  <testcase classname="com.google.javascript.jscomp.FunctionInjectorTest" name="testCanInlineReferenceToFunction19" time="0.001" />
  <testcase classname="com.google.javascript.jscomp.FunctionInjectorTest" name="testCanInlineReferenceToFunction20" time="0.001" />
  <testcase classname="com.google.javascript.jscomp.FunctionInjectorTest" name="testCanInlineReferenceToFunction21" time="0.001" />
  <testcase classname="com.google.javascript.jscomp.FunctionInjectorTest" name="testCanInlineReferenceToFunction22" time="0.001" />
  <testcase classname="com.google.javascript.jscomp.FunctionInjectorTest" name="testCanInlineReferenceToFunction23" time="0.001" />
  <testcase classname="com.google.javascript.jscomp.FunctionInjectorTest" name="testCanInlineReferenceToFunction24" time="0.001" />
  <testcase classname="com.google.javascript.jscomp.FunctionInjectorTest" name="testCanInlineReferenceToFunction25" time="0.001" />
  <testcase classname="com.google.javascript.jscomp.FunctionInjectorTest" name="testCanInlineReferenceToFunction26" time="0.001" />
  <testcase classname="com.google.javascript.jscomp.FunctionInjectorTest" name="testCanInlineReferenceToFunction27" time="0.001" />
  <testcase classname="com.google.javascript.jscomp.FunctionInjectorTest" name="testCanInlineReferenceToFunction28" time="0.001" />
  <testcase classname="com.google.javascript.jscomp.FunctionInjectorTest" name="testCanInlineReferenceToFunction29" time="0.001" />
  <testcase classname="com.google.javascript.jscomp.FunctionInjectorTest" name="testCanInlineReferenceToFunction30" time="0.001" />
  <testcase classname="com.google.javascript.jscomp.FunctionInjectorTest" name="testCanInlineReferenceToFunction31" time="0.001" />
  <testcase classname="com.google.javascript.jscomp.FunctionInjectorTest" name="testCanInlineReferenceToFunction32" time="0.002" />
  <testcase classname="com.google.javascript.jscomp.FunctionInjectorTest" name="testCanInlineReferenceToFunction33" time="0.001" />
  <testcase classname="com.google.javascript.jscomp.FunctionInjectorTest" name="testCanInlineReferenceToFunction34" time="0.001" />
  <testcase classname="com.google.javascript.jscomp.FunctionInjectorTest" name="testCanInlineReferenceToFunction35" time="0.002" />
  <testcase classname="com.google.javascript.jscomp.FunctionInjectorTest" name="testCanInlineReferenceToFunction36" time="0.0" />
  <testcase classname="com.google.javascript.jscomp.FunctionInjectorTest" name="testCanInlineReferenceToFunction37" time="0.001" />
  <testcase classname="com.google.javascript.jscomp.FunctionInjectorTest" name="testCanInlineReferenceToFunction38" time="0.001" />
  <testcase classname="com.google.javascript.jscomp.FunctionInjectorTest" name="testCanInlineReferenceToFunction39" time="0.001" />
  <testcase classname="com.google.javascript.jscomp.FunctionInjectorTest" name="testCanInlineReferenceToFunction40" time="0.002" />
  <testcase classname="com.google.javascript.jscomp.FunctionInjectorTest" name="testCanInlineReferenceToFunction41" time="0.001" />
  <testcase classname="com.google.javascript.jscomp.FunctionInjectorTest" name="testCanInlineReferenceToFunction42" time="0.002" />
  <testcase classname="com.google.javascript.jscomp.FunctionInjectorTest" name="testCanInlineReferenceToFunction43" time="0.001" />
  <testcase classname="com.google.javascript.jscomp.FunctionInjectorTest" name="testCanInlineReferenceToFunction44" time="0.002" />
  <testcase classname="com.google.javascript.jscomp.FunctionInjectorTest" name="testCanInlineReferenceToFunction45" time="0.001" />
  <testcase classname="com.google.javascript.jscomp.FunctionInjectorTest" name="testCanInlineReferenceToFunction46" time="0.001" />
  <testcase classname="com.google.javascript.jscomp.FunctionInjectorTest" name="testCanInlineReferenceToFunction47" time="0.001" />
  <testcase classname="com.google.javascript.jscomp.FunctionInjectorTest" name="testCanInlineReferenceToFunction48" time="0.001" />
  <testcase classname="com.google.javascript.jscomp.FunctionInjectorTest" name="testCanInlineReferenceToFunction49" time="0.001" />
  <testcase classname="com.google.javascript.jscomp.FunctionInjectorTest" name="testCanInlineReferenceToFunction50" time="0.001" />
  <testcase classname="com.google.javascript.jscomp.FunctionInjectorTest" name="testCanInlineReferenceToFunction51" time="0.001" />
  <testcase classname="com.google.javascript.jscomp.FunctionInjectorTest" name="testCanInlineReferenceToFunctionInExpression1" time="0.001" />
  <testcase classname="com.google.javascript.jscomp.FunctionInjectorTest" name="testCanInlineReferenceToFunctionInExpression2" time="0.001" />
  <testcase classname="com.google.javascript.jscomp.FunctionInjectorTest" name="testCanInlineReferenceToFunctionInExpression3" time="0.001" />
  <testcase classname="com.google.javascript.jscomp.FunctionInjectorTest" name="testCanInlineReferenceToFunctionInExpression4" time="0.001" />
  <testcase classname="com.google.javascript.jscomp.FunctionInjectorTest" name="testCanInlineReferenceToFunctionInExpression5" time="0.001" />
  <testcase classname="com.google.javascript.jscomp.FunctionInjectorTest" name="testCanInlineReferenceToFunctionInExpression5a" time="0.001" />
  <testcase classname="com.google.javascript.jscomp.FunctionInjectorTest" name="testCanInlineReferenceToFunctionInExpression6" time="0.001" />
  <testcase classname="com.google.javascript.jscomp.FunctionInjectorTest" name="testCanInlineReferenceToFunctionInExpression7" time="0.001" />
  <testcase classname="com.google.javascript.jscomp.FunctionInjectorTest" name="testCanInlineReferenceToFunctionInExpression7a" time="0.001" />
  <testcase classname="com.google.javascript.jscomp.FunctionInjectorTest" name="testCanInlineReferenceToFunctionInExpression8" time="0.001" />
  <testcase classname="com.google.javascript.jscomp.FunctionInjectorTest" name="testCanInlineReferenceToFunctionInExpression9" time="0.001" />
  <testcase classname="com.google.javascript.jscomp.FunctionInjectorTest" name="testCanInlineReferenceToFunctionInExpression10" time="0.0" />
  <testcase classname="com.google.javascript.jscomp.FunctionInjectorTest" name="testCanInlineReferenceToFunctionInExpression10a" time="0.001" />
  <testcase classname="com.google.javascript.jscomp.FunctionInjectorTest" name="testCanInlineReferenceToFunctionInExpression12" time="0.0" />
  <testcase classname="com.google.javascript.jscomp.FunctionInjectorTest" name="testCanInlineReferenceToFunctionInExpression13" time="0.001" />
  <testcase classname="com.google.javascript.jscomp.FunctionInjectorTest" name="testCanInlineReferenceToFunctionInExpression14" time="0.001" />
  <testcase classname="com.google.javascript.jscomp.FunctionInjectorTest" name="testCanInlineReferenceToFunctionInExpression14a" time="0.001" />
  <testcase classname="com.google.javascript.jscomp.FunctionInjectorTest" name="testCanInlineReferenceToFunctionInExpression18" time="0.001" />
  <testcase classname="com.google.javascript.jscomp.FunctionInjectorTest" name="testCanInlineReferenceToFunctionInExpression19" time="0.0" />
  <testcase classname="com.google.javascript.jscomp.FunctionInjectorTest" name="testCanInlineReferenceToFunctionInExpression19a" time="0.001" />
  <testcase classname="com.google.javascript.jscomp.FunctionInjectorTest" name="testCanInlineReferenceToFunctionInExpression21" time="0.001" />
  <testcase classname="com.google.javascript.jscomp.FunctionInjectorTest" name="testCanInlineReferenceToFunctionInExpression21a" time="0.001" />
  <testcase classname="com.google.javascript.jscomp.FunctionInjectorTest" name="testCanInlineReferenceToFunctionInExpression22" time="0.001" />
  <testcase classname="com.google.javascript.jscomp.FunctionInjectorTest" name="testCanInlineReferenceToFunctionInExpression22a" time="0.001" />
  <testcase classname="com.google.javascript.jscomp.FunctionInjectorTest" name="testCanInlineReferenceToFunctionInExpression23" time="0.0" />
  <testcase classname="com.google.javascript.jscomp.FunctionInjectorTest" name="testCanInlineReferenceToFunctionInExpression23a" time="0.0" />
  <testcase classname="com.google.javascript.jscomp.FunctionInjectorTest" name="testCanInlineReferenceToFunctionInLoop1" time="0.0" />
  <testcase classname="com.google.javascript.jscomp.FunctionInjectorTest" name="testCanInlineReferenceToFunctionInLoop2" time="0.001" />
  <testcase classname="com.google.javascript.jscomp.FunctionInjectorTest" name="testInline1" time="0.002" />
  <testcase classname="com.google.javascript.jscomp.FunctionInjectorTest" name="testInline2" time="0.001" />
  <testcase classname="com.google.javascript.jscomp.FunctionInjectorTest" name="testInline3" time="0.002" />
  <testcase classname="com.google.javascript.jscomp.FunctionInjectorTest" name="testInline4" time="0.003" />
  <testcase classname="com.google.javascript.jscomp.FunctionInjectorTest" name="testInline5" time="0.002" />
  <testcase classname="com.google.javascript.jscomp.FunctionInjectorTest" name="testInline6" time="0.002" />
  <testcase classname="com.google.javascript.jscomp.FunctionInjectorTest" name="testInline7" time="0.001" />
  <testcase classname="com.google.javascript.jscomp.FunctionInjectorTest" name="testInline8" time="0.002" />
  <testcase classname="com.google.javascript.jscomp.FunctionInjectorTest" name="testInline9" time="0.001" />
  <testcase classname="com.google.javascript.jscomp.FunctionInjectorTest" name="testInline10" time="0.001" />
  <testcase classname="com.google.javascript.jscomp.FunctionInjectorTest" name="testInline11" time="0.002" />
  <testcase classname="com.google.javascript.jscomp.FunctionInjectorTest" name="testInline12" time="0.002" />
  <testcase classname="com.google.javascript.jscomp.FunctionInjectorTest" name="testInline13" time="0.002" />
  <testcase classname="com.google.javascript.jscomp.FunctionInjectorTest" name="testInline14" time="0.002" />
  <testcase classname="com.google.javascript.jscomp.FunctionInjectorTest" name="testInline15" time="0.003" />
  <testcase classname="com.google.javascript.jscomp.FunctionInjectorTest" name="testInline16" time="0.002" />
  <testcase classname="com.google.javascript.jscomp.FunctionInjectorTest" name="testInline17" time="0.002" />
  <testcase classname="com.google.javascript.jscomp.FunctionInjectorTest" name="testInline18" time="0.002" />
  <testcase classname="com.google.javascript.jscomp.FunctionInjectorTest" name="testInline19" time="0.003" />
  <testcase classname="com.google.javascript.jscomp.FunctionInjectorTest" name="testInline19b" time="0.003" />
  <testcase classname="com.google.javascript.jscomp.FunctionInjectorTest" name="testInlineIntoLoop" time="0.005" />
  <testcase classname="com.google.javascript.jscomp.FunctionInjectorTest" name="testInlineFunctionWithInnerFunction1" time="0.001" />
  <testcase classname="com.google.javascript.jscomp.FunctionInjectorTest" name="testInlineFunctionWithInnerFunction2" time="0.002" />
  <testcase classname="com.google.javascript.jscomp.FunctionInjectorTest" name="testInlineFunctionWithInnerFunction3" time="0.002" />
  <testcase classname="com.google.javascript.jscomp.FunctionInjectorTest" name="testInlineFunctionWithInnerFunction4" time="0.002" />
  <testcase classname="com.google.javascript.jscomp.FunctionInjectorTest" name="testInlineFunctionWithInnerFunction5" time="0.002" />
  <testcase classname="com.google.javascript.jscomp.FunctionInjectorTest" name="testInlineReferenceInExpression1" time="0.002" />
  <testcase classname="com.google.javascript.jscomp.FunctionInjectorTest" name="testInlineReferenceInExpression2" time="0.002" />
  <testcase classname="com.google.javascript.jscomp.FunctionInjectorTest" name="testInlineReferenceInExpression3" time="0.002" />
  <testcase classname="com.google.javascript.jscomp.FunctionInjectorTest" name="testInlineReferenceInExpression4" time="0.001" />
  <testcase classname="com.google.javascript.jscomp.FunctionInjectorTest" name="testInlineReferenceInExpression5" time="0.001" />
  <testcase classname="com.google.javascript.jscomp.FunctionInjectorTest" name="testInlineReferenceInExpression6" time="0.001" />
  <testcase classname="com.google.javascript.jscomp.FunctionInjectorTest" name="testInlineReferenceInExpression7" time="0.002" />
  <testcase classname="com.google.javascript.jscomp.FunctionInjectorTest" name="testInlineReferenceInExpression8" time="0.003" />
  <testcase classname="com.google.javascript.jscomp.FunctionInjectorTest" name="testInlineReferenceInExpression9" time="0.003" />
  <testcase classname="com.google.javascript.jscomp.FunctionInjectorTest" name="testInlineReferenceInExpression11" time="0.003" />
  <testcase classname="com.google.javascript.jscomp.FunctionInjectorTest" name="testInlineReferenceInExpression12" time="0.003" />
  <testcase classname="com.google.javascript.jscomp.FunctionInjectorTest" name="testInlineReferenceInExpression13" time="0.002" />
  <testcase classname="com.google.javascript.jscomp.FunctionInjectorTest" name="testInlineReferenceInExpression14" time="0.003" />
  <testcase classname="com.google.javascript.jscomp.FunctionInjectorTest" name="testInlineReferenceInExpression15" time="0.002" />
  <testcase classname="com.google.javascript.jscomp.FunctionInjectorTest" name="testInlineReferenceInExpression16" time="0.003" />
  <testcase classname="com.google.javascript.jscomp.FunctionInjectorTest" name="testInlineReferenceInExpression17" time="0.003" />
  <testcase classname="com.google.javascript.jscomp.FunctionInjectorTest" name="testInlineWithinCalls1" time="0.002" />
  <testcase classname="com.google.javascript.jscomp.FunctionInjectorTest" name="testInlineAssignmentToConstant" time="0.003" />
  <testcase classname="com.google.javascript.jscomp.FunctionInjectorTest" name="testBug1897706" time="0.004" />
  <testcase classname="com.google.javascript.jscomp.FunctionInjectorTest" name="testIssue1101a" time="0.0" />
  <testcase classname="com.google.javascript.jscomp.FunctionInjectorTest" name="testIssue1101b" time="0.0" />
  <system-out><![CDATA[]]></system-out>
  <system-err><![CDATA[]]></system-err>
</testsuite>
