<?xml version="1.0" encoding="UTF-8" ?>
<testsuite errors="6" failures="93" hostname="cs-210-206.cs.ucla.edu" name="com.google.javascript.jscomp.CommandLineRunnerTest" skipped="0" tests="124" time="2.324" timestamp="2015-03-09T03:17:15">
  <properties>
    <property name="java.vendor" value="Oracle Corporation" />
    <property name="lib.dir" value="/Users/linmanna/Documents/proj/UCLA-CS-239-Winter-2015/Part_B/Benchmark/closure-compiler/lib" />
    <property name="refasterjs-jarfile" value="/Users/linmanna/Documents/proj/UCLA-CS-239-Winter-2015/Part_B/Benchmark/closure-compiler/build/refasterjs.jar" />
    <property name="sun.java.launcher" value="SUN_STANDARD" />
    <property name="sun.management.compiler" value="HotSpot 64-Bit Tiered Compilers" />
    <property name="os.name" value="Mac OS X" />
    <property name="sun.boot.class.path" value="/Library/Java/JavaVirtualMachines/jdk1.7.0_75.jdk/Contents/Home/jre/lib/resources.jar:/Library/Java/JavaVirtualMachines/jdk1.7.0_75.jdk/Contents/Home/jre/lib/rt.jar:/Library/Java/JavaVirtualMachines/jdk1.7.0_75.jdk/Contents/Home/jre/lib/sunrsasign.jar:/Library/Java/JavaVirtualMachines/jdk1.7.0_75.jdk/Contents/Home/jre/lib/jsse.jar:/Library/Java/JavaVirtualMachines/jdk1.7.0_75.jdk/Contents/Home/jre/lib/jce.jar:/Library/Java/JavaVirtualMachines/jdk1.7.0_75.jdk/Contents/Home/jre/lib/charsets.jar:/Library/Java/JavaVirtualMachines/jdk1.7.0_75.jdk/Contents/Home/jre/lib/jfr.jar:/Library/Java/JavaVirtualMachines/jdk1.7.0_75.jdk/Contents/Home/jre/classes" />
    <property name="maven-repository-id" value="sonatype-nexus-staging" />
    <property name="java.vm.specification.vendor" value="Oracle Corporation" />
    <property name="ant.home" value="//Users/linmanna/ant" />
    <property name="java.runtime.version" value="1.7.0_75-b13" />
    <property name="gen.dir" value="/Users/linmanna/Documents/proj/UCLA-CS-239-Winter-2015/Part_B/Benchmark/closure-compiler/gen" />
    <property name="user.name" value="linmanna" />
    <property name="ant.file.compiler" value="/Users/linmanna/Documents/proj/UCLA-CS-239-Winter-2015/Part_B/Benchmark/closure-compiler/build.xml" />
    <property name="build.dir" value="/Users/linmanna/Documents/proj/UCLA-CS-239-Winter-2015/Part_B/Benchmark/closure-compiler/build" />
    <property name="ant.build.javac.target" value="1.7" />
    <property name="user.language" value="zh" />
    <property name="test.method" value="" />
    <property name="sun.boot.library.path" value="/Library/Java/JavaVirtualMachines/jdk1.7.0_75.jdk/Contents/Home/jre/lib" />
    <property name="ant.project.default-target" value="jar" />
    <property name="ant.project.name" value="compiler" />
    <property name="java.version" value="1.7.0_75" />
    <property name="user.timezone" value="" />
    <property name="sun.arch.data.model" value="64" />
    <property name="http.nonProxyHosts" value="local|*.local|169.254/16|*.169.254/16" />
    <property name="java.endorsed.dirs" value="/Library/Java/JavaVirtualMachines/jdk1.7.0_75.jdk/Contents/Home/jre/lib/endorsed" />
    <property name="sun.cpu.isalist" value="" />
    <property name="sun.jnu.encoding" value="UTF-8" />
    <property name="file.encoding.pkg" value="sun.io" />
    <property name="file.separator" value="/" />
    <property name="java.specification.name" value="Java Platform API Specification" />
    <property name="protoc.executable" value="protoc" />
    <property name="classes.dir" value="/Users/linmanna/Documents/proj/UCLA-CS-239-Winter-2015/Part_B/Benchmark/closure-compiler/build/classes" />
    <property name="java.class.version" value="51.0" />
    <property name="testClasses.dir" value="/Users/linmanna/Documents/proj/UCLA-CS-239-Winter-2015/Part_B/Benchmark/closure-compiler/build/test" />
    <property name="user.country" value="CN" />
    <property name="java.home" value="/Library/Java/JavaVirtualMachines/jdk1.7.0_75.jdk/Contents/Home/jre" />
    <property name="java.vm.info" value="mixed mode" />
    <property name="externs.dir" value="/Users/linmanna/Documents/proj/UCLA-CS-239-Winter-2015/Part_B/Benchmark/closure-compiler/externs" />
    <property name="ant.file" value="/Users/linmanna/Documents/proj/UCLA-CS-239-Winter-2015/Part_B/Benchmark/closure-compiler/build.xml" />
    <property name="os.version" value="10.9.5" />
    <property name="javac.debug" value="on" />
    <property name="path.separator" value=":" />
    <property name="java.vm.version" value="24.75-b04" />
    <property name="ant.library.dir" value="//Users/linmanna/ant/lib" />
    <property name="java.awt.printerjob" value="sun.lwawt.macosx.CPrinterJob" />
    <property name="webservice-jarfile" value="/Users/linmanna/Documents/proj/UCLA-CS-239-Winter-2015/Part_B/Benchmark/closure-compiler/build/webservice.jar" />
    <property name="sun.io.unicode.encoding" value="UnicodeBig" />
    <property name="test.fork" value="true" />
    <property name="webservice.dir" value="/Users/linmanna/Documents/proj/UCLA-CS-239-Winter-2015/Part_B/Benchmark/closure-compiler/src/com/google/javascript/jscomp/webservice" />
    <property name="awt.toolkit" value="sun.lwawt.macosx.LWCToolkit" />
    <property name="buildlib.dir" value="/Users/linmanna/Documents/proj/UCLA-CS-239-Winter-2015/Part_B/Benchmark/closure-compiler/build/lib" />
    <property name="socksNonProxyHosts" value="local|*.local|169.254/16|*.169.254/16" />
    <property name="ftp.nonProxyHosts" value="local|*.local|169.254/16|*.169.254/16" />
    <property name="ant.build.javac.source" value="1.7" />
    <property name="refasterjs.dir" value="/Users/linmanna/Documents/proj/UCLA-CS-239-Winter-2015/Part_B/Benchmark/closure-compiler/src/com/google/javascript/refactoring" />
    <property name="user.home" value="/Users/linmanna" />
    <property name="java.specification.vendor" value="Oracle Corporation" />
    <property name="test.dir" value="/Users/linmanna/Documents/proj/UCLA-CS-239-Winter-2015/Part_B/Benchmark/closure-compiler/test" />
    <property name="java.library.path" value="/Users/linmanna/Library/Java/Extensions:/Library/Java/Extensions:/Network/Library/Java/Extensions:/System/Library/Java/Extensions:/usr/lib/java:." />
    <property name="java.vendor.url" value="http://java.oracle.com/" />
    <property name="java.vm.vendor" value="Oracle Corporation" />
    <property name="gopherProxySet" value="false" />
    <property name="build.relVersion" value="00e3533" />
    <property name="java.runtime.name" value="Java(TM) SE Runtime Environment" />
    <property name="sun.java.command" value="org.apache.tools.ant.taskdefs.optional.junit.JUnitTestRunner testsfile=/Users/linmanna/Documents/proj/UCLA-CS-239-Winter-2015/Part_B/Benchmark/closure-compiler/junittestcases4622356093930181862.properties skipNonTests=false filtertrace=true haltOnError=false haltOnFailure=false formatter=org.apache.tools.ant.taskdefs.optional.junit.SummaryJUnitResultFormatter showoutput=true outputtoformatters=true logfailedtests=true threadid=0 logtestlistenerevents=false formatter=org.apache.tools.ant.taskdefs.optional.junit.BriefJUnitResultFormatter formatter=org.apache.tools.ant.taskdefs.optional.junit.XMLJUnitResultFormatter,/Users/linmanna/Documents/proj/UCLA-CS-239-Winter-2015/Part_B/Benchmark/closure-compiler/build/testoutput/IGNORETHIS.xml crashfile=/Users/linmanna/Documents/proj/UCLA-CS-239-Winter-2015/Part_B/Benchmark/closure-compiler/junitvmwatcher882389895192408063.properties propsfile=/Users/linmanna/Documents/proj/UCLA-CS-239-Winter-2015/Part_B/Benchmark/closure-compiler/junit6374663990081372210.properties" />
    <property name="java.class.path" value="/Users/linmanna/Documents/proj/UCLA-CS-239-Winter-2015/Part_B/Benchmark/closure-compiler/build/classes:/Users/linmanna/Documents/proj/UCLA-CS-239-Winter-2015/Part_B/Benchmark/closure-compiler/lib/ant-launcher.jar:/Users/linmanna/Documents/proj/UCLA-CS-239-Winter-2015/Part_B/Benchmark/closure-compiler/lib/ant.jar:/Users/linmanna/Documents/proj/UCLA-CS-239-Winter-2015/Part_B/Benchmark/closure-compiler/lib/args4j.jar:/Users/linmanna/Documents/proj/UCLA-CS-239-Winter-2015/Part_B/Benchmark/closure-compiler/lib/gson.jar:/Users/linmanna/Documents/proj/UCLA-CS-239-Winter-2015/Part_B/Benchmark/closure-compiler/lib/guava.jar:/Users/linmanna/Documents/proj/UCLA-CS-239-Winter-2015/Part_B/Benchmark/closure-compiler/lib/jsr305.jar:/Users/linmanna/Documents/proj/UCLA-CS-239-Winter-2015/Part_B/Benchmark/closure-compiler/lib/junit.jar:/Users/linmanna/Documents/proj/UCLA-CS-239-Winter-2015/Part_B/Benchmark/closure-compiler/lib/protobuf-java.jar:/Users/linmanna/Documents/proj/UCLA-CS-239-Winter-2015/Part_B/Benchmark/closure-compiler/lib/truth.jar:/Users/linmanna/Documents/proj/UCLA-CS-239-Winter-2015/Part_B/Benchmark/closure-compiler/build/test:/Users/linmanna/ant/lib/ant-launcher.jar:/Users/linmanna/ant/lib/ant.jar:/Users/linmanna/ant/lib/ant-junit.jar:/Users/linmanna/ant/lib/ant-junit4.jar" />
    <property name="ant.version" value="Apache Ant(TM) version 1.9.4 compiled on April 29 2014" />
    <property name="test.class" value="*Test" />
    <property name="java.vm.specification.name" value="Java Virtual Machine Specification" />
    <property name="ant.file.type" value="file" />
    <property name="java.vm.specification.version" value="1.7" />
    <property name="sun.cpu.endian" value="little" />
    <property name="sun.os.patch.level" value="unknown" />
    <property name="java.io.tmpdir" value="/var/folders/_p/3swdt4h96dn79vyt21dtny9h0000gn/T/" />
    <property name="java.vendor.url.bug" value="http://bugreport.sun.com/bugreport/" />
    <property name="java.awt.graphicsenv" value="sun.awt.CGraphicsEnvironment" />
    <property name="maven-repository-url" value="https://oss.sonatype.org/service/local/staging/deploy/maven2/" />
    <property name="os.arch" value="x86_64" />
    <property name="webservice-classes.dir" value="/Users/linmanna/Documents/proj/UCLA-CS-239-Winter-2015/Part_B/Benchmark/closure-compiler/build/webservice-classes" />
    <property name="java.ext.dirs" value="/Users/linmanna/Library/Java/Extensions:/Library/Java/JavaVirtualMachines/jdk1.7.0_75.jdk/Contents/Home/jre/lib/ext:/Library/Java/Extensions:/Network/Library/Java/Extensions:/System/Library/Java/Extensions:/usr/lib/java" />
    <property name="user.dir" value="/Users/linmanna/Documents/proj/UCLA-CS-239-Winter-2015/Part_B/Benchmark/closure-compiler" />
    <property name="ant.file.type.compiler" value="file" />
    <property name="line.separator" value="&#xa;" />
    <property name="java.vm.name" value="Java HotSpot(TM) 64-Bit Server VM" />
    <property name="refasterjs-classes.dir" value="/Users/linmanna/Documents/proj/UCLA-CS-239-Winter-2015/Part_B/Benchmark/closure-compiler/build/refasterjs-classes" />
    <property name="basedir" value="/Users/linmanna/Documents/proj/UCLA-CS-239-Winter-2015/Part_B/Benchmark/closure-compiler" />
    <property name="ant.java.version" value="1.7" />
    <property name="ant.core.lib" value="/Users/linmanna/ant/lib/ant.jar" />
    <property name="file.encoding" value="UTF-8" />
    <property name="closure.build.dir" value="/Users/linmanna/Documents/proj/UCLA-CS-239-Winter-2015/Part_B/Benchmark/closure-compiler/build" />
    <property name="compiler-jarfile" value="/Users/linmanna/Documents/proj/UCLA-CS-239-Winter-2015/Part_B/Benchmark/closure-compiler/build/compiler.jar" />
    <property name="java.specification.version" value="1.7" />
    <property name="src.dir" value="/Users/linmanna/Documents/proj/UCLA-CS-239-Winter-2015/Part_B/Benchmark/closure-compiler/src" />
    <property name="ant.project.invoked-targets" value="clean,compile,compile-tests,test" />
    <property name="javadoc.dir" value="/Users/linmanna/Documents/proj/UCLA-CS-239-Winter-2015/Part_B/Benchmark/closure-compiler/build/javadoc" />
    <property name="tools.dir" value="/Users/linmanna/Documents/proj/UCLA-CS-239-Winter-2015/Part_B/Benchmark/closure-compiler/tools" />
  </properties>
  <testcase classname="com.google.javascript.jscomp.CommandLineRunnerTest" name="testIssue601" time="0.079" />
  <testcase classname="com.google.javascript.jscomp.CommandLineRunnerTest" name="testUnknownAnnotation" time="0.026">
    <error message="Not true that &lt;-2&gt; is equal to &lt;0&gt;" type="java.lang.AssertionError">java.lang.AssertionError: Not true that &lt;-2&gt; is equal to &lt;0&gt;
	at com.google.common.truth.FailureStrategy.fail(FailureStrategy.java:27)
	at com.google.common.truth.FailureStrategy.fail(FailureStrategy.java:23)
	at com.google.common.truth.Subject.fail(Subject.java:230)
	at com.google.common.truth.Subject.isEqualTo(Subject.java:98)
	at com.google.common.truth.IntegerSubject.isEqualTo(IntegerSubject.java:66)
	at com.google.javascript.jscomp.CommandLineRunnerTest.test(CommandLineRunnerTest.java:1465)
	at com.google.javascript.jscomp.CommandLineRunnerTest.test(CommandLineRunnerTest.java:1438)
	at com.google.javascript.jscomp.CommandLineRunnerTest.testUnknownAnnotation(CommandLineRunnerTest.java:137)
</error>
  </testcase>
  <testcase classname="com.google.javascript.jscomp.CommandLineRunnerTest" name="testWarningGuardOrdering1" time="0.079">
    <failure message="Expected no warnings or errors&#xa;Errors: &#xa;Warnings: &#xa;JSC_UNREACHABLE_CODE. unreachable code at input0 line 1 : 0 expected:&lt;0&gt; but was:&lt;1&gt;" type="junit.framework.AssertionFailedError">junit.framework.AssertionFailedError: Expected no warnings or errors
Errors: 
Warnings: 
JSC_UNREACHABLE_CODE. unreachable code at input0 line 1 : 0 expected:&lt;0&gt; but was:&lt;1&gt;
	at com.google.javascript.jscomp.CommandLineRunnerTest.test(CommandLineRunnerTest.java:1413)
	at com.google.javascript.jscomp.CommandLineRunnerTest.test(CommandLineRunnerTest.java:1399)
	at com.google.javascript.jscomp.CommandLineRunnerTest.testSame(CommandLineRunnerTest.java:1387)
	at com.google.javascript.jscomp.CommandLineRunnerTest.testSame(CommandLineRunnerTest.java:1383)
	at com.google.javascript.jscomp.CommandLineRunnerTest.testWarningGuardOrdering1(CommandLineRunnerTest.java:147)
</failure>
  </testcase>
  <testcase classname="com.google.javascript.jscomp.CommandLineRunnerTest" name="testWarningGuardOrdering2" time="0.019">
    <failure message="Expected exactly one warning or error &#xa;Errors: &#xa;&#xa;Warnings: &#xa; expected:&lt;1&gt; but was:&lt;0&gt;" type="junit.framework.AssertionFailedError">junit.framework.AssertionFailedError: Expected exactly one warning or error 
Errors: 

Warnings: 
 expected:&lt;1&gt; but was:&lt;0&gt;
	at com.google.javascript.jscomp.CommandLineRunnerTest.test(CommandLineRunnerTest.java:1450)
	at com.google.javascript.jscomp.CommandLineRunnerTest.test(CommandLineRunnerTest.java:1438)
	at com.google.javascript.jscomp.CommandLineRunnerTest.testWarningGuardOrdering2(CommandLineRunnerTest.java:153)
</failure>
  </testcase>
  <testcase classname="com.google.javascript.jscomp.CommandLineRunnerTest" name="testWarningGuardOrdering3" time="0.021">
    <failure message="Expected no warnings or errors&#xa;Errors: &#xa;Warnings: &#xa;JSC_UNREACHABLE_CODE. unreachable code at input0 line 1 : 0 expected:&lt;0&gt; but was:&lt;1&gt;" type="junit.framework.AssertionFailedError">junit.framework.AssertionFailedError: Expected no warnings or errors
Errors: 
Warnings: 
JSC_UNREACHABLE_CODE. unreachable code at input0 line 1 : 0 expected:&lt;0&gt; but was:&lt;1&gt;
	at com.google.javascript.jscomp.CommandLineRunnerTest.test(CommandLineRunnerTest.java:1413)
	at com.google.javascript.jscomp.CommandLineRunnerTest.test(CommandLineRunnerTest.java:1399)
	at com.google.javascript.jscomp.CommandLineRunnerTest.testSame(CommandLineRunnerTest.java:1387)
	at com.google.javascript.jscomp.CommandLineRunnerTest.testSame(CommandLineRunnerTest.java:1383)
	at com.google.javascript.jscomp.CommandLineRunnerTest.testWarningGuardOrdering3(CommandLineRunnerTest.java:159)
</failure>
  </testcase>
  <testcase classname="com.google.javascript.jscomp.CommandLineRunnerTest" name="testWarningGuardOrdering4" time="0.014">
    <failure message="Expected exactly one warning or error &#xa;Errors: &#xa;&#xa;Warnings: &#xa; expected:&lt;1&gt; but was:&lt;0&gt;" type="junit.framework.AssertionFailedError">junit.framework.AssertionFailedError: Expected exactly one warning or error 
Errors: 

Warnings: 
 expected:&lt;1&gt; but was:&lt;0&gt;
	at com.google.javascript.jscomp.CommandLineRunnerTest.test(CommandLineRunnerTest.java:1450)
	at com.google.javascript.jscomp.CommandLineRunnerTest.test(CommandLineRunnerTest.java:1438)
	at com.google.javascript.jscomp.CommandLineRunnerTest.testWarningGuardOrdering4(CommandLineRunnerTest.java:165)
</failure>
  </testcase>
  <testcase classname="com.google.javascript.jscomp.CommandLineRunnerTest" name="testSimpleModeLeavesUnusedParams" time="0.017">
    <failure message="Expected no warnings or errors&#xa;Errors: &#xa;Warnings: &#xa;JSC_UNREACHABLE_CODE. unreachable code at input0 line 1 : 0 expected:&lt;0&gt; but was:&lt;1&gt;" type="junit.framework.AssertionFailedError">junit.framework.AssertionFailedError: Expected no warnings or errors
Errors: 
Warnings: 
JSC_UNREACHABLE_CODE. unreachable code at input0 line 1 : 0 expected:&lt;0&gt; but was:&lt;1&gt;
	at com.google.javascript.jscomp.CommandLineRunnerTest.test(CommandLineRunnerTest.java:1413)
	at com.google.javascript.jscomp.CommandLineRunnerTest.test(CommandLineRunnerTest.java:1399)
	at com.google.javascript.jscomp.CommandLineRunnerTest.testSame(CommandLineRunnerTest.java:1387)
	at com.google.javascript.jscomp.CommandLineRunnerTest.testSame(CommandLineRunnerTest.java:1383)
	at com.google.javascript.jscomp.CommandLineRunnerTest.testSimpleModeLeavesUnusedParams(CommandLineRunnerTest.java:170)
</failure>
  </testcase>
  <testcase classname="com.google.javascript.jscomp.CommandLineRunnerTest" name="testAdvancedModeRemovesUnusedParams" time="0.072">
    <failure message="&#xa;Expected: window.a=function(){}&#xa;Result: window.f=function(a){}&#xa;Node tree inequality:&#xa;Tree1:&#xa;BLOCK [synthetic: 1]&#xa;    SCRIPT 1 [synthetic: 1] [source_file: input0] [input_id: InputId: input0]&#xa;        EXPR_RESULT 1 [source_file: input0]&#xa;            ASSIGN 1 [source_file: input0]&#xa;                GETPROP 1 [source_file: input0]&#xa;                    NAME window 1 [source_file: input0]&#xa;                    STRING a 1 [source_file: input0]&#xa;                FUNCTION  1 [source_file: input0]&#xa;                    NAME  1 [source_file: input0]&#xa;                    PARAM_LIST 1 [source_file: input0]&#xa;                    BLOCK 1 [source_file: input0]&#xa;&#xa;&#xa;Tree2:&#xa;BLOCK [synthetic: 1]&#xa;    SCRIPT 1 [synthetic: 1] [source_file: input0] [input_id: InputId: input0]&#xa;        EXPR_RESULT 1 [source_file: input0]&#xa;            ASSIGN 1 [source_file: input0]&#xa;                GETPROP 1 [source_file: input0]&#xa;                    NAME window 1 [source_file: input0]&#xa;                    STRING f 1 [source_file: input0]&#xa;                FUNCTION  1 [source_file: input0]&#xa;                    NAME  1 [source_file: input0]&#xa;                    PARAM_LIST 1 [source_file: input0]&#xa;                        NAME a 1 [source_file: input0]&#xa;                    BLOCK 1 [source_file: input0]&#xa;&#xa;&#xa;Subtree1: STRING a 1 [source_file: input0]&#xa;&#xa;&#xa;Subtree2: STRING f 1 [source_file: input0]&#xa;" type="junit.framework.AssertionFailedError">junit.framework.AssertionFailedError: 
Expected: window.a=function(){}
Result: window.f=function(a){}
Node tree inequality:
Tree1:
BLOCK [synthetic: 1]
    SCRIPT 1 [synthetic: 1] [source_file: input0] [input_id: InputId: input0]
        EXPR_RESULT 1 [source_file: input0]
            ASSIGN 1 [source_file: input0]
                GETPROP 1 [source_file: input0]
                    NAME window 1 [source_file: input0]
                    STRING a 1 [source_file: input0]
                FUNCTION  1 [source_file: input0]
                    NAME  1 [source_file: input0]
                    PARAM_LIST 1 [source_file: input0]
                    BLOCK 1 [source_file: input0]


Tree2:
BLOCK [synthetic: 1]
    SCRIPT 1 [synthetic: 1] [source_file: input0] [input_id: InputId: input0]
        EXPR_RESULT 1 [source_file: input0]
            ASSIGN 1 [source_file: input0]
                GETPROP 1 [source_file: input0]
                    NAME window 1 [source_file: input0]
                    STRING f 1 [source_file: input0]
                FUNCTION  1 [source_file: input0]
                    NAME  1 [source_file: input0]
                    PARAM_LIST 1 [source_file: input0]
                        NAME a 1 [source_file: input0]
                    BLOCK 1 [source_file: input0]


Subtree1: STRING a 1 [source_file: input0]


Subtree2: STRING f 1 [source_file: input0]

	at com.google.javascript.jscomp.CommandLineRunnerTest.test(CommandLineRunnerTest.java:1428)
	at com.google.javascript.jscomp.CommandLineRunnerTest.test(CommandLineRunnerTest.java:1399)
	at com.google.javascript.jscomp.CommandLineRunnerTest.test(CommandLineRunnerTest.java:1391)
	at com.google.javascript.jscomp.CommandLineRunnerTest.testAdvancedModeRemovesUnusedParams(CommandLineRunnerTest.java:175)
</failure>
  </testcase>
  <testcase classname="com.google.javascript.jscomp.CommandLineRunnerTest" name="testCheckGlobalThisOffByDefault" time="0.03">
    <failure message="Expected no warnings or errors&#xa;Errors: &#xa;Warnings: &#xa;JSC_UNREACHABLE_CODE. unreachable code at input0 line 1 : 0 expected:&lt;0&gt; but was:&lt;1&gt;" type="junit.framework.AssertionFailedError">junit.framework.AssertionFailedError: Expected no warnings or errors
Errors: 
Warnings: 
JSC_UNREACHABLE_CODE. unreachable code at input0 line 1 : 0 expected:&lt;0&gt; but was:&lt;1&gt;
	at com.google.javascript.jscomp.CommandLineRunnerTest.test(CommandLineRunnerTest.java:1413)
	at com.google.javascript.jscomp.CommandLineRunnerTest.test(CommandLineRunnerTest.java:1399)
	at com.google.javascript.jscomp.CommandLineRunnerTest.testSame(CommandLineRunnerTest.java:1387)
	at com.google.javascript.jscomp.CommandLineRunnerTest.testSame(CommandLineRunnerTest.java:1383)
	at com.google.javascript.jscomp.CommandLineRunnerTest.testCheckGlobalThisOffByDefault(CommandLineRunnerTest.java:179)
</failure>
  </testcase>
  <testcase classname="com.google.javascript.jscomp.CommandLineRunnerTest" name="testCheckGlobalThisOnWithAdvancedMode" time="0.022">
    <failure message="Expected exactly one warning or error &#xa;Errors: &#xa;&#xa;Warnings: &#xa; expected:&lt;1&gt; but was:&lt;0&gt;" type="junit.framework.AssertionFailedError">junit.framework.AssertionFailedError: Expected exactly one warning or error 
Errors: 

Warnings: 
 expected:&lt;1&gt; but was:&lt;0&gt;
	at com.google.javascript.jscomp.CommandLineRunnerTest.test(CommandLineRunnerTest.java:1450)
	at com.google.javascript.jscomp.CommandLineRunnerTest.test(CommandLineRunnerTest.java:1438)
	at com.google.javascript.jscomp.CommandLineRunnerTest.testCheckGlobalThisOnWithAdvancedMode(CommandLineRunnerTest.java:184)
</failure>
  </testcase>
  <testcase classname="com.google.javascript.jscomp.CommandLineRunnerTest" name="testCheckGlobalThisOnWithAdvanced" time="0.015">
    <failure message="Expected exactly one warning or error &#xa;Errors: &#xa;&#xa;Warnings: &#xa; expected:&lt;1&gt; but was:&lt;0&gt;" type="junit.framework.AssertionFailedError">junit.framework.AssertionFailedError: Expected exactly one warning or error 
Errors: 

Warnings: 
 expected:&lt;1&gt; but was:&lt;0&gt;
	at com.google.javascript.jscomp.CommandLineRunnerTest.test(CommandLineRunnerTest.java:1450)
	at com.google.javascript.jscomp.CommandLineRunnerTest.test(CommandLineRunnerTest.java:1438)
	at com.google.javascript.jscomp.CommandLineRunnerTest.testCheckGlobalThisOnWithAdvanced(CommandLineRunnerTest.java:189)
</failure>
  </testcase>
  <testcase classname="com.google.javascript.jscomp.CommandLineRunnerTest" name="testCheckGlobalThisOnWithErrorFlag" time="0.05">
    <failure message="Expected exactly one warning or error &#xa;Errors: &#xa;&#xa;Warnings: &#xa; expected:&lt;1&gt; but was:&lt;0&gt;" type="junit.framework.AssertionFailedError">junit.framework.AssertionFailedError: Expected exactly one warning or error 
Errors: 

Warnings: 
 expected:&lt;1&gt; but was:&lt;0&gt;
	at com.google.javascript.jscomp.CommandLineRunnerTest.test(CommandLineRunnerTest.java:1450)
	at com.google.javascript.jscomp.CommandLineRunnerTest.test(CommandLineRunnerTest.java:1438)
	at com.google.javascript.jscomp.CommandLineRunnerTest.testCheckGlobalThisOnWithErrorFlag(CommandLineRunnerTest.java:194)
</failure>
  </testcase>
  <testcase classname="com.google.javascript.jscomp.CommandLineRunnerTest" name="testCheckGlobalThisOff" time="0.066">
    <failure message="Expected no warnings or errors&#xa;Errors: &#xa;Warnings: &#xa;JSC_UNREACHABLE_CODE. unreachable code at input0 line 1 : 0 expected:&lt;0&gt; but was:&lt;1&gt;" type="junit.framework.AssertionFailedError">junit.framework.AssertionFailedError: Expected no warnings or errors
Errors: 
Warnings: 
JSC_UNREACHABLE_CODE. unreachable code at input0 line 1 : 0 expected:&lt;0&gt; but was:&lt;1&gt;
	at com.google.javascript.jscomp.CommandLineRunnerTest.test(CommandLineRunnerTest.java:1413)
	at com.google.javascript.jscomp.CommandLineRunnerTest.test(CommandLineRunnerTest.java:1399)
	at com.google.javascript.jscomp.CommandLineRunnerTest.testSame(CommandLineRunnerTest.java:1387)
	at com.google.javascript.jscomp.CommandLineRunnerTest.testSame(CommandLineRunnerTest.java:1383)
	at com.google.javascript.jscomp.CommandLineRunnerTest.testCheckGlobalThisOff(CommandLineRunnerTest.java:200)
</failure>
  </testcase>
  <testcase classname="com.google.javascript.jscomp.CommandLineRunnerTest" name="testTypeCheckingOffByDefault" time="0.03">
    <failure message="Expected no warnings or errors&#xa;Errors: &#xa;Warnings: &#xa;JSC_UNREACHABLE_CODE. unreachable code at input0 line 1 : 0 expected:&lt;0&gt; but was:&lt;1&gt;" type="junit.framework.AssertionFailedError">junit.framework.AssertionFailedError: Expected no warnings or errors
Errors: 
Warnings: 
JSC_UNREACHABLE_CODE. unreachable code at input0 line 1 : 0 expected:&lt;0&gt; but was:&lt;1&gt;
	at com.google.javascript.jscomp.CommandLineRunnerTest.test(CommandLineRunnerTest.java:1413)
	at com.google.javascript.jscomp.CommandLineRunnerTest.test(CommandLineRunnerTest.java:1399)
	at com.google.javascript.jscomp.CommandLineRunnerTest.test(CommandLineRunnerTest.java:1391)
	at com.google.javascript.jscomp.CommandLineRunnerTest.testTypeCheckingOffByDefault(CommandLineRunnerTest.java:204)
</failure>
  </testcase>
  <testcase classname="com.google.javascript.jscomp.CommandLineRunnerTest" name="testReflectedMethods" time="0.047">
    <failure message="&#xa;Expected: function a(){}a.prototype.a=function(e,d){alert(d)};var b=goog.c.b(a,{a:1}),c;for(c in b)b[c].call(b);window.Foo=a&#xa;Result: function Foo(){}Foo.prototype.handle=function(x,y){alert(y)};var x=goog.reflect.object(Foo,{handle:1});for(var i in x)x[i].call(x);window[&quot;Foo&quot;]=Foo&#xa;Node tree inequality:&#xa;Tree1:&#xa;BLOCK [synthetic: 1]&#xa;    SCRIPT 1 [synthetic: 1] [source_file: input0] [input_id: InputId: input0]&#xa;        FUNCTION a 1 [source_file: input0]&#xa;            NAME a 1 [source_file: input0]&#xa;            PARAM_LIST 1 [source_file: input0]&#xa;            BLOCK 1 [source_file: input0]&#xa;        EXPR_RESULT 1 [source_file: input0]&#xa;            ASSIGN 1 [source_file: input0]&#xa;                GETPROP 1 [source_file: input0]&#xa;                    GETPROP 1 [source_file: input0]&#xa;                        NAME a 1 [source_file: input0]&#xa;                        STRING prototype 1 [source_file: input0]&#xa;                    STRING a 1 [source_file: input0]&#xa;                FUNCTION  1 [source_file: input0]&#xa;                    NAME  1 [source_file: input0]&#xa;                    PARAM_LIST 1 [source_file: input0]&#xa;                        NAME e 1 [source_file: input0]&#xa;                        NAME d 1 [source_file: input0]&#xa;                    BLOCK 1 [source_file: input0]&#xa;                        EXPR_RESULT 1 [source_file: input0]&#xa;                            CALL 1 [free_call: 1] [source_file: input0]&#xa;                                NAME alert 1 [source_file: input0]&#xa;                                NAME d 1 [source_file: input0]&#xa;        VAR 1 [source_file: input0]&#xa;            NAME b 1 [source_file: input0]&#xa;                CALL 1 [source_file: input0]&#xa;                    GETPROP 1 [source_file: input0]&#xa;                        GETPROP 1 [source_file: input0]&#xa;                            NAME goog 1 [source_file: input0]&#xa;                            STRING c 1 [source_file: input0]&#xa;                        STRING b 1 [source_file: input0]&#xa;                    NAME a 1 [source_file: input0]&#xa;                    OBJECTLIT 1 [source_file: input0]&#xa;                        STRING_KEY a 1 [source_file: input0]&#xa;                            NUMBER 1.0 1 [source_file: input0]&#xa;            NAME c 1 [source_file: input0]&#xa;        FOR 1 [source_file: input0]&#xa;            NAME c 1 [source_file: input0]&#xa;            NAME b 1 [source_file: input0]&#xa;            BLOCK 1 [source_file: input0]&#xa;                EXPR_RESULT 1 [source_file: input0]&#xa;                    CALL 1 [source_file: input0]&#xa;                        GETPROP 1 [source_file: input0]&#xa;                            GETELEM 1 [source_file: input0]&#xa;                                NAME b 1 [source_file: input0]&#xa;                                NAME c 1 [source_file: input0]&#xa;                            STRING call 1 [source_file: input0]&#xa;                        NAME b 1 [source_file: input0]&#xa;        EXPR_RESULT 1 [source_file: input0]&#xa;            ASSIGN 1 [source_file: input0]&#xa;                GETPROP 1 [source_file: input0]&#xa;                    NAME window 1 [source_file: input0]&#xa;                    STRING Foo 1 [source_file: input0]&#xa;                NAME a 1 [source_file: input0]&#xa;&#xa;&#xa;Tree2:&#xa;BLOCK [synthetic: 1]&#xa;    SCRIPT 1 [synthetic: 1] [source_file: input0] [input_id: InputId: input0]&#xa;        FUNCTION Foo 1 [jsdoc_info: JSDocInfo] [source_file: input0]&#xa;            NAME Foo 1 [source_file: input0]&#xa;            PARAM_LIST 1 [source_file: input0]&#xa;            BLOCK 1 [source_file: input0]&#xa;        EXPR_RESULT 1 [source_file: input0]&#xa;            ASSIGN 1 [source_file: input0]&#xa;                GETPROP 1 [source_file: input0]&#xa;                    GETPROP 1 [source_file: input0]&#xa;                        NAME Foo 1 [source_file: input0]&#xa;                        STRING prototype 1 [source_file: input0]&#xa;                    STRING handle 1 [source_file: input0]&#xa;                FUNCTION  1 [source_file: input0]&#xa;                    NAME  1 [source_file: input0]&#xa;                    PARAM_LIST 1 [source_file: input0]&#xa;                        NAME x 1 [source_file: input0]&#xa;                        NAME y 1 [source_file: input0]&#xa;                    BLOCK 1 [source_file: input0]&#xa;                        EXPR_RESULT 1 [source_file: input0]&#xa;                            CALL 1 [free_call: 1] [source_file: input0]&#xa;                                NAME alert 1 [source_file: input0]&#xa;                                NAME y 1 [source_file: input0]&#xa;        VAR 1 [source_file: input0]&#xa;            NAME x 1 [source_file: input0]&#xa;                CALL 1 [source_file: input0]&#xa;                    GETPROP 1 [source_file: input0]&#xa;                        GETPROP 1 [source_file: input0]&#xa;                            NAME goog 1 [source_file: input0]&#xa;                            STRING reflect 1 [source_file: input0]&#xa;                        STRING object 1 [source_file: input0]&#xa;                    NAME Foo 1 [source_file: input0]&#xa;                    OBJECTLIT 1 [source_file: input0]&#xa;                        STRING_KEY handle 1 [source_file: input0]&#xa;                            NUMBER 1.0 1 [source_file: input0]&#xa;        FOR 1 [source_file: input0]&#xa;            VAR 1 [source_file: input0]&#xa;                NAME i 1 [source_file: input0]&#xa;            NAME x 1 [source_file: input0]&#xa;            BLOCK 1 [source_file: input0]&#xa;                EXPR_RESULT 1 [source_file: input0]&#xa;                    CALL 1 [source_file: input0]&#xa;                        GETPROP 1 [source_file: input0]&#xa;                            GETELEM 1 [source_file: input0]&#xa;                                NAME x 1 [source_file: input0]&#xa;                                NAME i 1 [source_file: input0]&#xa;                            STRING call 1 [source_file: input0]&#xa;                        NAME x 1 [source_file: input0]&#xa;        EXPR_RESULT 1 [source_file: input0]&#xa;            ASSIGN 1 [source_file: input0]&#xa;                GETELEM 1 [source_file: input0]&#xa;                    NAME window 1 [source_file: input0]&#xa;                    STRING Foo 1 [source_file: input0]&#xa;                NAME Foo 1 [source_file: input0]&#xa;&#xa;&#xa;Subtree1: NAME a 1 [source_file: input0]&#xa;&#xa;&#xa;Subtree2: NAME Foo 1 [source_file: input0]&#xa;" type="junit.framework.AssertionFailedError">junit.framework.AssertionFailedError: 
Expected: function a(){}a.prototype.a=function(e,d){alert(d)};var b=goog.c.b(a,{a:1}),c;for(c in b)b[c].call(b);window.Foo=a
Result: function Foo(){}Foo.prototype.handle=function(x,y){alert(y)};var x=goog.reflect.object(Foo,{handle:1});for(var i in x)x[i].call(x);window[&quot;Foo&quot;]=Foo
Node tree inequality:
Tree1:
BLOCK [synthetic: 1]
    SCRIPT 1 [synthetic: 1] [source_file: input0] [input_id: InputId: input0]
        FUNCTION a 1 [source_file: input0]
            NAME a 1 [source_file: input0]
            PARAM_LIST 1 [source_file: input0]
            BLOCK 1 [source_file: input0]
        EXPR_RESULT 1 [source_file: input0]
            ASSIGN 1 [source_file: input0]
                GETPROP 1 [source_file: input0]
                    GETPROP 1 [source_file: input0]
                        NAME a 1 [source_file: input0]
                        STRING prototype 1 [source_file: input0]
                    STRING a 1 [source_file: input0]
                FUNCTION  1 [source_file: input0]
                    NAME  1 [source_file: input0]
                    PARAM_LIST 1 [source_file: input0]
                        NAME e 1 [source_file: input0]
                        NAME d 1 [source_file: input0]
                    BLOCK 1 [source_file: input0]
                        EXPR_RESULT 1 [source_file: input0]
                            CALL 1 [free_call: 1] [source_file: input0]
                                NAME alert 1 [source_file: input0]
                                NAME d 1 [source_file: input0]
        VAR 1 [source_file: input0]
            NAME b 1 [source_file: input0]
                CALL 1 [source_file: input0]
                    GETPROP 1 [source_file: input0]
                        GETPROP 1 [source_file: input0]
                            NAME goog 1 [source_file: input0]
                            STRING c 1 [source_file: input0]
                        STRING b 1 [source_file: input0]
                    NAME a 1 [source_file: input0]
                    OBJECTLIT 1 [source_file: input0]
                        STRING_KEY a 1 [source_file: input0]
                            NUMBER 1.0 1 [source_file: input0]
            NAME c 1 [source_file: input0]
        FOR 1 [source_file: input0]
            NAME c 1 [source_file: input0]
            NAME b 1 [source_file: input0]
            BLOCK 1 [source_file: input0]
                EXPR_RESULT 1 [source_file: input0]
                    CALL 1 [source_file: input0]
                        GETPROP 1 [source_file: input0]
                            GETELEM 1 [source_file: input0]
                                NAME b 1 [source_file: input0]
                                NAME c 1 [source_file: input0]
                            STRING call 1 [source_file: input0]
                        NAME b 1 [source_file: input0]
        EXPR_RESULT 1 [source_file: input0]
            ASSIGN 1 [source_file: input0]
                GETPROP 1 [source_file: input0]
                    NAME window 1 [source_file: input0]
                    STRING Foo 1 [source_file: input0]
                NAME a 1 [source_file: input0]


Tree2:
BLOCK [synthetic: 1]
    SCRIPT 1 [synthetic: 1] [source_file: input0] [input_id: InputId: input0]
        FUNCTION Foo 1 [jsdoc_info: JSDocInfo] [source_file: input0]
            NAME Foo 1 [source_file: input0]
            PARAM_LIST 1 [source_file: input0]
            BLOCK 1 [source_file: input0]
        EXPR_RESULT 1 [source_file: input0]
            ASSIGN 1 [source_file: input0]
                GETPROP 1 [source_file: input0]
                    GETPROP 1 [source_file: input0]
                        NAME Foo 1 [source_file: input0]
                        STRING prototype 1 [source_file: input0]
                    STRING handle 1 [source_file: input0]
                FUNCTION  1 [source_file: input0]
                    NAME  1 [source_file: input0]
                    PARAM_LIST 1 [source_file: input0]
                        NAME x 1 [source_file: input0]
                        NAME y 1 [source_file: input0]
                    BLOCK 1 [source_file: input0]
                        EXPR_RESULT 1 [source_file: input0]
                            CALL 1 [free_call: 1] [source_file: input0]
                                NAME alert 1 [source_file: input0]
                                NAME y 1 [source_file: input0]
        VAR 1 [source_file: input0]
            NAME x 1 [source_file: input0]
                CALL 1 [source_file: input0]
                    GETPROP 1 [source_file: input0]
                        GETPROP 1 [source_file: input0]
                            NAME goog 1 [source_file: input0]
                            STRING reflect 1 [source_file: input0]
                        STRING object 1 [source_file: input0]
                    NAME Foo 1 [source_file: input0]
                    OBJECTLIT 1 [source_file: input0]
                        STRING_KEY handle 1 [source_file: input0]
                            NUMBER 1.0 1 [source_file: input0]
        FOR 1 [source_file: input0]
            VAR 1 [source_file: input0]
                NAME i 1 [source_file: input0]
            NAME x 1 [source_file: input0]
            BLOCK 1 [source_file: input0]
                EXPR_RESULT 1 [source_file: input0]
                    CALL 1 [source_file: input0]
                        GETPROP 1 [source_file: input0]
                            GETELEM 1 [source_file: input0]
                                NAME x 1 [source_file: input0]
                                NAME i 1 [source_file: input0]
                            STRING call 1 [source_file: input0]
                        NAME x 1 [source_file: input0]
        EXPR_RESULT 1 [source_file: input0]
            ASSIGN 1 [source_file: input0]
                GETELEM 1 [source_file: input0]
                    NAME window 1 [source_file: input0]
                    STRING Foo 1 [source_file: input0]
                NAME Foo 1 [source_file: input0]


Subtree1: NAME a 1 [source_file: input0]


Subtree2: NAME Foo 1 [source_file: input0]

	at com.google.javascript.jscomp.CommandLineRunnerTest.test(CommandLineRunnerTest.java:1428)
	at com.google.javascript.jscomp.CommandLineRunnerTest.test(CommandLineRunnerTest.java:1399)
	at com.google.javascript.jscomp.CommandLineRunnerTest.test(CommandLineRunnerTest.java:1391)
	at com.google.javascript.jscomp.CommandLineRunnerTest.testReflectedMethods(CommandLineRunnerTest.java:210)
</failure>
  </testcase>
  <testcase classname="com.google.javascript.jscomp.CommandLineRunnerTest" name="testInlineVariables" time="0.037">
    <failure message="&#xa;Expected: function a(){this.a=0}a.prototype.b=function(){this.a++;return 10};a.prototype.c=function(){var b=this.b();this.a+=b+3};window.f=new a;window.f.inc=window.f.b;window.f.bar=window.f.c;use(window.f.a)&#xa;Result: function F(){this.a=0}F.prototype.inc=function(){this.a++;return 10};F.prototype.bar=function(){var c=3;var val=this.inc();this.a+=val+c};window[&quot;f&quot;]=new F;window[&quot;f&quot;][&quot;inc&quot;]=window[&quot;f&quot;].inc;window[&quot;f&quot;][&quot;bar&quot;]=window[&quot;f&quot;].bar;use(window[&quot;f&quot;].a)&#xa;Node tree inequality:&#xa;Tree1:&#xa;BLOCK [synthetic: 1]&#xa;    SCRIPT 1 [synthetic: 1] [source_file: input0] [input_id: InputId: input0]&#xa;        FUNCTION a 1 [source_file: input0]&#xa;            NAME a 1 [source_file: input0]&#xa;            PARAM_LIST 1 [source_file: input0]&#xa;            BLOCK 1 [source_file: input0]&#xa;                EXPR_RESULT 1 [source_file: input0]&#xa;                    ASSIGN 1 [source_file: input0]&#xa;                        GETPROP 1 [source_file: input0]&#xa;                            THIS 1 [source_file: input0]&#xa;                            STRING a 1 [source_file: input0]&#xa;                        NUMBER 0.0 1 [source_file: input0]&#xa;        EXPR_RESULT 1 [source_file: input0]&#xa;            ASSIGN 1 [source_file: input0]&#xa;                GETPROP 1 [source_file: input0]&#xa;                    GETPROP 1 [source_file: input0]&#xa;                        NAME a 1 [source_file: input0]&#xa;                        STRING prototype 1 [source_file: input0]&#xa;                    STRING b 1 [source_file: input0]&#xa;                FUNCTION  1 [source_file: input0]&#xa;                    NAME  1 [source_file: input0]&#xa;                    PARAM_LIST 1 [source_file: input0]&#xa;                    BLOCK 1 [source_file: input0]&#xa;                        EXPR_RESULT 1 [source_file: input0]&#xa;                            INC 1 [incrdecr: 1] [source_file: input0]&#xa;                                GETPROP 1 [source_file: input0]&#xa;                                    THIS 1 [source_file: input0]&#xa;                                    STRING a 1 [source_file: input0]&#xa;                        RETURN 1 [source_file: input0]&#xa;                            NUMBER 10.0 1 [source_file: input0]&#xa;        EXPR_RESULT 1 [source_file: input0]&#xa;            ASSIGN 1 [source_file: input0]&#xa;                GETPROP 1 [source_file: input0]&#xa;                    GETPROP 1 [source_file: input0]&#xa;                        NAME a 1 [source_file: input0]&#xa;                        STRING prototype 1 [source_file: input0]&#xa;                    STRING c 1 [source_file: input0]&#xa;                FUNCTION  1 [source_file: input0]&#xa;                    NAME  1 [source_file: input0]&#xa;                    PARAM_LIST 1 [source_file: input0]&#xa;                    BLOCK 1 [source_file: input0]&#xa;                        VAR 1 [source_file: input0]&#xa;                            NAME b 1 [source_file: input0]&#xa;                                CALL 1 [source_file: input0]&#xa;                                    GETPROP 1 [source_file: input0]&#xa;                                        THIS 1 [source_file: input0]&#xa;                                        STRING b 1 [source_file: input0]&#xa;                        EXPR_RESULT 1 [source_file: input0]&#xa;                            ASSIGN_ADD 1 [source_file: input0]&#xa;                                GETPROP 1 [source_file: input0]&#xa;                                    THIS 1 [source_file: input0]&#xa;                                    STRING a 1 [source_file: input0]&#xa;                                ADD 1 [source_file: input0]&#xa;                                    NAME b 1 [source_file: input0]&#xa;                                    NUMBER 3.0 1 [source_file: input0]&#xa;        EXPR_RESULT 1 [source_file: input0]&#xa;            ASSIGN 1 [source_file: input0]&#xa;                GETPROP 1 [source_file: input0]&#xa;                    NAME window 1 [source_file: input0]&#xa;                    STRING f 1 [source_file: input0]&#xa;                NEW 1 [source_file: input0]&#xa;                    NAME a 1 [source_file: input0]&#xa;        EXPR_RESULT 1 [source_file: input0]&#xa;            ASSIGN 1 [source_file: input0]&#xa;                GETPROP 1 [source_file: input0]&#xa;                    GETPROP 1 [source_file: input0]&#xa;                        NAME window 1 [source_file: input0]&#xa;                        STRING f 1 [source_file: input0]&#xa;                    STRING inc 1 [source_file: input0]&#xa;                GETPROP 1 [source_file: input0]&#xa;                    GETPROP 1 [source_file: input0]&#xa;                        NAME window 1 [source_file: input0]&#xa;                        STRING f 1 [source_file: input0]&#xa;                    STRING b 1 [source_file: input0]&#xa;        EXPR_RESULT 1 [source_file: input0]&#xa;            ASSIGN 1 [source_file: input0]&#xa;                GETPROP 1 [source_file: input0]&#xa;                    GETPROP 1 [source_file: input0]&#xa;                        NAME window 1 [source_file: input0]&#xa;                        STRING f 1 [source_file: input0]&#xa;                    STRING bar 1 [source_file: input0]&#xa;                GETPROP 1 [source_file: input0]&#xa;                    GETPROP 1 [source_file: input0]&#xa;                        NAME window 1 [source_file: input0]&#xa;                        STRING f 1 [source_file: input0]&#xa;                    STRING c 1 [source_file: input0]&#xa;        EXPR_RESULT 1 [source_file: input0]&#xa;            CALL 1 [free_call: 1] [source_file: input0]&#xa;                NAME use 1 [source_file: input0]&#xa;                GETPROP 1 [source_file: input0]&#xa;                    GETPROP 1 [source_file: input0]&#xa;                        NAME window 1 [source_file: input0]&#xa;                        STRING f 1 [source_file: input0]&#xa;                    STRING a 1 [source_file: input0]&#xa;&#xa;&#xa;Tree2:&#xa;BLOCK [synthetic: 1]&#xa;    SCRIPT 1 [synthetic: 1] [source_file: input0] [input_id: InputId: input0]&#xa;        FUNCTION F 1 [jsdoc_info: JSDocInfo] [source_file: input0]&#xa;            NAME F 1 [source_file: input0]&#xa;            PARAM_LIST 1 [source_file: input0]&#xa;            BLOCK 1 [source_file: input0]&#xa;                EXPR_RESULT 1 [source_file: input0]&#xa;                    ASSIGN 1 [source_file: input0]&#xa;                        GETPROP 1 [source_file: input0]&#xa;                            THIS 1 [source_file: input0]&#xa;                            STRING a 1 [source_file: input0]&#xa;                        NUMBER 0.0 1 [source_file: input0]&#xa;        EXPR_RESULT 1 [source_file: input0]&#xa;            ASSIGN 1 [source_file: input0]&#xa;                GETPROP 1 [source_file: input0]&#xa;                    GETPROP 1 [source_file: input0]&#xa;                        NAME F 1 [source_file: input0]&#xa;                        STRING prototype 1 [source_file: input0]&#xa;                    STRING inc 1 [source_file: input0]&#xa;                FUNCTION  1 [source_file: input0]&#xa;                    NAME  1 [source_file: input0]&#xa;                    PARAM_LIST 1 [source_file: input0]&#xa;                    BLOCK 1 [source_file: input0]&#xa;                        EXPR_RESULT 1 [source_file: input0]&#xa;                            INC 1 [incrdecr: 1] [source_file: input0]&#xa;                                GETPROP 1 [source_file: input0]&#xa;                                    THIS 1 [source_file: input0]&#xa;                                    STRING a 1 [source_file: input0]&#xa;                        RETURN 1 [source_file: input0]&#xa;                            NUMBER 10.0 1 [source_file: input0]&#xa;        EXPR_RESULT 1 [source_file: input0]&#xa;            ASSIGN 1 [source_file: input0]&#xa;                GETPROP 1 [source_file: input0]&#xa;                    GETPROP 1 [source_file: input0]&#xa;                        NAME F 1 [source_file: input0]&#xa;                        STRING prototype 1 [source_file: input0]&#xa;                    STRING bar 1 [source_file: input0]&#xa;                FUNCTION  1 [source_file: input0]&#xa;                    NAME  1 [source_file: input0]&#xa;                    PARAM_LIST 1 [source_file: input0]&#xa;                    BLOCK 1 [source_file: input0]&#xa;                        VAR 1 [source_file: input0]&#xa;                            NAME c 1 [source_file: input0]&#xa;                                NUMBER 3.0 1 [source_file: input0]&#xa;                        VAR 1 [source_file: input0]&#xa;                            NAME val 1 [source_file: input0]&#xa;                                CALL 1 [source_file: input0]&#xa;                                    GETPROP 1 [source_file: input0]&#xa;                                        THIS 1 [source_file: input0]&#xa;                                        STRING inc 1 [source_file: input0]&#xa;                        EXPR_RESULT 1 [source_file: input0]&#xa;                            ASSIGN_ADD 1 [source_file: input0]&#xa;                                GETPROP 1 [source_file: input0]&#xa;                                    THIS 1 [source_file: input0]&#xa;                                    STRING a 1 [source_file: input0]&#xa;                                ADD 1 [source_file: input0]&#xa;                                    NAME val 1 [source_file: input0]&#xa;                                    NAME c 1 [source_file: input0]&#xa;        EXPR_RESULT 1 [source_file: input0]&#xa;            ASSIGN 1 [source_file: input0]&#xa;                GETELEM 1 [source_file: input0]&#xa;                    NAME window 1 [source_file: input0]&#xa;                    STRING f 1 [source_file: input0]&#xa;                NEW 1 [source_file: input0]&#xa;                    NAME F 1 [source_file: input0]&#xa;        EXPR_RESULT 1 [source_file: input0]&#xa;            ASSIGN 1 [source_file: input0]&#xa;                GETELEM 1 [source_file: input0]&#xa;                    GETELEM 1 [source_file: input0]&#xa;                        NAME window 1 [source_file: input0]&#xa;                        STRING f 1 [source_file: input0]&#xa;                    STRING inc 1 [source_file: input0]&#xa;                GETPROP 1 [source_file: input0]&#xa;                    GETELEM 1 [source_file: input0]&#xa;                        NAME window 1 [source_file: input0]&#xa;                        STRING f 1 [source_file: input0]&#xa;                    STRING inc 1 [source_file: input0]&#xa;        EXPR_RESULT 1 [source_file: input0]&#xa;            ASSIGN 1 [source_file: input0]&#xa;                GETELEM 1 [source_file: input0]&#xa;                    GETELEM 1 [source_file: input0]&#xa;                        NAME window 1 [source_file: input0]&#xa;                        STRING f 1 [source_file: input0]&#xa;                    STRING bar 1 [source_file: input0]&#xa;                GETPROP 1 [source_file: input0]&#xa;                    GETELEM 1 [source_file: input0]&#xa;                        NAME window 1 [source_file: input0]&#xa;                        STRING f 1 [source_file: input0]&#xa;                    STRING bar 1 [source_file: input0]&#xa;        EXPR_RESULT 1 [source_file: input0]&#xa;            CALL 1 [free_call: 1] [source_file: input0]&#xa;                NAME use 1 [source_file: input0]&#xa;                GETPROP 1 [source_file: input0]&#xa;                    GETELEM 1 [source_file: input0]&#xa;                        NAME window 1 [source_file: input0]&#xa;                        STRING f 1 [source_file: input0]&#xa;                    STRING a 1 [source_file: input0]&#xa;&#xa;&#xa;Subtree1: NAME a 1 [source_file: input0]&#xa;&#xa;&#xa;Subtree2: NAME F 1 [source_file: input0]&#xa;" type="junit.framework.AssertionFailedError">junit.framework.AssertionFailedError: 
Expected: function a(){this.a=0}a.prototype.b=function(){this.a++;return 10};a.prototype.c=function(){var b=this.b();this.a+=b+3};window.f=new a;window.f.inc=window.f.b;window.f.bar=window.f.c;use(window.f.a)
Result: function F(){this.a=0}F.prototype.inc=function(){this.a++;return 10};F.prototype.bar=function(){var c=3;var val=this.inc();this.a+=val+c};window[&quot;f&quot;]=new F;window[&quot;f&quot;][&quot;inc&quot;]=window[&quot;f&quot;].inc;window[&quot;f&quot;][&quot;bar&quot;]=window[&quot;f&quot;].bar;use(window[&quot;f&quot;].a)
Node tree inequality:
Tree1:
BLOCK [synthetic: 1]
    SCRIPT 1 [synthetic: 1] [source_file: input0] [input_id: InputId: input0]
        FUNCTION a 1 [source_file: input0]
            NAME a 1 [source_file: input0]
            PARAM_LIST 1 [source_file: input0]
            BLOCK 1 [source_file: input0]
                EXPR_RESULT 1 [source_file: input0]
                    ASSIGN 1 [source_file: input0]
                        GETPROP 1 [source_file: input0]
                            THIS 1 [source_file: input0]
                            STRING a 1 [source_file: input0]
                        NUMBER 0.0 1 [source_file: input0]
        EXPR_RESULT 1 [source_file: input0]
            ASSIGN 1 [source_file: input0]
                GETPROP 1 [source_file: input0]
                    GETPROP 1 [source_file: input0]
                        NAME a 1 [source_file: input0]
                        STRING prototype 1 [source_file: input0]
                    STRING b 1 [source_file: input0]
                FUNCTION  1 [source_file: input0]
                    NAME  1 [source_file: input0]
                    PARAM_LIST 1 [source_file: input0]
                    BLOCK 1 [source_file: input0]
                        EXPR_RESULT 1 [source_file: input0]
                            INC 1 [incrdecr: 1] [source_file: input0]
                                GETPROP 1 [source_file: input0]
                                    THIS 1 [source_file: input0]
                                    STRING a 1 [source_file: input0]
                        RETURN 1 [source_file: input0]
                            NUMBER 10.0 1 [source_file: input0]
        EXPR_RESULT 1 [source_file: input0]
            ASSIGN 1 [source_file: input0]
                GETPROP 1 [source_file: input0]
                    GETPROP 1 [source_file: input0]
                        NAME a 1 [source_file: input0]
                        STRING prototype 1 [source_file: input0]
                    STRING c 1 [source_file: input0]
                FUNCTION  1 [source_file: input0]
                    NAME  1 [source_file: input0]
                    PARAM_LIST 1 [source_file: input0]
                    BLOCK 1 [source_file: input0]
                        VAR 1 [source_file: input0]
                            NAME b 1 [source_file: input0]
                                CALL 1 [source_file: input0]
                                    GETPROP 1 [source_file: input0]
                                        THIS 1 [source_file: input0]
                                        STRING b 1 [source_file: input0]
                        EXPR_RESULT 1 [source_file: input0]
                            ASSIGN_ADD 1 [source_file: input0]
                                GETPROP 1 [source_file: input0]
                                    THIS 1 [source_file: input0]
                                    STRING a 1 [source_file: input0]
                                ADD 1 [source_file: input0]
                                    NAME b 1 [source_file: input0]
                                    NUMBER 3.0 1 [source_file: input0]
        EXPR_RESULT 1 [source_file: input0]
            ASSIGN 1 [source_file: input0]
                GETPROP 1 [source_file: input0]
                    NAME window 1 [source_file: input0]
                    STRING f 1 [source_file: input0]
                NEW 1 [source_file: input0]
                    NAME a 1 [source_file: input0]
        EXPR_RESULT 1 [source_file: input0]
            ASSIGN 1 [source_file: input0]
                GETPROP 1 [source_file: input0]
                    GETPROP 1 [source_file: input0]
                        NAME window 1 [source_file: input0]
                        STRING f 1 [source_file: input0]
                    STRING inc 1 [source_file: input0]
                GETPROP 1 [source_file: input0]
                    GETPROP 1 [source_file: input0]
                        NAME window 1 [source_file: input0]
                        STRING f 1 [source_file: input0]
                    STRING b 1 [source_file: input0]
        EXPR_RESULT 1 [source_file: input0]
            ASSIGN 1 [source_file: input0]
                GETPROP 1 [source_file: input0]
                    GETPROP 1 [source_file: input0]
                        NAME window 1 [source_file: input0]
                        STRING f 1 [source_file: input0]
                    STRING bar 1 [source_file: input0]
                GETPROP 1 [source_file: input0]
                    GETPROP 1 [source_file: input0]
                        NAME window 1 [source_file: input0]
                        STRING f 1 [source_file: input0]
                    STRING c 1 [source_file: input0]
        EXPR_RESULT 1 [source_file: input0]
            CALL 1 [free_call: 1] [source_file: input0]
                NAME use 1 [source_file: input0]
                GETPROP 1 [source_file: input0]
                    GETPROP 1 [source_file: input0]
                        NAME window 1 [source_file: input0]
                        STRING f 1 [source_file: input0]
                    STRING a 1 [source_file: input0]


Tree2:
BLOCK [synthetic: 1]
    SCRIPT 1 [synthetic: 1] [source_file: input0] [input_id: InputId: input0]
        FUNCTION F 1 [jsdoc_info: JSDocInfo] [source_file: input0]
            NAME F 1 [source_file: input0]
            PARAM_LIST 1 [source_file: input0]
            BLOCK 1 [source_file: input0]
                EXPR_RESULT 1 [source_file: input0]
                    ASSIGN 1 [source_file: input0]
                        GETPROP 1 [source_file: input0]
                            THIS 1 [source_file: input0]
                            STRING a 1 [source_file: input0]
                        NUMBER 0.0 1 [source_file: input0]
        EXPR_RESULT 1 [source_file: input0]
            ASSIGN 1 [source_file: input0]
                GETPROP 1 [source_file: input0]
                    GETPROP 1 [source_file: input0]
                        NAME F 1 [source_file: input0]
                        STRING prototype 1 [source_file: input0]
                    STRING inc 1 [source_file: input0]
                FUNCTION  1 [source_file: input0]
                    NAME  1 [source_file: input0]
                    PARAM_LIST 1 [source_file: input0]
                    BLOCK 1 [source_file: input0]
                        EXPR_RESULT 1 [source_file: input0]
                            INC 1 [incrdecr: 1] [source_file: input0]
                                GETPROP 1 [source_file: input0]
                                    THIS 1 [source_file: input0]
                                    STRING a 1 [source_file: input0]
                        RETURN 1 [source_file: input0]
                            NUMBER 10.0 1 [source_file: input0]
        EXPR_RESULT 1 [source_file: input0]
            ASSIGN 1 [source_file: input0]
                GETPROP 1 [source_file: input0]
                    GETPROP 1 [source_file: input0]
                        NAME F 1 [source_file: input0]
                        STRING prototype 1 [source_file: input0]
                    STRING bar 1 [source_file: input0]
                FUNCTION  1 [source_file: input0]
                    NAME  1 [source_file: input0]
                    PARAM_LIST 1 [source_file: input0]
                    BLOCK 1 [source_file: input0]
                        VAR 1 [source_file: input0]
                            NAME c 1 [source_file: input0]
                                NUMBER 3.0 1 [source_file: input0]
                        VAR 1 [source_file: input0]
                            NAME val 1 [source_file: input0]
                                CALL 1 [source_file: input0]
                                    GETPROP 1 [source_file: input0]
                                        THIS 1 [source_file: input0]
                                        STRING inc 1 [source_file: input0]
                        EXPR_RESULT 1 [source_file: input0]
                            ASSIGN_ADD 1 [source_file: input0]
                                GETPROP 1 [source_file: input0]
                                    THIS 1 [source_file: input0]
                                    STRING a 1 [source_file: input0]
                                ADD 1 [source_file: input0]
                                    NAME val 1 [source_file: input0]
                                    NAME c 1 [source_file: input0]
        EXPR_RESULT 1 [source_file: input0]
            ASSIGN 1 [source_file: input0]
                GETELEM 1 [source_file: input0]
                    NAME window 1 [source_file: input0]
                    STRING f 1 [source_file: input0]
                NEW 1 [source_file: input0]
                    NAME F 1 [source_file: input0]
        EXPR_RESULT 1 [source_file: input0]
            ASSIGN 1 [source_file: input0]
                GETELEM 1 [source_file: input0]
                    GETELEM 1 [source_file: input0]
                        NAME window 1 [source_file: input0]
                        STRING f 1 [source_file: input0]
                    STRING inc 1 [source_file: input0]
                GETPROP 1 [source_file: input0]
                    GETELEM 1 [source_file: input0]
                        NAME window 1 [source_file: input0]
                        STRING f 1 [source_file: input0]
                    STRING inc 1 [source_file: input0]
        EXPR_RESULT 1 [source_file: input0]
            ASSIGN 1 [source_file: input0]
                GETELEM 1 [source_file: input0]
                    GETELEM 1 [source_file: input0]
                        NAME window 1 [source_file: input0]
                        STRING f 1 [source_file: input0]
                    STRING bar 1 [source_file: input0]
                GETPROP 1 [source_file: input0]
                    GETELEM 1 [source_file: input0]
                        NAME window 1 [source_file: input0]
                        STRING f 1 [source_file: input0]
                    STRING bar 1 [source_file: input0]
        EXPR_RESULT 1 [source_file: input0]
            CALL 1 [free_call: 1] [source_file: input0]
                NAME use 1 [source_file: input0]
                GETPROP 1 [source_file: input0]
                    GETELEM 1 [source_file: input0]
                        NAME window 1 [source_file: input0]
                        STRING f 1 [source_file: input0]
                    STRING a 1 [source_file: input0]


Subtree1: NAME a 1 [source_file: input0]


Subtree2: NAME F 1 [source_file: input0]

	at com.google.javascript.jscomp.CommandLineRunnerTest.test(CommandLineRunnerTest.java:1428)
	at com.google.javascript.jscomp.CommandLineRunnerTest.test(CommandLineRunnerTest.java:1399)
	at com.google.javascript.jscomp.CommandLineRunnerTest.test(CommandLineRunnerTest.java:1391)
	at com.google.javascript.jscomp.CommandLineRunnerTest.testInlineVariables(CommandLineRunnerTest.java:229)
</failure>
  </testcase>
  <testcase classname="com.google.javascript.jscomp.CommandLineRunnerTest" name="testTypedAdvanced" time="0.06">
    <failure message="&#xa;Expected: alert(2)&#xa;Result: function Foo(){}Foo.prototype.handle1=function(x,y){alert(y)};function Bar(){}Bar.prototype.handle1=function(x,y){};(new Foo).handle1(1,2);(new Bar).handle1(1,2)&#xa;Node tree inequality:&#xa;Tree1:&#xa;BLOCK [synthetic: 1]&#xa;    SCRIPT 1 [synthetic: 1] [source_file: input0] [input_id: InputId: input0]&#xa;        EXPR_RESULT 1 [source_file: input0]&#xa;            CALL 1 [free_call: 1] [source_file: input0]&#xa;                NAME alert 1 [source_file: input0]&#xa;                NUMBER 2.0 1 [source_file: input0]&#xa;&#xa;&#xa;Tree2:&#xa;BLOCK [synthetic: 1]&#xa;    SCRIPT 2 [synthetic: 1] [source_file: input0] [input_id: InputId: input0]&#xa;        FUNCTION Foo 2 [jsdoc_info: JSDocInfo] [source_file: input0]&#xa;            NAME Foo 2 [source_file: input0]&#xa;            PARAM_LIST 2 [source_file: input0]&#xa;            BLOCK 2 [source_file: input0]&#xa;        EXPR_RESULT 3 [source_file: input0]&#xa;            ASSIGN 3 [source_file: input0]&#xa;                GETPROP 3 [source_file: input0]&#xa;                    GETPROP 3 [source_file: input0]&#xa;                        NAME Foo 3 [source_file: input0]&#xa;                        STRING prototype 3 [source_file: input0]&#xa;                    STRING handle1 3 [source_file: input0]&#xa;                FUNCTION  3 [source_file: input0]&#xa;                    NAME  3 [source_file: input0]&#xa;                    PARAM_LIST 3 [source_file: input0]&#xa;                        NAME x 3 [source_file: input0]&#xa;                        NAME y 3 [source_file: input0]&#xa;                    BLOCK 3 [source_file: input0]&#xa;                        EXPR_RESULT 3 [source_file: input0]&#xa;                            CALL 3 [free_call: 1] [source_file: input0]&#xa;                                NAME alert 3 [source_file: input0]&#xa;                                NAME y 3 [source_file: input0]&#xa;        FUNCTION Bar 5 [jsdoc_info: JSDocInfo] [source_file: input0]&#xa;            NAME Bar 5 [source_file: input0]&#xa;            PARAM_LIST 5 [source_file: input0]&#xa;            BLOCK 5 [source_file: input0]&#xa;        EXPR_RESULT 6 [source_file: input0]&#xa;            ASSIGN 6 [source_file: input0]&#xa;                GETPROP 6 [source_file: input0]&#xa;                    GETPROP 6 [source_file: input0]&#xa;                        NAME Bar 6 [source_file: input0]&#xa;                        STRING prototype 6 [source_file: input0]&#xa;                    STRING handle1 6 [source_file: input0]&#xa;                FUNCTION  6 [source_file: input0]&#xa;                    NAME  6 [source_file: input0]&#xa;                    PARAM_LIST 6 [source_file: input0]&#xa;                        NAME x 6 [source_file: input0]&#xa;                        NAME y 6 [source_file: input0]&#xa;                    BLOCK 6 [source_file: input0]&#xa;        EXPR_RESULT 7 [source_file: input0]&#xa;            CALL 7 [source_file: input0]&#xa;                GETPROP 7 [source_file: input0]&#xa;                    NEW 7 [source_file: input0]&#xa;                        NAME Foo 7 [source_file: input0]&#xa;                    STRING handle1 7 [source_file: input0]&#xa;                NUMBER 1.0 7 [source_file: input0]&#xa;                NUMBER 2.0 7 [source_file: input0]&#xa;        EXPR_RESULT 8 [source_file: input0]&#xa;            CALL 8 [source_file: input0]&#xa;                GETPROP 8 [source_file: input0]&#xa;                    NEW 8 [source_file: input0]&#xa;                        NAME Bar 8 [source_file: input0]&#xa;                    STRING handle1 8 [source_file: input0]&#xa;                NUMBER 1.0 8 [source_file: input0]&#xa;                NUMBER 2.0 8 [source_file: input0]&#xa;&#xa;&#xa;Subtree1: SCRIPT 1 [synthetic: 1] [source_file: input0] [input_id: InputId: input0]&#xa;    EXPR_RESULT 1 [source_file: input0]&#xa;        CALL 1 [free_call: 1] [source_file: input0]&#xa;            NAME alert 1 [source_file: input0]&#xa;            NUMBER 2.0 1 [source_file: input0]&#xa;&#xa;&#xa;Subtree2: SCRIPT 2 [synthetic: 1] [source_file: input0] [input_id: InputId: input0]&#xa;    FUNCTION Foo 2 [jsdoc_info: JSDocInfo] [source_file: input0]&#xa;        NAME Foo 2 [source_file: input0]&#xa;        PARAM_LIST 2 [source_file: input0]&#xa;        BLOCK 2 [source_file: input0]&#xa;    EXPR_RESULT 3 [source_file: input0]&#xa;        ASSIGN 3 [source_file: input0]&#xa;            GETPROP 3 [source_file: input0]&#xa;                GETPROP 3 [source_file: input0]&#xa;                    NAME Foo 3 [source_file: input0]&#xa;                    STRING prototype 3 [source_file: input0]&#xa;                STRING handle1 3 [source_file: input0]&#xa;            FUNCTION  3 [source_file: input0]&#xa;                NAME  3 [source_file: input0]&#xa;                PARAM_LIST 3 [source_file: input0]&#xa;                    NAME x 3 [source_file: input0]&#xa;                    NAME y 3 [source_file: input0]&#xa;                BLOCK 3 [source_file: input0]&#xa;                    EXPR_RESULT 3 [source_file: input0]&#xa;                        CALL 3 [free_call: 1] [source_file: input0]&#xa;                            NAME alert 3 [source_file: input0]&#xa;                            NAME y 3 [source_file: input0]&#xa;    FUNCTION Bar 5 [jsdoc_info: JSDocInfo] [source_file: input0]&#xa;        NAME Bar 5 [source_file: input0]&#xa;        PARAM_LIST 5 [source_file: input0]&#xa;        BLOCK 5 [source_file: input0]&#xa;    EXPR_RESULT 6 [source_file: input0]&#xa;        ASSIGN 6 [source_file: input0]&#xa;            GETPROP 6 [source_file: input0]&#xa;                GETPROP 6 [source_file: input0]&#xa;                    NAME Bar 6 [source_file: input0]&#xa;                    STRING prototype 6 [source_file: input0]&#xa;                STRING handle1 6 [source_file: input0]&#xa;            FUNCTION  6 [source_file: input0]&#xa;                NAME  6 [source_file: input0]&#xa;                PARAM_LIST 6 [source_file: input0]&#xa;                    NAME x 6 [source_file: input0]&#xa;                    NAME y 6 [source_file: input0]&#xa;                BLOCK 6 [source_file: input0]&#xa;    EXPR_RESULT 7 [source_file: input0]&#xa;        CALL 7 [source_file: input0]&#xa;            GETPROP 7 [source_file: input0]&#xa;                NEW 7 [source_file: input0]&#xa;                    NAME Foo 7 [source_file: input0]&#xa;                STRING handle1 7 [source_file: input0]&#xa;            NUMBER 1.0 7 [source_file: input0]&#xa;            NUMBER 2.0 7 [source_file: input0]&#xa;    EXPR_RESULT 8 [source_file: input0]&#xa;        CALL 8 [source_file: input0]&#xa;            GETPROP 8 [source_file: input0]&#xa;                NEW 8 [source_file: input0]&#xa;                    NAME Bar 8 [source_file: input0]&#xa;                STRING handle1 8 [source_file: input0]&#xa;            NUMBER 1.0 8 [source_file: input0]&#xa;            NUMBER 2.0 8 [source_file: input0]&#xa;" type="junit.framework.AssertionFailedError">junit.framework.AssertionFailedError: 
Expected: alert(2)
Result: function Foo(){}Foo.prototype.handle1=function(x,y){alert(y)};function Bar(){}Bar.prototype.handle1=function(x,y){};(new Foo).handle1(1,2);(new Bar).handle1(1,2)
Node tree inequality:
Tree1:
BLOCK [synthetic: 1]
    SCRIPT 1 [synthetic: 1] [source_file: input0] [input_id: InputId: input0]
        EXPR_RESULT 1 [source_file: input0]
            CALL 1 [free_call: 1] [source_file: input0]
                NAME alert 1 [source_file: input0]
                NUMBER 2.0 1 [source_file: input0]


Tree2:
BLOCK [synthetic: 1]
    SCRIPT 2 [synthetic: 1] [source_file: input0] [input_id: InputId: input0]
        FUNCTION Foo 2 [jsdoc_info: JSDocInfo] [source_file: input0]
            NAME Foo 2 [source_file: input0]
            PARAM_LIST 2 [source_file: input0]
            BLOCK 2 [source_file: input0]
        EXPR_RESULT 3 [source_file: input0]
            ASSIGN 3 [source_file: input0]
                GETPROP 3 [source_file: input0]
                    GETPROP 3 [source_file: input0]
                        NAME Foo 3 [source_file: input0]
                        STRING prototype 3 [source_file: input0]
                    STRING handle1 3 [source_file: input0]
                FUNCTION  3 [source_file: input0]
                    NAME  3 [source_file: input0]
                    PARAM_LIST 3 [source_file: input0]
                        NAME x 3 [source_file: input0]
                        NAME y 3 [source_file: input0]
                    BLOCK 3 [source_file: input0]
                        EXPR_RESULT 3 [source_file: input0]
                            CALL 3 [free_call: 1] [source_file: input0]
                                NAME alert 3 [source_file: input0]
                                NAME y 3 [source_file: input0]
        FUNCTION Bar 5 [jsdoc_info: JSDocInfo] [source_file: input0]
            NAME Bar 5 [source_file: input0]
            PARAM_LIST 5 [source_file: input0]
            BLOCK 5 [source_file: input0]
        EXPR_RESULT 6 [source_file: input0]
            ASSIGN 6 [source_file: input0]
                GETPROP 6 [source_file: input0]
                    GETPROP 6 [source_file: input0]
                        NAME Bar 6 [source_file: input0]
                        STRING prototype 6 [source_file: input0]
                    STRING handle1 6 [source_file: input0]
                FUNCTION  6 [source_file: input0]
                    NAME  6 [source_file: input0]
                    PARAM_LIST 6 [source_file: input0]
                        NAME x 6 [source_file: input0]
                        NAME y 6 [source_file: input0]
                    BLOCK 6 [source_file: input0]
        EXPR_RESULT 7 [source_file: input0]
            CALL 7 [source_file: input0]
                GETPROP 7 [source_file: input0]
                    NEW 7 [source_file: input0]
                        NAME Foo 7 [source_file: input0]
                    STRING handle1 7 [source_file: input0]
                NUMBER 1.0 7 [source_file: input0]
                NUMBER 2.0 7 [source_file: input0]
        EXPR_RESULT 8 [source_file: input0]
            CALL 8 [source_file: input0]
                GETPROP 8 [source_file: input0]
                    NEW 8 [source_file: input0]
                        NAME Bar 8 [source_file: input0]
                    STRING handle1 8 [source_file: input0]
                NUMBER 1.0 8 [source_file: input0]
                NUMBER 2.0 8 [source_file: input0]


Subtree1: SCRIPT 1 [synthetic: 1] [source_file: input0] [input_id: InputId: input0]
    EXPR_RESULT 1 [source_file: input0]
        CALL 1 [free_call: 1] [source_file: input0]
            NAME alert 1 [source_file: input0]
            NUMBER 2.0 1 [source_file: input0]


Subtree2: SCRIPT 2 [synthetic: 1] [source_file: input0] [input_id: InputId: input0]
    FUNCTION Foo 2 [jsdoc_info: JSDocInfo] [source_file: input0]
        NAME Foo 2 [source_file: input0]
        PARAM_LIST 2 [source_file: input0]
        BLOCK 2 [source_file: input0]
    EXPR_RESULT 3 [source_file: input0]
        ASSIGN 3 [source_file: input0]
            GETPROP 3 [source_file: input0]
                GETPROP 3 [source_file: input0]
                    NAME Foo 3 [source_file: input0]
                    STRING prototype 3 [source_file: input0]
                STRING handle1 3 [source_file: input0]
            FUNCTION  3 [source_file: input0]
                NAME  3 [source_file: input0]
                PARAM_LIST 3 [source_file: input0]
                    NAME x 3 [source_file: input0]
                    NAME y 3 [source_file: input0]
                BLOCK 3 [source_file: input0]
                    EXPR_RESULT 3 [source_file: input0]
                        CALL 3 [free_call: 1] [source_file: input0]
                            NAME alert 3 [source_file: input0]
                            NAME y 3 [source_file: input0]
    FUNCTION Bar 5 [jsdoc_info: JSDocInfo] [source_file: input0]
        NAME Bar 5 [source_file: input0]
        PARAM_LIST 5 [source_file: input0]
        BLOCK 5 [source_file: input0]
    EXPR_RESULT 6 [source_file: input0]
        ASSIGN 6 [source_file: input0]
            GETPROP 6 [source_file: input0]
                GETPROP 6 [source_file: input0]
                    NAME Bar 6 [source_file: input0]
                    STRING prototype 6 [source_file: input0]
                STRING handle1 6 [source_file: input0]
            FUNCTION  6 [source_file: input0]
                NAME  6 [source_file: input0]
                PARAM_LIST 6 [source_file: input0]
                    NAME x 6 [source_file: input0]
                    NAME y 6 [source_file: input0]
                BLOCK 6 [source_file: input0]
    EXPR_RESULT 7 [source_file: input0]
        CALL 7 [source_file: input0]
            GETPROP 7 [source_file: input0]
                NEW 7 [source_file: input0]
                    NAME Foo 7 [source_file: input0]
                STRING handle1 7 [source_file: input0]
            NUMBER 1.0 7 [source_file: input0]
            NUMBER 2.0 7 [source_file: input0]
    EXPR_RESULT 8 [source_file: input0]
        CALL 8 [source_file: input0]
            GETPROP 8 [source_file: input0]
                NEW 8 [source_file: input0]
                    NAME Bar 8 [source_file: input0]
                STRING handle1 8 [source_file: input0]
            NUMBER 1.0 8 [source_file: input0]
            NUMBER 2.0 8 [source_file: input0]

	at com.google.javascript.jscomp.CommandLineRunnerTest.test(CommandLineRunnerTest.java:1428)
	at com.google.javascript.jscomp.CommandLineRunnerTest.test(CommandLineRunnerTest.java:1399)
	at com.google.javascript.jscomp.CommandLineRunnerTest.test(CommandLineRunnerTest.java:1391)
	at com.google.javascript.jscomp.CommandLineRunnerTest.testTypedAdvanced(CommandLineRunnerTest.java:251)
</failure>
  </testcase>
  <testcase classname="com.google.javascript.jscomp.CommandLineRunnerTest" name="testTypeCheckingOnWithVerbose" time="0.015">
    <failure message="Expected exactly one warning or error &#xa;Errors: &#xa;&#xa;Warnings: &#xa; expected:&lt;1&gt; but was:&lt;0&gt;" type="junit.framework.AssertionFailedError">junit.framework.AssertionFailedError: Expected exactly one warning or error 
Errors: 

Warnings: 
 expected:&lt;1&gt; but was:&lt;0&gt;
	at com.google.javascript.jscomp.CommandLineRunnerTest.test(CommandLineRunnerTest.java:1450)
	at com.google.javascript.jscomp.CommandLineRunnerTest.test(CommandLineRunnerTest.java:1438)
	at com.google.javascript.jscomp.CommandLineRunnerTest.testTypeCheckingOnWithVerbose(CommandLineRunnerTest.java:265)
</failure>
  </testcase>
  <testcase classname="com.google.javascript.jscomp.CommandLineRunnerTest" name="testTypeCheckingOnWithWVerbose" time="0.013">
    <failure message="Expected exactly one warning or error &#xa;Errors: &#xa;&#xa;Warnings: &#xa; expected:&lt;1&gt; but was:&lt;0&gt;" type="junit.framework.AssertionFailedError">junit.framework.AssertionFailedError: Expected exactly one warning or error 
Errors: 

Warnings: 
 expected:&lt;1&gt; but was:&lt;0&gt;
	at com.google.javascript.jscomp.CommandLineRunnerTest.test(CommandLineRunnerTest.java:1450)
	at com.google.javascript.jscomp.CommandLineRunnerTest.test(CommandLineRunnerTest.java:1438)
	at com.google.javascript.jscomp.CommandLineRunnerTest.testTypeCheckingOnWithWVerbose(CommandLineRunnerTest.java:270)
</failure>
  </testcase>
  <testcase classname="com.google.javascript.jscomp.CommandLineRunnerTest" name="testTypeParsingOffByDefault" time="0.015">
    <failure message="Expected no warnings or errors&#xa;Errors: &#xa;Warnings: &#xa;JSC_UNREACHABLE_CODE. unreachable code at input0 line 1 : 23 expected:&lt;0&gt; but was:&lt;1&gt;" type="junit.framework.AssertionFailedError">junit.framework.AssertionFailedError: Expected no warnings or errors
Errors: 
Warnings: 
JSC_UNREACHABLE_CODE. unreachable code at input0 line 1 : 23 expected:&lt;0&gt; but was:&lt;1&gt;
	at com.google.javascript.jscomp.CommandLineRunnerTest.test(CommandLineRunnerTest.java:1413)
	at com.google.javascript.jscomp.CommandLineRunnerTest.test(CommandLineRunnerTest.java:1399)
	at com.google.javascript.jscomp.CommandLineRunnerTest.testSame(CommandLineRunnerTest.java:1387)
	at com.google.javascript.jscomp.CommandLineRunnerTest.testSame(CommandLineRunnerTest.java:1383)
	at com.google.javascript.jscomp.CommandLineRunnerTest.testTypeParsingOffByDefault(CommandLineRunnerTest.java:274)
</failure>
  </testcase>
  <testcase classname="com.google.javascript.jscomp.CommandLineRunnerTest" name="testTypeParsingOnWithVerbose" time="0.025">
    <failure message="Expected exactly one warning or error &#xa;Errors: &#xa;&#xa;Warnings: &#xa;JSC_TYPE_PARSE_ERROR. Bad type annotation. expected closing } at input0 line 1 : 20&#xa;JSC_UNREACHABLE_CODE. unreachable code at input0 line 1 : 23 expected:&lt;1&gt; but was:&lt;2&gt;" type="junit.framework.AssertionFailedError">junit.framework.AssertionFailedError: Expected exactly one warning or error 
Errors: 

Warnings: 
JSC_TYPE_PARSE_ERROR. Bad type annotation. expected closing } at input0 line 1 : 20
JSC_UNREACHABLE_CODE. unreachable code at input0 line 1 : 23 expected:&lt;1&gt; but was:&lt;2&gt;
	at com.google.javascript.jscomp.CommandLineRunnerTest.test(CommandLineRunnerTest.java:1450)
	at com.google.javascript.jscomp.CommandLineRunnerTest.test(CommandLineRunnerTest.java:1438)
	at com.google.javascript.jscomp.CommandLineRunnerTest.testTypeParsingOnWithVerbose(CommandLineRunnerTest.java:279)
</failure>
  </testcase>
  <testcase classname="com.google.javascript.jscomp.CommandLineRunnerTest" name="testTypeCheckOverride1" time="0.028" />
  <testcase classname="com.google.javascript.jscomp.CommandLineRunnerTest" name="testTypeCheckOverride2" time="0.041">
    <failure message="Expected no warnings or errors&#xa;Errors: &#xa;Warnings: &#xa;JSC_UNREACHABLE_CODE. unreachable code at input0 line 1 : 0 expected:&lt;0&gt; but was:&lt;1&gt;" type="junit.framework.AssertionFailedError">junit.framework.AssertionFailedError: Expected no warnings or errors
Errors: 
Warnings: 
JSC_UNREACHABLE_CODE. unreachable code at input0 line 1 : 0 expected:&lt;0&gt; but was:&lt;1&gt;
	at com.google.javascript.jscomp.CommandLineRunnerTest.test(CommandLineRunnerTest.java:1413)
	at com.google.javascript.jscomp.CommandLineRunnerTest.test(CommandLineRunnerTest.java:1399)
	at com.google.javascript.jscomp.CommandLineRunnerTest.testSame(CommandLineRunnerTest.java:1387)
	at com.google.javascript.jscomp.CommandLineRunnerTest.testSame(CommandLineRunnerTest.java:1383)
	at com.google.javascript.jscomp.CommandLineRunnerTest.testTypeCheckOverride2(CommandLineRunnerTest.java:293)
</failure>
  </testcase>
  <testcase classname="com.google.javascript.jscomp.CommandLineRunnerTest" name="testCheckSymbolsOffForDefault" time="0.023">
    <failure message="Expected no warnings or errors&#xa;Errors: &#xa;Warnings: &#xa;JSC_UNREACHABLE_CODE. unreachable code at input0 line 1 : 0 expected:&lt;0&gt; but was:&lt;1&gt;" type="junit.framework.AssertionFailedError">junit.framework.AssertionFailedError: Expected no warnings or errors
Errors: 
Warnings: 
JSC_UNREACHABLE_CODE. unreachable code at input0 line 1 : 0 expected:&lt;0&gt; but was:&lt;1&gt;
	at com.google.javascript.jscomp.CommandLineRunnerTest.test(CommandLineRunnerTest.java:1413)
	at com.google.javascript.jscomp.CommandLineRunnerTest.test(CommandLineRunnerTest.java:1399)
	at com.google.javascript.jscomp.CommandLineRunnerTest.test(CommandLineRunnerTest.java:1391)
	at com.google.javascript.jscomp.CommandLineRunnerTest.testCheckSymbolsOffForDefault(CommandLineRunnerTest.java:302)
</failure>
  </testcase>
  <testcase classname="com.google.javascript.jscomp.CommandLineRunnerTest" name="testCheckSymbolsOnForVerbose" time="0.048" />
  <testcase classname="com.google.javascript.jscomp.CommandLineRunnerTest" name="testCheckSymbolsOverrideForVerbose" time="0.038">
    <failure message="Expected no warnings or errors&#xa;Errors: &#xa;Warnings: &#xa;JSC_UNREACHABLE_CODE. unreachable code at input0 line 1 : 0 expected:&lt;0&gt; but was:&lt;1&gt;" type="junit.framework.AssertionFailedError">junit.framework.AssertionFailedError: Expected no warnings or errors
Errors: 
Warnings: 
JSC_UNREACHABLE_CODE. unreachable code at input0 line 1 : 0 expected:&lt;0&gt; but was:&lt;1&gt;
	at com.google.javascript.jscomp.CommandLineRunnerTest.test(CommandLineRunnerTest.java:1413)
	at com.google.javascript.jscomp.CommandLineRunnerTest.test(CommandLineRunnerTest.java:1399)
	at com.google.javascript.jscomp.CommandLineRunnerTest.testSame(CommandLineRunnerTest.java:1387)
	at com.google.javascript.jscomp.CommandLineRunnerTest.testSame(CommandLineRunnerTest.java:1383)
	at com.google.javascript.jscomp.CommandLineRunnerTest.testCheckSymbolsOverrideForVerbose(CommandLineRunnerTest.java:315)
</failure>
  </testcase>
  <testcase classname="com.google.javascript.jscomp.CommandLineRunnerTest" name="testCheckSymbolsOverrideForQuiet" time="0.023" />
  <testcase classname="com.google.javascript.jscomp.CommandLineRunnerTest" name="testCheckUndefinedProperties1" time="0.018" />
  <testcase classname="com.google.javascript.jscomp.CommandLineRunnerTest" name="testCheckUndefinedProperties2" time="0.029">
    <failure message="Expected exactly one warning or error &#xa;Errors: &#xa;&#xa;Warnings: &#xa;JSC_UNREACHABLE_CODE. unreachable code at input0 line 1 : 0&#xa;JSC_UNDEFINED_NAME. x.bar is never defined at input0 line 1 : 20 expected:&lt;1&gt; but was:&lt;2&gt;" type="junit.framework.AssertionFailedError">junit.framework.AssertionFailedError: Expected exactly one warning or error 
Errors: 

Warnings: 
JSC_UNREACHABLE_CODE. unreachable code at input0 line 1 : 0
JSC_UNDEFINED_NAME. x.bar is never defined at input0 line 1 : 20 expected:&lt;1&gt; but was:&lt;2&gt;
	at com.google.javascript.jscomp.CommandLineRunnerTest.test(CommandLineRunnerTest.java:1450)
	at com.google.javascript.jscomp.CommandLineRunnerTest.test(CommandLineRunnerTest.java:1438)
	at com.google.javascript.jscomp.CommandLineRunnerTest.testCheckUndefinedProperties2(CommandLineRunnerTest.java:333)
</failure>
  </testcase>
  <testcase classname="com.google.javascript.jscomp.CommandLineRunnerTest" name="testCheckUndefinedProperties3" time="0.019">
    <failure message="Expected exactly one warning or error &#xa;Errors: &#xa;&#xa;Warnings: &#xa; expected:&lt;1&gt; but was:&lt;0&gt;" type="junit.framework.AssertionFailedError">junit.framework.AssertionFailedError: Expected exactly one warning or error 
Errors: 

Warnings: 
 expected:&lt;1&gt; but was:&lt;0&gt;
	at com.google.javascript.jscomp.CommandLineRunnerTest.test(CommandLineRunnerTest.java:1450)
	at com.google.javascript.jscomp.CommandLineRunnerTest.test(CommandLineRunnerTest.java:1438)
	at com.google.javascript.jscomp.CommandLineRunnerTest.testCheckUndefinedProperties3(CommandLineRunnerTest.java:338)
</failure>
  </testcase>
  <testcase classname="com.google.javascript.jscomp.CommandLineRunnerTest" name="testDuplicateParams" time="0.009" />
  <testcase classname="com.google.javascript.jscomp.CommandLineRunnerTest" name="testDefineFlag" time="0.018">
    <failure message="Expected no warnings or errors&#xa;Errors: &#xa;Warnings: &#xa;JSC_UNREACHABLE_CODE. unreachable code at input0 line 1 : 25 expected:&lt;0&gt; but was:&lt;1&gt;" type="junit.framework.AssertionFailedError">junit.framework.AssertionFailedError: Expected no warnings or errors
Errors: 
Warnings: 
JSC_UNREACHABLE_CODE. unreachable code at input0 line 1 : 25 expected:&lt;0&gt; but was:&lt;1&gt;
	at com.google.javascript.jscomp.CommandLineRunnerTest.test(CommandLineRunnerTest.java:1413)
	at com.google.javascript.jscomp.CommandLineRunnerTest.test(CommandLineRunnerTest.java:1399)
	at com.google.javascript.jscomp.CommandLineRunnerTest.test(CommandLineRunnerTest.java:1391)
	at com.google.javascript.jscomp.CommandLineRunnerTest.testDefineFlag(CommandLineRunnerTest.java:352)
</failure>
  </testcase>
  <testcase classname="com.google.javascript.jscomp.CommandLineRunnerTest" name="testDefineFlag2" time="0.015">
    <failure message="Expected no warnings or errors&#xa;Errors: &#xa;Warnings: &#xa;JSC_UNREACHABLE_CODE. unreachable code at input0 line 1 : 24 expected:&lt;0&gt; but was:&lt;1&gt;" type="junit.framework.AssertionFailedError">junit.framework.AssertionFailedError: Expected no warnings or errors
Errors: 
Warnings: 
JSC_UNREACHABLE_CODE. unreachable code at input0 line 1 : 24 expected:&lt;0&gt; but was:&lt;1&gt;
	at com.google.javascript.jscomp.CommandLineRunnerTest.test(CommandLineRunnerTest.java:1413)
	at com.google.javascript.jscomp.CommandLineRunnerTest.test(CommandLineRunnerTest.java:1399)
	at com.google.javascript.jscomp.CommandLineRunnerTest.test(CommandLineRunnerTest.java:1391)
	at com.google.javascript.jscomp.CommandLineRunnerTest.testDefineFlag2(CommandLineRunnerTest.java:361)
</failure>
  </testcase>
  <testcase classname="com.google.javascript.jscomp.CommandLineRunnerTest" name="testDefineFlag3" time="0.022">
    <failure message="Expected no warnings or errors&#xa;Errors: &#xa;Warnings: &#xa;JSC_UNREACHABLE_CODE. unreachable code at input0 line 1 : 24 expected:&lt;0&gt; but was:&lt;1&gt;" type="junit.framework.AssertionFailedError">junit.framework.AssertionFailedError: Expected no warnings or errors
Errors: 
Warnings: 
JSC_UNREACHABLE_CODE. unreachable code at input0 line 1 : 24 expected:&lt;0&gt; but was:&lt;1&gt;
	at com.google.javascript.jscomp.CommandLineRunnerTest.test(CommandLineRunnerTest.java:1413)
	at com.google.javascript.jscomp.CommandLineRunnerTest.test(CommandLineRunnerTest.java:1399)
	at com.google.javascript.jscomp.CommandLineRunnerTest.test(CommandLineRunnerTest.java:1391)
	at com.google.javascript.jscomp.CommandLineRunnerTest.testDefineFlag3(CommandLineRunnerTest.java:367)
</failure>
  </testcase>
  <testcase classname="com.google.javascript.jscomp.CommandLineRunnerTest" name="testScriptStrictModeNoWarning" time="0.017">
    <failure message="Expected no warnings or errors&#xa;Errors: &#xa;Warnings: &#xa;JSC_UNREACHABLE_CODE. unreachable code at input0 line 1 : 0 expected:&lt;0&gt; but was:&lt;1&gt;" type="junit.framework.AssertionFailedError">junit.framework.AssertionFailedError: Expected no warnings or errors
Errors: 
Warnings: 
JSC_UNREACHABLE_CODE. unreachable code at input0 line 1 : 0 expected:&lt;0&gt; but was:&lt;1&gt;
	at com.google.javascript.jscomp.CommandLineRunnerTest.test(CommandLineRunnerTest.java:1413)
	at com.google.javascript.jscomp.CommandLineRunnerTest.test(CommandLineRunnerTest.java:1399)
	at com.google.javascript.jscomp.CommandLineRunnerTest.test(CommandLineRunnerTest.java:1391)
	at com.google.javascript.jscomp.CommandLineRunnerTest.testScriptStrictModeNoWarning(CommandLineRunnerTest.java:372)
</failure>
  </testcase>
  <testcase classname="com.google.javascript.jscomp.CommandLineRunnerTest" name="testFunctionStrictModeNoWarning" time="0.017">
    <failure message="Expected no warnings or errors&#xa;Errors: &#xa;Warnings: &#xa;JSC_UNREACHABLE_CODE. unreachable code at input0 line 1 : 0 expected:&lt;0&gt; but was:&lt;1&gt;" type="junit.framework.AssertionFailedError">junit.framework.AssertionFailedError: Expected no warnings or errors
Errors: 
Warnings: 
JSC_UNREACHABLE_CODE. unreachable code at input0 line 1 : 0 expected:&lt;0&gt; but was:&lt;1&gt;
	at com.google.javascript.jscomp.CommandLineRunnerTest.test(CommandLineRunnerTest.java:1413)
	at com.google.javascript.jscomp.CommandLineRunnerTest.test(CommandLineRunnerTest.java:1399)
	at com.google.javascript.jscomp.CommandLineRunnerTest.test(CommandLineRunnerTest.java:1391)
	at com.google.javascript.jscomp.CommandLineRunnerTest.testFunctionStrictModeNoWarning(CommandLineRunnerTest.java:377)
</failure>
  </testcase>
  <testcase classname="com.google.javascript.jscomp.CommandLineRunnerTest" name="testQuietMode" time="0.015">
    <failure message="Expected exactly one warning or error &#xa;Errors: &#xa;&#xa;Warnings: &#xa;JSC_PARSE_ERROR. Parse error. conflicting @const tag at input0 line 2 : 3&#xa;JSC_UNREACHABLE_CODE. unreachable code at input0 line 2 : 13 expected:&lt;1&gt; but was:&lt;2&gt;" type="junit.framework.AssertionFailedError">junit.framework.AssertionFailedError: Expected exactly one warning or error 
Errors: 

Warnings: 
JSC_PARSE_ERROR. Parse error. conflicting @const tag at input0 line 2 : 3
JSC_UNREACHABLE_CODE. unreachable code at input0 line 2 : 13 expected:&lt;1&gt; but was:&lt;2&gt;
	at com.google.javascript.jscomp.CommandLineRunnerTest.test(CommandLineRunnerTest.java:1450)
	at com.google.javascript.jscomp.CommandLineRunnerTest.test(CommandLineRunnerTest.java:1438)
	at com.google.javascript.jscomp.CommandLineRunnerTest.testQuietMode(CommandLineRunnerTest.java:384)
</failure>
  </testcase>
  <testcase classname="com.google.javascript.jscomp.CommandLineRunnerTest" name="testProcessClosurePrimitives" time="0.023">
    <failure message="Expected no warnings or errors&#xa;Errors: &#xa;Warnings: &#xa;JSC_UNREACHABLE_CODE. unreachable code at input0 line 1 : 0 expected:&lt;0&gt; but was:&lt;1&gt;" type="junit.framework.AssertionFailedError">junit.framework.AssertionFailedError: Expected no warnings or errors
Errors: 
Warnings: 
JSC_UNREACHABLE_CODE. unreachable code at input0 line 1 : 0 expected:&lt;0&gt; but was:&lt;1&gt;
	at com.google.javascript.jscomp.CommandLineRunnerTest.test(CommandLineRunnerTest.java:1413)
	at com.google.javascript.jscomp.CommandLineRunnerTest.test(CommandLineRunnerTest.java:1399)
	at com.google.javascript.jscomp.CommandLineRunnerTest.test(CommandLineRunnerTest.java:1391)
	at com.google.javascript.jscomp.CommandLineRunnerTest.testProcessClosurePrimitives(CommandLineRunnerTest.java:391)
</failure>
  </testcase>
  <testcase classname="com.google.javascript.jscomp.CommandLineRunnerTest" name="testGetMsgWiring" time="0.017">
    <failure message="Expected no warnings or errors&#xa;Errors: &#xa;Warnings: &#xa;JSC_UNREACHABLE_CODE. unreachable code at input0 line 1 : 0 expected:&lt;0&gt; but was:&lt;1&gt;" type="junit.framework.AssertionFailedError">junit.framework.AssertionFailedError: Expected no warnings or errors
Errors: 
Warnings: 
JSC_UNREACHABLE_CODE. unreachable code at input0 line 1 : 0 expected:&lt;0&gt; but was:&lt;1&gt;
	at com.google.javascript.jscomp.CommandLineRunnerTest.test(CommandLineRunnerTest.java:1413)
	at com.google.javascript.jscomp.CommandLineRunnerTest.test(CommandLineRunnerTest.java:1399)
	at com.google.javascript.jscomp.CommandLineRunnerTest.test(CommandLineRunnerTest.java:1391)
	at com.google.javascript.jscomp.CommandLineRunnerTest.testGetMsgWiring(CommandLineRunnerTest.java:398)
</failure>
  </testcase>
  <testcase classname="com.google.javascript.jscomp.CommandLineRunnerTest" name="testGetMsgWiringNoWarnings" time="0.071">
    <failure message="Expected no warnings or errors&#xa;Errors: &#xa;Warnings: &#xa;JSC_UNREACHABLE_CODE. unreachable code at input0 line 1 : 24 expected:&lt;0&gt; but was:&lt;1&gt;" type="junit.framework.AssertionFailedError">junit.framework.AssertionFailedError: Expected no warnings or errors
Errors: 
Warnings: 
JSC_UNREACHABLE_CODE. unreachable code at input0 line 1 : 24 expected:&lt;0&gt; but was:&lt;1&gt;
	at com.google.javascript.jscomp.CommandLineRunnerTest.test(CommandLineRunnerTest.java:1413)
	at com.google.javascript.jscomp.CommandLineRunnerTest.test(CommandLineRunnerTest.java:1399)
	at com.google.javascript.jscomp.CommandLineRunnerTest.test(CommandLineRunnerTest.java:1391)
	at com.google.javascript.jscomp.CommandLineRunnerTest.testGetMsgWiringNoWarnings(CommandLineRunnerTest.java:411)
</failure>
  </testcase>
  <testcase classname="com.google.javascript.jscomp.CommandLineRunnerTest" name="testCssNameWiring" time="0.027">
    <failure message="Expected no warnings or errors&#xa;Errors: &#xa;Warnings: &#xa;JSC_UNREACHABLE_CODE. unreachable code at input0 line 1 : 0 expected:&lt;0&gt; but was:&lt;1&gt;" type="junit.framework.AssertionFailedError">junit.framework.AssertionFailedError: Expected no warnings or errors
Errors: 
Warnings: 
JSC_UNREACHABLE_CODE. unreachable code at input0 line 1 : 0 expected:&lt;0&gt; but was:&lt;1&gt;
	at com.google.javascript.jscomp.CommandLineRunnerTest.test(CommandLineRunnerTest.java:1413)
	at com.google.javascript.jscomp.CommandLineRunnerTest.test(CommandLineRunnerTest.java:1399)
	at com.google.javascript.jscomp.CommandLineRunnerTest.test(CommandLineRunnerTest.java:1391)
	at com.google.javascript.jscomp.CommandLineRunnerTest.testCssNameWiring(CommandLineRunnerTest.java:415)
</failure>
  </testcase>
  <testcase classname="com.google.javascript.jscomp.CommandLineRunnerTest" name="testIssue70a" time="0.008" />
  <testcase classname="com.google.javascript.jscomp.CommandLineRunnerTest" name="testIssue70b" time="0.009" />
  <testcase classname="com.google.javascript.jscomp.CommandLineRunnerTest" name="testIssue81" time="0.023">
    <failure message="Expected no warnings or errors&#xa;Errors: &#xa;Warnings: &#xa;JSC_UNREACHABLE_CODE. unreachable code at input0 line 1 : 0 expected:&lt;0&gt; but was:&lt;1&gt;" type="junit.framework.AssertionFailedError">junit.framework.AssertionFailedError: Expected no warnings or errors
Errors: 
Warnings: 
JSC_UNREACHABLE_CODE. unreachable code at input0 line 1 : 0 expected:&lt;0&gt; but was:&lt;1&gt;
	at com.google.javascript.jscomp.CommandLineRunnerTest.test(CommandLineRunnerTest.java:1413)
	at com.google.javascript.jscomp.CommandLineRunnerTest.test(CommandLineRunnerTest.java:1399)
	at com.google.javascript.jscomp.CommandLineRunnerTest.test(CommandLineRunnerTest.java:1391)
	at com.google.javascript.jscomp.CommandLineRunnerTest.testIssue81(CommandLineRunnerTest.java:445)
</failure>
  </testcase>
  <testcase classname="com.google.javascript.jscomp.CommandLineRunnerTest" name="testIssue115" time="0.014">
    <failure message="&#xa;Expected: function f(){arguments=Array.prototype.slice.call(arguments,0);return arguments[0]}&#xa;Result: function f(){var arguments=Array.prototype.slice.call(arguments,0);return arguments[0]}&#xa;Node tree inequality:&#xa;Tree1:&#xa;BLOCK [synthetic: 1]&#xa;    SCRIPT 1 [synthetic: 1] [source_file: input0] [input_id: InputId: input0]&#xa;        FUNCTION f 1 [source_file: input0]&#xa;            NAME f 1 [source_file: input0]&#xa;            PARAM_LIST 1 [source_file: input0]&#xa;            BLOCK 1 [source_file: input0]&#xa;                EXPR_RESULT 1 [source_file: input0]&#xa;                    ASSIGN 1 [source_file: input0]&#xa;                        NAME arguments 1 [source_file: input0]&#xa;                        CALL 1 [source_file: input0]&#xa;                            GETPROP 1 [source_file: input0]&#xa;                                GETPROP 1 [source_file: input0]&#xa;                                    GETPROP 1 [source_file: input0]&#xa;                                        NAME Array 1 [source_file: input0]&#xa;                                        STRING prototype 1 [source_file: input0]&#xa;                                    STRING slice 1 [source_file: input0]&#xa;                                STRING call 1 [source_file: input0]&#xa;                            NAME arguments 1 [source_file: input0]&#xa;                            NUMBER 0.0 1 [source_file: input0]&#xa;                RETURN 1 [source_file: input0]&#xa;                    GETELEM 1 [source_file: input0]&#xa;                        NAME arguments 1 [source_file: input0]&#xa;                        NUMBER 0.0 1 [source_file: input0]&#xa;&#xa;&#xa;Tree2:&#xa;BLOCK [synthetic: 1]&#xa;    SCRIPT 1 [synthetic: 1] [source_file: input0] [input_id: InputId: input0]&#xa;        FUNCTION f 1 [source_file: input0]&#xa;            NAME f 1 [source_file: input0]&#xa;            PARAM_LIST 1 [source_file: input0]&#xa;            BLOCK 1 [source_file: input0]&#xa;                VAR 1 [source_file: input0]&#xa;                    NAME arguments 1 [source_file: input0]&#xa;                        CALL 1 [source_file: input0]&#xa;                            GETPROP 1 [source_file: input0]&#xa;                                GETPROP 1 [source_file: input0]&#xa;                                    GETPROP 1 [source_file: input0]&#xa;                                        NAME Array 1 [source_file: input0]&#xa;                                        STRING prototype 1 [source_file: input0]&#xa;                                    STRING slice 1 [source_file: input0]&#xa;                                STRING call 1 [source_file: input0]&#xa;                            NAME arguments 1 [source_file: input0]&#xa;                            NUMBER 0.0 1 [source_file: input0]&#xa;                RETURN 1 [source_file: input0]&#xa;                    GETELEM 1 [source_file: input0]&#xa;                        NAME arguments 1 [source_file: input0]&#xa;                        NUMBER 0.0 1 [source_file: input0]&#xa;&#xa;&#xa;Subtree1: EXPR_RESULT 1 [source_file: input0]&#xa;    ASSIGN 1 [source_file: input0]&#xa;        NAME arguments 1 [source_file: input0]&#xa;        CALL 1 [source_file: input0]&#xa;            GETPROP 1 [source_file: input0]&#xa;                GETPROP 1 [source_file: input0]&#xa;                    GETPROP 1 [source_file: input0]&#xa;                        NAME Array 1 [source_file: input0]&#xa;                        STRING prototype 1 [source_file: input0]&#xa;                    STRING slice 1 [source_file: input0]&#xa;                STRING call 1 [source_file: input0]&#xa;            NAME arguments 1 [source_file: input0]&#xa;            NUMBER 0.0 1 [source_file: input0]&#xa;&#xa;&#xa;Subtree2: VAR 1 [source_file: input0]&#xa;    NAME arguments 1 [source_file: input0]&#xa;        CALL 1 [source_file: input0]&#xa;            GETPROP 1 [source_file: input0]&#xa;                GETPROP 1 [source_file: input0]&#xa;                    GETPROP 1 [source_file: input0]&#xa;                        NAME Array 1 [source_file: input0]&#xa;                        STRING prototype 1 [source_file: input0]&#xa;                    STRING slice 1 [source_file: input0]&#xa;                STRING call 1 [source_file: input0]&#xa;            NAME arguments 1 [source_file: input0]&#xa;            NUMBER 0.0 1 [source_file: input0]&#xa;" type="junit.framework.AssertionFailedError">junit.framework.AssertionFailedError: 
Expected: function f(){arguments=Array.prototype.slice.call(arguments,0);return arguments[0]}
Result: function f(){var arguments=Array.prototype.slice.call(arguments,0);return arguments[0]}
Node tree inequality:
Tree1:
BLOCK [synthetic: 1]
    SCRIPT 1 [synthetic: 1] [source_file: input0] [input_id: InputId: input0]
        FUNCTION f 1 [source_file: input0]
            NAME f 1 [source_file: input0]
            PARAM_LIST 1 [source_file: input0]
            BLOCK 1 [source_file: input0]
                EXPR_RESULT 1 [source_file: input0]
                    ASSIGN 1 [source_file: input0]
                        NAME arguments 1 [source_file: input0]
                        CALL 1 [source_file: input0]
                            GETPROP 1 [source_file: input0]
                                GETPROP 1 [source_file: input0]
                                    GETPROP 1 [source_file: input0]
                                        NAME Array 1 [source_file: input0]
                                        STRING prototype 1 [source_file: input0]
                                    STRING slice 1 [source_file: input0]
                                STRING call 1 [source_file: input0]
                            NAME arguments 1 [source_file: input0]
                            NUMBER 0.0 1 [source_file: input0]
                RETURN 1 [source_file: input0]
                    GETELEM 1 [source_file: input0]
                        NAME arguments 1 [source_file: input0]
                        NUMBER 0.0 1 [source_file: input0]


Tree2:
BLOCK [synthetic: 1]
    SCRIPT 1 [synthetic: 1] [source_file: input0] [input_id: InputId: input0]
        FUNCTION f 1 [source_file: input0]
            NAME f 1 [source_file: input0]
            PARAM_LIST 1 [source_file: input0]
            BLOCK 1 [source_file: input0]
                VAR 1 [source_file: input0]
                    NAME arguments 1 [source_file: input0]
                        CALL 1 [source_file: input0]
                            GETPROP 1 [source_file: input0]
                                GETPROP 1 [source_file: input0]
                                    GETPROP 1 [source_file: input0]
                                        NAME Array 1 [source_file: input0]
                                        STRING prototype 1 [source_file: input0]
                                    STRING slice 1 [source_file: input0]
                                STRING call 1 [source_file: input0]
                            NAME arguments 1 [source_file: input0]
                            NUMBER 0.0 1 [source_file: input0]
                RETURN 1 [source_file: input0]
                    GETELEM 1 [source_file: input0]
                        NAME arguments 1 [source_file: input0]
                        NUMBER 0.0 1 [source_file: input0]


Subtree1: EXPR_RESULT 1 [source_file: input0]
    ASSIGN 1 [source_file: input0]
        NAME arguments 1 [source_file: input0]
        CALL 1 [source_file: input0]
            GETPROP 1 [source_file: input0]
                GETPROP 1 [source_file: input0]
                    GETPROP 1 [source_file: input0]
                        NAME Array 1 [source_file: input0]
                        STRING prototype 1 [source_file: input0]
                    STRING slice 1 [source_file: input0]
                STRING call 1 [source_file: input0]
            NAME arguments 1 [source_file: input0]
            NUMBER 0.0 1 [source_file: input0]


Subtree2: VAR 1 [source_file: input0]
    NAME arguments 1 [source_file: input0]
        CALL 1 [source_file: input0]
            GETPROP 1 [source_file: input0]
                GETPROP 1 [source_file: input0]
                    GETPROP 1 [source_file: input0]
                        NAME Array 1 [source_file: input0]
                        STRING prototype 1 [source_file: input0]
                    STRING slice 1 [source_file: input0]
                STRING call 1 [source_file: input0]
            NAME arguments 1 [source_file: input0]
            NUMBER 0.0 1 [source_file: input0]

	at com.google.javascript.jscomp.CommandLineRunnerTest.test(CommandLineRunnerTest.java:1428)
	at com.google.javascript.jscomp.CommandLineRunnerTest.test(CommandLineRunnerTest.java:1399)
	at com.google.javascript.jscomp.CommandLineRunnerTest.test(CommandLineRunnerTest.java:1391)
	at com.google.javascript.jscomp.CommandLineRunnerTest.testIssue115(CommandLineRunnerTest.java:453)
</failure>
  </testcase>
  <testcase classname="com.google.javascript.jscomp.CommandLineRunnerTest" name="testIssue297" time="0.012">
    <failure message="Expected no warnings or errors&#xa;Errors: &#xa;Warnings: &#xa;JSC_UNREACHABLE_CODE. unreachable code at input0 line 1 : 0 expected:&lt;0&gt; but was:&lt;1&gt;" type="junit.framework.AssertionFailedError">junit.framework.AssertionFailedError: Expected no warnings or errors
Errors: 
Warnings: 
JSC_UNREACHABLE_CODE. unreachable code at input0 line 1 : 0 expected:&lt;0&gt; but was:&lt;1&gt;
	at com.google.javascript.jscomp.CommandLineRunnerTest.test(CommandLineRunnerTest.java:1413)
	at com.google.javascript.jscomp.CommandLineRunnerTest.test(CommandLineRunnerTest.java:1399)
	at com.google.javascript.jscomp.CommandLineRunnerTest.test(CommandLineRunnerTest.java:1391)
	at com.google.javascript.jscomp.CommandLineRunnerTest.testIssue297(CommandLineRunnerTest.java:465)
</failure>
  </testcase>
  <testcase classname="com.google.javascript.jscomp.CommandLineRunnerTest" name="testHiddenSideEffect" time="0.015">
    <error message="Not true that &lt;(com.google.javascript.jscomp.JSError[]) [JSC_USELESS_CODE. Suspicious code. The result of the &apos;getprop&apos; operator is not being used. at input0 line 1 : 0, JSC_UNREACHABLE_CODE. unreachable code at input0 line 1 : 0]&gt; has length &lt;1&gt;" type="java.lang.AssertionError">java.lang.AssertionError: Not true that &lt;(com.google.javascript.jscomp.JSError[]) [JSC_USELESS_CODE. Suspicious code. The result of the &apos;getprop&apos; operator is not being used. at input0 line 1 : 0, JSC_UNREACHABLE_CODE. unreachable code at input0 line 1 : 0]&gt; has length &lt;1&gt;
	at com.google.common.truth.FailureStrategy.fail(FailureStrategy.java:27)
	at com.google.common.truth.FailureStrategy.fail(FailureStrategy.java:23)
	at com.google.common.truth.Subject.fail(Subject.java:230)
	at com.google.common.truth.AbstractArraySubject.hasLength(AbstractArraySubject.java:60)
	at com.google.javascript.jscomp.CommandLineRunnerTest.test(CommandLineRunnerTest.java:1418)
	at com.google.javascript.jscomp.CommandLineRunnerTest.test(CommandLineRunnerTest.java:1442)
	at com.google.javascript.jscomp.CommandLineRunnerTest.testHiddenSideEffect(CommandLineRunnerTest.java:477)
</error>
  </testcase>
  <testcase classname="com.google.javascript.jscomp.CommandLineRunnerTest" name="testIssue504" time="0.011">
    <failure message="&#xa;Expected: alert(&quot;hi&quot;);void 0&#xa;Result: JSCOMPILER_PRESERVE(void function(){alert(&quot;hi&quot;)}())&#xa;Node tree inequality:&#xa;Tree1:&#xa;BLOCK [synthetic: 1]&#xa;    SCRIPT 1 [synthetic: 1] [source_file: input0] [input_id: InputId: input0]&#xa;        EXPR_RESULT 1 [source_file: input0]&#xa;            CALL 1 [free_call: 1] [source_file: input0]&#xa;                NAME alert 1 [source_file: input0]&#xa;                STRING hi 1 [source_file: input0]&#xa;        EXPR_RESULT 1 [source_file: input0]&#xa;            VOID 1 [source_file: input0]&#xa;                NUMBER 0.0 1 [source_file: input0]&#xa;&#xa;&#xa;Tree2:&#xa;BLOCK [synthetic: 1]&#xa;    SCRIPT 1 [synthetic: 1] [source_file: input0] [input_id: InputId: input0]&#xa;        EXPR_RESULT 1 [source_file: input0]&#xa;            CALL 1 [free_call: 1] [source_file: input0]&#xa;                NAME JSCOMPILER_PRESERVE 1 [source_file: input0]&#xa;                VOID 1 [source_file: input0]&#xa;                    CALL 1 [free_call: 1] [source_file: input0]&#xa;                        FUNCTION  1 [source_file: input0]&#xa;                            NAME  1 [source_file: input0]&#xa;                            PARAM_LIST 1 [source_file: input0]&#xa;                            BLOCK 1 [source_file: input0]&#xa;                                EXPR_RESULT 1 [source_file: input0]&#xa;                                    CALL 1 [free_call: 1] [source_file: input0]&#xa;                                        NAME alert 1 [source_file: input0]&#xa;                                        STRING hi 1 [source_file: input0]&#xa;&#xa;&#xa;Subtree1: SCRIPT 1 [synthetic: 1] [source_file: input0] [input_id: InputId: input0]&#xa;    EXPR_RESULT 1 [source_file: input0]&#xa;        CALL 1 [free_call: 1] [source_file: input0]&#xa;            NAME alert 1 [source_file: input0]&#xa;            STRING hi 1 [source_file: input0]&#xa;    EXPR_RESULT 1 [source_file: input0]&#xa;        VOID 1 [source_file: input0]&#xa;            NUMBER 0.0 1 [source_file: input0]&#xa;&#xa;&#xa;Subtree2: SCRIPT 1 [synthetic: 1] [source_file: input0] [input_id: InputId: input0]&#xa;    EXPR_RESULT 1 [source_file: input0]&#xa;        CALL 1 [free_call: 1] [source_file: input0]&#xa;            NAME JSCOMPILER_PRESERVE 1 [source_file: input0]&#xa;            VOID 1 [source_file: input0]&#xa;                CALL 1 [free_call: 1] [source_file: input0]&#xa;                    FUNCTION  1 [source_file: input0]&#xa;                        NAME  1 [source_file: input0]&#xa;                        PARAM_LIST 1 [source_file: input0]&#xa;                        BLOCK 1 [source_file: input0]&#xa;                            EXPR_RESULT 1 [source_file: input0]&#xa;                                CALL 1 [free_call: 1] [source_file: input0]&#xa;                                    NAME alert 1 [source_file: input0]&#xa;                                    STRING hi 1 [source_file: input0]&#xa;" type="junit.framework.AssertionFailedError">junit.framework.AssertionFailedError: 
Expected: alert(&quot;hi&quot;);void 0
Result: JSCOMPILER_PRESERVE(void function(){alert(&quot;hi&quot;)}())
Node tree inequality:
Tree1:
BLOCK [synthetic: 1]
    SCRIPT 1 [synthetic: 1] [source_file: input0] [input_id: InputId: input0]
        EXPR_RESULT 1 [source_file: input0]
            CALL 1 [free_call: 1] [source_file: input0]
                NAME alert 1 [source_file: input0]
                STRING hi 1 [source_file: input0]
        EXPR_RESULT 1 [source_file: input0]
            VOID 1 [source_file: input0]
                NUMBER 0.0 1 [source_file: input0]


Tree2:
BLOCK [synthetic: 1]
    SCRIPT 1 [synthetic: 1] [source_file: input0] [input_id: InputId: input0]
        EXPR_RESULT 1 [source_file: input0]
            CALL 1 [free_call: 1] [source_file: input0]
                NAME JSCOMPILER_PRESERVE 1 [source_file: input0]
                VOID 1 [source_file: input0]
                    CALL 1 [free_call: 1] [source_file: input0]
                        FUNCTION  1 [source_file: input0]
                            NAME  1 [source_file: input0]
                            PARAM_LIST 1 [source_file: input0]
                            BLOCK 1 [source_file: input0]
                                EXPR_RESULT 1 [source_file: input0]
                                    CALL 1 [free_call: 1] [source_file: input0]
                                        NAME alert 1 [source_file: input0]
                                        STRING hi 1 [source_file: input0]


Subtree1: SCRIPT 1 [synthetic: 1] [source_file: input0] [input_id: InputId: input0]
    EXPR_RESULT 1 [source_file: input0]
        CALL 1 [free_call: 1] [source_file: input0]
            NAME alert 1 [source_file: input0]
            STRING hi 1 [source_file: input0]
    EXPR_RESULT 1 [source_file: input0]
        VOID 1 [source_file: input0]
            NUMBER 0.0 1 [source_file: input0]


Subtree2: SCRIPT 1 [synthetic: 1] [source_file: input0] [input_id: InputId: input0]
    EXPR_RESULT 1 [source_file: input0]
        CALL 1 [free_call: 1] [source_file: input0]
            NAME JSCOMPILER_PRESERVE 1 [source_file: input0]
            VOID 1 [source_file: input0]
                CALL 1 [free_call: 1] [source_file: input0]
                    FUNCTION  1 [source_file: input0]
                        NAME  1 [source_file: input0]
                        PARAM_LIST 1 [source_file: input0]
                        BLOCK 1 [source_file: input0]
                            EXPR_RESULT 1 [source_file: input0]
                                CALL 1 [free_call: 1] [source_file: input0]
                                    NAME alert 1 [source_file: input0]
                                    STRING hi 1 [source_file: input0]

	at com.google.javascript.jscomp.CommandLineRunnerTest.test(CommandLineRunnerTest.java:1428)
	at com.google.javascript.jscomp.CommandLineRunnerTest.test(CommandLineRunnerTest.java:1442)
	at com.google.javascript.jscomp.CommandLineRunnerTest.testIssue504(CommandLineRunnerTest.java:483)
</failure>
  </testcase>
  <testcase classname="com.google.javascript.jscomp.CommandLineRunnerTest" name="testIssue601b" time="0.01">
    <failure message="&#xa;Expected: window.f=function(){return&quot;\v&quot;==&quot;v&quot;}&#xa;Result: function f(){return&quot;\v&quot;==&quot;v&quot;}window[&quot;f&quot;]=f&#xa;Node tree inequality:&#xa;Tree1:&#xa;BLOCK [synthetic: 1]&#xa;    SCRIPT 1 [synthetic: 1] [source_file: input0] [input_id: InputId: input0]&#xa;        EXPR_RESULT 1 [source_file: input0]&#xa;            ASSIGN 1 [source_file: input0]&#xa;                GETPROP 1 [source_file: input0]&#xa;                    NAME window 1 [source_file: input0]&#xa;                    STRING f 1 [source_file: input0]&#xa;                FUNCTION  1 [source_file: input0]&#xa;                    NAME  1 [source_file: input0]&#xa;                    PARAM_LIST 1 [source_file: input0]&#xa;                    BLOCK 1 [source_file: input0]&#xa;                        RETURN 1 [source_file: input0]&#xa;                            EQ 1 [source_file: input0]&#xa;                                STRING  1 [source_file: input0] [slash_v: 1]&#xa;                                STRING v 1 [source_file: input0]&#xa;&#xa;&#xa;Tree2:&#xa;BLOCK [synthetic: 1]&#xa;    SCRIPT 1 [synthetic: 1] [source_file: input0] [input_id: InputId: input0]&#xa;        FUNCTION f 1 [source_file: input0]&#xa;            NAME f 1 [source_file: input0]&#xa;            PARAM_LIST 1 [source_file: input0]&#xa;            BLOCK 1 [source_file: input0]&#xa;                RETURN 1 [source_file: input0]&#xa;                    EQ 1 [source_file: input0]&#xa;                        STRING  1 [source_file: input0] [slash_v: 1]&#xa;                        STRING v 1 [source_file: input0]&#xa;        EXPR_RESULT 1 [source_file: input0]&#xa;            ASSIGN 1 [source_file: input0]&#xa;                GETELEM 1 [source_file: input0]&#xa;                    NAME window 1 [source_file: input0]&#xa;                    STRING f 1 [source_file: input0]&#xa;                NAME f 1 [source_file: input0]&#xa;&#xa;&#xa;Subtree1: SCRIPT 1 [synthetic: 1] [source_file: input0] [input_id: InputId: input0]&#xa;    EXPR_RESULT 1 [source_file: input0]&#xa;        ASSIGN 1 [source_file: input0]&#xa;            GETPROP 1 [source_file: input0]&#xa;                NAME window 1 [source_file: input0]&#xa;                STRING f 1 [source_file: input0]&#xa;            FUNCTION  1 [source_file: input0]&#xa;                NAME  1 [source_file: input0]&#xa;                PARAM_LIST 1 [source_file: input0]&#xa;                BLOCK 1 [source_file: input0]&#xa;                    RETURN 1 [source_file: input0]&#xa;                        EQ 1 [source_file: input0]&#xa;                            STRING  1 [source_file: input0] [slash_v: 1]&#xa;                            STRING v 1 [source_file: input0]&#xa;&#xa;&#xa;Subtree2: SCRIPT 1 [synthetic: 1] [source_file: input0] [input_id: InputId: input0]&#xa;    FUNCTION f 1 [source_file: input0]&#xa;        NAME f 1 [source_file: input0]&#xa;        PARAM_LIST 1 [source_file: input0]&#xa;        BLOCK 1 [source_file: input0]&#xa;            RETURN 1 [source_file: input0]&#xa;                EQ 1 [source_file: input0]&#xa;                    STRING  1 [source_file: input0] [slash_v: 1]&#xa;                    STRING v 1 [source_file: input0]&#xa;    EXPR_RESULT 1 [source_file: input0]&#xa;        ASSIGN 1 [source_file: input0]&#xa;            GETELEM 1 [source_file: input0]&#xa;                NAME window 1 [source_file: input0]&#xa;                STRING f 1 [source_file: input0]&#xa;            NAME f 1 [source_file: input0]&#xa;" type="junit.framework.AssertionFailedError">junit.framework.AssertionFailedError: 
Expected: window.f=function(){return&quot;\v&quot;==&quot;v&quot;}
Result: function f(){return&quot;\v&quot;==&quot;v&quot;}window[&quot;f&quot;]=f
Node tree inequality:
Tree1:
BLOCK [synthetic: 1]
    SCRIPT 1 [synthetic: 1] [source_file: input0] [input_id: InputId: input0]
        EXPR_RESULT 1 [source_file: input0]
            ASSIGN 1 [source_file: input0]
                GETPROP 1 [source_file: input0]
                    NAME window 1 [source_file: input0]
                    STRING f 1 [source_file: input0]
                FUNCTION  1 [source_file: input0]
                    NAME  1 [source_file: input0]
                    PARAM_LIST 1 [source_file: input0]
                    BLOCK 1 [source_file: input0]
                        RETURN 1 [source_file: input0]
                            EQ 1 [source_file: input0]
                                STRING  1 [source_file: input0] [slash_v: 1]
                                STRING v 1 [source_file: input0]


Tree2:
BLOCK [synthetic: 1]
    SCRIPT 1 [synthetic: 1] [source_file: input0] [input_id: InputId: input0]
        FUNCTION f 1 [source_file: input0]
            NAME f 1 [source_file: input0]
            PARAM_LIST 1 [source_file: input0]
            BLOCK 1 [source_file: input0]
                RETURN 1 [source_file: input0]
                    EQ 1 [source_file: input0]
                        STRING  1 [source_file: input0] [slash_v: 1]
                        STRING v 1 [source_file: input0]
        EXPR_RESULT 1 [source_file: input0]
            ASSIGN 1 [source_file: input0]
                GETELEM 1 [source_file: input0]
                    NAME window 1 [source_file: input0]
                    STRING f 1 [source_file: input0]
                NAME f 1 [source_file: input0]


Subtree1: SCRIPT 1 [synthetic: 1] [source_file: input0] [input_id: InputId: input0]
    EXPR_RESULT 1 [source_file: input0]
        ASSIGN 1 [source_file: input0]
            GETPROP 1 [source_file: input0]
                NAME window 1 [source_file: input0]
                STRING f 1 [source_file: input0]
            FUNCTION  1 [source_file: input0]
                NAME  1 [source_file: input0]
                PARAM_LIST 1 [source_file: input0]
                BLOCK 1 [source_file: input0]
                    RETURN 1 [source_file: input0]
                        EQ 1 [source_file: input0]
                            STRING  1 [source_file: input0] [slash_v: 1]
                            STRING v 1 [source_file: input0]


Subtree2: SCRIPT 1 [synthetic: 1] [source_file: input0] [input_id: InputId: input0]
    FUNCTION f 1 [source_file: input0]
        NAME f 1 [source_file: input0]
        PARAM_LIST 1 [source_file: input0]
        BLOCK 1 [source_file: input0]
            RETURN 1 [source_file: input0]
                EQ 1 [source_file: input0]
                    STRING  1 [source_file: input0] [slash_v: 1]
                    STRING v 1 [source_file: input0]
    EXPR_RESULT 1 [source_file: input0]
        ASSIGN 1 [source_file: input0]
            GETELEM 1 [source_file: input0]
                NAME window 1 [source_file: input0]
                STRING f 1 [source_file: input0]
            NAME f 1 [source_file: input0]

	at com.google.javascript.jscomp.CommandLineRunnerTest.test(CommandLineRunnerTest.java:1428)
	at com.google.javascript.jscomp.CommandLineRunnerTest.test(CommandLineRunnerTest.java:1399)
	at com.google.javascript.jscomp.CommandLineRunnerTest.test(CommandLineRunnerTest.java:1391)
	at com.google.javascript.jscomp.CommandLineRunnerTest.testIssue601b(CommandLineRunnerTest.java:495)
</failure>
  </testcase>
  <testcase classname="com.google.javascript.jscomp.CommandLineRunnerTest" name="testIssue601c" time="0.014">
    <failure message="&#xa;Expected: window.f=function(){return&quot;\x0B&quot;==&quot;v&quot;}&#xa;Result: function f(){return&quot;\x0B&quot;==&quot;v&quot;}window[&quot;f&quot;]=f&#xa;Node tree inequality:&#xa;Tree1:&#xa;BLOCK [synthetic: 1]&#xa;    SCRIPT 1 [synthetic: 1] [source_file: input0] [input_id: InputId: input0]&#xa;        EXPR_RESULT 1 [source_file: input0]&#xa;            ASSIGN 1 [source_file: input0]&#xa;                GETPROP 1 [source_file: input0]&#xa;                    NAME window 1 [source_file: input0]&#xa;                    STRING f 1 [source_file: input0]&#xa;                FUNCTION  1 [source_file: input0]&#xa;                    NAME  1 [source_file: input0]&#xa;                    PARAM_LIST 1 [source_file: input0]&#xa;                    BLOCK 1 [source_file: input0]&#xa;                        RETURN 1 [source_file: input0]&#xa;                            EQ 1 [source_file: input0]&#xa;                                STRING  1 [source_file: input0]&#xa;                                STRING v 1 [source_file: input0]&#xa;&#xa;&#xa;Tree2:&#xa;BLOCK [synthetic: 1]&#xa;    SCRIPT 1 [synthetic: 1] [source_file: input0] [input_id: InputId: input0]&#xa;        FUNCTION f 1 [source_file: input0]&#xa;            NAME f 1 [source_file: input0]&#xa;            PARAM_LIST 1 [source_file: input0]&#xa;            BLOCK 1 [source_file: input0]&#xa;                RETURN 1 [source_file: input0]&#xa;                    EQ 1 [source_file: input0]&#xa;                        STRING  1 [source_file: input0]&#xa;                        STRING v 1 [source_file: input0]&#xa;        EXPR_RESULT 1 [source_file: input0]&#xa;            ASSIGN 1 [source_file: input0]&#xa;                GETELEM 1 [source_file: input0]&#xa;                    NAME window 1 [source_file: input0]&#xa;                    STRING f 1 [source_file: input0]&#xa;                NAME f 1 [source_file: input0]&#xa;&#xa;&#xa;Subtree1: SCRIPT 1 [synthetic: 1] [source_file: input0] [input_id: InputId: input0]&#xa;    EXPR_RESULT 1 [source_file: input0]&#xa;        ASSIGN 1 [source_file: input0]&#xa;            GETPROP 1 [source_file: input0]&#xa;                NAME window 1 [source_file: input0]&#xa;                STRING f 1 [source_file: input0]&#xa;            FUNCTION  1 [source_file: input0]&#xa;                NAME  1 [source_file: input0]&#xa;                PARAM_LIST 1 [source_file: input0]&#xa;                BLOCK 1 [source_file: input0]&#xa;                    RETURN 1 [source_file: input0]&#xa;                        EQ 1 [source_file: input0]&#xa;                            STRING  1 [source_file: input0]&#xa;                            STRING v 1 [source_file: input0]&#xa;&#xa;&#xa;Subtree2: SCRIPT 1 [synthetic: 1] [source_file: input0] [input_id: InputId: input0]&#xa;    FUNCTION f 1 [source_file: input0]&#xa;        NAME f 1 [source_file: input0]&#xa;        PARAM_LIST 1 [source_file: input0]&#xa;        BLOCK 1 [source_file: input0]&#xa;            RETURN 1 [source_file: input0]&#xa;                EQ 1 [source_file: input0]&#xa;                    STRING  1 [source_file: input0]&#xa;                    STRING v 1 [source_file: input0]&#xa;    EXPR_RESULT 1 [source_file: input0]&#xa;        ASSIGN 1 [source_file: input0]&#xa;            GETELEM 1 [source_file: input0]&#xa;                NAME window 1 [source_file: input0]&#xa;                STRING f 1 [source_file: input0]&#xa;            NAME f 1 [source_file: input0]&#xa;" type="junit.framework.AssertionFailedError">junit.framework.AssertionFailedError: 
Expected: window.f=function(){return&quot;\x0B&quot;==&quot;v&quot;}
Result: function f(){return&quot;\x0B&quot;==&quot;v&quot;}window[&quot;f&quot;]=f
Node tree inequality:
Tree1:
BLOCK [synthetic: 1]
    SCRIPT 1 [synthetic: 1] [source_file: input0] [input_id: InputId: input0]
        EXPR_RESULT 1 [source_file: input0]
            ASSIGN 1 [source_file: input0]
                GETPROP 1 [source_file: input0]
                    NAME window 1 [source_file: input0]
                    STRING f 1 [source_file: input0]
                FUNCTION  1 [source_file: input0]
                    NAME  1 [source_file: input0]
                    PARAM_LIST 1 [source_file: input0]
                    BLOCK 1 [source_file: input0]
                        RETURN 1 [source_file: input0]
                            EQ 1 [source_file: input0]
                                STRING  1 [source_file: input0]
                                STRING v 1 [source_file: input0]


Tree2:
BLOCK [synthetic: 1]
    SCRIPT 1 [synthetic: 1] [source_file: input0] [input_id: InputId: input0]
        FUNCTION f 1 [source_file: input0]
            NAME f 1 [source_file: input0]
            PARAM_LIST 1 [source_file: input0]
            BLOCK 1 [source_file: input0]
                RETURN 1 [source_file: input0]
                    EQ 1 [source_file: input0]
                        STRING  1 [source_file: input0]
                        STRING v 1 [source_file: input0]
        EXPR_RESULT 1 [source_file: input0]
            ASSIGN 1 [source_file: input0]
                GETELEM 1 [source_file: input0]
                    NAME window 1 [source_file: input0]
                    STRING f 1 [source_file: input0]
                NAME f 1 [source_file: input0]


Subtree1: SCRIPT 1 [synthetic: 1] [source_file: input0] [input_id: InputId: input0]
    EXPR_RESULT 1 [source_file: input0]
        ASSIGN 1 [source_file: input0]
            GETPROP 1 [source_file: input0]
                NAME window 1 [source_file: input0]
                STRING f 1 [source_file: input0]
            FUNCTION  1 [source_file: input0]
                NAME  1 [source_file: input0]
                PARAM_LIST 1 [source_file: input0]
                BLOCK 1 [source_file: input0]
                    RETURN 1 [source_file: input0]
                        EQ 1 [source_file: input0]
                            STRING  1 [source_file: input0]
                            STRING v 1 [source_file: input0]


Subtree2: SCRIPT 1 [synthetic: 1] [source_file: input0] [input_id: InputId: input0]
    FUNCTION f 1 [source_file: input0]
        NAME f 1 [source_file: input0]
        PARAM_LIST 1 [source_file: input0]
        BLOCK 1 [source_file: input0]
            RETURN 1 [source_file: input0]
                EQ 1 [source_file: input0]
                    STRING  1 [source_file: input0]
                    STRING v 1 [source_file: input0]
    EXPR_RESULT 1 [source_file: input0]
        ASSIGN 1 [source_file: input0]
            GETELEM 1 [source_file: input0]
                NAME window 1 [source_file: input0]
                STRING f 1 [source_file: input0]
            NAME f 1 [source_file: input0]

	at com.google.javascript.jscomp.CommandLineRunnerTest.test(CommandLineRunnerTest.java:1428)
	at com.google.javascript.jscomp.CommandLineRunnerTest.test(CommandLineRunnerTest.java:1399)
	at com.google.javascript.jscomp.CommandLineRunnerTest.test(CommandLineRunnerTest.java:1391)
	at com.google.javascript.jscomp.CommandLineRunnerTest.testIssue601c(CommandLineRunnerTest.java:501)
</failure>
  </testcase>
  <testcase classname="com.google.javascript.jscomp.CommandLineRunnerTest" name="testIssue846" time="0.018">
    <failure message="Expected no warnings or errors&#xa;Errors: &#xa;Warnings: &#xa;JSC_UNREACHABLE_CODE. unreachable code at input0 line 1 : 0 expected:&lt;0&gt; but was:&lt;1&gt;" type="junit.framework.AssertionFailedError">junit.framework.AssertionFailedError: Expected no warnings or errors
Errors: 
Warnings: 
JSC_UNREACHABLE_CODE. unreachable code at input0 line 1 : 0 expected:&lt;0&gt; but was:&lt;1&gt;
	at com.google.javascript.jscomp.CommandLineRunnerTest.test(CommandLineRunnerTest.java:1413)
	at com.google.javascript.jscomp.CommandLineRunnerTest.test(CommandLineRunnerTest.java:1399)
	at com.google.javascript.jscomp.CommandLineRunnerTest.testSame(CommandLineRunnerTest.java:1387)
	at com.google.javascript.jscomp.CommandLineRunnerTest.testSame(CommandLineRunnerTest.java:1383)
	at com.google.javascript.jscomp.CommandLineRunnerTest.testIssue846(CommandLineRunnerTest.java:507)
</failure>
  </testcase>
  <testcase classname="com.google.javascript.jscomp.CommandLineRunnerTest" name="testSideEffectIntegration" time="0.019">
    <failure message="&#xa;Expected: var a=new function(){};a.a=5;alert(a)&#xa;Result: var Foo=function(){};Foo.prototype.blah=function(){Foo.bar_(this)};Foo.bar_=function(f){f.x=5};var y=new Foo;Foo.bar_({});y.blah();alert(y)&#xa;Node tree inequality:&#xa;Tree1:&#xa;BLOCK [synthetic: 1]&#xa;    SCRIPT 1 [synthetic: 1] [source_file: input0] [input_id: InputId: input0]&#xa;        VAR 1 [source_file: input0]&#xa;            NAME a 1 [source_file: input0]&#xa;                NEW 1 [source_file: input0]&#xa;                    FUNCTION  1 [source_file: input0]&#xa;                        NAME  1 [source_file: input0]&#xa;                        PARAM_LIST 1 [source_file: input0]&#xa;                        BLOCK 1 [source_file: input0]&#xa;        EXPR_RESULT 1 [source_file: input0]&#xa;            ASSIGN 1 [source_file: input0]&#xa;                GETPROP 1 [source_file: input0]&#xa;                    NAME a 1 [source_file: input0]&#xa;                    STRING a 1 [source_file: input0]&#xa;                NUMBER 5.0 1 [source_file: input0]&#xa;        EXPR_RESULT 1 [source_file: input0]&#xa;            CALL 1 [free_call: 1] [source_file: input0]&#xa;                NAME alert 1 [source_file: input0]&#xa;                NAME a 1 [source_file: input0]&#xa;&#xa;&#xa;Tree2:&#xa;BLOCK [synthetic: 1]&#xa;    SCRIPT 1 [synthetic: 1] [source_file: input0] [input_id: InputId: input0]&#xa;        VAR 1 [jsdoc_info: JSDocInfo] [source_file: input0]&#xa;            NAME Foo 1 [source_file: input0]&#xa;                FUNCTION  1 [source_file: input0]&#xa;                    NAME  1 [source_file: input0]&#xa;                    PARAM_LIST 1 [source_file: input0]&#xa;                    BLOCK 1 [source_file: input0]&#xa;        EXPR_RESULT 1 [source_file: input0]&#xa;            ASSIGN 1 [source_file: input0]&#xa;                GETPROP 1 [source_file: input0]&#xa;                    GETPROP 1 [source_file: input0]&#xa;                        NAME Foo 1 [source_file: input0]&#xa;                        STRING prototype 1 [source_file: input0]&#xa;                    STRING blah 1 [source_file: input0]&#xa;                FUNCTION  1 [source_file: input0]&#xa;                    NAME  1 [source_file: input0]&#xa;                    PARAM_LIST 1 [source_file: input0]&#xa;                    BLOCK 1 [source_file: input0]&#xa;                        EXPR_RESULT 1 [source_file: input0]&#xa;                            CALL 1 [source_file: input0]&#xa;                                GETPROP 1 [source_file: input0]&#xa;                                    NAME Foo 1 [source_file: input0]&#xa;                                    STRING bar_ 1 [source_file: input0]&#xa;                                THIS 1 [source_file: input0]&#xa;        EXPR_RESULT 1 [source_file: input0]&#xa;            ASSIGN 1 [source_file: input0]&#xa;                GETPROP 1 [source_file: input0]&#xa;                    NAME Foo 1 [source_file: input0]&#xa;                    STRING bar_ 1 [source_file: input0]&#xa;                FUNCTION  1 [source_file: input0]&#xa;                    NAME  1 [source_file: input0]&#xa;                    PARAM_LIST 1 [source_file: input0]&#xa;                        NAME f 1 [source_file: input0]&#xa;                    BLOCK 1 [source_file: input0]&#xa;                        EXPR_RESULT 1 [source_file: input0]&#xa;                            ASSIGN 1 [source_file: input0]&#xa;                                GETPROP 1 [source_file: input0]&#xa;                                    NAME f 1 [source_file: input0]&#xa;                                    STRING x 1 [source_file: input0]&#xa;                                NUMBER 5.0 1 [source_file: input0]&#xa;        VAR 1 [source_file: input0]&#xa;            NAME y 1 [source_file: input0]&#xa;                NEW 1 [source_file: input0]&#xa;                    NAME Foo 1 [source_file: input0]&#xa;        EXPR_RESULT 1 [source_file: input0]&#xa;            CALL 1 [source_file: input0]&#xa;                GETPROP 1 [source_file: input0]&#xa;                    NAME Foo 1 [source_file: input0]&#xa;                    STRING bar_ 1 [source_file: input0]&#xa;                OBJECTLIT 1 [source_file: input0]&#xa;        EXPR_RESULT 1 [source_file: input0]&#xa;            CALL 1 [source_file: input0]&#xa;                GETPROP 1 [source_file: input0]&#xa;                    NAME y 1 [source_file: input0]&#xa;                    STRING blah 1 [source_file: input0]&#xa;        EXPR_RESULT 1 [source_file: input0]&#xa;            CALL 1 [free_call: 1] [source_file: input0]&#xa;                NAME alert 1 [source_file: input0]&#xa;                NAME y 1 [source_file: input0]&#xa;&#xa;&#xa;Subtree1: SCRIPT 1 [synthetic: 1] [source_file: input0] [input_id: InputId: input0]&#xa;    VAR 1 [source_file: input0]&#xa;        NAME a 1 [source_file: input0]&#xa;            NEW 1 [source_file: input0]&#xa;                FUNCTION  1 [source_file: input0]&#xa;                    NAME  1 [source_file: input0]&#xa;                    PARAM_LIST 1 [source_file: input0]&#xa;                    BLOCK 1 [source_file: input0]&#xa;    EXPR_RESULT 1 [source_file: input0]&#xa;        ASSIGN 1 [source_file: input0]&#xa;            GETPROP 1 [source_file: input0]&#xa;                NAME a 1 [source_file: input0]&#xa;                STRING a 1 [source_file: input0]&#xa;            NUMBER 5.0 1 [source_file: input0]&#xa;    EXPR_RESULT 1 [source_file: input0]&#xa;        CALL 1 [free_call: 1] [source_file: input0]&#xa;            NAME alert 1 [source_file: input0]&#xa;            NAME a 1 [source_file: input0]&#xa;&#xa;&#xa;Subtree2: SCRIPT 1 [synthetic: 1] [source_file: input0] [input_id: InputId: input0]&#xa;    VAR 1 [jsdoc_info: JSDocInfo] [source_file: input0]&#xa;        NAME Foo 1 [source_file: input0]&#xa;            FUNCTION  1 [source_file: input0]&#xa;                NAME  1 [source_file: input0]&#xa;                PARAM_LIST 1 [source_file: input0]&#xa;                BLOCK 1 [source_file: input0]&#xa;    EXPR_RESULT 1 [source_file: input0]&#xa;        ASSIGN 1 [source_file: input0]&#xa;            GETPROP 1 [source_file: input0]&#xa;                GETPROP 1 [source_file: input0]&#xa;                    NAME Foo 1 [source_file: input0]&#xa;                    STRING prototype 1 [source_file: input0]&#xa;                STRING blah 1 [source_file: input0]&#xa;            FUNCTION  1 [source_file: input0]&#xa;                NAME  1 [source_file: input0]&#xa;                PARAM_LIST 1 [source_file: input0]&#xa;                BLOCK 1 [source_file: input0]&#xa;                    EXPR_RESULT 1 [source_file: input0]&#xa;                        CALL 1 [source_file: input0]&#xa;                            GETPROP 1 [source_file: input0]&#xa;                                NAME Foo 1 [source_file: input0]&#xa;                                STRING bar_ 1 [source_file: input0]&#xa;                            THIS 1 [source_file: input0]&#xa;    EXPR_RESULT 1 [source_file: input0]&#xa;        ASSIGN 1 [source_file: input0]&#xa;            GETPROP 1 [source_file: input0]&#xa;                NAME Foo 1 [source_file: input0]&#xa;                STRING bar_ 1 [source_file: input0]&#xa;            FUNCTION  1 [source_file: input0]&#xa;                NAME  1 [source_file: input0]&#xa;                PARAM_LIST 1 [source_file: input0]&#xa;                    NAME f 1 [source_file: input0]&#xa;                BLOCK 1 [source_file: input0]&#xa;                    EXPR_RESULT 1 [source_file: input0]&#xa;                        ASSIGN 1 [source_file: input0]&#xa;                            GETPROP 1 [source_file: input0]&#xa;                                NAME f 1 [source_file: input0]&#xa;                                STRING x 1 [source_file: input0]&#xa;                            NUMBER 5.0 1 [source_file: input0]&#xa;    VAR 1 [source_file: input0]&#xa;        NAME y 1 [source_file: input0]&#xa;            NEW 1 [source_file: input0]&#xa;                NAME Foo 1 [source_file: input0]&#xa;    EXPR_RESULT 1 [source_file: input0]&#xa;        CALL 1 [source_file: input0]&#xa;            GETPROP 1 [source_file: input0]&#xa;                NAME Foo 1 [source_file: input0]&#xa;                STRING bar_ 1 [source_file: input0]&#xa;            OBJECTLIT 1 [source_file: input0]&#xa;    EXPR_RESULT 1 [source_file: input0]&#xa;        CALL 1 [source_file: input0]&#xa;            GETPROP 1 [source_file: input0]&#xa;                NAME y 1 [source_file: input0]&#xa;                STRING blah 1 [source_file: input0]&#xa;    EXPR_RESULT 1 [source_file: input0]&#xa;        CALL 1 [free_call: 1] [source_file: input0]&#xa;            NAME alert 1 [source_file: input0]&#xa;            NAME y 1 [source_file: input0]&#xa;" type="junit.framework.AssertionFailedError">junit.framework.AssertionFailedError: 
Expected: var a=new function(){};a.a=5;alert(a)
Result: var Foo=function(){};Foo.prototype.blah=function(){Foo.bar_(this)};Foo.bar_=function(f){f.x=5};var y=new Foo;Foo.bar_({});y.blah();alert(y)
Node tree inequality:
Tree1:
BLOCK [synthetic: 1]
    SCRIPT 1 [synthetic: 1] [source_file: input0] [input_id: InputId: input0]
        VAR 1 [source_file: input0]
            NAME a 1 [source_file: input0]
                NEW 1 [source_file: input0]
                    FUNCTION  1 [source_file: input0]
                        NAME  1 [source_file: input0]
                        PARAM_LIST 1 [source_file: input0]
                        BLOCK 1 [source_file: input0]
        EXPR_RESULT 1 [source_file: input0]
            ASSIGN 1 [source_file: input0]
                GETPROP 1 [source_file: input0]
                    NAME a 1 [source_file: input0]
                    STRING a 1 [source_file: input0]
                NUMBER 5.0 1 [source_file: input0]
        EXPR_RESULT 1 [source_file: input0]
            CALL 1 [free_call: 1] [source_file: input0]
                NAME alert 1 [source_file: input0]
                NAME a 1 [source_file: input0]


Tree2:
BLOCK [synthetic: 1]
    SCRIPT 1 [synthetic: 1] [source_file: input0] [input_id: InputId: input0]
        VAR 1 [jsdoc_info: JSDocInfo] [source_file: input0]
            NAME Foo 1 [source_file: input0]
                FUNCTION  1 [source_file: input0]
                    NAME  1 [source_file: input0]
                    PARAM_LIST 1 [source_file: input0]
                    BLOCK 1 [source_file: input0]
        EXPR_RESULT 1 [source_file: input0]
            ASSIGN 1 [source_file: input0]
                GETPROP 1 [source_file: input0]
                    GETPROP 1 [source_file: input0]
                        NAME Foo 1 [source_file: input0]
                        STRING prototype 1 [source_file: input0]
                    STRING blah 1 [source_file: input0]
                FUNCTION  1 [source_file: input0]
                    NAME  1 [source_file: input0]
                    PARAM_LIST 1 [source_file: input0]
                    BLOCK 1 [source_file: input0]
                        EXPR_RESULT 1 [source_file: input0]
                            CALL 1 [source_file: input0]
                                GETPROP 1 [source_file: input0]
                                    NAME Foo 1 [source_file: input0]
                                    STRING bar_ 1 [source_file: input0]
                                THIS 1 [source_file: input0]
        EXPR_RESULT 1 [source_file: input0]
            ASSIGN 1 [source_file: input0]
                GETPROP 1 [source_file: input0]
                    NAME Foo 1 [source_file: input0]
                    STRING bar_ 1 [source_file: input0]
                FUNCTION  1 [source_file: input0]
                    NAME  1 [source_file: input0]
                    PARAM_LIST 1 [source_file: input0]
                        NAME f 1 [source_file: input0]
                    BLOCK 1 [source_file: input0]
                        EXPR_RESULT 1 [source_file: input0]
                            ASSIGN 1 [source_file: input0]
                                GETPROP 1 [source_file: input0]
                                    NAME f 1 [source_file: input0]
                                    STRING x 1 [source_file: input0]
                                NUMBER 5.0 1 [source_file: input0]
        VAR 1 [source_file: input0]
            NAME y 1 [source_file: input0]
                NEW 1 [source_file: input0]
                    NAME Foo 1 [source_file: input0]
        EXPR_RESULT 1 [source_file: input0]
            CALL 1 [source_file: input0]
                GETPROP 1 [source_file: input0]
                    NAME Foo 1 [source_file: input0]
                    STRING bar_ 1 [source_file: input0]
                OBJECTLIT 1 [source_file: input0]
        EXPR_RESULT 1 [source_file: input0]
            CALL 1 [source_file: input0]
                GETPROP 1 [source_file: input0]
                    NAME y 1 [source_file: input0]
                    STRING blah 1 [source_file: input0]
        EXPR_RESULT 1 [source_file: input0]
            CALL 1 [free_call: 1] [source_file: input0]
                NAME alert 1 [source_file: input0]
                NAME y 1 [source_file: input0]


Subtree1: SCRIPT 1 [synthetic: 1] [source_file: input0] [input_id: InputId: input0]
    VAR 1 [source_file: input0]
        NAME a 1 [source_file: input0]
            NEW 1 [source_file: input0]
                FUNCTION  1 [source_file: input0]
                    NAME  1 [source_file: input0]
                    PARAM_LIST 1 [source_file: input0]
                    BLOCK 1 [source_file: input0]
    EXPR_RESULT 1 [source_file: input0]
        ASSIGN 1 [source_file: input0]
            GETPROP 1 [source_file: input0]
                NAME a 1 [source_file: input0]
                STRING a 1 [source_file: input0]
            NUMBER 5.0 1 [source_file: input0]
    EXPR_RESULT 1 [source_file: input0]
        CALL 1 [free_call: 1] [source_file: input0]
            NAME alert 1 [source_file: input0]
            NAME a 1 [source_file: input0]


Subtree2: SCRIPT 1 [synthetic: 1] [source_file: input0] [input_id: InputId: input0]
    VAR 1 [jsdoc_info: JSDocInfo] [source_file: input0]
        NAME Foo 1 [source_file: input0]
            FUNCTION  1 [source_file: input0]
                NAME  1 [source_file: input0]
                PARAM_LIST 1 [source_file: input0]
                BLOCK 1 [source_file: input0]
    EXPR_RESULT 1 [source_file: input0]
        ASSIGN 1 [source_file: input0]
            GETPROP 1 [source_file: input0]
                GETPROP 1 [source_file: input0]
                    NAME Foo 1 [source_file: input0]
                    STRING prototype 1 [source_file: input0]
                STRING blah 1 [source_file: input0]
            FUNCTION  1 [source_file: input0]
                NAME  1 [source_file: input0]
                PARAM_LIST 1 [source_file: input0]
                BLOCK 1 [source_file: input0]
                    EXPR_RESULT 1 [source_file: input0]
                        CALL 1 [source_file: input0]
                            GETPROP 1 [source_file: input0]
                                NAME Foo 1 [source_file: input0]
                                STRING bar_ 1 [source_file: input0]
                            THIS 1 [source_file: input0]
    EXPR_RESULT 1 [source_file: input0]
        ASSIGN 1 [source_file: input0]
            GETPROP 1 [source_file: input0]
                NAME Foo 1 [source_file: input0]
                STRING bar_ 1 [source_file: input0]
            FUNCTION  1 [source_file: input0]
                NAME  1 [source_file: input0]
                PARAM_LIST 1 [source_file: input0]
                    NAME f 1 [source_file: input0]
                BLOCK 1 [source_file: input0]
                    EXPR_RESULT 1 [source_file: input0]
                        ASSIGN 1 [source_file: input0]
                            GETPROP 1 [source_file: input0]
                                NAME f 1 [source_file: input0]
                                STRING x 1 [source_file: input0]
                            NUMBER 5.0 1 [source_file: input0]
    VAR 1 [source_file: input0]
        NAME y 1 [source_file: input0]
            NEW 1 [source_file: input0]
                NAME Foo 1 [source_file: input0]
    EXPR_RESULT 1 [source_file: input0]
        CALL 1 [source_file: input0]
            GETPROP 1 [source_file: input0]
                NAME Foo 1 [source_file: input0]
                STRING bar_ 1 [source_file: input0]
            OBJECTLIT 1 [source_file: input0]
    EXPR_RESULT 1 [source_file: input0]
        CALL 1 [source_file: input0]
            GETPROP 1 [source_file: input0]
                NAME y 1 [source_file: input0]
                STRING blah 1 [source_file: input0]
    EXPR_RESULT 1 [source_file: input0]
        CALL 1 [free_call: 1] [source_file: input0]
            NAME alert 1 [source_file: input0]
            NAME y 1 [source_file: input0]

	at com.google.javascript.jscomp.CommandLineRunnerTest.test(CommandLineRunnerTest.java:1428)
	at com.google.javascript.jscomp.CommandLineRunnerTest.test(CommandLineRunnerTest.java:1399)
	at com.google.javascript.jscomp.CommandLineRunnerTest.test(CommandLineRunnerTest.java:1391)
	at com.google.javascript.jscomp.CommandLineRunnerTest.testSideEffectIntegration(CommandLineRunnerTest.java:513)
</failure>
  </testcase>
  <testcase classname="com.google.javascript.jscomp.CommandLineRunnerTest" name="testDebugFlag1" time="0.013">
    <failure message="Expected no warnings or errors&#xa;Errors: &#xa;Warnings: &#xa;JSC_UNREACHABLE_CODE. unreachable code at input0 line 1 : 0 expected:&lt;0&gt; but was:&lt;1&gt;" type="junit.framework.AssertionFailedError">junit.framework.AssertionFailedError: Expected no warnings or errors
Errors: 
Warnings: 
JSC_UNREACHABLE_CODE. unreachable code at input0 line 1 : 0 expected:&lt;0&gt; but was:&lt;1&gt;
	at com.google.javascript.jscomp.CommandLineRunnerTest.test(CommandLineRunnerTest.java:1413)
	at com.google.javascript.jscomp.CommandLineRunnerTest.test(CommandLineRunnerTest.java:1399)
	at com.google.javascript.jscomp.CommandLineRunnerTest.test(CommandLineRunnerTest.java:1391)
	at com.google.javascript.jscomp.CommandLineRunnerTest.testDebugFlag1(CommandLineRunnerTest.java:539)
</failure>
  </testcase>
  <testcase classname="com.google.javascript.jscomp.CommandLineRunnerTest" name="testDebugFlag2" time="0.047">
    <failure message="Expected no warnings or errors&#xa;Errors: &#xa;Warnings: &#xa;JSC_UNREACHABLE_CODE. unreachable code at input0 line 1 : 0 expected:&lt;0&gt; but was:&lt;1&gt;" type="junit.framework.AssertionFailedError">junit.framework.AssertionFailedError: Expected no warnings or errors
Errors: 
Warnings: 
JSC_UNREACHABLE_CODE. unreachable code at input0 line 1 : 0 expected:&lt;0&gt; but was:&lt;1&gt;
	at com.google.javascript.jscomp.CommandLineRunnerTest.test(CommandLineRunnerTest.java:1413)
	at com.google.javascript.jscomp.CommandLineRunnerTest.test(CommandLineRunnerTest.java:1399)
	at com.google.javascript.jscomp.CommandLineRunnerTest.test(CommandLineRunnerTest.java:1391)
	at com.google.javascript.jscomp.CommandLineRunnerTest.testDebugFlag2(CommandLineRunnerTest.java:546)
</failure>
  </testcase>
  <testcase classname="com.google.javascript.jscomp.CommandLineRunnerTest" name="testDebugFlag3" time="0.067" />
  <testcase classname="com.google.javascript.jscomp.CommandLineRunnerTest" name="testDebugFlag4" time="0.037" />
  <testcase classname="com.google.javascript.jscomp.CommandLineRunnerTest" name="testBooleanFlag1" time="0.016">
    <failure message="Expected no warnings or errors&#xa;Errors: &#xa;Warnings: &#xa;JSC_UNREACHABLE_CODE. unreachable code at input0 line 1 : 0 expected:&lt;0&gt; but was:&lt;1&gt;" type="junit.framework.AssertionFailedError">junit.framework.AssertionFailedError: Expected no warnings or errors
Errors: 
Warnings: 
JSC_UNREACHABLE_CODE. unreachable code at input0 line 1 : 0 expected:&lt;0&gt; but was:&lt;1&gt;
	at com.google.javascript.jscomp.CommandLineRunnerTest.test(CommandLineRunnerTest.java:1413)
	at com.google.javascript.jscomp.CommandLineRunnerTest.test(CommandLineRunnerTest.java:1399)
	at com.google.javascript.jscomp.CommandLineRunnerTest.test(CommandLineRunnerTest.java:1391)
	at com.google.javascript.jscomp.CommandLineRunnerTest.testBooleanFlag1(CommandLineRunnerTest.java:573)
</failure>
  </testcase>
  <testcase classname="com.google.javascript.jscomp.CommandLineRunnerTest" name="testBooleanFlag2" time="0.012">
    <failure message="Expected no warnings or errors&#xa;Errors: &#xa;Warnings: &#xa;JSC_UNREACHABLE_CODE. unreachable code at input0 line 1 : 0 expected:&lt;0&gt; but was:&lt;1&gt;" type="junit.framework.AssertionFailedError">junit.framework.AssertionFailedError: Expected no warnings or errors
Errors: 
Warnings: 
JSC_UNREACHABLE_CODE. unreachable code at input0 line 1 : 0 expected:&lt;0&gt; but was:&lt;1&gt;
	at com.google.javascript.jscomp.CommandLineRunnerTest.test(CommandLineRunnerTest.java:1413)
	at com.google.javascript.jscomp.CommandLineRunnerTest.test(CommandLineRunnerTest.java:1399)
	at com.google.javascript.jscomp.CommandLineRunnerTest.test(CommandLineRunnerTest.java:1391)
	at com.google.javascript.jscomp.CommandLineRunnerTest.testBooleanFlag2(CommandLineRunnerTest.java:580)
</failure>
  </testcase>
  <testcase classname="com.google.javascript.jscomp.CommandLineRunnerTest" name="testHelpFlag" time="0.02" />
  <testcase classname="com.google.javascript.jscomp.CommandLineRunnerTest" name="testHoistedFunction1" time="0.009">
    <error message="Not true that &lt;-2&gt; is equal to &lt;0&gt;" type="java.lang.AssertionError">java.lang.AssertionError: Not true that &lt;-2&gt; is equal to &lt;0&gt;
	at com.google.common.truth.FailureStrategy.fail(FailureStrategy.java:27)
	at com.google.common.truth.FailureStrategy.fail(FailureStrategy.java:23)
	at com.google.common.truth.Subject.fail(Subject.java:230)
	at com.google.common.truth.Subject.isEqualTo(Subject.java:98)
	at com.google.common.truth.IntegerSubject.isEqualTo(IntegerSubject.java:66)
	at com.google.javascript.jscomp.CommandLineRunnerTest.test(CommandLineRunnerTest.java:1465)
	at com.google.javascript.jscomp.CommandLineRunnerTest.test(CommandLineRunnerTest.java:1438)
	at com.google.javascript.jscomp.CommandLineRunnerTest.testHoistedFunction1(CommandLineRunnerTest.java:598)
</error>
  </testcase>
  <testcase classname="com.google.javascript.jscomp.CommandLineRunnerTest" name="testHoistedFunction2" time="0.016">
    <failure message="Expected no warnings or errors&#xa;Errors: &#xa;Warnings: &#xa;JSC_UNREACHABLE_CODE. unreachable code at input0 line 1 : 0 expected:&lt;0&gt; but was:&lt;1&gt;" type="junit.framework.AssertionFailedError">junit.framework.AssertionFailedError: Expected no warnings or errors
Errors: 
Warnings: 
JSC_UNREACHABLE_CODE. unreachable code at input0 line 1 : 0 expected:&lt;0&gt; but was:&lt;1&gt;
	at com.google.javascript.jscomp.CommandLineRunnerTest.test(CommandLineRunnerTest.java:1413)
	at com.google.javascript.jscomp.CommandLineRunnerTest.test(CommandLineRunnerTest.java:1399)
	at com.google.javascript.jscomp.CommandLineRunnerTest.test(CommandLineRunnerTest.java:1391)
	at com.google.javascript.jscomp.CommandLineRunnerTest.testHoistedFunction2(CommandLineRunnerTest.java:603)
</failure>
  </testcase>
  <testcase classname="com.google.javascript.jscomp.CommandLineRunnerTest" name="testExternsLifting1" time="0.012">
    <failure message="Expected no warnings or errors&#xa;Errors: &#xa;Warnings: &#xa;JSC_UNREACHABLE_CODE. unreachable code at [[singleton]] line 1 : 0 expected:&lt;0&gt; but was:&lt;1&gt;" type="junit.framework.AssertionFailedError">junit.framework.AssertionFailedError: Expected no warnings or errors
Errors: 
Warnings: 
JSC_UNREACHABLE_CODE. unreachable code at [[singleton]] line 1 : 0 expected:&lt;0&gt; but was:&lt;1&gt;
	at com.google.javascript.jscomp.CommandLineRunnerTest.test(CommandLineRunnerTest.java:1413)
	at com.google.javascript.jscomp.CommandLineRunnerTest.test(CommandLineRunnerTest.java:1399)
	at com.google.javascript.jscomp.CommandLineRunnerTest.testExternsLifting1(CommandLineRunnerTest.java:609)
</failure>
  </testcase>
  <testcase classname="com.google.javascript.jscomp.CommandLineRunnerTest" name="testExternsLifting2" time="0.014">
    <error message="Not true that &lt;(com.google.javascript.jscomp.JSError[]) [JSC_WRONG_ARGUMENT_COUNT. Function f: called with 1 argument(s). Function requires at least 0 argument(s) and no more than 0 argument(s). at input1 line 1 : 0, JSC_UNREACHABLE_CODE. unreachable code at input1 line 1 : 0]&gt; has length &lt;1&gt;" type="java.lang.AssertionError">java.lang.AssertionError: Not true that &lt;(com.google.javascript.jscomp.JSError[]) [JSC_WRONG_ARGUMENT_COUNT. Function f: called with 1 argument(s). Function requires at least 0 argument(s) and no more than 0 argument(s). at input1 line 1 : 0, JSC_UNREACHABLE_CODE. unreachable code at input1 line 1 : 0]&gt; has length &lt;1&gt;
	at com.google.common.truth.FailureStrategy.fail(FailureStrategy.java:27)
	at com.google.common.truth.FailureStrategy.fail(FailureStrategy.java:23)
	at com.google.common.truth.Subject.fail(Subject.java:230)
	at com.google.common.truth.AbstractArraySubject.hasLength(AbstractArraySubject.java:60)
	at com.google.javascript.jscomp.CommandLineRunnerTest.test(CommandLineRunnerTest.java:1418)
	at com.google.javascript.jscomp.CommandLineRunnerTest.testExternsLifting2(CommandLineRunnerTest.java:629)
</error>
  </testcase>
  <testcase classname="com.google.javascript.jscomp.CommandLineRunnerTest" name="testSourceSortingOff" time="0.008" />
  <testcase classname="com.google.javascript.jscomp.CommandLineRunnerTest" name="testSourceSortingOn" time="0.009">
    <failure message="Expected no warnings or errors&#xa;Errors: &#xa;Warnings: &#xa;JSC_UNREACHABLE_CODE. unreachable code at input1 line 1 : 0 expected:&lt;0&gt; but was:&lt;1&gt;" type="junit.framework.AssertionFailedError">junit.framework.AssertionFailedError: Expected no warnings or errors
Errors: 
Warnings: 
JSC_UNREACHABLE_CODE. unreachable code at input1 line 1 : 0 expected:&lt;0&gt; but was:&lt;1&gt;
	at com.google.javascript.jscomp.CommandLineRunnerTest.test(CommandLineRunnerTest.java:1413)
	at com.google.javascript.jscomp.CommandLineRunnerTest.test(CommandLineRunnerTest.java:1399)
	at com.google.javascript.jscomp.CommandLineRunnerTest.testSourceSortingOn(CommandLineRunnerTest.java:644)
</failure>
  </testcase>
  <testcase classname="com.google.javascript.jscomp.CommandLineRunnerTest" name="testSourceSortingOn2" time="0.011">
    <failure message="Expected no warnings or errors&#xa;Errors: &#xa;Warnings: &#xa;JSC_UNREACHABLE_CODE. unreachable code at input0 line 1 : 0 expected:&lt;0&gt; but was:&lt;1&gt;" type="junit.framework.AssertionFailedError">junit.framework.AssertionFailedError: Expected no warnings or errors
Errors: 
Warnings: 
JSC_UNREACHABLE_CODE. unreachable code at input0 line 1 : 0 expected:&lt;0&gt; but was:&lt;1&gt;
	at com.google.javascript.jscomp.CommandLineRunnerTest.test(CommandLineRunnerTest.java:1413)
	at com.google.javascript.jscomp.CommandLineRunnerTest.test(CommandLineRunnerTest.java:1399)
	at com.google.javascript.jscomp.CommandLineRunnerTest.testSourceSortingOn2(CommandLineRunnerTest.java:655)
</failure>
  </testcase>
  <testcase classname="com.google.javascript.jscomp.CommandLineRunnerTest" name="testSourceSortingOn3" time="0.011">
    <failure message="Expected no warnings or errors&#xa;Errors: &#xa;Warnings: &#xa;JSC_UNREACHABLE_CODE. unreachable code at input1 line 1 : 0 expected:&lt;0&gt; but was:&lt;1&gt;" type="junit.framework.AssertionFailedError">junit.framework.AssertionFailedError: Expected no warnings or errors
Errors: 
Warnings: 
JSC_UNREACHABLE_CODE. unreachable code at input1 line 1 : 0 expected:&lt;0&gt; but was:&lt;1&gt;
	at com.google.javascript.jscomp.CommandLineRunnerTest.test(CommandLineRunnerTest.java:1413)
	at com.google.javascript.jscomp.CommandLineRunnerTest.test(CommandLineRunnerTest.java:1399)
	at com.google.javascript.jscomp.CommandLineRunnerTest.testSourceSortingOn3(CommandLineRunnerTest.java:668)
</failure>
  </testcase>
  <testcase classname="com.google.javascript.jscomp.CommandLineRunnerTest" name="testSourceSortingCircularDeps1" time="0.007" />
  <testcase classname="com.google.javascript.jscomp.CommandLineRunnerTest" name="testSourceSortingCircularDeps2" time="0.008" />
  <testcase classname="com.google.javascript.jscomp.CommandLineRunnerTest" name="testSourcePruningOn1" time="0.013">
    <failure message="Expected no warnings or errors&#xa;Errors: &#xa;Warnings: &#xa;JSC_UNREACHABLE_CODE. unreachable code at input1 line 1 : 0 expected:&lt;0&gt; but was:&lt;1&gt;" type="junit.framework.AssertionFailedError">junit.framework.AssertionFailedError: Expected no warnings or errors
Errors: 
Warnings: 
JSC_UNREACHABLE_CODE. unreachable code at input1 line 1 : 0 expected:&lt;0&gt; but was:&lt;1&gt;
	at com.google.javascript.jscomp.CommandLineRunnerTest.test(CommandLineRunnerTest.java:1413)
	at com.google.javascript.jscomp.CommandLineRunnerTest.test(CommandLineRunnerTest.java:1399)
	at com.google.javascript.jscomp.CommandLineRunnerTest.testSourcePruningOn1(CommandLineRunnerTest.java:703)
</failure>
  </testcase>
  <testcase classname="com.google.javascript.jscomp.CommandLineRunnerTest" name="testSourcePruningOn2" time="0.011">
    <failure message="Expected no warnings or errors&#xa;Errors: &#xa;Warnings: &#xa;JSC_UNREACHABLE_CODE. unreachable code at input1 line 1 : 0 expected:&lt;0&gt; but was:&lt;1&gt;" type="junit.framework.AssertionFailedError">junit.framework.AssertionFailedError: Expected no warnings or errors
Errors: 
Warnings: 
JSC_UNREACHABLE_CODE. unreachable code at input1 line 1 : 0 expected:&lt;0&gt; but was:&lt;1&gt;
	at com.google.javascript.jscomp.CommandLineRunnerTest.test(CommandLineRunnerTest.java:1413)
	at com.google.javascript.jscomp.CommandLineRunnerTest.test(CommandLineRunnerTest.java:1399)
	at com.google.javascript.jscomp.CommandLineRunnerTest.testSourcePruningOn2(CommandLineRunnerTest.java:716)
</failure>
  </testcase>
  <testcase classname="com.google.javascript.jscomp.CommandLineRunnerTest" name="testSourcePruningOn3" time="0.012">
    <failure message="Expected no warnings or errors&#xa;Errors: &#xa;Warnings: &#xa;JSC_UNREACHABLE_CODE. unreachable code at input2 line 1 : 0 expected:&lt;0&gt; but was:&lt;1&gt;" type="junit.framework.AssertionFailedError">junit.framework.AssertionFailedError: Expected no warnings or errors
Errors: 
Warnings: 
JSC_UNREACHABLE_CODE. unreachable code at input2 line 1 : 0 expected:&lt;0&gt; but was:&lt;1&gt;
	at com.google.javascript.jscomp.CommandLineRunnerTest.test(CommandLineRunnerTest.java:1413)
	at com.google.javascript.jscomp.CommandLineRunnerTest.test(CommandLineRunnerTest.java:1399)
	at com.google.javascript.jscomp.CommandLineRunnerTest.testSourcePruningOn3(CommandLineRunnerTest.java:729)
</failure>
  </testcase>
  <testcase classname="com.google.javascript.jscomp.CommandLineRunnerTest" name="testSourcePruningOn4" time="0.015">
    <failure message="Expected no warnings or errors&#xa;Errors: &#xa;Warnings: &#xa;JSC_UNREACHABLE_CODE. unreachable code at input1 line 1 : 0 expected:&lt;0&gt; but was:&lt;1&gt;" type="junit.framework.AssertionFailedError">junit.framework.AssertionFailedError: Expected no warnings or errors
Errors: 
Warnings: 
JSC_UNREACHABLE_CODE. unreachable code at input1 line 1 : 0 expected:&lt;0&gt; but was:&lt;1&gt;
	at com.google.javascript.jscomp.CommandLineRunnerTest.test(CommandLineRunnerTest.java:1413)
	at com.google.javascript.jscomp.CommandLineRunnerTest.test(CommandLineRunnerTest.java:1399)
	at com.google.javascript.jscomp.CommandLineRunnerTest.testSourcePruningOn4(CommandLineRunnerTest.java:742)
</failure>
  </testcase>
  <testcase classname="com.google.javascript.jscomp.CommandLineRunnerTest" name="testSourcePruningOn5" time="0.004" />
  <testcase classname="com.google.javascript.jscomp.CommandLineRunnerTest" name="testSourcePruningOn6" time="0.025">
    <failure message="Expected no warnings or errors&#xa;Errors: &#xa;Warnings: &#xa;JSC_UNREACHABLE_CODE. unreachable code at input1 line 1 : 0 expected:&lt;0&gt; but was:&lt;1&gt;" type="junit.framework.AssertionFailedError">junit.framework.AssertionFailedError: Expected no warnings or errors
Errors: 
Warnings: 
JSC_UNREACHABLE_CODE. unreachable code at input1 line 1 : 0 expected:&lt;0&gt; but was:&lt;1&gt;
	at com.google.javascript.jscomp.CommandLineRunnerTest.test(CommandLineRunnerTest.java:1413)
	at com.google.javascript.jscomp.CommandLineRunnerTest.test(CommandLineRunnerTest.java:1399)
	at com.google.javascript.jscomp.CommandLineRunnerTest.testSourcePruningOn6(CommandLineRunnerTest.java:765)
</failure>
  </testcase>
  <testcase classname="com.google.javascript.jscomp.CommandLineRunnerTest" name="testSourcePruningOn7" time="0.024">
    <failure message="Expected no warnings or errors&#xa;Errors: &#xa;Warnings: &#xa;JSC_UNREACHABLE_CODE. unreachable code at input0 line 1 : 0 expected:&lt;0&gt; but was:&lt;1&gt;" type="junit.framework.AssertionFailedError">junit.framework.AssertionFailedError: Expected no warnings or errors
Errors: 
Warnings: 
JSC_UNREACHABLE_CODE. unreachable code at input0 line 1 : 0 expected:&lt;0&gt; but was:&lt;1&gt;
	at com.google.javascript.jscomp.CommandLineRunnerTest.test(CommandLineRunnerTest.java:1413)
	at com.google.javascript.jscomp.CommandLineRunnerTest.test(CommandLineRunnerTest.java:1399)
	at com.google.javascript.jscomp.CommandLineRunnerTest.testSourcePruningOn7(CommandLineRunnerTest.java:779)
</failure>
  </testcase>
  <testcase classname="com.google.javascript.jscomp.CommandLineRunnerTest" name="testSourcePruningOn8" time="0.023">
    <failure message="Expected no warnings or errors&#xa;Errors: &#xa;Warnings: &#xa;JSC_UNREACHABLE_CODE. unreachable code at input1 line 1 : 0 expected:&lt;0&gt; but was:&lt;1&gt;" type="junit.framework.AssertionFailedError">junit.framework.AssertionFailedError: Expected no warnings or errors
Errors: 
Warnings: 
JSC_UNREACHABLE_CODE. unreachable code at input1 line 1 : 0 expected:&lt;0&gt; but was:&lt;1&gt;
	at com.google.javascript.jscomp.CommandLineRunnerTest.test(CommandLineRunnerTest.java:1413)
	at com.google.javascript.jscomp.CommandLineRunnerTest.test(CommandLineRunnerTest.java:1399)
	at com.google.javascript.jscomp.CommandLineRunnerTest.testSourcePruningOn8(CommandLineRunnerTest.java:791)
</failure>
  </testcase>
  <testcase classname="com.google.javascript.jscomp.CommandLineRunnerTest" name="testModuleEntryPoint" time="0.01">
    <failure message="Expected no warnings or errors&#xa;Errors: &#xa;Warnings: &#xa;JSC_UNREACHABLE_CODE. unreachable code at [m0] line 1 : 0 expected:&lt;0&gt; but was:&lt;1&gt;" type="junit.framework.AssertionFailedError">junit.framework.AssertionFailedError: Expected no warnings or errors
Errors: 
Warnings: 
JSC_UNREACHABLE_CODE. unreachable code at [m0] line 1 : 0 expected:&lt;0&gt; but was:&lt;1&gt;
	at com.google.javascript.jscomp.CommandLineRunnerTest.test(CommandLineRunnerTest.java:1413)
	at com.google.javascript.jscomp.CommandLineRunnerTest.test(CommandLineRunnerTest.java:1399)
	at com.google.javascript.jscomp.CommandLineRunnerTest.testModuleEntryPoint(CommandLineRunnerTest.java:805)
</failure>
  </testcase>
  <testcase classname="com.google.javascript.jscomp.CommandLineRunnerTest" name="testNoCompile" time="0.014">
    <failure message="Expected no warnings or errors&#xa;Errors: &#xa;Warnings: &#xa;JSC_UNREACHABLE_CODE. unreachable code at input1 line 1 : 0 expected:&lt;0&gt; but was:&lt;1&gt;" type="junit.framework.AssertionFailedError">junit.framework.AssertionFailedError: Expected no warnings or errors
Errors: 
Warnings: 
JSC_UNREACHABLE_CODE. unreachable code at input1 line 1 : 0 expected:&lt;0&gt; but was:&lt;1&gt;
	at com.google.javascript.jscomp.CommandLineRunnerTest.test(CommandLineRunnerTest.java:1413)
	at com.google.javascript.jscomp.CommandLineRunnerTest.test(CommandLineRunnerTest.java:1399)
	at com.google.javascript.jscomp.CommandLineRunnerTest.testNoCompile(CommandLineRunnerTest.java:820)
</failure>
  </testcase>
  <testcase classname="com.google.javascript.jscomp.CommandLineRunnerTest" name="testDependencySortingWhitespaceMode" time="0.016" />
  <testcase classname="com.google.javascript.jscomp.CommandLineRunnerTest" name="testForwardDeclareDroppedTypes" time="0.013">
    <failure message="Expected no warnings or errors&#xa;Errors: &#xa;Warnings: &#xa;JSC_UNREACHABLE_CODE. unreachable code at input1 line 1 : 0 expected:&lt;0&gt; but was:&lt;1&gt;" type="junit.framework.AssertionFailedError">junit.framework.AssertionFailedError: Expected no warnings or errors
Errors: 
Warnings: 
JSC_UNREACHABLE_CODE. unreachable code at input1 line 1 : 0 expected:&lt;0&gt; but was:&lt;1&gt;
	at com.google.javascript.jscomp.CommandLineRunnerTest.test(CommandLineRunnerTest.java:1413)
	at com.google.javascript.jscomp.CommandLineRunnerTest.test(CommandLineRunnerTest.java:1399)
	at com.google.javascript.jscomp.CommandLineRunnerTest.testForwardDeclareDroppedTypes(CommandLineRunnerTest.java:850)
</failure>
  </testcase>
  <testcase classname="com.google.javascript.jscomp.CommandLineRunnerTest" name="testOnlyClosureDependenciesEmptyEntryPoints" time="0.002" />
  <testcase classname="com.google.javascript.jscomp.CommandLineRunnerTest" name="testOnlyClosureDependenciesOneEntryPoint" time="0.007">
    <failure message="Expected no warnings or errors&#xa;Errors: &#xa;Warnings: &#xa;JSC_UNREACHABLE_CODE. unreachable code at input5 line 2 : 0 expected:&lt;0&gt; but was:&lt;1&gt;" type="junit.framework.AssertionFailedError">junit.framework.AssertionFailedError: Expected no warnings or errors
Errors: 
Warnings: 
JSC_UNREACHABLE_CODE. unreachable code at input5 line 2 : 0 expected:&lt;0&gt; but was:&lt;1&gt;
	at com.google.javascript.jscomp.CommandLineRunnerTest.test(CommandLineRunnerTest.java:1413)
	at com.google.javascript.jscomp.CommandLineRunnerTest.test(CommandLineRunnerTest.java:1399)
	at com.google.javascript.jscomp.CommandLineRunnerTest.testOnlyClosureDependenciesOneEntryPoint(CommandLineRunnerTest.java:889)
</failure>
  </testcase>
  <testcase classname="com.google.javascript.jscomp.CommandLineRunnerTest" name="testSourceMapExpansion1" time="0.008">
    <failure message="Expected no warnings or errors&#xa;Errors: &#xa;Warnings: &#xa;JSC_UNREACHABLE_CODE. unreachable code at input0 line 1 : 0 expected:&lt;0&gt; but was:&lt;1&gt;" type="junit.framework.AssertionFailedError">junit.framework.AssertionFailedError: Expected no warnings or errors
Errors: 
Warnings: 
JSC_UNREACHABLE_CODE. unreachable code at input0 line 1 : 0 expected:&lt;0&gt; but was:&lt;1&gt;
	at com.google.javascript.jscomp.CommandLineRunnerTest.test(CommandLineRunnerTest.java:1413)
	at com.google.javascript.jscomp.CommandLineRunnerTest.test(CommandLineRunnerTest.java:1399)
	at com.google.javascript.jscomp.CommandLineRunnerTest.testSame(CommandLineRunnerTest.java:1387)
	at com.google.javascript.jscomp.CommandLineRunnerTest.testSame(CommandLineRunnerTest.java:1383)
	at com.google.javascript.jscomp.CommandLineRunnerTest.testSourceMapExpansion1(CommandLineRunnerTest.java:908)
</failure>
  </testcase>
  <testcase classname="com.google.javascript.jscomp.CommandLineRunnerTest" name="testSourceMapExpansion2" time="0.008">
    <failure message="Expected no warnings or errors&#xa;Errors: &#xa;Warnings: &#xa;JSC_UNREACHABLE_CODE. unreachable code at i0 line 1 : 0 expected:&lt;0&gt; but was:&lt;1&gt;" type="junit.framework.AssertionFailedError">junit.framework.AssertionFailedError: Expected no warnings or errors
Errors: 
Warnings: 
JSC_UNREACHABLE_CODE. unreachable code at i0 line 1 : 0 expected:&lt;0&gt; but was:&lt;1&gt;
	at com.google.javascript.jscomp.CommandLineRunnerTest.test(CommandLineRunnerTest.java:1413)
	at com.google.javascript.jscomp.CommandLineRunnerTest.test(CommandLineRunnerTest.java:1399)
	at com.google.javascript.jscomp.CommandLineRunnerTest.testSame(CommandLineRunnerTest.java:1387)
	at com.google.javascript.jscomp.CommandLineRunnerTest.testSourceMapExpansion2(CommandLineRunnerTest.java:917)
</failure>
  </testcase>
  <testcase classname="com.google.javascript.jscomp.CommandLineRunnerTest" name="testSourceMapExpansion3" time="0.008">
    <failure message="Expected no warnings or errors&#xa;Errors: &#xa;Warnings: &#xa;JSC_UNREACHABLE_CODE. unreachable code at i0 line 1 : 0 expected:&lt;0&gt; but was:&lt;1&gt;" type="junit.framework.AssertionFailedError">junit.framework.AssertionFailedError: Expected no warnings or errors
Errors: 
Warnings: 
JSC_UNREACHABLE_CODE. unreachable code at i0 line 1 : 0 expected:&lt;0&gt; but was:&lt;1&gt;
	at com.google.javascript.jscomp.CommandLineRunnerTest.test(CommandLineRunnerTest.java:1413)
	at com.google.javascript.jscomp.CommandLineRunnerTest.test(CommandLineRunnerTest.java:1399)
	at com.google.javascript.jscomp.CommandLineRunnerTest.testSame(CommandLineRunnerTest.java:1387)
	at com.google.javascript.jscomp.CommandLineRunnerTest.testSourceMapExpansion3(CommandLineRunnerTest.java:926)
</failure>
  </testcase>
  <testcase classname="com.google.javascript.jscomp.CommandLineRunnerTest" name="testSourceMapFormat1" time="0.006">
    <failure message="Expected no warnings or errors&#xa;Errors: &#xa;Warnings: &#xa;JSC_UNREACHABLE_CODE. unreachable code at input0 line 1 : 0 expected:&lt;0&gt; but was:&lt;1&gt;" type="junit.framework.AssertionFailedError">junit.framework.AssertionFailedError: Expected no warnings or errors
Errors: 
Warnings: 
JSC_UNREACHABLE_CODE. unreachable code at input0 line 1 : 0 expected:&lt;0&gt; but was:&lt;1&gt;
	at com.google.javascript.jscomp.CommandLineRunnerTest.test(CommandLineRunnerTest.java:1413)
	at com.google.javascript.jscomp.CommandLineRunnerTest.test(CommandLineRunnerTest.java:1399)
	at com.google.javascript.jscomp.CommandLineRunnerTest.testSame(CommandLineRunnerTest.java:1387)
	at com.google.javascript.jscomp.CommandLineRunnerTest.testSame(CommandLineRunnerTest.java:1383)
	at com.google.javascript.jscomp.CommandLineRunnerTest.testSourceMapFormat1(CommandLineRunnerTest.java:936)
</failure>
  </testcase>
  <testcase classname="com.google.javascript.jscomp.CommandLineRunnerTest" name="testSourceMapFormat2" time="0.005">
    <failure message="Expected no warnings or errors&#xa;Errors: &#xa;Warnings: &#xa;JSC_UNREACHABLE_CODE. unreachable code at input0 line 1 : 0 expected:&lt;0&gt; but was:&lt;1&gt;" type="junit.framework.AssertionFailedError">junit.framework.AssertionFailedError: Expected no warnings or errors
Errors: 
Warnings: 
JSC_UNREACHABLE_CODE. unreachable code at input0 line 1 : 0 expected:&lt;0&gt; but was:&lt;1&gt;
	at com.google.javascript.jscomp.CommandLineRunnerTest.test(CommandLineRunnerTest.java:1413)
	at com.google.javascript.jscomp.CommandLineRunnerTest.test(CommandLineRunnerTest.java:1399)
	at com.google.javascript.jscomp.CommandLineRunnerTest.testSame(CommandLineRunnerTest.java:1387)
	at com.google.javascript.jscomp.CommandLineRunnerTest.testSame(CommandLineRunnerTest.java:1383)
	at com.google.javascript.jscomp.CommandLineRunnerTest.testSourceMapFormat2(CommandLineRunnerTest.java:944)
</failure>
  </testcase>
  <testcase classname="com.google.javascript.jscomp.CommandLineRunnerTest" name="testSourceMapLocationsTranslations1" time="0.009">
    <failure message="Expected no warnings or errors&#xa;Errors: &#xa;Warnings: &#xa;JSC_UNREACHABLE_CODE. unreachable code at input0 line 1 : 0 expected:&lt;0&gt; but was:&lt;1&gt;" type="junit.framework.AssertionFailedError">junit.framework.AssertionFailedError: Expected no warnings or errors
Errors: 
Warnings: 
JSC_UNREACHABLE_CODE. unreachable code at input0 line 1 : 0 expected:&lt;0&gt; but was:&lt;1&gt;
	at com.google.javascript.jscomp.CommandLineRunnerTest.test(CommandLineRunnerTest.java:1413)
	at com.google.javascript.jscomp.CommandLineRunnerTest.test(CommandLineRunnerTest.java:1399)
	at com.google.javascript.jscomp.CommandLineRunnerTest.testSame(CommandLineRunnerTest.java:1387)
	at com.google.javascript.jscomp.CommandLineRunnerTest.testSame(CommandLineRunnerTest.java:1383)
	at com.google.javascript.jscomp.CommandLineRunnerTest.testSourceMapLocationsTranslations1(CommandLineRunnerTest.java:953)
</failure>
  </testcase>
  <testcase classname="com.google.javascript.jscomp.CommandLineRunnerTest" name="testSourceMapLocationsTranslations2" time="0.017">
    <failure message="Expected no warnings or errors&#xa;Errors: &#xa;Warnings: &#xa;JSC_UNREACHABLE_CODE. unreachable code at input0 line 1 : 0 expected:&lt;0&gt; but was:&lt;1&gt;" type="junit.framework.AssertionFailedError">junit.framework.AssertionFailedError: Expected no warnings or errors
Errors: 
Warnings: 
JSC_UNREACHABLE_CODE. unreachable code at input0 line 1 : 0 expected:&lt;0&gt; but was:&lt;1&gt;
	at com.google.javascript.jscomp.CommandLineRunnerTest.test(CommandLineRunnerTest.java:1413)
	at com.google.javascript.jscomp.CommandLineRunnerTest.test(CommandLineRunnerTest.java:1399)
	at com.google.javascript.jscomp.CommandLineRunnerTest.testSame(CommandLineRunnerTest.java:1387)
	at com.google.javascript.jscomp.CommandLineRunnerTest.testSame(CommandLineRunnerTest.java:1383)
	at com.google.javascript.jscomp.CommandLineRunnerTest.testSourceMapLocationsTranslations2(CommandLineRunnerTest.java:967)
</failure>
  </testcase>
  <testcase classname="com.google.javascript.jscomp.CommandLineRunnerTest" name="testSourceMapLocationsTranslations3" time="0.003" />
  <testcase classname="com.google.javascript.jscomp.CommandLineRunnerTest" name="testSourceMapInputs" time="0.009">
    <failure message="Expected no warnings or errors&#xa;Errors: &#xa;Warnings: &#xa;JSC_UNREACHABLE_CODE. unreachable code at input0 line 1 : 0 expected:&lt;0&gt; but was:&lt;1&gt;" type="junit.framework.AssertionFailedError">junit.framework.AssertionFailedError: Expected no warnings or errors
Errors: 
Warnings: 
JSC_UNREACHABLE_CODE. unreachable code at input0 line 1 : 0 expected:&lt;0&gt; but was:&lt;1&gt;
	at com.google.javascript.jscomp.CommandLineRunnerTest.test(CommandLineRunnerTest.java:1413)
	at com.google.javascript.jscomp.CommandLineRunnerTest.test(CommandLineRunnerTest.java:1399)
	at com.google.javascript.jscomp.CommandLineRunnerTest.testSame(CommandLineRunnerTest.java:1387)
	at com.google.javascript.jscomp.CommandLineRunnerTest.testSame(CommandLineRunnerTest.java:1383)
	at com.google.javascript.jscomp.CommandLineRunnerTest.testSourceMapInputs(CommandLineRunnerTest.java:998)
</failure>
  </testcase>
  <testcase classname="com.google.javascript.jscomp.CommandLineRunnerTest" name="testModuleWrapperBaseNameExpansion" time="0.008">
    <failure message="Expected no warnings or errors&#xa;Errors: &#xa;Warnings: &#xa;JSC_UNREACHABLE_CODE. unreachable code at i0 line 1 : 0 expected:&lt;0&gt; but was:&lt;1&gt;" type="junit.framework.AssertionFailedError">junit.framework.AssertionFailedError: Expected no warnings or errors
Errors: 
Warnings: 
JSC_UNREACHABLE_CODE. unreachable code at i0 line 1 : 0 expected:&lt;0&gt; but was:&lt;1&gt;
	at com.google.javascript.jscomp.CommandLineRunnerTest.test(CommandLineRunnerTest.java:1413)
	at com.google.javascript.jscomp.CommandLineRunnerTest.test(CommandLineRunnerTest.java:1399)
	at com.google.javascript.jscomp.CommandLineRunnerTest.testSame(CommandLineRunnerTest.java:1387)
	at com.google.javascript.jscomp.CommandLineRunnerTest.testModuleWrapperBaseNameExpansion(CommandLineRunnerTest.java:1012)
</failure>
  </testcase>
  <testcase classname="com.google.javascript.jscomp.CommandLineRunnerTest" name="testCharSetExpansion" time="0.007">
    <failure message="Expected no warnings or errors&#xa;Errors: &#xa;Warnings: &#xa;JSC_UNREACHABLE_CODE. unreachable code at input0 line 1 : 0 expected:&lt;0&gt; but was:&lt;1&gt;" type="junit.framework.AssertionFailedError">junit.framework.AssertionFailedError: Expected no warnings or errors
Errors: 
Warnings: 
JSC_UNREACHABLE_CODE. unreachable code at input0 line 1 : 0 expected:&lt;0&gt; but was:&lt;1&gt;
	at com.google.javascript.jscomp.CommandLineRunnerTest.test(CommandLineRunnerTest.java:1413)
	at com.google.javascript.jscomp.CommandLineRunnerTest.test(CommandLineRunnerTest.java:1399)
	at com.google.javascript.jscomp.CommandLineRunnerTest.testSame(CommandLineRunnerTest.java:1387)
	at com.google.javascript.jscomp.CommandLineRunnerTest.testSame(CommandLineRunnerTest.java:1383)
	at com.google.javascript.jscomp.CommandLineRunnerTest.testCharSetExpansion(CommandLineRunnerTest.java:1025)
</failure>
  </testcase>
  <testcase classname="com.google.javascript.jscomp.CommandLineRunnerTest" name="testChainModuleManifest" time="0.008">
    <failure message="Expected no warnings or errors&#xa;Errors: &#xa;Warnings: &#xa;JSC_UNREACHABLE_CODE. unreachable code at i0 line 1 : 0 expected:&lt;0&gt; but was:&lt;1&gt;" type="junit.framework.AssertionFailedError">junit.framework.AssertionFailedError: Expected no warnings or errors
Errors: 
Warnings: 
JSC_UNREACHABLE_CODE. unreachable code at i0 line 1 : 0 expected:&lt;0&gt; but was:&lt;1&gt;
	at com.google.javascript.jscomp.CommandLineRunnerTest.test(CommandLineRunnerTest.java:1413)
	at com.google.javascript.jscomp.CommandLineRunnerTest.test(CommandLineRunnerTest.java:1399)
	at com.google.javascript.jscomp.CommandLineRunnerTest.testSame(CommandLineRunnerTest.java:1387)
	at com.google.javascript.jscomp.CommandLineRunnerTest.testChainModuleManifest(CommandLineRunnerTest.java:1034)
</failure>
  </testcase>
  <testcase classname="com.google.javascript.jscomp.CommandLineRunnerTest" name="testStarModuleManifest" time="0.009">
    <failure message="Expected no warnings or errors&#xa;Errors: &#xa;Warnings: &#xa;JSC_UNREACHABLE_CODE. unreachable code at i0 line 1 : 0 expected:&lt;0&gt; but was:&lt;1&gt;" type="junit.framework.AssertionFailedError">junit.framework.AssertionFailedError: Expected no warnings or errors
Errors: 
Warnings: 
JSC_UNREACHABLE_CODE. unreachable code at i0 line 1 : 0 expected:&lt;0&gt; but was:&lt;1&gt;
	at com.google.javascript.jscomp.CommandLineRunnerTest.test(CommandLineRunnerTest.java:1413)
	at com.google.javascript.jscomp.CommandLineRunnerTest.test(CommandLineRunnerTest.java:1399)
	at com.google.javascript.jscomp.CommandLineRunnerTest.testSame(CommandLineRunnerTest.java:1387)
	at com.google.javascript.jscomp.CommandLineRunnerTest.testStarModuleManifest(CommandLineRunnerTest.java:1056)
</failure>
  </testcase>
  <testcase classname="com.google.javascript.jscomp.CommandLineRunnerTest" name="testOutputModuleGraphJson" time="0.009">
    <failure message="Expected no warnings or errors&#xa;Errors: &#xa;Warnings: &#xa;JSC_UNREACHABLE_CODE. unreachable code at i0 line 1 : 0 expected:&lt;0&gt; but was:&lt;1&gt;" type="junit.framework.AssertionFailedError">junit.framework.AssertionFailedError: Expected no warnings or errors
Errors: 
Warnings: 
JSC_UNREACHABLE_CODE. unreachable code at i0 line 1 : 0 expected:&lt;0&gt; but was:&lt;1&gt;
	at com.google.javascript.jscomp.CommandLineRunnerTest.test(CommandLineRunnerTest.java:1413)
	at com.google.javascript.jscomp.CommandLineRunnerTest.test(CommandLineRunnerTest.java:1399)
	at com.google.javascript.jscomp.CommandLineRunnerTest.testSame(CommandLineRunnerTest.java:1387)
	at com.google.javascript.jscomp.CommandLineRunnerTest.testOutputModuleGraphJson(CommandLineRunnerTest.java:1078)
</failure>
  </testcase>
  <testcase classname="com.google.javascript.jscomp.CommandLineRunnerTest" name="testVersionFlag" time="0.003" />
  <testcase classname="com.google.javascript.jscomp.CommandLineRunnerTest" name="testVersionFlag2" time="0.006" />
  <testcase classname="com.google.javascript.jscomp.CommandLineRunnerTest" name="testPrintAstFlag" time="0.01">
    <failure message="Expected no warnings or errors&#xa;Errors: &#xa;Warnings: &#xa;JSC_UNREACHABLE_CODE. unreachable code at input0 line 1 : 0 expected:&lt;0&gt; but was:&lt;1&gt;" type="junit.framework.AssertionFailedError">junit.framework.AssertionFailedError: Expected no warnings or errors
Errors: 
Warnings: 
JSC_UNREACHABLE_CODE. unreachable code at input0 line 1 : 0 expected:&lt;0&gt; but was:&lt;1&gt;
	at com.google.javascript.jscomp.CommandLineRunnerTest.test(CommandLineRunnerTest.java:1413)
	at com.google.javascript.jscomp.CommandLineRunnerTest.test(CommandLineRunnerTest.java:1399)
	at com.google.javascript.jscomp.CommandLineRunnerTest.testSame(CommandLineRunnerTest.java:1387)
	at com.google.javascript.jscomp.CommandLineRunnerTest.testSame(CommandLineRunnerTest.java:1383)
	at com.google.javascript.jscomp.CommandLineRunnerTest.testPrintAstFlag(CommandLineRunnerTest.java:1110)
</failure>
  </testcase>
  <testcase classname="com.google.javascript.jscomp.CommandLineRunnerTest" name="testSyntheticExterns" time="0.004">
    <failure message="Expected exactly one warning or error &#xa;Errors: &#xa;&#xa;Warnings: &#xa;JSC_UNDEFINED_EXTERN_VAR_ERROR. name myVar is not defined in the externs. at externs line 1 : 0&#xa;JSC_UNREACHABLE_CODE. unreachable code at input0 line 1 : 0 expected:&lt;1&gt; but was:&lt;2&gt;" type="junit.framework.AssertionFailedError">junit.framework.AssertionFailedError: Expected exactly one warning or error 
Errors: 

Warnings: 
JSC_UNDEFINED_EXTERN_VAR_ERROR. name myVar is not defined in the externs. at externs line 1 : 0
JSC_UNREACHABLE_CODE. unreachable code at input0 line 1 : 0 expected:&lt;1&gt; but was:&lt;2&gt;
	at com.google.javascript.jscomp.CommandLineRunnerTest.test(CommandLineRunnerTest.java:1450)
	at com.google.javascript.jscomp.CommandLineRunnerTest.test(CommandLineRunnerTest.java:1438)
	at com.google.javascript.jscomp.CommandLineRunnerTest.testSyntheticExterns(CommandLineRunnerTest.java:1129)
</failure>
  </testcase>
  <testcase classname="com.google.javascript.jscomp.CommandLineRunnerTest" name="testGoogAssertStripping" time="0.007">
    <failure message="Expected no warnings or errors&#xa;Errors: &#xa;Warnings: &#xa;JSC_UNREACHABLE_CODE. unreachable code at input0 line 1 : 0 expected:&lt;0&gt; but was:&lt;1&gt;" type="junit.framework.AssertionFailedError">junit.framework.AssertionFailedError: Expected no warnings or errors
Errors: 
Warnings: 
JSC_UNREACHABLE_CODE. unreachable code at input0 line 1 : 0 expected:&lt;0&gt; but was:&lt;1&gt;
	at com.google.javascript.jscomp.CommandLineRunnerTest.test(CommandLineRunnerTest.java:1413)
	at com.google.javascript.jscomp.CommandLineRunnerTest.test(CommandLineRunnerTest.java:1399)
	at com.google.javascript.jscomp.CommandLineRunnerTest.test(CommandLineRunnerTest.java:1391)
	at com.google.javascript.jscomp.CommandLineRunnerTest.testGoogAssertStripping(CommandLineRunnerTest.java:1146)
</failure>
  </testcase>
  <testcase classname="com.google.javascript.jscomp.CommandLineRunnerTest" name="testMissingReturnCheckOnWithVerbose" time="0.011">
    <error message="Not true that &lt;JSC_UNREACHABLE_CODE: unreachable code&gt; is equal to &lt;JSC_MISSING_RETURN_STATEMENT: Missing return statement. Function expected to return {0}.&gt;" type="java.lang.AssertionError">java.lang.AssertionError: Not true that &lt;JSC_UNREACHABLE_CODE: unreachable code&gt; is equal to &lt;JSC_MISSING_RETURN_STATEMENT: Missing return statement. Function expected to return {0}.&gt;
	at com.google.common.truth.FailureStrategy.fail(FailureStrategy.java:27)
	at com.google.common.truth.FailureStrategy.fail(FailureStrategy.java:23)
	at com.google.common.truth.Subject.fail(Subject.java:230)
	at com.google.common.truth.Subject.isEqualTo(Subject.java:98)
	at com.google.javascript.jscomp.CommandLineRunnerTest.test(CommandLineRunnerTest.java:1464)
	at com.google.javascript.jscomp.CommandLineRunnerTest.test(CommandLineRunnerTest.java:1438)
	at com.google.javascript.jscomp.CommandLineRunnerTest.testMissingReturnCheckOnWithVerbose(CommandLineRunnerTest.java:1154)
</error>
  </testcase>
  <testcase classname="com.google.javascript.jscomp.CommandLineRunnerTest" name="testGenerateExports" time="0.012">
    <failure message="Expected no warnings or errors&#xa;Errors: &#xa;Warnings: &#xa;JSC_UNREACHABLE_CODE. unreachable code at input0 line 1 : 15 expected:&lt;0&gt; but was:&lt;1&gt;" type="junit.framework.AssertionFailedError">junit.framework.AssertionFailedError: Expected no warnings or errors
Errors: 
Warnings: 
JSC_UNREACHABLE_CODE. unreachable code at input0 line 1 : 15 expected:&lt;0&gt; but was:&lt;1&gt;
	at com.google.javascript.jscomp.CommandLineRunnerTest.test(CommandLineRunnerTest.java:1413)
	at com.google.javascript.jscomp.CommandLineRunnerTest.test(CommandLineRunnerTest.java:1399)
	at com.google.javascript.jscomp.CommandLineRunnerTest.test(CommandLineRunnerTest.java:1391)
	at com.google.javascript.jscomp.CommandLineRunnerTest.testGenerateExports(CommandLineRunnerTest.java:1160)
</failure>
  </testcase>
  <testcase classname="com.google.javascript.jscomp.CommandLineRunnerTest" name="testDepreciationWithVerbose" time="0.01">
    <failure message="Expected exactly one warning or error &#xa;Errors: &#xa;&#xa;Warnings: &#xa;JSC_UNREACHABLE_CODE. unreachable code at input0 line 1 : 19&#xa;JSC_DEPRECATED_VAR. Variable f has been deprecated. at input0 line 1 : 36 expected:&lt;1&gt; but was:&lt;2&gt;" type="junit.framework.AssertionFailedError">junit.framework.AssertionFailedError: Expected exactly one warning or error 
Errors: 

Warnings: 
JSC_UNREACHABLE_CODE. unreachable code at input0 line 1 : 19
JSC_DEPRECATED_VAR. Variable f has been deprecated. at input0 line 1 : 36 expected:&lt;1&gt; but was:&lt;2&gt;
	at com.google.javascript.jscomp.CommandLineRunnerTest.test(CommandLineRunnerTest.java:1450)
	at com.google.javascript.jscomp.CommandLineRunnerTest.test(CommandLineRunnerTest.java:1438)
	at com.google.javascript.jscomp.CommandLineRunnerTest.testDepreciationWithVerbose(CommandLineRunnerTest.java:1167)
</failure>
  </testcase>
  <testcase classname="com.google.javascript.jscomp.CommandLineRunnerTest" name="testTwoParseErrors" time="0.004" />
  <testcase classname="com.google.javascript.jscomp.CommandLineRunnerTest" name="testES3ByDefault" time="0.007">
    <error message="Not true that &lt;(com.google.javascript.jscomp.JSError[]) [JSC_UNREACHABLE_CODE. unreachable code at input0 line 1 : 0, JSC_INVALID_ES3_PROP_NAME. Keywords and reserved words are not allowed as unquoted property names in older versions of JavaScript. If you are targeting newer versions of JavaScript, set the appropriate language_in option. at input0 line 1 : 10]&gt; has length &lt;1&gt;" type="java.lang.AssertionError">java.lang.AssertionError: Not true that &lt;(com.google.javascript.jscomp.JSError[]) [JSC_UNREACHABLE_CODE. unreachable code at input0 line 1 : 0, JSC_INVALID_ES3_PROP_NAME. Keywords and reserved words are not allowed as unquoted property names in older versions of JavaScript. If you are targeting newer versions of JavaScript, set the appropriate language_in option. at input0 line 1 : 10]&gt; has length &lt;1&gt;
	at com.google.common.truth.FailureStrategy.fail(FailureStrategy.java:27)
	at com.google.common.truth.FailureStrategy.fail(FailureStrategy.java:23)
	at com.google.common.truth.Subject.fail(Subject.java:230)
	at com.google.common.truth.AbstractArraySubject.hasLength(AbstractArraySubject.java:60)
	at com.google.javascript.jscomp.CommandLineRunnerTest.test(CommandLineRunnerTest.java:1418)
	at com.google.javascript.jscomp.CommandLineRunnerTest.test(CommandLineRunnerTest.java:1442)
	at com.google.javascript.jscomp.CommandLineRunnerTest.testES3ByDefault(CommandLineRunnerTest.java:1183)
</error>
  </testcase>
  <testcase classname="com.google.javascript.jscomp.CommandLineRunnerTest" name="testES5ChecksByDefault" time="0.008">
    <failure message="Expected no warnings or errors&#xa;Errors: &#xa;Warnings: &#xa;JSC_UNREACHABLE_CODE. unreachable code at input0 line 1 : 0 expected:&lt;0&gt; but was:&lt;1&gt;" type="junit.framework.AssertionFailedError">junit.framework.AssertionFailedError: Expected no warnings or errors
Errors: 
Warnings: 
JSC_UNREACHABLE_CODE. unreachable code at input0 line 1 : 0 expected:&lt;0&gt; but was:&lt;1&gt;
	at com.google.javascript.jscomp.CommandLineRunnerTest.test(CommandLineRunnerTest.java:1413)
	at com.google.javascript.jscomp.CommandLineRunnerTest.test(CommandLineRunnerTest.java:1399)
	at com.google.javascript.jscomp.CommandLineRunnerTest.testSame(CommandLineRunnerTest.java:1387)
	at com.google.javascript.jscomp.CommandLineRunnerTest.testSame(CommandLineRunnerTest.java:1383)
	at com.google.javascript.jscomp.CommandLineRunnerTest.testES5ChecksByDefault(CommandLineRunnerTest.java:1190)
</failure>
  </testcase>
  <testcase classname="com.google.javascript.jscomp.CommandLineRunnerTest" name="testES5ChecksInVerbose" time="0.005">
    <failure message="Expected exactly one warning or error &#xa;Errors: &#xa;&#xa;Warnings: &#xa; expected:&lt;1&gt; but was:&lt;0&gt;" type="junit.framework.AssertionFailedError">junit.framework.AssertionFailedError: Expected exactly one warning or error 
Errors: 

Warnings: 
 expected:&lt;1&gt; but was:&lt;0&gt;
	at com.google.javascript.jscomp.CommandLineRunnerTest.test(CommandLineRunnerTest.java:1450)
	at com.google.javascript.jscomp.CommandLineRunnerTest.test(CommandLineRunnerTest.java:1438)
	at com.google.javascript.jscomp.CommandLineRunnerTest.testES5ChecksInVerbose(CommandLineRunnerTest.java:1195)
</failure>
  </testcase>
  <testcase classname="com.google.javascript.jscomp.CommandLineRunnerTest" name="testES5" time="0.006">
    <failure message="Expected no warnings or errors&#xa;Errors: &#xa;Warnings: &#xa;JSC_UNREACHABLE_CODE. unreachable code at input0 line 1 : 0 expected:&lt;0&gt; but was:&lt;1&gt;" type="junit.framework.AssertionFailedError">junit.framework.AssertionFailedError: Expected no warnings or errors
Errors: 
Warnings: 
JSC_UNREACHABLE_CODE. unreachable code at input0 line 1 : 0 expected:&lt;0&gt; but was:&lt;1&gt;
	at com.google.javascript.jscomp.CommandLineRunnerTest.test(CommandLineRunnerTest.java:1413)
	at com.google.javascript.jscomp.CommandLineRunnerTest.test(CommandLineRunnerTest.java:1399)
	at com.google.javascript.jscomp.CommandLineRunnerTest.test(CommandLineRunnerTest.java:1391)
	at com.google.javascript.jscomp.CommandLineRunnerTest.testES5(CommandLineRunnerTest.java:1200)
</failure>
  </testcase>
  <testcase classname="com.google.javascript.jscomp.CommandLineRunnerTest" name="testES5Strict" time="0.011">
    <failure message="Expected no warnings or errors&#xa;Errors: &#xa;Warnings: &#xa;JSC_UNREACHABLE_CODE. unreachable code at input0 line 1 : 0 expected:&lt;0&gt; but was:&lt;1&gt;" type="junit.framework.AssertionFailedError">junit.framework.AssertionFailedError: Expected no warnings or errors
Errors: 
Warnings: 
JSC_UNREACHABLE_CODE. unreachable code at input0 line 1 : 0 expected:&lt;0&gt; but was:&lt;1&gt;
	at com.google.javascript.jscomp.CommandLineRunnerTest.test(CommandLineRunnerTest.java:1413)
	at com.google.javascript.jscomp.CommandLineRunnerTest.test(CommandLineRunnerTest.java:1399)
	at com.google.javascript.jscomp.CommandLineRunnerTest.test(CommandLineRunnerTest.java:1391)
	at com.google.javascript.jscomp.CommandLineRunnerTest.testES5Strict(CommandLineRunnerTest.java:1206)
</failure>
  </testcase>
  <testcase classname="com.google.javascript.jscomp.CommandLineRunnerTest" name="testES5StrictUseStrict" time="0.007" />
  <testcase classname="com.google.javascript.jscomp.CommandLineRunnerTest" name="testES5StrictUseStrictMultipleInputs" time="0.015" />
  <testcase classname="com.google.javascript.jscomp.CommandLineRunnerTest" name="testWithKeywordWithEs5ChecksOff" time="0.008">
    <failure message="Expected no warnings or errors&#xa;Errors: &#xa;Warnings: &#xa;JSC_UNREACHABLE_CODE. unreachable code at input0 line 1 : 0 expected:&lt;0&gt; but was:&lt;1&gt;" type="junit.framework.AssertionFailedError">junit.framework.AssertionFailedError: Expected no warnings or errors
Errors: 
Warnings: 
JSC_UNREACHABLE_CODE. unreachable code at input0 line 1 : 0 expected:&lt;0&gt; but was:&lt;1&gt;
	at com.google.javascript.jscomp.CommandLineRunnerTest.test(CommandLineRunnerTest.java:1413)
	at com.google.javascript.jscomp.CommandLineRunnerTest.test(CommandLineRunnerTest.java:1399)
	at com.google.javascript.jscomp.CommandLineRunnerTest.testSame(CommandLineRunnerTest.java:1387)
	at com.google.javascript.jscomp.CommandLineRunnerTest.testSame(CommandLineRunnerTest.java:1383)
	at com.google.javascript.jscomp.CommandLineRunnerTest.testWithKeywordWithEs5ChecksOff(CommandLineRunnerTest.java:1229)
</failure>
  </testcase>
  <testcase classname="com.google.javascript.jscomp.CommandLineRunnerTest" name="testNoSrCFilesWithManifest" time="0.003" />
  <testcase classname="com.google.javascript.jscomp.CommandLineRunnerTest" name="testTransformAMD" time="0.018">
    <failure message="Expected no warnings or errors&#xa;Errors: &#xa;Warnings: &#xa;JSC_UNREACHABLE_CODE. unreachable code at input0 line 1 : 0 expected:&lt;0&gt; but was:&lt;1&gt;" type="junit.framework.AssertionFailedError">junit.framework.AssertionFailedError: Expected no warnings or errors
Errors: 
Warnings: 
JSC_UNREACHABLE_CODE. unreachable code at input0 line 1 : 0 expected:&lt;0&gt; but was:&lt;1&gt;
	at com.google.javascript.jscomp.CommandLineRunnerTest.test(CommandLineRunnerTest.java:1413)
	at com.google.javascript.jscomp.CommandLineRunnerTest.test(CommandLineRunnerTest.java:1399)
	at com.google.javascript.jscomp.CommandLineRunnerTest.test(CommandLineRunnerTest.java:1391)
	at com.google.javascript.jscomp.CommandLineRunnerTest.testTransformAMD(CommandLineRunnerTest.java:1249)
</failure>
  </testcase>
  <testcase classname="com.google.javascript.jscomp.CommandLineRunnerTest" name="testProcessCJS" time="0.017">
    <failure message="Expected no warnings or errors&#xa;Errors: &#xa;Warnings: &#xa;JSC_UNREACHABLE_CODE. unreachable code at foo/bar.js line 1 : 0 expected:&lt;0&gt; but was:&lt;1&gt;" type="junit.framework.AssertionFailedError">junit.framework.AssertionFailedError: Expected no warnings or errors
Errors: 
Warnings: 
JSC_UNREACHABLE_CODE. unreachable code at foo/bar.js line 1 : 0 expected:&lt;0&gt; but was:&lt;1&gt;
	at com.google.javascript.jscomp.CommandLineRunnerTest.test(CommandLineRunnerTest.java:1413)
	at com.google.javascript.jscomp.CommandLineRunnerTest.test(CommandLineRunnerTest.java:1399)
	at com.google.javascript.jscomp.CommandLineRunnerTest.test(CommandLineRunnerTest.java:1391)
	at com.google.javascript.jscomp.CommandLineRunnerTest.testProcessCJS(CommandLineRunnerTest.java:1258)
</failure>
  </testcase>
  <testcase classname="com.google.javascript.jscomp.CommandLineRunnerTest" name="testProcessCJSWithModuleOutput" time="0.008">
    <failure message="Expected no warnings or errors&#xa;Errors: &#xa;Warnings: &#xa;JSC_UNREACHABLE_CODE. unreachable code at foo/bar.js line 1 : 0 expected:&lt;0&gt; but was:&lt;1&gt;" type="junit.framework.AssertionFailedError">junit.framework.AssertionFailedError: Expected no warnings or errors
Errors: 
Warnings: 
JSC_UNREACHABLE_CODE. unreachable code at foo/bar.js line 1 : 0 expected:&lt;0&gt; but was:&lt;1&gt;
	at com.google.javascript.jscomp.CommandLineRunnerTest.test(CommandLineRunnerTest.java:1413)
	at com.google.javascript.jscomp.CommandLineRunnerTest.test(CommandLineRunnerTest.java:1399)
	at com.google.javascript.jscomp.CommandLineRunnerTest.test(CommandLineRunnerTest.java:1391)
	at com.google.javascript.jscomp.CommandLineRunnerTest.testProcessCJSWithModuleOutput(CommandLineRunnerTest.java:1268)
</failure>
  </testcase>
  <testcase classname="com.google.javascript.jscomp.CommandLineRunnerTest" name="testProcessCJSWithClosureRequires" time="0.018">
    <failure message="Expected no warnings or errors&#xa;Errors: &#xa;Warnings: &#xa;JSC_UNREACHABLE_CODE. unreachable code at Baz.js line 2 : 15&#xa;JSC_UNREACHABLE_CODE. unreachable code at Baz.js line 4 : 18&#xa;JSC_UNREACHABLE_CODE. unreachable code at Baz.js line 7 : 19&#xa;JSC_UNREACHABLE_CODE. unreachable code at base.js line 2 : 14 expected:&lt;0&gt; but was:&lt;4&gt;" type="junit.framework.AssertionFailedError">junit.framework.AssertionFailedError: Expected no warnings or errors
Errors: 
Warnings: 
JSC_UNREACHABLE_CODE. unreachable code at Baz.js line 2 : 15
JSC_UNREACHABLE_CODE. unreachable code at Baz.js line 4 : 18
JSC_UNREACHABLE_CODE. unreachable code at Baz.js line 7 : 19
JSC_UNREACHABLE_CODE. unreachable code at base.js line 2 : 14 expected:&lt;0&gt; but was:&lt;4&gt;
	at com.google.javascript.jscomp.CommandLineRunnerTest.test(CommandLineRunnerTest.java:1413)
	at com.google.javascript.jscomp.CommandLineRunnerTest.test(CommandLineRunnerTest.java:1399)
	at com.google.javascript.jscomp.CommandLineRunnerTest.testProcessCJSWithClosureRequires(CommandLineRunnerTest.java:1287)
</failure>
  </testcase>
  <testcase classname="com.google.javascript.jscomp.CommandLineRunnerTest" name="testFormattingSingleQuote" time="0.009">
    <failure message="Expected no warnings or errors&#xa;Errors: &#xa;Warnings: &#xa;JSC_UNREACHABLE_CODE. unreachable code at input0 line 1 : 0 expected:&lt;0&gt; but was:&lt;1&gt;" type="junit.framework.AssertionFailedError">junit.framework.AssertionFailedError: Expected no warnings or errors
Errors: 
Warnings: 
JSC_UNREACHABLE_CODE. unreachable code at input0 line 1 : 0 expected:&lt;0&gt; but was:&lt;1&gt;
	at com.google.javascript.jscomp.CommandLineRunnerTest.test(CommandLineRunnerTest.java:1413)
	at com.google.javascript.jscomp.CommandLineRunnerTest.test(CommandLineRunnerTest.java:1399)
	at com.google.javascript.jscomp.CommandLineRunnerTest.testSame(CommandLineRunnerTest.java:1387)
	at com.google.javascript.jscomp.CommandLineRunnerTest.testSame(CommandLineRunnerTest.java:1383)
	at com.google.javascript.jscomp.CommandLineRunnerTest.testFormattingSingleQuote(CommandLineRunnerTest.java:1335)
</failure>
  </testcase>
  <testcase classname="com.google.javascript.jscomp.CommandLineRunnerTest" name="testTransformAMDAndProcessCJS" time="0.012">
    <failure message="Expected no warnings or errors&#xa;Errors: &#xa;Warnings: &#xa;JSC_UNREACHABLE_CODE. unreachable code at foo/bar.js line 1 : 0 expected:&lt;0&gt; but was:&lt;1&gt;" type="junit.framework.AssertionFailedError">junit.framework.AssertionFailedError: Expected no warnings or errors
Errors: 
Warnings: 
JSC_UNREACHABLE_CODE. unreachable code at foo/bar.js line 1 : 0 expected:&lt;0&gt; but was:&lt;1&gt;
	at com.google.javascript.jscomp.CommandLineRunnerTest.test(CommandLineRunnerTest.java:1413)
	at com.google.javascript.jscomp.CommandLineRunnerTest.test(CommandLineRunnerTest.java:1399)
	at com.google.javascript.jscomp.CommandLineRunnerTest.test(CommandLineRunnerTest.java:1391)
	at com.google.javascript.jscomp.CommandLineRunnerTest.testTransformAMDAndProcessCJS(CommandLineRunnerTest.java:1349)
</failure>
  </testcase>
  <testcase classname="com.google.javascript.jscomp.CommandLineRunnerTest" name="testModuleJSON" time="0.008">
    <failure message="Expected no warnings or errors&#xa;Errors: &#xa;Warnings: &#xa;JSC_UNREACHABLE_CODE. unreachable code at foo/bar.js line 1 : 0 expected:&lt;0&gt; but was:&lt;1&gt;" type="junit.framework.AssertionFailedError">junit.framework.AssertionFailedError: Expected no warnings or errors
Errors: 
Warnings: 
JSC_UNREACHABLE_CODE. unreachable code at foo/bar.js line 1 : 0 expected:&lt;0&gt; but was:&lt;1&gt;
	at com.google.javascript.jscomp.CommandLineRunnerTest.test(CommandLineRunnerTest.java:1413)
	at com.google.javascript.jscomp.CommandLineRunnerTest.test(CommandLineRunnerTest.java:1399)
	at com.google.javascript.jscomp.CommandLineRunnerTest.test(CommandLineRunnerTest.java:1391)
	at com.google.javascript.jscomp.CommandLineRunnerTest.testModuleJSON(CommandLineRunnerTest.java:1360)
</failure>
  </testcase>
  <testcase classname="com.google.javascript.jscomp.CommandLineRunnerTest" name="testOutputSameAsInput" time="0.006">
    <failure message="Expected exactly one warning or error &#xa;Errors: &#xa;JSC_OUTPUT_SAME_AS_INPUT_ERROR. Bad output file (already listed as input file): input0 at (unknown source) line (unknown line) : (unknown column)&#xa;Warnings: &#xa;JSC_UNREACHABLE_CODE. unreachable code at input0 line 1 : 0 expected:&lt;1&gt; but was:&lt;2&gt;" type="junit.framework.AssertionFailedError">junit.framework.AssertionFailedError: Expected exactly one warning or error 
Errors: 
JSC_OUTPUT_SAME_AS_INPUT_ERROR. Bad output file (already listed as input file): input0 at (unknown source) line (unknown line) : (unknown column)
Warnings: 
JSC_UNREACHABLE_CODE. unreachable code at input0 line 1 : 0 expected:&lt;1&gt; but was:&lt;2&gt;
	at com.google.javascript.jscomp.CommandLineRunnerTest.test(CommandLineRunnerTest.java:1450)
	at com.google.javascript.jscomp.CommandLineRunnerTest.test(CommandLineRunnerTest.java:1438)
	at com.google.javascript.jscomp.CommandLineRunnerTest.testOutputSameAsInput(CommandLineRunnerTest.java:1366)
</failure>
  </testcase>
  <testcase classname="com.google.javascript.jscomp.CommandLineRunnerTest" name="testOutputWrapperFlag" time="0.002" />
  <system-out><![CDATA[]]></system-out>
  <system-err><![CDATA[java.lang.RuntimeException: INTERNAL COMPILER ERROR.
Please report this problem.

null
  Node(FUNCTION f): input0:1:19
/** @unknownTag */ function f() {}
  Parent(SCRIPT): input0:1:19
/** @unknownTag */ function f() {}

	at com.google.javascript.jscomp.CheckGlobalThis.shouldTraverse(CheckGlobalThis.java:94)
	at com.google.javascript.jscomp.CombinedCompilerPass$CallbackWrapper.shouldTraverseIfActive(CombinedCompilerPass.java:130)
	at com.google.javascript.jscomp.CombinedCompilerPass.shouldTraverse(CombinedCompilerPass.java:165)
	at com.google.javascript.jscomp.NodeTraversal.traverseBranch(NodeTraversal.java:557)
	at com.google.javascript.jscomp.NodeTraversal.traverseBranch(NodeTraversal.java:570)
	at com.google.javascript.jscomp.NodeTraversal.traverseBranch(NodeTraversal.java:570)
	at com.google.javascript.jscomp.NodeTraversal.traverse(NodeTraversal.java:289)
	at com.google.javascript.jscomp.NodeTraversal.traverse(NodeTraversal.java:528)
	at com.google.javascript.jscomp.CombinedCompilerPass.process(CombinedCompilerPass.java:154)
	at com.google.javascript.jscomp.PhaseOptimizer$NamedPass.process(PhaseOptimizer.java:285)
	at com.google.javascript.jscomp.PhaseOptimizer.process(PhaseOptimizer.java:217)
	at com.google.javascript.jscomp.Compiler.check(Compiler.java:844)
	at com.google.javascript.jscomp.Compiler.compileInternal(Compiler.java:757)
	at com.google.javascript.jscomp.Compiler.access$000(Compiler.java:95)
	at com.google.javascript.jscomp.Compiler$3.call(Compiler.java:656)
	at com.google.javascript.jscomp.Compiler$3.call(Compiler.java:653)
	at com.google.javascript.jscomp.Compiler$4.call(Compiler.java:700)
	at java.util.concurrent.FutureTask.run(FutureTask.java:262)
	at java.util.concurrent.ThreadPoolExecutor.runWorker(ThreadPoolExecutor.java:1145)
	at java.util.concurrent.ThreadPoolExecutor$Worker.run(ThreadPoolExecutor.java:615)
	at java.lang.Thread.run(Thread.java:745)
Caused by: java.lang.NullPointerException
	... 21 more
java.lang.RuntimeException: INTERNAL COMPILER ERROR.
Please report this problem.

null
  Node(FUNCTION f): input0:1:0
function f() { this.a = 3; }
  Parent(SCRIPT): input0:1:0
function f() { this.a = 3; }

	at com.google.javascript.jscomp.CheckGlobalThis.shouldTraverse(CheckGlobalThis.java:94)
	at com.google.javascript.jscomp.CombinedCompilerPass$CallbackWrapper.shouldTraverseIfActive(CombinedCompilerPass.java:130)
	at com.google.javascript.jscomp.CombinedCompilerPass.shouldTraverse(CombinedCompilerPass.java:165)
	at com.google.javascript.jscomp.NodeTraversal.traverseBranch(NodeTraversal.java:557)
	at com.google.javascript.jscomp.NodeTraversal.traverseBranch(NodeTraversal.java:570)
	at com.google.javascript.jscomp.NodeTraversal.traverseBranch(NodeTraversal.java:570)
	at com.google.javascript.jscomp.NodeTraversal.traverse(NodeTraversal.java:289)
	at com.google.javascript.jscomp.NodeTraversal.traverse(NodeTraversal.java:528)
	at com.google.javascript.jscomp.CombinedCompilerPass.process(CombinedCompilerPass.java:154)
	at com.google.javascript.jscomp.PhaseOptimizer$NamedPass.process(PhaseOptimizer.java:285)
	at com.google.javascript.jscomp.PhaseOptimizer.process(PhaseOptimizer.java:217)
	at com.google.javascript.jscomp.Compiler.check(Compiler.java:844)
	at com.google.javascript.jscomp.Compiler.compileInternal(Compiler.java:757)
	at com.google.javascript.jscomp.Compiler.access$000(Compiler.java:95)
	at com.google.javascript.jscomp.Compiler$3.call(Compiler.java:656)
	at com.google.javascript.jscomp.Compiler$3.call(Compiler.java:653)
	at com.google.javascript.jscomp.Compiler$4.call(Compiler.java:700)
	at java.util.concurrent.FutureTask.run(FutureTask.java:262)
	at java.util.concurrent.ThreadPoolExecutor.runWorker(ThreadPoolExecutor.java:1145)
	at java.util.concurrent.ThreadPoolExecutor$Worker.run(ThreadPoolExecutor.java:615)
	at java.lang.Thread.run(Thread.java:745)
Caused by: java.lang.NullPointerException
	... 21 more
java.lang.RuntimeException: INTERNAL COMPILER ERROR.
Please report this problem.

null
  Node(FUNCTION f): input0:1:0
function f() { this.a = 3; }
  Parent(SCRIPT): input0:1:0
function f() { this.a = 3; }

	at com.google.javascript.jscomp.CheckGlobalThis.shouldTraverse(CheckGlobalThis.java:94)
	at com.google.javascript.jscomp.CombinedCompilerPass$CallbackWrapper.shouldTraverseIfActive(CombinedCompilerPass.java:130)
	at com.google.javascript.jscomp.CombinedCompilerPass.shouldTraverse(CombinedCompilerPass.java:165)
	at com.google.javascript.jscomp.NodeTraversal.traverseBranch(NodeTraversal.java:557)
	at com.google.javascript.jscomp.NodeTraversal.traverseBranch(NodeTraversal.java:570)
	at com.google.javascript.jscomp.NodeTraversal.traverseBranch(NodeTraversal.java:570)
	at com.google.javascript.jscomp.NodeTraversal.traverse(NodeTraversal.java:289)
	at com.google.javascript.jscomp.NodeTraversal.traverse(NodeTraversal.java:528)
	at com.google.javascript.jscomp.CombinedCompilerPass.process(CombinedCompilerPass.java:154)
	at com.google.javascript.jscomp.PhaseOptimizer$NamedPass.process(PhaseOptimizer.java:285)
	at com.google.javascript.jscomp.PhaseOptimizer.process(PhaseOptimizer.java:217)
	at com.google.javascript.jscomp.Compiler.check(Compiler.java:844)
	at com.google.javascript.jscomp.Compiler.compileInternal(Compiler.java:757)
	at com.google.javascript.jscomp.Compiler.access$000(Compiler.java:95)
	at com.google.javascript.jscomp.Compiler$3.call(Compiler.java:656)
	at com.google.javascript.jscomp.Compiler$3.call(Compiler.java:653)
	at com.google.javascript.jscomp.Compiler$4.call(Compiler.java:700)
	at java.util.concurrent.FutureTask.run(FutureTask.java:262)
	at java.util.concurrent.ThreadPoolExecutor.runWorker(ThreadPoolExecutor.java:1145)
	at java.util.concurrent.ThreadPoolExecutor$Worker.run(ThreadPoolExecutor.java:615)
	at java.lang.Thread.run(Thread.java:745)
Caused by: java.lang.NullPointerException
	... 21 more
java.lang.RuntimeException: INTERNAL COMPILER ERROR.
Please report this problem.

null
  Node(FUNCTION ): input0:1:11
window.f = function(a) {};
  Parent(ASSIGN): input0:1:0
window.f = function(a) {};

	at com.google.javascript.jscomp.CheckGlobalThis.shouldTraverse(CheckGlobalThis.java:94)
	at com.google.javascript.jscomp.CombinedCompilerPass$CallbackWrapper.shouldTraverseIfActive(CombinedCompilerPass.java:130)
	at com.google.javascript.jscomp.CombinedCompilerPass.shouldTraverse(CombinedCompilerPass.java:165)
	at com.google.javascript.jscomp.NodeTraversal.traverseBranch(NodeTraversal.java:557)
	at com.google.javascript.jscomp.NodeTraversal.traverseBranch(NodeTraversal.java:570)
	at com.google.javascript.jscomp.NodeTraversal.traverseBranch(NodeTraversal.java:570)
	at com.google.javascript.jscomp.NodeTraversal.traverseBranch(NodeTraversal.java:570)
	at com.google.javascript.jscomp.NodeTraversal.traverseBranch(NodeTraversal.java:570)
	at com.google.javascript.jscomp.NodeTraversal.traverse(NodeTraversal.java:289)
	at com.google.javascript.jscomp.NodeTraversal.traverse(NodeTraversal.java:528)
	at com.google.javascript.jscomp.CombinedCompilerPass.process(CombinedCompilerPass.java:154)
	at com.google.javascript.jscomp.PhaseOptimizer$NamedPass.process(PhaseOptimizer.java:285)
	at com.google.javascript.jscomp.PhaseOptimizer.process(PhaseOptimizer.java:217)
	at com.google.javascript.jscomp.Compiler.check(Compiler.java:844)
	at com.google.javascript.jscomp.Compiler.compileInternal(Compiler.java:757)
	at com.google.javascript.jscomp.Compiler.access$000(Compiler.java:95)
	at com.google.javascript.jscomp.Compiler$3.call(Compiler.java:656)
	at com.google.javascript.jscomp.Compiler$3.call(Compiler.java:653)
	at com.google.javascript.jscomp.Compiler$4.call(Compiler.java:700)
	at java.util.concurrent.FutureTask.run(FutureTask.java:262)
	at java.util.concurrent.ThreadPoolExecutor.runWorker(ThreadPoolExecutor.java:1145)
	at java.util.concurrent.ThreadPoolExecutor$Worker.run(ThreadPoolExecutor.java:615)
	at java.lang.Thread.run(Thread.java:745)
Caused by: java.lang.NullPointerException
	... 23 more
java.lang.RuntimeException: INTERNAL COMPILER ERROR.
Please report this problem.

null
  Node(FUNCTION f): input0:1:0
function f() { this.a = 3; }
  Parent(SCRIPT): input0:1:0
function f() { this.a = 3; }

	at com.google.javascript.jscomp.CheckGlobalThis.shouldTraverse(CheckGlobalThis.java:94)
	at com.google.javascript.jscomp.CombinedCompilerPass$CallbackWrapper.shouldTraverseIfActive(CombinedCompilerPass.java:130)
	at com.google.javascript.jscomp.CombinedCompilerPass.shouldTraverse(CombinedCompilerPass.java:165)
	at com.google.javascript.jscomp.NodeTraversal.traverseBranch(NodeTraversal.java:557)
	at com.google.javascript.jscomp.NodeTraversal.traverseBranch(NodeTraversal.java:570)
	at com.google.javascript.jscomp.NodeTraversal.traverseBranch(NodeTraversal.java:570)
	at com.google.javascript.jscomp.NodeTraversal.traverse(NodeTraversal.java:289)
	at com.google.javascript.jscomp.NodeTraversal.traverse(NodeTraversal.java:528)
	at com.google.javascript.jscomp.CombinedCompilerPass.process(CombinedCompilerPass.java:154)
	at com.google.javascript.jscomp.PhaseOptimizer$NamedPass.process(PhaseOptimizer.java:285)
	at com.google.javascript.jscomp.PhaseOptimizer.process(PhaseOptimizer.java:217)
	at com.google.javascript.jscomp.Compiler.check(Compiler.java:844)
	at com.google.javascript.jscomp.Compiler.compileInternal(Compiler.java:757)
	at com.google.javascript.jscomp.Compiler.access$000(Compiler.java:95)
	at com.google.javascript.jscomp.Compiler$3.call(Compiler.java:656)
	at com.google.javascript.jscomp.Compiler$3.call(Compiler.java:653)
	at com.google.javascript.jscomp.Compiler$4.call(Compiler.java:700)
	at java.util.concurrent.FutureTask.run(FutureTask.java:262)
	at java.util.concurrent.ThreadPoolExecutor.runWorker(ThreadPoolExecutor.java:1145)
	at java.util.concurrent.ThreadPoolExecutor$Worker.run(ThreadPoolExecutor.java:615)
	at java.lang.Thread.run(Thread.java:745)
Caused by: java.lang.NullPointerException
	... 21 more
java.lang.RuntimeException: INTERNAL COMPILER ERROR.
Please report this problem.

null
  Node(FUNCTION f): input0:1:0
function f() { this.a = 3; }
  Parent(SCRIPT): input0:1:0
function f() { this.a = 3; }

	at com.google.javascript.jscomp.CheckGlobalThis.shouldTraverse(CheckGlobalThis.java:94)
	at com.google.javascript.jscomp.CombinedCompilerPass$CallbackWrapper.shouldTraverseIfActive(CombinedCompilerPass.java:130)
	at com.google.javascript.jscomp.CombinedCompilerPass.shouldTraverse(CombinedCompilerPass.java:165)
	at com.google.javascript.jscomp.NodeTraversal.traverseBranch(NodeTraversal.java:557)
	at com.google.javascript.jscomp.NodeTraversal.traverseBranch(NodeTraversal.java:570)
	at com.google.javascript.jscomp.NodeTraversal.traverseBranch(NodeTraversal.java:570)
	at com.google.javascript.jscomp.NodeTraversal.traverse(NodeTraversal.java:289)
	at com.google.javascript.jscomp.NodeTraversal.traverse(NodeTraversal.java:528)
	at com.google.javascript.jscomp.CombinedCompilerPass.process(CombinedCompilerPass.java:154)
	at com.google.javascript.jscomp.PhaseOptimizer$NamedPass.process(PhaseOptimizer.java:285)
	at com.google.javascript.jscomp.PhaseOptimizer.process(PhaseOptimizer.java:217)
	at com.google.javascript.jscomp.Compiler.check(Compiler.java:844)
	at com.google.javascript.jscomp.Compiler.compileInternal(Compiler.java:757)
	at com.google.javascript.jscomp.Compiler.access$000(Compiler.java:95)
	at com.google.javascript.jscomp.Compiler$3.call(Compiler.java:656)
	at com.google.javascript.jscomp.Compiler$3.call(Compiler.java:653)
	at com.google.javascript.jscomp.Compiler$4.call(Compiler.java:700)
	at java.util.concurrent.FutureTask.run(FutureTask.java:262)
	at java.util.concurrent.ThreadPoolExecutor.runWorker(ThreadPoolExecutor.java:1145)
	at java.util.concurrent.ThreadPoolExecutor$Worker.run(ThreadPoolExecutor.java:615)
	at java.lang.Thread.run(Thread.java:745)
Caused by: java.lang.NullPointerException
	... 21 more
java.lang.RuntimeException: INTERNAL COMPILER ERROR.
Please report this problem.

null
  Node(FUNCTION f): input0:1:0
function f() { this.a = 3; }
  Parent(SCRIPT): input0:1:0
function f() { this.a = 3; }

	at com.google.javascript.jscomp.CheckGlobalThis.shouldTraverse(CheckGlobalThis.java:94)
	at com.google.javascript.jscomp.CombinedCompilerPass$CallbackWrapper.shouldTraverseIfActive(CombinedCompilerPass.java:130)
	at com.google.javascript.jscomp.CombinedCompilerPass.shouldTraverse(CombinedCompilerPass.java:165)
	at com.google.javascript.jscomp.NodeTraversal.traverseBranch(NodeTraversal.java:557)
	at com.google.javascript.jscomp.NodeTraversal.traverseBranch(NodeTraversal.java:570)
	at com.google.javascript.jscomp.NodeTraversal.traverseBranch(NodeTraversal.java:570)
	at com.google.javascript.jscomp.NodeTraversal.traverse(NodeTraversal.java:289)
	at com.google.javascript.jscomp.NodeTraversal.traverse(NodeTraversal.java:528)
	at com.google.javascript.jscomp.CombinedCompilerPass.process(CombinedCompilerPass.java:154)
	at com.google.javascript.jscomp.PhaseOptimizer$NamedPass.process(PhaseOptimizer.java:285)
	at com.google.javascript.jscomp.PhaseOptimizer.process(PhaseOptimizer.java:217)
	at com.google.javascript.jscomp.Compiler.check(Compiler.java:844)
	at com.google.javascript.jscomp.Compiler.compileInternal(Compiler.java:757)
	at com.google.javascript.jscomp.Compiler.access$000(Compiler.java:95)
	at com.google.javascript.jscomp.Compiler$3.call(Compiler.java:656)
	at com.google.javascript.jscomp.Compiler$3.call(Compiler.java:653)
	at com.google.javascript.jscomp.Compiler$4.call(Compiler.java:700)
	at java.util.concurrent.FutureTask.run(FutureTask.java:262)
	at java.util.concurrent.ThreadPoolExecutor.runWorker(ThreadPoolExecutor.java:1145)
	at java.util.concurrent.ThreadPoolExecutor$Worker.run(ThreadPoolExecutor.java:615)
	at java.lang.Thread.run(Thread.java:745)
Caused by: java.lang.NullPointerException
	... 21 more
java.lang.RuntimeException: INTERNAL COMPILER ERROR.
Please report this problem.

null
  Node(FUNCTION ): input0:1:59
/** @constructor */function Foo() {}Foo.prototype.handle = function(x, y) { alert(y); };var x = goog.reflect.object(Foo, {handle: 1});for (var i in x) { x[i].call(x); }window['Foo'] = Foo;
  Parent(ASSIGN): input0:1:36
/** @constructor */function Foo() {}Foo.prototype.handle = function(x, y) { alert(y); };var x = goog.reflect.object(Foo, {handle: 1});for (var i in x) { x[i].call(x); }window['Foo'] = Foo;

	at com.google.javascript.jscomp.CheckGlobalThis.shouldTraverse(CheckGlobalThis.java:94)
	at com.google.javascript.jscomp.CombinedCompilerPass$CallbackWrapper.shouldTraverseIfActive(CombinedCompilerPass.java:130)
	at com.google.javascript.jscomp.CombinedCompilerPass.shouldTraverse(CombinedCompilerPass.java:165)
	at com.google.javascript.jscomp.NodeTraversal.traverseBranch(NodeTraversal.java:557)
	at com.google.javascript.jscomp.NodeTraversal.traverseBranch(NodeTraversal.java:570)
	at com.google.javascript.jscomp.NodeTraversal.traverseBranch(NodeTraversal.java:570)
	at com.google.javascript.jscomp.NodeTraversal.traverseBranch(NodeTraversal.java:570)
	at com.google.javascript.jscomp.NodeTraversal.traverseBranch(NodeTraversal.java:570)
	at com.google.javascript.jscomp.NodeTraversal.traverse(NodeTraversal.java:289)
	at com.google.javascript.jscomp.NodeTraversal.traverse(NodeTraversal.java:528)
	at com.google.javascript.jscomp.CombinedCompilerPass.process(CombinedCompilerPass.java:154)
	at com.google.javascript.jscomp.PhaseOptimizer$NamedPass.process(PhaseOptimizer.java:285)
	at com.google.javascript.jscomp.PhaseOptimizer.process(PhaseOptimizer.java:217)
	at com.google.javascript.jscomp.Compiler.check(Compiler.java:844)
	at com.google.javascript.jscomp.Compiler.compileInternal(Compiler.java:757)
	at com.google.javascript.jscomp.Compiler.access$000(Compiler.java:95)
	at com.google.javascript.jscomp.Compiler$3.call(Compiler.java:656)
	at com.google.javascript.jscomp.Compiler$3.call(Compiler.java:653)
	at com.google.javascript.jscomp.Compiler$4.call(Compiler.java:700)
	at java.util.concurrent.FutureTask.run(FutureTask.java:262)
	at java.util.concurrent.ThreadPoolExecutor.runWorker(ThreadPoolExecutor.java:1145)
	at java.util.concurrent.ThreadPoolExecutor$Worker.run(ThreadPoolExecutor.java:615)
	at java.lang.Thread.run(Thread.java:745)
Caused by: java.lang.NullPointerException
	... 23 more
java.lang.RuntimeException: INTERNAL COMPILER ERROR.
Please report this problem.

null
  Node(FUNCTION ): input0:1:66
/** @constructor */ function F() { this.a = 0; }F.prototype.inc = function() { this.a++; return 10; };F.prototype.bar = function() {   var c = 3; var val = this.inc(); this.a += val + c;};window['f'] = new F();window['f']['inc'] = window['f'].inc;window['f']['bar'] = window['f'].bar;use(window['f'].a)
  Parent(ASSIGN): input0:1:48
/** @constructor */ function F() { this.a = 0; }F.prototype.inc = function() { this.a++; return 10; };F.prototype.bar = function() {   var c = 3; var val = this.inc(); this.a += val + c;};window['f'] = new F();window['f']['inc'] = window['f'].inc;window['f']['bar'] = window['f'].bar;use(window['f'].a)

	at com.google.javascript.jscomp.CheckGlobalThis.shouldTraverse(CheckGlobalThis.java:94)
	at com.google.javascript.jscomp.CombinedCompilerPass$CallbackWrapper.shouldTraverseIfActive(CombinedCompilerPass.java:130)
	at com.google.javascript.jscomp.CombinedCompilerPass.shouldTraverse(CombinedCompilerPass.java:165)
	at com.google.javascript.jscomp.NodeTraversal.traverseBranch(NodeTraversal.java:557)
	at com.google.javascript.jscomp.NodeTraversal.traverseBranch(NodeTraversal.java:570)
	at com.google.javascript.jscomp.NodeTraversal.traverseBranch(NodeTraversal.java:570)
	at com.google.javascript.jscomp.NodeTraversal.traverseBranch(NodeTraversal.java:570)
	at com.google.javascript.jscomp.NodeTraversal.traverseBranch(NodeTraversal.java:570)
	at com.google.javascript.jscomp.NodeTraversal.traverse(NodeTraversal.java:289)
	at com.google.javascript.jscomp.NodeTraversal.traverse(NodeTraversal.java:528)
	at com.google.javascript.jscomp.CombinedCompilerPass.process(CombinedCompilerPass.java:154)
	at com.google.javascript.jscomp.PhaseOptimizer$NamedPass.process(PhaseOptimizer.java:285)
	at com.google.javascript.jscomp.PhaseOptimizer.process(PhaseOptimizer.java:217)
	at com.google.javascript.jscomp.Compiler.check(Compiler.java:844)
	at com.google.javascript.jscomp.Compiler.compileInternal(Compiler.java:757)
	at com.google.javascript.jscomp.Compiler.access$000(Compiler.java:95)
	at com.google.javascript.jscomp.Compiler$3.call(Compiler.java:656)
	at com.google.javascript.jscomp.Compiler$3.call(Compiler.java:653)
	at com.google.javascript.jscomp.Compiler$4.call(Compiler.java:700)
	at java.util.concurrent.FutureTask.run(FutureTask.java:262)
	at java.util.concurrent.ThreadPoolExecutor.runWorker(ThreadPoolExecutor.java:1145)
	at java.util.concurrent.ThreadPoolExecutor$Worker.run(ThreadPoolExecutor.java:615)
	at java.lang.Thread.run(Thread.java:745)
Caused by: java.lang.NullPointerException
	... 23 more
java.lang.RuntimeException: INTERNAL COMPILER ERROR.
Please report this problem.

null
  Node(FUNCTION ): input0:3:24
Foo.prototype.handle1 = function(x, y) { alert(y); };
  Parent(ASSIGN): input0:3:0
Foo.prototype.handle1 = function(x, y) { alert(y); };

	at com.google.javascript.jscomp.CheckGlobalThis.shouldTraverse(CheckGlobalThis.java:94)
	at com.google.javascript.jscomp.CombinedCompilerPass$CallbackWrapper.shouldTraverseIfActive(CombinedCompilerPass.java:130)
	at com.google.javascript.jscomp.CombinedCompilerPass.shouldTraverse(CombinedCompilerPass.java:165)
	at com.google.javascript.jscomp.NodeTraversal.traverseBranch(NodeTraversal.java:557)
	at com.google.javascript.jscomp.NodeTraversal.traverseBranch(NodeTraversal.java:570)
	at com.google.javascript.jscomp.NodeTraversal.traverseBranch(NodeTraversal.java:570)
	at com.google.javascript.jscomp.NodeTraversal.traverseBranch(NodeTraversal.java:570)
	at com.google.javascript.jscomp.NodeTraversal.traverseBranch(NodeTraversal.java:570)
	at com.google.javascript.jscomp.NodeTraversal.traverse(NodeTraversal.java:289)
	at com.google.javascript.jscomp.NodeTraversal.traverse(NodeTraversal.java:528)
	at com.google.javascript.jscomp.CombinedCompilerPass.process(CombinedCompilerPass.java:154)
	at com.google.javascript.jscomp.PhaseOptimizer$NamedPass.process(PhaseOptimizer.java:285)
	at com.google.javascript.jscomp.PhaseOptimizer.process(PhaseOptimizer.java:217)
	at com.google.javascript.jscomp.Compiler.check(Compiler.java:844)
	at com.google.javascript.jscomp.Compiler.compileInternal(Compiler.java:757)
	at com.google.javascript.jscomp.Compiler.access$000(Compiler.java:95)
	at com.google.javascript.jscomp.Compiler$3.call(Compiler.java:656)
	at com.google.javascript.jscomp.Compiler$3.call(Compiler.java:653)
	at com.google.javascript.jscomp.Compiler$4.call(Compiler.java:700)
	at java.util.concurrent.FutureTask.run(FutureTask.java:262)
	at java.util.concurrent.ThreadPoolExecutor.runWorker(ThreadPoolExecutor.java:1145)
	at java.util.concurrent.ThreadPoolExecutor$Worker.run(ThreadPoolExecutor.java:615)
	at java.lang.Thread.run(Thread.java:745)
Caused by: java.lang.NullPointerException
	... 23 more
java.lang.RuntimeException: INTERNAL COMPILER ERROR.
Please report this problem.

null
  Node(FUNCTION f): input0:1:0
function f(x) { return x; } f();
  Parent(SCRIPT): input0:1:0
function f(x) { return x; } f();

	at com.google.javascript.jscomp.CheckGlobalThis.shouldTraverse(CheckGlobalThis.java:94)
	at com.google.javascript.jscomp.CombinedCompilerPass$CallbackWrapper.shouldTraverseIfActive(CombinedCompilerPass.java:130)
	at com.google.javascript.jscomp.CombinedCompilerPass.shouldTraverse(CombinedCompilerPass.java:165)
	at com.google.javascript.jscomp.NodeTraversal.traverseBranch(NodeTraversal.java:557)
	at com.google.javascript.jscomp.NodeTraversal.traverseBranch(NodeTraversal.java:570)
	at com.google.javascript.jscomp.NodeTraversal.traverseBranch(NodeTraversal.java:570)
	at com.google.javascript.jscomp.NodeTraversal.traverse(NodeTraversal.java:289)
	at com.google.javascript.jscomp.NodeTraversal.traverse(NodeTraversal.java:528)
	at com.google.javascript.jscomp.CombinedCompilerPass.process(CombinedCompilerPass.java:154)
	at com.google.javascript.jscomp.PhaseOptimizer$NamedPass.process(PhaseOptimizer.java:285)
	at com.google.javascript.jscomp.PhaseOptimizer.process(PhaseOptimizer.java:217)
	at com.google.javascript.jscomp.Compiler.check(Compiler.java:844)
	at com.google.javascript.jscomp.Compiler.compileInternal(Compiler.java:757)
	at com.google.javascript.jscomp.Compiler.access$000(Compiler.java:95)
	at com.google.javascript.jscomp.Compiler$3.call(Compiler.java:656)
	at com.google.javascript.jscomp.Compiler$3.call(Compiler.java:653)
	at com.google.javascript.jscomp.Compiler$4.call(Compiler.java:700)
	at java.util.concurrent.FutureTask.run(FutureTask.java:262)
	at java.util.concurrent.ThreadPoolExecutor.runWorker(ThreadPoolExecutor.java:1145)
	at java.util.concurrent.ThreadPoolExecutor$Worker.run(ThreadPoolExecutor.java:615)
	at java.lang.Thread.run(Thread.java:745)
Caused by: java.lang.NullPointerException
	... 21 more
java.lang.RuntimeException: INTERNAL COMPILER ERROR.
Please report this problem.

null
  Node(FUNCTION f): input0:1:0
function f(x) { return x; } f();
  Parent(SCRIPT): input0:1:0
function f(x) { return x; } f();

	at com.google.javascript.jscomp.CheckGlobalThis.shouldTraverse(CheckGlobalThis.java:94)
	at com.google.javascript.jscomp.CombinedCompilerPass$CallbackWrapper.shouldTraverseIfActive(CombinedCompilerPass.java:130)
	at com.google.javascript.jscomp.CombinedCompilerPass.shouldTraverse(CombinedCompilerPass.java:165)
	at com.google.javascript.jscomp.NodeTraversal.traverseBranch(NodeTraversal.java:557)
	at com.google.javascript.jscomp.NodeTraversal.traverseBranch(NodeTraversal.java:570)
	at com.google.javascript.jscomp.NodeTraversal.traverseBranch(NodeTraversal.java:570)
	at com.google.javascript.jscomp.NodeTraversal.traverse(NodeTraversal.java:289)
	at com.google.javascript.jscomp.NodeTraversal.traverse(NodeTraversal.java:528)
	at com.google.javascript.jscomp.CombinedCompilerPass.process(CombinedCompilerPass.java:154)
	at com.google.javascript.jscomp.PhaseOptimizer$NamedPass.process(PhaseOptimizer.java:285)
	at com.google.javascript.jscomp.PhaseOptimizer.process(PhaseOptimizer.java:217)
	at com.google.javascript.jscomp.Compiler.check(Compiler.java:844)
	at com.google.javascript.jscomp.Compiler.compileInternal(Compiler.java:757)
	at com.google.javascript.jscomp.Compiler.access$000(Compiler.java:95)
	at com.google.javascript.jscomp.Compiler$3.call(Compiler.java:656)
	at com.google.javascript.jscomp.Compiler$3.call(Compiler.java:653)
	at com.google.javascript.jscomp.Compiler$4.call(Compiler.java:700)
	at java.util.concurrent.FutureTask.run(FutureTask.java:262)
	at java.util.concurrent.ThreadPoolExecutor.runWorker(ThreadPoolExecutor.java:1145)
	at java.util.concurrent.ThreadPoolExecutor$Worker.run(ThreadPoolExecutor.java:615)
	at java.lang.Thread.run(Thread.java:745)
Caused by: java.lang.NullPointerException
	... 21 more
java.lang.RuntimeException: INTERNAL COMPILER ERROR.
Please report this problem.

null
  Node(FUNCTION ): input0:1:23
var x = x || {}; x.f = function() {}; x.f(3);
  Parent(ASSIGN): input0:1:17
var x = x || {}; x.f = function() {}; x.f(3);

	at com.google.javascript.jscomp.CheckGlobalThis.shouldTraverse(CheckGlobalThis.java:94)
	at com.google.javascript.jscomp.CombinedCompilerPass$CallbackWrapper.shouldTraverseIfActive(CombinedCompilerPass.java:130)
	at com.google.javascript.jscomp.CombinedCompilerPass.shouldTraverse(CombinedCompilerPass.java:165)
	at com.google.javascript.jscomp.NodeTraversal.traverseBranch(NodeTraversal.java:557)
	at com.google.javascript.jscomp.NodeTraversal.traverseBranch(NodeTraversal.java:570)
	at com.google.javascript.jscomp.NodeTraversal.traverseBranch(NodeTraversal.java:570)
	at com.google.javascript.jscomp.NodeTraversal.traverseBranch(NodeTraversal.java:570)
	at com.google.javascript.jscomp.NodeTraversal.traverseBranch(NodeTraversal.java:570)
	at com.google.javascript.jscomp.NodeTraversal.traverse(NodeTraversal.java:289)
	at com.google.javascript.jscomp.NodeTraversal.traverse(NodeTraversal.java:528)
	at com.google.javascript.jscomp.CombinedCompilerPass.process(CombinedCompilerPass.java:154)
	at com.google.javascript.jscomp.PhaseOptimizer$NamedPass.process(PhaseOptimizer.java:285)
	at com.google.javascript.jscomp.PhaseOptimizer.process(PhaseOptimizer.java:217)
	at com.google.javascript.jscomp.Compiler.check(Compiler.java:844)
	at com.google.javascript.jscomp.Compiler.compileInternal(Compiler.java:757)
	at com.google.javascript.jscomp.Compiler.access$000(Compiler.java:95)
	at com.google.javascript.jscomp.Compiler$3.call(Compiler.java:656)
	at com.google.javascript.jscomp.Compiler$3.call(Compiler.java:653)
	at com.google.javascript.jscomp.Compiler$4.call(Compiler.java:700)
	at java.util.concurrent.FutureTask.run(FutureTask.java:262)
	at java.util.concurrent.ThreadPoolExecutor.runWorker(ThreadPoolExecutor.java:1145)
	at java.util.concurrent.ThreadPoolExecutor$Worker.run(ThreadPoolExecutor.java:615)
	at java.lang.Thread.run(Thread.java:745)
Caused by: java.lang.NullPointerException
	... 23 more
java.lang.RuntimeException: INTERNAL COMPILER ERROR.
Please report this problem.

null
  Node(FUNCTION f): input0:1:0
function f() {var x = {}; var y = x.bar;}
  Parent(SCRIPT): input0:1:0
function f() {var x = {}; var y = x.bar;}

	at com.google.javascript.jscomp.CheckGlobalThis.shouldTraverse(CheckGlobalThis.java:94)
	at com.google.javascript.jscomp.CombinedCompilerPass$CallbackWrapper.shouldTraverseIfActive(CombinedCompilerPass.java:130)
	at com.google.javascript.jscomp.CombinedCompilerPass.shouldTraverse(CombinedCompilerPass.java:165)
	at com.google.javascript.jscomp.NodeTraversal.traverseBranch(NodeTraversal.java:557)
	at com.google.javascript.jscomp.NodeTraversal.traverseBranch(NodeTraversal.java:570)
	at com.google.javascript.jscomp.NodeTraversal.traverseBranch(NodeTraversal.java:570)
	at com.google.javascript.jscomp.NodeTraversal.traverse(NodeTraversal.java:289)
	at com.google.javascript.jscomp.NodeTraversal.traverse(NodeTraversal.java:528)
	at com.google.javascript.jscomp.CombinedCompilerPass.process(CombinedCompilerPass.java:154)
	at com.google.javascript.jscomp.PhaseOptimizer$NamedPass.process(PhaseOptimizer.java:285)
	at com.google.javascript.jscomp.PhaseOptimizer.process(PhaseOptimizer.java:217)
	at com.google.javascript.jscomp.Compiler.check(Compiler.java:844)
	at com.google.javascript.jscomp.Compiler.compileInternal(Compiler.java:757)
	at com.google.javascript.jscomp.Compiler.access$000(Compiler.java:95)
	at com.google.javascript.jscomp.Compiler$3.call(Compiler.java:656)
	at com.google.javascript.jscomp.Compiler$3.call(Compiler.java:653)
	at com.google.javascript.jscomp.Compiler$4.call(Compiler.java:700)
	at java.util.concurrent.FutureTask.run(FutureTask.java:262)
	at java.util.concurrent.ThreadPoolExecutor.runWorker(ThreadPoolExecutor.java:1145)
	at java.util.concurrent.ThreadPoolExecutor$Worker.run(ThreadPoolExecutor.java:615)
	at java.lang.Thread.run(Thread.java:745)
Caused by: java.lang.NullPointerException
	... 21 more
java.lang.RuntimeException: INTERNAL COMPILER ERROR.
Please report this problem.

null
  Node(FUNCTION f): input0:1:0
function f() {   var arguments = Array.prototype.slice.call(arguments, 0);  return arguments[0]; }
  Parent(SCRIPT): input0:1:0
function f() {   var arguments = Array.prototype.slice.call(arguments, 0);  return arguments[0]; }

	at com.google.javascript.jscomp.CheckGlobalThis.shouldTraverse(CheckGlobalThis.java:94)
	at com.google.javascript.jscomp.CombinedCompilerPass$CallbackWrapper.shouldTraverseIfActive(CombinedCompilerPass.java:130)
	at com.google.javascript.jscomp.CombinedCompilerPass.shouldTraverse(CombinedCompilerPass.java:165)
	at com.google.javascript.jscomp.NodeTraversal.traverseBranch(NodeTraversal.java:557)
	at com.google.javascript.jscomp.NodeTraversal.traverseBranch(NodeTraversal.java:570)
	at com.google.javascript.jscomp.NodeTraversal.traverseBranch(NodeTraversal.java:570)
	at com.google.javascript.jscomp.NodeTraversal.traverse(NodeTraversal.java:289)
	at com.google.javascript.jscomp.NodeTraversal.traverse(NodeTraversal.java:528)
	at com.google.javascript.jscomp.CombinedCompilerPass.process(CombinedCompilerPass.java:154)
	at com.google.javascript.jscomp.PhaseOptimizer$NamedPass.process(PhaseOptimizer.java:285)
	at com.google.javascript.jscomp.PhaseOptimizer.process(PhaseOptimizer.java:217)
	at com.google.javascript.jscomp.Compiler.check(Compiler.java:844)
	at com.google.javascript.jscomp.Compiler.compileInternal(Compiler.java:757)
	at com.google.javascript.jscomp.Compiler.access$000(Compiler.java:95)
	at com.google.javascript.jscomp.Compiler$3.call(Compiler.java:656)
	at com.google.javascript.jscomp.Compiler$3.call(Compiler.java:653)
	at com.google.javascript.jscomp.Compiler$4.call(Compiler.java:700)
	at java.util.concurrent.FutureTask.run(FutureTask.java:262)
	at java.util.concurrent.ThreadPoolExecutor.runWorker(ThreadPoolExecutor.java:1145)
	at java.util.concurrent.ThreadPoolExecutor$Worker.run(ThreadPoolExecutor.java:615)
	at java.lang.Thread.run(Thread.java:745)
Caused by: java.lang.NullPointerException
	... 21 more
java.lang.RuntimeException: INTERNAL COMPILER ERROR.
Please report this problem.

null
  Node(FUNCTION ): input0:1:5
void function() { alert('hi'); }();
  Parent(CALL): input0:1:5
void function() { alert('hi'); }();

	at com.google.javascript.jscomp.CheckGlobalThis.shouldTraverse(CheckGlobalThis.java:94)
	at com.google.javascript.jscomp.CombinedCompilerPass$CallbackWrapper.shouldTraverseIfActive(CombinedCompilerPass.java:130)
	at com.google.javascript.jscomp.CombinedCompilerPass.shouldTraverse(CombinedCompilerPass.java:165)
	at com.google.javascript.jscomp.NodeTraversal.traverseBranch(NodeTraversal.java:557)
	at com.google.javascript.jscomp.NodeTraversal.traverseBranch(NodeTraversal.java:570)
	at com.google.javascript.jscomp.NodeTraversal.traverseBranch(NodeTraversal.java:570)
	at com.google.javascript.jscomp.NodeTraversal.traverseBranch(NodeTraversal.java:570)
	at com.google.javascript.jscomp.NodeTraversal.traverseBranch(NodeTraversal.java:570)
	at com.google.javascript.jscomp.NodeTraversal.traverseBranch(NodeTraversal.java:570)
	at com.google.javascript.jscomp.NodeTraversal.traverseBranch(NodeTraversal.java:570)
	at com.google.javascript.jscomp.NodeTraversal.traverse(NodeTraversal.java:289)
	at com.google.javascript.jscomp.NodeTraversal.traverse(NodeTraversal.java:528)
	at com.google.javascript.jscomp.CombinedCompilerPass.process(CombinedCompilerPass.java:154)
	at com.google.javascript.jscomp.PhaseOptimizer$NamedPass.process(PhaseOptimizer.java:285)
	at com.google.javascript.jscomp.PhaseOptimizer.process(PhaseOptimizer.java:217)
	at com.google.javascript.jscomp.Compiler.check(Compiler.java:844)
	at com.google.javascript.jscomp.Compiler.compileInternal(Compiler.java:757)
	at com.google.javascript.jscomp.Compiler.access$000(Compiler.java:95)
	at com.google.javascript.jscomp.Compiler$3.call(Compiler.java:656)
	at com.google.javascript.jscomp.Compiler$3.call(Compiler.java:653)
	at com.google.javascript.jscomp.Compiler$4.call(Compiler.java:700)
	at java.util.concurrent.FutureTask.run(FutureTask.java:262)
	at java.util.concurrent.ThreadPoolExecutor.runWorker(ThreadPoolExecutor.java:1145)
	at java.util.concurrent.ThreadPoolExecutor$Worker.run(ThreadPoolExecutor.java:615)
	at java.lang.Thread.run(Thread.java:745)
Caused by: java.lang.NullPointerException
	... 25 more
java.lang.RuntimeException: INTERNAL COMPILER ERROR.
Please report this problem.

null
  Node(FUNCTION f): input0:1:0
function f() { return '\v' == 'v'; } window['f'] = f;
  Parent(SCRIPT): input0:1:0
function f() { return '\v' == 'v'; } window['f'] = f;

	at com.google.javascript.jscomp.CheckGlobalThis.shouldTraverse(CheckGlobalThis.java:94)
	at com.google.javascript.jscomp.CombinedCompilerPass$CallbackWrapper.shouldTraverseIfActive(CombinedCompilerPass.java:130)
	at com.google.javascript.jscomp.CombinedCompilerPass.shouldTraverse(CombinedCompilerPass.java:165)
	at com.google.javascript.jscomp.NodeTraversal.traverseBranch(NodeTraversal.java:557)
	at com.google.javascript.jscomp.NodeTraversal.traverseBranch(NodeTraversal.java:570)
	at com.google.javascript.jscomp.NodeTraversal.traverseBranch(NodeTraversal.java:570)
	at com.google.javascript.jscomp.NodeTraversal.traverse(NodeTraversal.java:289)
	at com.google.javascript.jscomp.NodeTraversal.traverse(NodeTraversal.java:528)
	at com.google.javascript.jscomp.CombinedCompilerPass.process(CombinedCompilerPass.java:154)
	at com.google.javascript.jscomp.PhaseOptimizer$NamedPass.process(PhaseOptimizer.java:285)
	at com.google.javascript.jscomp.PhaseOptimizer.process(PhaseOptimizer.java:217)
	at com.google.javascript.jscomp.Compiler.check(Compiler.java:844)
	at com.google.javascript.jscomp.Compiler.compileInternal(Compiler.java:757)
	at com.google.javascript.jscomp.Compiler.access$000(Compiler.java:95)
	at com.google.javascript.jscomp.Compiler$3.call(Compiler.java:656)
	at com.google.javascript.jscomp.Compiler$3.call(Compiler.java:653)
	at com.google.javascript.jscomp.Compiler$4.call(Compiler.java:700)
	at java.util.concurrent.FutureTask.run(FutureTask.java:262)
	at java.util.concurrent.ThreadPoolExecutor.runWorker(ThreadPoolExecutor.java:1145)
	at java.util.concurrent.ThreadPoolExecutor$Worker.run(ThreadPoolExecutor.java:615)
	at java.lang.Thread.run(Thread.java:745)
Caused by: java.lang.NullPointerException
	... 21 more
java.lang.RuntimeException: INTERNAL COMPILER ERROR.
Please report this problem.

null
  Node(FUNCTION f): input0:1:0
function f() { return '\u000B' == 'v'; } window['f'] = f;
  Parent(SCRIPT): input0:1:0
function f() { return '\u000B' == 'v'; } window['f'] = f;

	at com.google.javascript.jscomp.CheckGlobalThis.shouldTraverse(CheckGlobalThis.java:94)
	at com.google.javascript.jscomp.CombinedCompilerPass$CallbackWrapper.shouldTraverseIfActive(CombinedCompilerPass.java:130)
	at com.google.javascript.jscomp.CombinedCompilerPass.shouldTraverse(CombinedCompilerPass.java:165)
	at com.google.javascript.jscomp.NodeTraversal.traverseBranch(NodeTraversal.java:557)
	at com.google.javascript.jscomp.NodeTraversal.traverseBranch(NodeTraversal.java:570)
	at com.google.javascript.jscomp.NodeTraversal.traverseBranch(NodeTraversal.java:570)
	at com.google.javascript.jscomp.NodeTraversal.traverse(NodeTraversal.java:289)
	at com.google.javascript.jscomp.NodeTraversal.traverse(NodeTraversal.java:528)
	at com.google.javascript.jscomp.CombinedCompilerPass.process(CombinedCompilerPass.java:154)
	at com.google.javascript.jscomp.PhaseOptimizer$NamedPass.process(PhaseOptimizer.java:285)
	at com.google.javascript.jscomp.PhaseOptimizer.process(PhaseOptimizer.java:217)
	at com.google.javascript.jscomp.Compiler.check(Compiler.java:844)
	at com.google.javascript.jscomp.Compiler.compileInternal(Compiler.java:757)
	at com.google.javascript.jscomp.Compiler.access$000(Compiler.java:95)
	at com.google.javascript.jscomp.Compiler$3.call(Compiler.java:656)
	at com.google.javascript.jscomp.Compiler$3.call(Compiler.java:653)
	at com.google.javascript.jscomp.Compiler$4.call(Compiler.java:700)
	at java.util.concurrent.FutureTask.run(FutureTask.java:262)
	at java.util.concurrent.ThreadPoolExecutor.runWorker(ThreadPoolExecutor.java:1145)
	at java.util.concurrent.ThreadPoolExecutor$Worker.run(ThreadPoolExecutor.java:615)
	at java.lang.Thread.run(Thread.java:745)
Caused by: java.lang.NullPointerException
	... 21 more
java.lang.IllegalStateException: Missing catch or finally for try statement.. Reference node:
TRY 1 [source_file: input0]
    BLOCK 1 [source_file: input0]
        EXPR_RESULT 1 [source_file: input0]
            NEW 1 [side_effect_flags: 7] [source_file: input0]
                NAME Function 1 [source_file: input0]
                STRING this is an error 1 [source_file: input0]
    BLOCK 1 [source_file: input0]
        CATCH 1 [source_file: input0]
            NAME a 1 [source_file: input0] [is_constant_var: 1]
            BLOCK 1 [source_file: input0]
                EXPR_RESULT 1 [source_file: input0]
                    CALL 1 [side_effect_flags: 8] [free_call: 1] [source_file: input0]
                        NAME alert 1 [source_file: input0]
                        STRING x 1 [source_file: input0]

	at com.google.javascript.jscomp.AstValidator$1.handleViolation(AstValidator.java:54)
	at com.google.javascript.jscomp.AstValidator.violation(AstValidator.java:1167)
	at com.google.javascript.jscomp.AstValidator.validateTry(AstValidator.java:888)
	at com.google.javascript.jscomp.AstValidator.validateStatement(AstValidator.java:142)
	at com.google.javascript.jscomp.AstValidator.validateScript(AstValidator.java:91)
	at com.google.javascript.jscomp.AstValidator.validateCodeRoot(AstValidator.java:82)
	at com.google.javascript.jscomp.AstValidator.process(AstValidator.java:66)
	at com.google.javascript.jscomp.PhaseOptimizer$NamedPass.process(PhaseOptimizer.java:285)
	at com.google.javascript.jscomp.PhaseOptimizer.process(PhaseOptimizer.java:217)
	at com.google.javascript.jscomp.Compiler.optimize(Compiler.java:1978)
	at com.google.javascript.jscomp.Compiler.compileInternal(Compiler.java:764)
	at com.google.javascript.jscomp.Compiler.access$000(Compiler.java:95)
	at com.google.javascript.jscomp.Compiler$3.call(Compiler.java:656)
	at com.google.javascript.jscomp.Compiler$3.call(Compiler.java:653)
	at com.google.javascript.jscomp.Compiler$4.call(Compiler.java:700)
	at java.util.concurrent.FutureTask.run(FutureTask.java:262)
	at java.util.concurrent.ThreadPoolExecutor.runWorker(ThreadPoolExecutor.java:1145)
	at java.util.concurrent.ThreadPoolExecutor$Worker.run(ThreadPoolExecutor.java:615)
	at java.lang.Thread.run(Thread.java:745)
java.lang.RuntimeException: INTERNAL COMPILER ERROR.
Please report this problem.

null
  Node(FUNCTION ): input0:1:64
/** @constructor */var Foo = function() {};Foo.prototype.blah = function() {  Foo.bar_(this)};Foo.bar_ = function(f) {  f.x = 5;};var y = new Foo();Foo.bar_({});y.blah();alert(y);
  Parent(ASSIGN): input0:1:43
/** @constructor */var Foo = function() {};Foo.prototype.blah = function() {  Foo.bar_(this)};Foo.bar_ = function(f) {  f.x = 5;};var y = new Foo();Foo.bar_({});y.blah();alert(y);

	at com.google.javascript.jscomp.CheckGlobalThis.shouldTraverse(CheckGlobalThis.java:94)
	at com.google.javascript.jscomp.CombinedCompilerPass$CallbackWrapper.shouldTraverseIfActive(CombinedCompilerPass.java:130)
	at com.google.javascript.jscomp.CombinedCompilerPass.shouldTraverse(CombinedCompilerPass.java:165)
	at com.google.javascript.jscomp.NodeTraversal.traverseBranch(NodeTraversal.java:557)
	at com.google.javascript.jscomp.NodeTraversal.traverseBranch(NodeTraversal.java:570)
	at com.google.javascript.jscomp.NodeTraversal.traverseBranch(NodeTraversal.java:570)
	at com.google.javascript.jscomp.NodeTraversal.traverseBranch(NodeTraversal.java:570)
	at com.google.javascript.jscomp.NodeTraversal.traverseBranch(NodeTraversal.java:570)
	at com.google.javascript.jscomp.NodeTraversal.traverse(NodeTraversal.java:289)
	at com.google.javascript.jscomp.NodeTraversal.traverse(NodeTraversal.java:528)
	at com.google.javascript.jscomp.CombinedCompilerPass.process(CombinedCompilerPass.java:154)
	at com.google.javascript.jscomp.PhaseOptimizer$NamedPass.process(PhaseOptimizer.java:285)
	at com.google.javascript.jscomp.PhaseOptimizer.process(PhaseOptimizer.java:217)
	at com.google.javascript.jscomp.Compiler.check(Compiler.java:844)
	at com.google.javascript.jscomp.Compiler.compileInternal(Compiler.java:757)
	at com.google.javascript.jscomp.Compiler.access$000(Compiler.java:95)
	at com.google.javascript.jscomp.Compiler$3.call(Compiler.java:656)
	at com.google.javascript.jscomp.Compiler$3.call(Compiler.java:653)
	at com.google.javascript.jscomp.Compiler$4.call(Compiler.java:700)
	at java.util.concurrent.FutureTask.run(FutureTask.java:262)
	at java.util.concurrent.ThreadPoolExecutor.runWorker(ThreadPoolExecutor.java:1145)
	at java.util.concurrent.ThreadPoolExecutor$Worker.run(ThreadPoolExecutor.java:615)
	at java.lang.Thread.run(Thread.java:745)
Caused by: java.lang.NullPointerException
	... 23 more
java.lang.RuntimeException: INTERNAL COMPILER ERROR.
Please report this problem.

null
  Node(FUNCTION f): input0:1:17
if (true) { f(); function f() {} }
  Parent(BLOCK): input0:1:10
if (true) { f(); function f() {} }

	at com.google.javascript.jscomp.CheckGlobalThis.shouldTraverse(CheckGlobalThis.java:94)
	at com.google.javascript.jscomp.CombinedCompilerPass$CallbackWrapper.shouldTraverseIfActive(CombinedCompilerPass.java:130)
	at com.google.javascript.jscomp.CombinedCompilerPass.shouldTraverse(CombinedCompilerPass.java:165)
	at com.google.javascript.jscomp.NodeTraversal.traverseBranch(NodeTraversal.java:557)
	at com.google.javascript.jscomp.NodeTraversal.traverseBranch(NodeTraversal.java:570)
	at com.google.javascript.jscomp.NodeTraversal.traverseBranch(NodeTraversal.java:570)
	at com.google.javascript.jscomp.NodeTraversal.traverseBranch(NodeTraversal.java:570)
	at com.google.javascript.jscomp.NodeTraversal.traverseBranch(NodeTraversal.java:570)
	at com.google.javascript.jscomp.NodeTraversal.traverse(NodeTraversal.java:289)
	at com.google.javascript.jscomp.NodeTraversal.traverse(NodeTraversal.java:528)
	at com.google.javascript.jscomp.CombinedCompilerPass.process(CombinedCompilerPass.java:154)
	at com.google.javascript.jscomp.PhaseOptimizer$NamedPass.process(PhaseOptimizer.java:285)
	at com.google.javascript.jscomp.PhaseOptimizer.process(PhaseOptimizer.java:217)
	at com.google.javascript.jscomp.Compiler.check(Compiler.java:844)
	at com.google.javascript.jscomp.Compiler.compileInternal(Compiler.java:757)
	at com.google.javascript.jscomp.Compiler.access$000(Compiler.java:95)
	at com.google.javascript.jscomp.Compiler$3.call(Compiler.java:656)
	at com.google.javascript.jscomp.Compiler$3.call(Compiler.java:653)
	at com.google.javascript.jscomp.Compiler$4.call(Compiler.java:700)
	at java.util.concurrent.FutureTask.run(FutureTask.java:262)
	at java.util.concurrent.ThreadPoolExecutor.runWorker(ThreadPoolExecutor.java:1145)
	at java.util.concurrent.ThreadPoolExecutor$Worker.run(ThreadPoolExecutor.java:615)
	at java.lang.Thread.run(Thread.java:745)
Caused by: java.lang.NullPointerException
	... 23 more
java.lang.RuntimeException: INTERNAL COMPILER ERROR.
Please report this problem.

null
  Node(FUNCTION f): input0:1:0
function f(x) { delete x; }
  Parent(SCRIPT): input0:1:0
function f(x) { delete x; }

	at com.google.javascript.jscomp.CheckGlobalThis.shouldTraverse(CheckGlobalThis.java:94)
	at com.google.javascript.jscomp.CombinedCompilerPass$CallbackWrapper.shouldTraverseIfActive(CombinedCompilerPass.java:130)
	at com.google.javascript.jscomp.CombinedCompilerPass.shouldTraverse(CombinedCompilerPass.java:165)
	at com.google.javascript.jscomp.NodeTraversal.traverseBranch(NodeTraversal.java:557)
	at com.google.javascript.jscomp.NodeTraversal.traverseBranch(NodeTraversal.java:570)
	at com.google.javascript.jscomp.NodeTraversal.traverseBranch(NodeTraversal.java:570)
	at com.google.javascript.jscomp.NodeTraversal.traverse(NodeTraversal.java:289)
	at com.google.javascript.jscomp.NodeTraversal.traverse(NodeTraversal.java:528)
	at com.google.javascript.jscomp.CombinedCompilerPass.process(CombinedCompilerPass.java:154)
	at com.google.javascript.jscomp.PhaseOptimizer$NamedPass.process(PhaseOptimizer.java:285)
	at com.google.javascript.jscomp.PhaseOptimizer.process(PhaseOptimizer.java:217)
	at com.google.javascript.jscomp.Compiler.check(Compiler.java:844)
	at com.google.javascript.jscomp.Compiler.compileInternal(Compiler.java:757)
	at com.google.javascript.jscomp.Compiler.access$000(Compiler.java:95)
	at com.google.javascript.jscomp.Compiler$3.call(Compiler.java:656)
	at com.google.javascript.jscomp.Compiler$3.call(Compiler.java:653)
	at com.google.javascript.jscomp.Compiler$4.call(Compiler.java:700)
	at java.util.concurrent.FutureTask.run(FutureTask.java:262)
	at java.util.concurrent.ThreadPoolExecutor.runWorker(ThreadPoolExecutor.java:1145)
	at java.util.concurrent.ThreadPoolExecutor$Worker.run(ThreadPoolExecutor.java:615)
	at java.lang.Thread.run(Thread.java:745)
Caused by: java.lang.NullPointerException
	... 21 more
]]></system-err>
</testsuite>
