<?xml version="1.0" encoding="UTF-8" ?>
<testsuite errors="0" failures="2" hostname="cs-210-206.cs.ucla.edu" name="com.google.javascript.jscomp.NameAnalyzerTest" skipped="0" tests="336" time="0.633" timestamp="2015-03-08T21:49:19">
  <properties>
    <property name="java.vendor" value="Oracle Corporation" />
    <property name="lib.dir" value="/Users/linmanna/Documents/proj/UCLA-CS-239-Winter-2015/Part_B/Benchmark/closure-compiler/lib" />
    <property name="refasterjs-jarfile" value="/Users/linmanna/Documents/proj/UCLA-CS-239-Winter-2015/Part_B/Benchmark/closure-compiler/build/refasterjs.jar" />
    <property name="sun.java.launcher" value="SUN_STANDARD" />
    <property name="sun.management.compiler" value="HotSpot 64-Bit Tiered Compilers" />
    <property name="os.name" value="Mac OS X" />
    <property name="sun.boot.class.path" value="/Library/Java/JavaVirtualMachines/jdk1.7.0_75.jdk/Contents/Home/jre/lib/resources.jar:/Library/Java/JavaVirtualMachines/jdk1.7.0_75.jdk/Contents/Home/jre/lib/rt.jar:/Library/Java/JavaVirtualMachines/jdk1.7.0_75.jdk/Contents/Home/jre/lib/sunrsasign.jar:/Library/Java/JavaVirtualMachines/jdk1.7.0_75.jdk/Contents/Home/jre/lib/jsse.jar:/Library/Java/JavaVirtualMachines/jdk1.7.0_75.jdk/Contents/Home/jre/lib/jce.jar:/Library/Java/JavaVirtualMachines/jdk1.7.0_75.jdk/Contents/Home/jre/lib/charsets.jar:/Library/Java/JavaVirtualMachines/jdk1.7.0_75.jdk/Contents/Home/jre/lib/jfr.jar:/Library/Java/JavaVirtualMachines/jdk1.7.0_75.jdk/Contents/Home/jre/classes" />
    <property name="maven-repository-id" value="sonatype-nexus-staging" />
    <property name="java.vm.specification.vendor" value="Oracle Corporation" />
    <property name="ant.home" value="//Users/linmanna/ant" />
    <property name="java.runtime.version" value="1.7.0_75-b13" />
    <property name="gen.dir" value="/Users/linmanna/Documents/proj/UCLA-CS-239-Winter-2015/Part_B/Benchmark/closure-compiler/gen" />
    <property name="user.name" value="linmanna" />
    <property name="ant.file.compiler" value="/Users/linmanna/Documents/proj/UCLA-CS-239-Winter-2015/Part_B/Benchmark/closure-compiler/build.xml" />
    <property name="build.dir" value="/Users/linmanna/Documents/proj/UCLA-CS-239-Winter-2015/Part_B/Benchmark/closure-compiler/build" />
    <property name="ant.build.javac.target" value="1.7" />
    <property name="user.language" value="zh" />
    <property name="test.method" value="" />
    <property name="sun.boot.library.path" value="/Library/Java/JavaVirtualMachines/jdk1.7.0_75.jdk/Contents/Home/jre/lib" />
    <property name="ant.project.default-target" value="jar" />
    <property name="ant.project.name" value="compiler" />
    <property name="java.version" value="1.7.0_75" />
    <property name="user.timezone" value="" />
    <property name="sun.arch.data.model" value="64" />
    <property name="http.nonProxyHosts" value="local|*.local|169.254/16|*.169.254/16" />
    <property name="java.endorsed.dirs" value="/Library/Java/JavaVirtualMachines/jdk1.7.0_75.jdk/Contents/Home/jre/lib/endorsed" />
    <property name="sun.cpu.isalist" value="" />
    <property name="sun.jnu.encoding" value="UTF-8" />
    <property name="file.encoding.pkg" value="sun.io" />
    <property name="file.separator" value="/" />
    <property name="java.specification.name" value="Java Platform API Specification" />
    <property name="protoc.executable" value="protoc" />
    <property name="classes.dir" value="/Users/linmanna/Documents/proj/UCLA-CS-239-Winter-2015/Part_B/Benchmark/closure-compiler/build/classes" />
    <property name="java.class.version" value="51.0" />
    <property name="testClasses.dir" value="/Users/linmanna/Documents/proj/UCLA-CS-239-Winter-2015/Part_B/Benchmark/closure-compiler/build/test" />
    <property name="user.country" value="CN" />
    <property name="java.home" value="/Library/Java/JavaVirtualMachines/jdk1.7.0_75.jdk/Contents/Home/jre" />
    <property name="java.vm.info" value="mixed mode" />
    <property name="externs.dir" value="/Users/linmanna/Documents/proj/UCLA-CS-239-Winter-2015/Part_B/Benchmark/closure-compiler/externs" />
    <property name="ant.file" value="/Users/linmanna/Documents/proj/UCLA-CS-239-Winter-2015/Part_B/Benchmark/closure-compiler/build.xml" />
    <property name="os.version" value="10.9.5" />
    <property name="javac.debug" value="on" />
    <property name="path.separator" value=":" />
    <property name="java.vm.version" value="24.75-b04" />
    <property name="ant.library.dir" value="//Users/linmanna/ant/lib" />
    <property name="java.awt.printerjob" value="sun.lwawt.macosx.CPrinterJob" />
    <property name="webservice-jarfile" value="/Users/linmanna/Documents/proj/UCLA-CS-239-Winter-2015/Part_B/Benchmark/closure-compiler/build/webservice.jar" />
    <property name="sun.io.unicode.encoding" value="UnicodeBig" />
    <property name="test.fork" value="true" />
    <property name="webservice.dir" value="/Users/linmanna/Documents/proj/UCLA-CS-239-Winter-2015/Part_B/Benchmark/closure-compiler/src/com/google/javascript/jscomp/webservice" />
    <property name="awt.toolkit" value="sun.lwawt.macosx.LWCToolkit" />
    <property name="buildlib.dir" value="/Users/linmanna/Documents/proj/UCLA-CS-239-Winter-2015/Part_B/Benchmark/closure-compiler/build/lib" />
    <property name="socksNonProxyHosts" value="local|*.local|169.254/16|*.169.254/16" />
    <property name="ftp.nonProxyHosts" value="local|*.local|169.254/16|*.169.254/16" />
    <property name="ant.build.javac.source" value="1.7" />
    <property name="refasterjs.dir" value="/Users/linmanna/Documents/proj/UCLA-CS-239-Winter-2015/Part_B/Benchmark/closure-compiler/src/com/google/javascript/refactoring" />
    <property name="user.home" value="/Users/linmanna" />
    <property name="java.specification.vendor" value="Oracle Corporation" />
    <property name="test.dir" value="/Users/linmanna/Documents/proj/UCLA-CS-239-Winter-2015/Part_B/Benchmark/closure-compiler/test" />
    <property name="java.library.path" value="/Users/linmanna/Library/Java/Extensions:/Library/Java/Extensions:/Network/Library/Java/Extensions:/System/Library/Java/Extensions:/usr/lib/java:." />
    <property name="java.vendor.url" value="http://java.oracle.com/" />
    <property name="java.vm.vendor" value="Oracle Corporation" />
    <property name="gopherProxySet" value="false" />
    <property name="build.relVersion" value="5107abc" />
    <property name="java.runtime.name" value="Java(TM) SE Runtime Environment" />
    <property name="sun.java.command" value="org.apache.tools.ant.taskdefs.optional.junit.JUnitTestRunner testsfile=/Users/linmanna/Documents/proj/UCLA-CS-239-Winter-2015/Part_B/Benchmark/closure-compiler/junittestcases5949901879760027472.properties skipNonTests=false filtertrace=true haltOnError=false haltOnFailure=false formatter=org.apache.tools.ant.taskdefs.optional.junit.SummaryJUnitResultFormatter showoutput=true outputtoformatters=true logfailedtests=true threadid=0 logtestlistenerevents=false formatter=org.apache.tools.ant.taskdefs.optional.junit.BriefJUnitResultFormatter formatter=org.apache.tools.ant.taskdefs.optional.junit.XMLJUnitResultFormatter,/Users/linmanna/Documents/proj/UCLA-CS-239-Winter-2015/Part_B/Benchmark/closure-compiler/build/testoutput/IGNORETHIS.xml crashfile=/Users/linmanna/Documents/proj/UCLA-CS-239-Winter-2015/Part_B/Benchmark/closure-compiler/junitvmwatcher5896012663290099626.properties propsfile=/Users/linmanna/Documents/proj/UCLA-CS-239-Winter-2015/Part_B/Benchmark/closure-compiler/junit3382148267101857145.properties" />
    <property name="java.class.path" value="/Users/linmanna/Documents/proj/UCLA-CS-239-Winter-2015/Part_B/Benchmark/closure-compiler/build/classes:/Users/linmanna/Documents/proj/UCLA-CS-239-Winter-2015/Part_B/Benchmark/closure-compiler/lib/ant-launcher.jar:/Users/linmanna/Documents/proj/UCLA-CS-239-Winter-2015/Part_B/Benchmark/closure-compiler/lib/ant.jar:/Users/linmanna/Documents/proj/UCLA-CS-239-Winter-2015/Part_B/Benchmark/closure-compiler/lib/args4j.jar:/Users/linmanna/Documents/proj/UCLA-CS-239-Winter-2015/Part_B/Benchmark/closure-compiler/lib/gson.jar:/Users/linmanna/Documents/proj/UCLA-CS-239-Winter-2015/Part_B/Benchmark/closure-compiler/lib/guava.jar:/Users/linmanna/Documents/proj/UCLA-CS-239-Winter-2015/Part_B/Benchmark/closure-compiler/lib/jsr305.jar:/Users/linmanna/Documents/proj/UCLA-CS-239-Winter-2015/Part_B/Benchmark/closure-compiler/lib/junit.jar:/Users/linmanna/Documents/proj/UCLA-CS-239-Winter-2015/Part_B/Benchmark/closure-compiler/lib/protobuf-java.jar:/Users/linmanna/Documents/proj/UCLA-CS-239-Winter-2015/Part_B/Benchmark/closure-compiler/lib/truth.jar:/Users/linmanna/Documents/proj/UCLA-CS-239-Winter-2015/Part_B/Benchmark/closure-compiler/build/test:/Users/linmanna/ant/lib/ant-launcher.jar:/Users/linmanna/ant/lib/ant.jar:/Users/linmanna/ant/lib/ant-junit.jar:/Users/linmanna/ant/lib/ant-junit4.jar" />
    <property name="ant.version" value="Apache Ant(TM) version 1.9.4 compiled on April 29 2014" />
    <property name="test.class" value="*Test" />
    <property name="java.vm.specification.name" value="Java Virtual Machine Specification" />
    <property name="ant.file.type" value="file" />
    <property name="java.vm.specification.version" value="1.7" />
    <property name="sun.cpu.endian" value="little" />
    <property name="sun.os.patch.level" value="unknown" />
    <property name="java.io.tmpdir" value="/var/folders/_p/3swdt4h96dn79vyt21dtny9h0000gn/T/" />
    <property name="java.vendor.url.bug" value="http://bugreport.sun.com/bugreport/" />
    <property name="java.awt.graphicsenv" value="sun.awt.CGraphicsEnvironment" />
    <property name="maven-repository-url" value="https://oss.sonatype.org/service/local/staging/deploy/maven2/" />
    <property name="os.arch" value="x86_64" />
    <property name="webservice-classes.dir" value="/Users/linmanna/Documents/proj/UCLA-CS-239-Winter-2015/Part_B/Benchmark/closure-compiler/build/webservice-classes" />
    <property name="java.ext.dirs" value="/Users/linmanna/Library/Java/Extensions:/Library/Java/JavaVirtualMachines/jdk1.7.0_75.jdk/Contents/Home/jre/lib/ext:/Library/Java/Extensions:/Network/Library/Java/Extensions:/System/Library/Java/Extensions:/usr/lib/java" />
    <property name="user.dir" value="/Users/linmanna/Documents/proj/UCLA-CS-239-Winter-2015/Part_B/Benchmark/closure-compiler" />
    <property name="ant.file.type.compiler" value="file" />
    <property name="line.separator" value="&#xa;" />
    <property name="java.vm.name" value="Java HotSpot(TM) 64-Bit Server VM" />
    <property name="refasterjs-classes.dir" value="/Users/linmanna/Documents/proj/UCLA-CS-239-Winter-2015/Part_B/Benchmark/closure-compiler/build/refasterjs-classes" />
    <property name="basedir" value="/Users/linmanna/Documents/proj/UCLA-CS-239-Winter-2015/Part_B/Benchmark/closure-compiler" />
    <property name="ant.java.version" value="1.7" />
    <property name="ant.core.lib" value="/Users/linmanna/ant/lib/ant.jar" />
    <property name="file.encoding" value="UTF-8" />
    <property name="closure.build.dir" value="/Users/linmanna/Documents/proj/UCLA-CS-239-Winter-2015/Part_B/Benchmark/closure-compiler/build" />
    <property name="compiler-jarfile" value="/Users/linmanna/Documents/proj/UCLA-CS-239-Winter-2015/Part_B/Benchmark/closure-compiler/build/compiler.jar" />
    <property name="java.specification.version" value="1.7" />
    <property name="src.dir" value="/Users/linmanna/Documents/proj/UCLA-CS-239-Winter-2015/Part_B/Benchmark/closure-compiler/src" />
    <property name="ant.project.invoked-targets" value="clean,compile,compile-tests,test" />
    <property name="javadoc.dir" value="/Users/linmanna/Documents/proj/UCLA-CS-239-Winter-2015/Part_B/Benchmark/closure-compiler/build/javadoc" />
    <property name="tools.dir" value="/Users/linmanna/Documents/proj/UCLA-CS-239-Winter-2015/Part_B/Benchmark/closure-compiler/tools" />
  </properties>
  <testcase classname="com.google.javascript.jscomp.NameAnalyzerTest" name="testFor" time="0.005" />
  <testcase classname="com.google.javascript.jscomp.NameAnalyzerTest" name="testIssue284" time="0.002" />
  <testcase classname="com.google.javascript.jscomp.NameAnalyzerTest" name="testSingletonGetter1" time="0.001" />
  <testcase classname="com.google.javascript.jscomp.NameAnalyzerTest" name="testRemoveDeclaration1" time="0.001" />
  <testcase classname="com.google.javascript.jscomp.NameAnalyzerTest" name="testRemoveDeclaration2" time="0.001" />
  <testcase classname="com.google.javascript.jscomp.NameAnalyzerTest" name="testAnonymous1" time="0.006" />
  <testcase classname="com.google.javascript.jscomp.NameAnalyzerTest" name="testAnonymous2" time="0.001" />
  <testcase classname="com.google.javascript.jscomp.NameAnalyzerTest" name="testAnonymous3" time="0.001" />
  <testcase classname="com.google.javascript.jscomp.NameAnalyzerTest" name="testRemoveFunction2" time="0.001" />
  <testcase classname="com.google.javascript.jscomp.NameAnalyzerTest" name="testRemoveVarDeclaration1" time="0.001" />
  <testcase classname="com.google.javascript.jscomp.NameAnalyzerTest" name="testRemoveVarDeclaration2" time="0.001" />
  <testcase classname="com.google.javascript.jscomp.NameAnalyzerTest" name="testRemoveFunction3" time="0.001" />
  <testcase classname="com.google.javascript.jscomp.NameAnalyzerTest" name="testRemoveFunction1" time="0.001" />
  <testcase classname="com.google.javascript.jscomp.NameAnalyzerTest" name="testRemoveVarDeclaration3" time="0.001" />
  <testcase classname="com.google.javascript.jscomp.NameAnalyzerTest" name="testRemoveVarDeclaration4" time="0.002" />
  <testcase classname="com.google.javascript.jscomp.NameAnalyzerTest" name="testRemoveVarDeclaration5" time="0.001" />
  <testcase classname="com.google.javascript.jscomp.NameAnalyzerTest" name="testRemoveVarDeclaration6" time="0.001" />
  <testcase classname="com.google.javascript.jscomp.NameAnalyzerTest" name="testRemoveVarDeclaration7" time="0.001" />
  <testcase classname="com.google.javascript.jscomp.NameAnalyzerTest" name="testRemoveVarDeclaration8" time="0.001" />
  <testcase classname="com.google.javascript.jscomp.NameAnalyzerTest" name="testRemoveDeclaration3" time="0.001" />
  <testcase classname="com.google.javascript.jscomp.NameAnalyzerTest" name="testRemoveDeclaration4" time="0.001" />
  <testcase classname="com.google.javascript.jscomp.NameAnalyzerTest" name="testRemoveDeclaration5" time="0.001" />
  <testcase classname="com.google.javascript.jscomp.NameAnalyzerTest" name="testRemoveDeclaration6" time="0.001" />
  <testcase classname="com.google.javascript.jscomp.NameAnalyzerTest" name="testRemoveDeclaration7" time="0.001" />
  <testcase classname="com.google.javascript.jscomp.NameAnalyzerTest" name="testRemoveFunction4" time="0.002" />
  <testcase classname="com.google.javascript.jscomp.NameAnalyzerTest" name="testReferredToByWindow" time="0.001" />
  <testcase classname="com.google.javascript.jscomp.NameAnalyzerTest" name="testExtern" time="0.001" />
  <testcase classname="com.google.javascript.jscomp.NameAnalyzerTest" name="testRemoveNamedFunction" time="0.0" />
  <testcase classname="com.google.javascript.jscomp.NameAnalyzerTest" name="testRemoveRecursiveFunction1" time="0.0" />
  <testcase classname="com.google.javascript.jscomp.NameAnalyzerTest" name="testRemoveRecursiveFunction2" time="0.0" />
  <testcase classname="com.google.javascript.jscomp.NameAnalyzerTest" name="testRemoveRecursiveFunction2a" time="0.0" />
  <testcase classname="com.google.javascript.jscomp.NameAnalyzerTest" name="testRemoveRecursiveFunction3" time="0.001" />
  <testcase classname="com.google.javascript.jscomp.NameAnalyzerTest" name="testRemoveRecursiveFunction4" time="0.001" />
  <testcase classname="com.google.javascript.jscomp.NameAnalyzerTest" name="testRemoveRecursiveFunction5" time="0.002" />
  <testcase classname="com.google.javascript.jscomp.NameAnalyzerTest" name="testRemoveRecursiveFunction6" time="0.002" />
  <testcase classname="com.google.javascript.jscomp.NameAnalyzerTest" name="testRemoveRecursiveFunction7" time="0.001" />
  <testcase classname="com.google.javascript.jscomp.NameAnalyzerTest" name="testRemoveRecursiveFunction8" time="0.001" />
  <testcase classname="com.google.javascript.jscomp.NameAnalyzerTest" name="testRemoveRecursiveFunction9" time="0.002" />
  <testcase classname="com.google.javascript.jscomp.NameAnalyzerTest" name="testSideEffectClassification1" time="0.001" />
  <testcase classname="com.google.javascript.jscomp.NameAnalyzerTest" name="testSideEffectClassification2" time="0.001" />
  <testcase classname="com.google.javascript.jscomp.NameAnalyzerTest" name="testSideEffectClassification3" time="0.001" />
  <testcase classname="com.google.javascript.jscomp.NameAnalyzerTest" name="testSideEffectClassification4" time="0.001" />
  <testcase classname="com.google.javascript.jscomp.NameAnalyzerTest" name="testSideEffectClassification5" time="0.001" />
  <testcase classname="com.google.javascript.jscomp.NameAnalyzerTest" name="testSideEffectClassification6" time="0.001" />
  <testcase classname="com.google.javascript.jscomp.NameAnalyzerTest" name="testSideEffectClassification7" time="0.001" />
  <testcase classname="com.google.javascript.jscomp.NameAnalyzerTest" name="testNoSideEffectAnnotation1" time="0.001" />
  <testcase classname="com.google.javascript.jscomp.NameAnalyzerTest" name="testNoSideEffectAnnotation2" time="0.001" />
  <testcase classname="com.google.javascript.jscomp.NameAnalyzerTest" name="testNoSideEffectAnnotation3" time="0.002" />
  <testcase classname="com.google.javascript.jscomp.NameAnalyzerTest" name="testNoSideEffectAnnotation4" time="0.001" />
  <testcase classname="com.google.javascript.jscomp.NameAnalyzerTest" name="testNoSideEffectAnnotation5" time="0.001" />
  <testcase classname="com.google.javascript.jscomp.NameAnalyzerTest" name="testNoSideEffectAnnotation6" time="0.001" />
  <testcase classname="com.google.javascript.jscomp.NameAnalyzerTest" name="testNoSideEffectAnnotation7" time="0.001" />
  <testcase classname="com.google.javascript.jscomp.NameAnalyzerTest" name="testNoSideEffectAnnotation8" time="0.002" />
  <testcase classname="com.google.javascript.jscomp.NameAnalyzerTest" name="testNoSideEffectAnnotation9" time="0.003" />
  <testcase classname="com.google.javascript.jscomp.NameAnalyzerTest" name="testNoSideEffectAnnotation10" time="0.001" />
  <testcase classname="com.google.javascript.jscomp.NameAnalyzerTest" name="testNoSideEffectAnnotation11" time="0.001" />
  <testcase classname="com.google.javascript.jscomp.NameAnalyzerTest" name="testNoSideEffectAnnotation12" time="0.001" />
  <testcase classname="com.google.javascript.jscomp.NameAnalyzerTest" name="testNoSideEffectAnnotation13" time="0.001" />
  <testcase classname="com.google.javascript.jscomp.NameAnalyzerTest" name="testNoSideEffectAnnotation14" time="0.001" />
  <testcase classname="com.google.javascript.jscomp.NameAnalyzerTest" name="testNoSideEffectAnnotation15" time="0.001" />
  <testcase classname="com.google.javascript.jscomp.NameAnalyzerTest" name="testNoSideEffectAnnotation16" time="0.001" />
  <testcase classname="com.google.javascript.jscomp.NameAnalyzerTest" name="testFunctionPrototype" time="0.001" />
  <testcase classname="com.google.javascript.jscomp.NameAnalyzerTest" name="testTopLevelClass1" time="0.001" />
  <testcase classname="com.google.javascript.jscomp.NameAnalyzerTest" name="testTopLevelClass2" time="0.002" />
  <testcase classname="com.google.javascript.jscomp.NameAnalyzerTest" name="testTopLevelClass3" time="0.001" />
  <testcase classname="com.google.javascript.jscomp.NameAnalyzerTest" name="testTopLevelClass4" time="0.002" />
  <testcase classname="com.google.javascript.jscomp.NameAnalyzerTest" name="testTopLevelClass5" time="0.002" />
  <testcase classname="com.google.javascript.jscomp.NameAnalyzerTest" name="testTopLevelClass6" time="0.002" />
  <testcase classname="com.google.javascript.jscomp.NameAnalyzerTest" name="testTopLevelClass7" time="0.001" />
  <testcase classname="com.google.javascript.jscomp.NameAnalyzerTest" name="testNamespacedClass1" time="0.001" />
  <testcase classname="com.google.javascript.jscomp.NameAnalyzerTest" name="testNamespacedClass2" time="0.001" />
  <testcase classname="com.google.javascript.jscomp.NameAnalyzerTest" name="testNamespacedClass3" time="0.001" />
  <testcase classname="com.google.javascript.jscomp.NameAnalyzerTest" name="testNamespacedClass4" time="0.001" />
  <testcase classname="com.google.javascript.jscomp.NameAnalyzerTest" name="testNamespacedClass5" time="0.001" />
  <testcase classname="com.google.javascript.jscomp.NameAnalyzerTest" name="testAssignmentToThisPrototype" time="0.001" />
  <testcase classname="com.google.javascript.jscomp.NameAnalyzerTest" name="testAssignmentToCallResultPrototype" time="0.001" />
  <testcase classname="com.google.javascript.jscomp.NameAnalyzerTest" name="testAssignmentToExternPrototype" time="0.0" />
  <testcase classname="com.google.javascript.jscomp.NameAnalyzerTest" name="testAssignmentToUnknownPrototype" time="0.0" />
  <testcase classname="com.google.javascript.jscomp.NameAnalyzerTest" name="testBug2099540" time="0.001" />
  <testcase classname="com.google.javascript.jscomp.NameAnalyzerTest" name="testOtherGlobal" time="0.001" />
  <testcase classname="com.google.javascript.jscomp.NameAnalyzerTest" name="testExternName1" time="0.001" />
  <testcase classname="com.google.javascript.jscomp.NameAnalyzerTest" name="testExternName2" time="0.001" />
  <testcase classname="com.google.javascript.jscomp.NameAnalyzerTest" name="testInherits1" time="0.001" />
  <testcase classname="com.google.javascript.jscomp.NameAnalyzerTest" name="testInherits2" time="0.002" />
  <testcase classname="com.google.javascript.jscomp.NameAnalyzerTest" name="testInherits3" time="0.002" />
  <testcase classname="com.google.javascript.jscomp.NameAnalyzerTest" name="testInherits4" time="0.002" />
  <testcase classname="com.google.javascript.jscomp.NameAnalyzerTest" name="testInherits5" time="0.002" />
  <testcase classname="com.google.javascript.jscomp.NameAnalyzerTest" name="testInherits6" time="0.001" />
  <testcase classname="com.google.javascript.jscomp.NameAnalyzerTest" name="testInherits7" time="0.001" />
  <testcase classname="com.google.javascript.jscomp.NameAnalyzerTest" name="testInherits8" time="0.002" />
  <testcase classname="com.google.javascript.jscomp.NameAnalyzerTest" name="testMixin1" time="0.005" />
  <testcase classname="com.google.javascript.jscomp.NameAnalyzerTest" name="testMixin2" time="0.002" />
  <testcase classname="com.google.javascript.jscomp.NameAnalyzerTest" name="testMixin3" time="0.001" />
  <testcase classname="com.google.javascript.jscomp.NameAnalyzerTest" name="testMixin4" time="0.004" />
  <testcase classname="com.google.javascript.jscomp.NameAnalyzerTest" name="testMixin5" time="0.002" />
  <testcase classname="com.google.javascript.jscomp.NameAnalyzerTest" name="testMixin6" time="0.002" />
  <testcase classname="com.google.javascript.jscomp.NameAnalyzerTest" name="testMixin7" time="0.002" />
  <testcase classname="com.google.javascript.jscomp.NameAnalyzerTest" name="testConstants1" time="0.001" />
  <testcase classname="com.google.javascript.jscomp.NameAnalyzerTest" name="testConstants2" time="0.002" />
  <testcase classname="com.google.javascript.jscomp.NameAnalyzerTest" name="testExpressions1" time="0.001" />
  <testcase classname="com.google.javascript.jscomp.NameAnalyzerTest" name="testExpressions2" time="0.001" />
  <testcase classname="com.google.javascript.jscomp.NameAnalyzerTest" name="testExpressions3" time="0.002" />
  <testcase classname="com.google.javascript.jscomp.NameAnalyzerTest" name="testSetCreatingReference" time="0.002" />
  <testcase classname="com.google.javascript.jscomp.NameAnalyzerTest" name="testAnonymous4" time="0.001" />
  <testcase classname="com.google.javascript.jscomp.NameAnalyzerTest" name="testAnonymous5" time="0.001" />
  <testcase classname="com.google.javascript.jscomp.NameAnalyzerTest" name="testAnonymous6" time="0.005" />
  <testcase classname="com.google.javascript.jscomp.NameAnalyzerTest" name="testAnonymous7" time="0.002" />
  <testcase classname="com.google.javascript.jscomp.NameAnalyzerTest" name="testAnonymous8" time="0.001" />
  <testcase classname="com.google.javascript.jscomp.NameAnalyzerTest" name="testAnonymous9" time="0.001" />
  <testcase classname="com.google.javascript.jscomp.NameAnalyzerTest" name="testFunctions1" time="0.001" />
  <testcase classname="com.google.javascript.jscomp.NameAnalyzerTest" name="testFunctions2" time="0.002" />
  <testcase classname="com.google.javascript.jscomp.NameAnalyzerTest" name="testGetElem1" time="0.002" />
  <testcase classname="com.google.javascript.jscomp.NameAnalyzerTest" name="testGetElem2" time="0.003" />
  <testcase classname="com.google.javascript.jscomp.NameAnalyzerTest" name="testGetElem3" time="0.002" />
  <testcase classname="com.google.javascript.jscomp.NameAnalyzerTest" name="testIf1" time="0.001" />
  <testcase classname="com.google.javascript.jscomp.NameAnalyzerTest" name="testIf2" time="0.002" />
  <testcase classname="com.google.javascript.jscomp.NameAnalyzerTest" name="testIf3" time="0.002" />
  <testcase classname="com.google.javascript.jscomp.NameAnalyzerTest" name="testIf4" time="0.001" />
  <testcase classname="com.google.javascript.jscomp.NameAnalyzerTest" name="testIf4a" time="0.001" />
  <testcase classname="com.google.javascript.jscomp.NameAnalyzerTest" name="testIf4b" time="0.002" />
  <testcase classname="com.google.javascript.jscomp.NameAnalyzerTest" name="testIf4c" time="0.001" />
  <testcase classname="com.google.javascript.jscomp.NameAnalyzerTest" name="testIf5" time="0.002" />
  <testcase classname="com.google.javascript.jscomp.NameAnalyzerTest" name="testIfElse" time="0.001" />
  <testcase classname="com.google.javascript.jscomp.NameAnalyzerTest" name="testWhile" time="0.001" />
  <testcase classname="com.google.javascript.jscomp.NameAnalyzerTest" name="testDo" time="0.001" />
  <testcase classname="com.google.javascript.jscomp.NameAnalyzerTest" name="testSetterInForStruct1" time="0.001" />
  <testcase classname="com.google.javascript.jscomp.NameAnalyzerTest" name="testSetterInForStruct2" time="0.0" />
  <testcase classname="com.google.javascript.jscomp.NameAnalyzerTest" name="testSetterInForStruct3" time="0.001" />
  <testcase classname="com.google.javascript.jscomp.NameAnalyzerTest" name="testSetterInForStruct4" time="0.001" />
  <testcase classname="com.google.javascript.jscomp.NameAnalyzerTest" name="testSetterInForStruct5" time="0.001" />
  <testcase classname="com.google.javascript.jscomp.NameAnalyzerTest" name="testSetterInForStruct6" time="0.002" />
  <testcase classname="com.google.javascript.jscomp.NameAnalyzerTest" name="testSetterInForStruct7" time="0.002" />
  <testcase classname="com.google.javascript.jscomp.NameAnalyzerTest" name="testSetterInForStruct8" time="0.002" />
  <testcase classname="com.google.javascript.jscomp.NameAnalyzerTest" name="testSetterInForStruct9" time="0.001" />
  <testcase classname="com.google.javascript.jscomp.NameAnalyzerTest" name="testSetterInForStruct10" time="0.001" />
  <testcase classname="com.google.javascript.jscomp.NameAnalyzerTest" name="testSetterInForStruct11" time="0.001" />
  <testcase classname="com.google.javascript.jscomp.NameAnalyzerTest" name="testSetterInForStruct12" time="0.002" />
  <testcase classname="com.google.javascript.jscomp.NameAnalyzerTest" name="testSetterInForStruct13" time="0.001" />
  <testcase classname="com.google.javascript.jscomp.NameAnalyzerTest" name="testSetterInForStruct14" time="0.001" />
  <testcase classname="com.google.javascript.jscomp.NameAnalyzerTest" name="testSetterInForStruct15" time="0.001" />
  <testcase classname="com.google.javascript.jscomp.NameAnalyzerTest" name="testSetterInForStruct16" time="0.001" />
  <testcase classname="com.google.javascript.jscomp.NameAnalyzerTest" name="testSetterInForIn1" time="0.001" />
  <testcase classname="com.google.javascript.jscomp.NameAnalyzerTest" name="testSetterInForIn2" time="0.001" />
  <testcase classname="com.google.javascript.jscomp.NameAnalyzerTest" name="testSetterInForIn3" time="0.001" />
  <testcase classname="com.google.javascript.jscomp.NameAnalyzerTest" name="testSetterInForIn4" time="0.002" />
  <testcase classname="com.google.javascript.jscomp.NameAnalyzerTest" name="testSetterInForIn5" time="0.001" />
  <testcase classname="com.google.javascript.jscomp.NameAnalyzerTest" name="testSetterInForIn6" time="0.0" />
  <testcase classname="com.google.javascript.jscomp.NameAnalyzerTest" name="testSetterInIfPredicate" time="0.001" />
  <testcase classname="com.google.javascript.jscomp.NameAnalyzerTest" name="testSetterInWhilePredicate" time="0.001" />
  <testcase classname="com.google.javascript.jscomp.NameAnalyzerTest" name="testSetterInDoWhilePredicate" time="0.001" />
  <testcase classname="com.google.javascript.jscomp.NameAnalyzerTest" name="testSetterInSwitchInput" time="0.0" />
  <testcase classname="com.google.javascript.jscomp.NameAnalyzerTest" name="testComplexAssigns" time="0.0" />
  <testcase classname="com.google.javascript.jscomp.NameAnalyzerTest" name="testNestedAssigns1" time="0.0" />
  <testcase classname="com.google.javascript.jscomp.NameAnalyzerTest" name="testNestedAssigns2" time="0.001" />
  <testcase classname="com.google.javascript.jscomp.NameAnalyzerTest" name="testComplexNestedAssigns1" time="0.001" />
  <testcase classname="com.google.javascript.jscomp.NameAnalyzerTest" name="testComplexNestedAssigns2" time="0.002" />
  <testcase classname="com.google.javascript.jscomp.NameAnalyzerTest" name="testComplexNestedAssigns3" time="0.001" />
  <testcase classname="com.google.javascript.jscomp.NameAnalyzerTest" name="testComplexNestedAssigns4" time="0.001" />
  <testcase classname="com.google.javascript.jscomp.NameAnalyzerTest" name="testUnintendedUseOfInheritsInLocalScope1" time="0.001" />
  <testcase classname="com.google.javascript.jscomp.NameAnalyzerTest" name="testUnintendedUseOfInheritsInLocalScope2" time="0.001" />
  <testcase classname="com.google.javascript.jscomp.NameAnalyzerTest" name="testUnintendedUseOfInheritsInLocalScope3" time="0.001" />
  <testcase classname="com.google.javascript.jscomp.NameAnalyzerTest" name="testUnintendedUseOfInheritsInLocalScope4" time="0.002" />
  <testcase classname="com.google.javascript.jscomp.NameAnalyzerTest" name="testPrototypePropertySetInLocalScope1" time="0.001" />
  <testcase classname="com.google.javascript.jscomp.NameAnalyzerTest" name="testPrototypePropertySetInLocalScope2" time="0.002" />
  <testcase classname="com.google.javascript.jscomp.NameAnalyzerTest" name="testPrototypePropertySetInLocalScope3" time="0.001" />
  <testcase classname="com.google.javascript.jscomp.NameAnalyzerTest" name="testPrototypePropertySetInLocalScope4" time="0.001" />
  <testcase classname="com.google.javascript.jscomp.NameAnalyzerTest" name="testPrototypePropertySetInLocalScope5" time="0.001" />
  <testcase classname="com.google.javascript.jscomp.NameAnalyzerTest" name="testPrototypePropertySetInLocalScope6" time="0.001" />
  <testcase classname="com.google.javascript.jscomp.NameAnalyzerTest" name="testPrototypePropertySetInLocalScope7" time="0.001" />
  <testcase classname="com.google.javascript.jscomp.NameAnalyzerTest" name="testRValueReference1" time="0.001" />
  <testcase classname="com.google.javascript.jscomp.NameAnalyzerTest" name="testRValueReference2" time="0.001" />
  <testcase classname="com.google.javascript.jscomp.NameAnalyzerTest" name="testRValueReference3" time="0.001" />
  <testcase classname="com.google.javascript.jscomp.NameAnalyzerTest" name="testRValueReference4" time="0.001" />
  <testcase classname="com.google.javascript.jscomp.NameAnalyzerTest" name="testRValueReference5" time="0.002" />
  <testcase classname="com.google.javascript.jscomp.NameAnalyzerTest" name="testRValueReference6" time="0.001" />
  <testcase classname="com.google.javascript.jscomp.NameAnalyzerTest" name="testUnhandledTopNode" time="0.002" />
  <testcase classname="com.google.javascript.jscomp.NameAnalyzerTest" name="testPropertyDefinedInGlobalScope" time="0.001" />
  <testcase classname="com.google.javascript.jscomp.NameAnalyzerTest" name="testConditionallyDefinedFunction1" time="0.001" />
  <testcase classname="com.google.javascript.jscomp.NameAnalyzerTest" name="testConditionallyDefinedFunction2" time="0.002" />
  <testcase classname="com.google.javascript.jscomp.NameAnalyzerTest" name="testConditionallyDefinedFunction3" time="0.001" />
  <testcase classname="com.google.javascript.jscomp.NameAnalyzerTest" name="testGetElemOnThis" time="0.002" />
  <testcase classname="com.google.javascript.jscomp.NameAnalyzerTest" name="testRemoveInstanceOfOnly" time="0.002" />
  <testcase classname="com.google.javascript.jscomp.NameAnalyzerTest" name="testRemoveLocalScopedInstanceOfOnly" time="0.001" />
  <testcase classname="com.google.javascript.jscomp.NameAnalyzerTest" name="testRemoveInstanceOfWithReferencedMethod" time="0.001" />
  <testcase classname="com.google.javascript.jscomp.NameAnalyzerTest" name="testDoNotChangeReferencedInstanceOf" time="0.001" />
  <testcase classname="com.google.javascript.jscomp.NameAnalyzerTest" name="testDoNotChangeReferencedLocalScopedInstanceOf" time="0.002" />
  <testcase classname="com.google.javascript.jscomp.NameAnalyzerTest" name="testDoNotChangeLocalScopeReferencedInstanceOf" time="0.002" />
  <testcase classname="com.google.javascript.jscomp.NameAnalyzerTest" name="testDoNotChangeLocalScopeReferencedLocalScopedInstanceOf" time="0.008" />
  <testcase classname="com.google.javascript.jscomp.NameAnalyzerTest" name="testDoNotChangeLocalScopeReferencedLocalScopedInstanceOf2" time="0.004" />
  <testcase classname="com.google.javascript.jscomp.NameAnalyzerTest" name="testDoNotChangeInstanceOfGetElem" time="0.002" />
  <testcase classname="com.google.javascript.jscomp.NameAnalyzerTest" name="testWeirdnessOnLeftSideOfPrototype" time="0.001" />
  <testcase classname="com.google.javascript.jscomp.NameAnalyzerTest" name="testDoNotChangeInstanceOfGetprop" time="0.001" />
  <testcase classname="com.google.javascript.jscomp.NameAnalyzerTest" name="testShortCircuit1" time="0.001" />
  <testcase classname="com.google.javascript.jscomp.NameAnalyzerTest" name="testShortCircuit2" time="0.001">
    <failure message="&#xa;Expected: 1||c()&#xa;Result:   1&amp;&amp;c()&#xa;Node tree inequality:&#xa;Expected tree:&#xa;BLOCK [synthetic: 1]&#xa;    SCRIPT 1 [synthetic: 1] [source_file: expected0] [input_id: InputId: expected0]&#xa;        EXPR_RESULT 1 [source_file: expected0]&#xa;            OR 1 [source_file: expected0]&#xa;                NUMBER 1.0 1 [source_file: expected0]&#xa;                CALL 1 [free_call: 1] [source_file: expected0]&#xa;                    NAME c 1 [source_file: expected0]&#xa;&#xa;&#xa;Actual tree:&#xa;BLOCK [synthetic: 1]&#xa;    SCRIPT 1 [synthetic: 1] [source_file: testcode] [input_id: InputId: testcode]&#xa;        EXPR_RESULT 1 [source_file: testcode]&#xa;            AND 1 [source_file: testcode]&#xa;                NUMBER 1.0 1 [source_file: testcode]&#xa;                CALL 1 [free_call: 1] [source_file: testcode]&#xa;                    NAME c 1 [source_file: testcode]&#xa;&#xa;&#xa;Expected subtree: OR 1 [source_file: expected0]&#xa;    NUMBER 1.0 1 [source_file: expected0]&#xa;    CALL 1 [free_call: 1] [source_file: expected0]&#xa;        NAME c 1 [source_file: expected0]&#xa;&#xa;&#xa;Actual subtree: AND 1 [source_file: testcode]&#xa;    NUMBER 1.0 1 [source_file: testcode]&#xa;    CALL 1 [free_call: 1] [source_file: testcode]&#xa;        NAME c 1 [source_file: testcode]&#xa;" type="junit.framework.AssertionFailedError">junit.framework.AssertionFailedError: 
Expected: 1||c()
Result:   1&amp;&amp;c()
Node tree inequality:
Expected tree:
BLOCK [synthetic: 1]
    SCRIPT 1 [synthetic: 1] [source_file: expected0] [input_id: InputId: expected0]
        EXPR_RESULT 1 [source_file: expected0]
            OR 1 [source_file: expected0]
                NUMBER 1.0 1 [source_file: expected0]
                CALL 1 [free_call: 1] [source_file: expected0]
                    NAME c 1 [source_file: expected0]


Actual tree:
BLOCK [synthetic: 1]
    SCRIPT 1 [synthetic: 1] [source_file: testcode] [input_id: InputId: testcode]
        EXPR_RESULT 1 [source_file: testcode]
            AND 1 [source_file: testcode]
                NUMBER 1.0 1 [source_file: testcode]
                CALL 1 [free_call: 1] [source_file: testcode]
                    NAME c 1 [source_file: testcode]


Expected subtree: OR 1 [source_file: expected0]
    NUMBER 1.0 1 [source_file: expected0]
    CALL 1 [free_call: 1] [source_file: expected0]
        NAME c 1 [source_file: expected0]


Actual subtree: AND 1 [source_file: testcode]
    NUMBER 1.0 1 [source_file: testcode]
    CALL 1 [free_call: 1] [source_file: testcode]
        NAME c 1 [source_file: testcode]

	at com.google.javascript.jscomp.CompilerTestCase.test(CompilerTestCase.java:1161)
	at com.google.javascript.jscomp.CompilerTestCase.test(CompilerTestCase.java:935)
	at com.google.javascript.jscomp.CompilerTestCase.test(CompilerTestCase.java:543)
	at com.google.javascript.jscomp.CompilerTestCase.test(CompilerTestCase.java:509)
	at com.google.javascript.jscomp.CompilerTestCase.test(CompilerTestCase.java:450)
	at com.google.javascript.jscomp.CompilerTestCase.test(CompilerTestCase.java:408)
	at com.google.javascript.jscomp.NameAnalyzerTest.testShortCircuit2(NameAnalyzerTest.java:1031)
</failure>
  </testcase>
  <testcase classname="com.google.javascript.jscomp.NameAnalyzerTest" name="testShortCircuit3" time="0.001" />
  <testcase classname="com.google.javascript.jscomp.NameAnalyzerTest" name="testShortCircuit4" time="0.002" />
  <testcase classname="com.google.javascript.jscomp.NameAnalyzerTest" name="testShortCircuit5" time="0.001" />
  <testcase classname="com.google.javascript.jscomp.NameAnalyzerTest" name="testShortCircuit6" time="0.002" />
  <testcase classname="com.google.javascript.jscomp.NameAnalyzerTest" name="testShortCircuit7" time="0.002" />
  <testcase classname="com.google.javascript.jscomp.NameAnalyzerTest" name="testShortCircuit8" time="0.009">
    <failure message="&#xa;Expected: b()&amp;&amp;3&amp;&amp;c()&#xa;Result:   b()||3&amp;&amp;c()&#xa;Node tree inequality:&#xa;Expected tree:&#xa;BLOCK [synthetic: 1]&#xa;    SCRIPT 1 [synthetic: 1] [source_file: expected0] [input_id: InputId: expected0]&#xa;        EXPR_RESULT 1 [source_file: expected0]&#xa;            AND 1 [source_file: expected0]&#xa;                AND 1 [source_file: expected0]&#xa;                    CALL 1 [free_call: 1] [source_file: expected0]&#xa;                        NAME b 1 [source_file: expected0]&#xa;                    NUMBER 3.0 1 [source_file: expected0]&#xa;                CALL 1 [free_call: 1] [source_file: expected0]&#xa;                    NAME c 1 [source_file: expected0]&#xa;&#xa;&#xa;Actual tree:&#xa;BLOCK [synthetic: 1]&#xa;    SCRIPT 1 [synthetic: 1] [source_file: testcode] [input_id: InputId: testcode]&#xa;        EXPR_RESULT 1 [source_file: testcode]&#xa;            OR 1 [source_file: testcode]&#xa;                CALL 1 [free_call: 1] [source_file: testcode]&#xa;                    NAME b 1 [source_file: testcode]&#xa;                AND 1 [source_file: testcode]&#xa;                    NUMBER 3.0 1 [source_file: testcode]&#xa;                    CALL 1 [free_call: 1] [source_file: testcode]&#xa;                        NAME c 1 [source_file: testcode]&#xa;&#xa;&#xa;Expected subtree: AND 1 [source_file: expected0]&#xa;    AND 1 [source_file: expected0]&#xa;        CALL 1 [free_call: 1] [source_file: expected0]&#xa;            NAME b 1 [source_file: expected0]&#xa;        NUMBER 3.0 1 [source_file: expected0]&#xa;    CALL 1 [free_call: 1] [source_file: expected0]&#xa;        NAME c 1 [source_file: expected0]&#xa;&#xa;&#xa;Actual subtree: OR 1 [source_file: testcode]&#xa;    CALL 1 [free_call: 1] [source_file: testcode]&#xa;        NAME b 1 [source_file: testcode]&#xa;    AND 1 [source_file: testcode]&#xa;        NUMBER 3.0 1 [source_file: testcode]&#xa;        CALL 1 [free_call: 1] [source_file: testcode]&#xa;            NAME c 1 [source_file: testcode]&#xa;" type="junit.framework.AssertionFailedError">junit.framework.AssertionFailedError: 
Expected: b()&amp;&amp;3&amp;&amp;c()
Result:   b()||3&amp;&amp;c()
Node tree inequality:
Expected tree:
BLOCK [synthetic: 1]
    SCRIPT 1 [synthetic: 1] [source_file: expected0] [input_id: InputId: expected0]
        EXPR_RESULT 1 [source_file: expected0]
            AND 1 [source_file: expected0]
                AND 1 [source_file: expected0]
                    CALL 1 [free_call: 1] [source_file: expected0]
                        NAME b 1 [source_file: expected0]
                    NUMBER 3.0 1 [source_file: expected0]
                CALL 1 [free_call: 1] [source_file: expected0]
                    NAME c 1 [source_file: expected0]


Actual tree:
BLOCK [synthetic: 1]
    SCRIPT 1 [synthetic: 1] [source_file: testcode] [input_id: InputId: testcode]
        EXPR_RESULT 1 [source_file: testcode]
            OR 1 [source_file: testcode]
                CALL 1 [free_call: 1] [source_file: testcode]
                    NAME b 1 [source_file: testcode]
                AND 1 [source_file: testcode]
                    NUMBER 3.0 1 [source_file: testcode]
                    CALL 1 [free_call: 1] [source_file: testcode]
                        NAME c 1 [source_file: testcode]


Expected subtree: AND 1 [source_file: expected0]
    AND 1 [source_file: expected0]
        CALL 1 [free_call: 1] [source_file: expected0]
            NAME b 1 [source_file: expected0]
        NUMBER 3.0 1 [source_file: expected0]
    CALL 1 [free_call: 1] [source_file: expected0]
        NAME c 1 [source_file: expected0]


Actual subtree: OR 1 [source_file: testcode]
    CALL 1 [free_call: 1] [source_file: testcode]
        NAME b 1 [source_file: testcode]
    AND 1 [source_file: testcode]
        NUMBER 3.0 1 [source_file: testcode]
        CALL 1 [free_call: 1] [source_file: testcode]
            NAME c 1 [source_file: testcode]

	at com.google.javascript.jscomp.CompilerTestCase.test(CompilerTestCase.java:1161)
	at com.google.javascript.jscomp.CompilerTestCase.test(CompilerTestCase.java:935)
	at com.google.javascript.jscomp.CompilerTestCase.test(CompilerTestCase.java:543)
	at com.google.javascript.jscomp.CompilerTestCase.test(CompilerTestCase.java:509)
	at com.google.javascript.jscomp.CompilerTestCase.test(CompilerTestCase.java:450)
	at com.google.javascript.jscomp.CompilerTestCase.test(CompilerTestCase.java:408)
	at com.google.javascript.jscomp.NameAnalyzerTest.testShortCircuit8(NameAnalyzerTest.java:1055)
</failure>
  </testcase>
  <testcase classname="com.google.javascript.jscomp.NameAnalyzerTest" name="testRhsReference1" time="0.002" />
  <testcase classname="com.google.javascript.jscomp.NameAnalyzerTest" name="testRhsReference2" time="0.001" />
  <testcase classname="com.google.javascript.jscomp.NameAnalyzerTest" name="testRhsReference3" time="0.002" />
  <testcase classname="com.google.javascript.jscomp.NameAnalyzerTest" name="testRhsReference4" time="0.002" />
  <testcase classname="com.google.javascript.jscomp.NameAnalyzerTest" name="testRhsReference5" time="0.01" />
  <testcase classname="com.google.javascript.jscomp.NameAnalyzerTest" name="testRhsAssign1" time="0.002" />
  <testcase classname="com.google.javascript.jscomp.NameAnalyzerTest" name="testRhsAssign2" time="0.002" />
  <testcase classname="com.google.javascript.jscomp.NameAnalyzerTest" name="testRhsAssign3" time="0.001" />
  <testcase classname="com.google.javascript.jscomp.NameAnalyzerTest" name="testRhsAssign4" time="0.002" />
  <testcase classname="com.google.javascript.jscomp.NameAnalyzerTest" name="testRhsAssign5" time="0.001" />
  <testcase classname="com.google.javascript.jscomp.NameAnalyzerTest" name="testRhsAssign6" time="0.002" />
  <testcase classname="com.google.javascript.jscomp.NameAnalyzerTest" name="testRhsAssign7" time="0.001" />
  <testcase classname="com.google.javascript.jscomp.NameAnalyzerTest" name="testRhsAssign8" time="0.001" />
  <testcase classname="com.google.javascript.jscomp.NameAnalyzerTest" name="testRhsAssign9" time="0.002" />
  <testcase classname="com.google.javascript.jscomp.NameAnalyzerTest" name="testAssignWithOr1" time="0.001" />
  <testcase classname="com.google.javascript.jscomp.NameAnalyzerTest" name="testAssignWithOr2" time="0.002" />
  <testcase classname="com.google.javascript.jscomp.NameAnalyzerTest" name="testAssignWithAnd1" time="0.003" />
  <testcase classname="com.google.javascript.jscomp.NameAnalyzerTest" name="testAssignWithAnd2" time="0.001" />
  <testcase classname="com.google.javascript.jscomp.NameAnalyzerTest" name="testAssignWithHook1" time="0.002" />
  <testcase classname="com.google.javascript.jscomp.NameAnalyzerTest" name="testAssignWithHook2" time="0.001" />
  <testcase classname="com.google.javascript.jscomp.NameAnalyzerTest" name="testAssignWithHook2a" time="0.001" />
  <testcase classname="com.google.javascript.jscomp.NameAnalyzerTest" name="testAssignWithHook3" time="0.002" />
  <testcase classname="com.google.javascript.jscomp.NameAnalyzerTest" name="testAssignWithHook4" time="0.002" />
  <testcase classname="com.google.javascript.jscomp.NameAnalyzerTest" name="testAssignWithHook5" time="0.002" />
  <testcase classname="com.google.javascript.jscomp.NameAnalyzerTest" name="testAssignWithHook6" time="0.002" />
  <testcase classname="com.google.javascript.jscomp.NameAnalyzerTest" name="testAssignWithHook7" time="0.001" />
  <testcase classname="com.google.javascript.jscomp.NameAnalyzerTest" name="testAssignWithHook8" time="0.001" />
  <testcase classname="com.google.javascript.jscomp.NameAnalyzerTest" name="testAssignWithHook9" time="0.002" />
  <testcase classname="com.google.javascript.jscomp.NameAnalyzerTest" name="testAssign1" time="0.001" />
  <testcase classname="com.google.javascript.jscomp.NameAnalyzerTest" name="testAssign2" time="0.002" />
  <testcase classname="com.google.javascript.jscomp.NameAnalyzerTest" name="testAssign3" time="0.001" />
  <testcase classname="com.google.javascript.jscomp.NameAnalyzerTest" name="testAssign4" time="0.002" />
  <testcase classname="com.google.javascript.jscomp.NameAnalyzerTest" name="testAssign5" time="0.001" />
  <testcase classname="com.google.javascript.jscomp.NameAnalyzerTest" name="testAssignWithCall" time="0.001" />
  <testcase classname="com.google.javascript.jscomp.NameAnalyzerTest" name="testAssignWithCall2" time="0.004" />
  <testcase classname="com.google.javascript.jscomp.NameAnalyzerTest" name="testNestedAssign1" time="0.002" />
  <testcase classname="com.google.javascript.jscomp.NameAnalyzerTest" name="testNestedAssign2" time="0.001" />
  <testcase classname="com.google.javascript.jscomp.NameAnalyzerTest" name="testNestedAssign3" time="0.001" />
  <testcase classname="com.google.javascript.jscomp.NameAnalyzerTest" name="testNestedAssign4" time="0.001" />
  <testcase classname="com.google.javascript.jscomp.NameAnalyzerTest" name="testNestedAssign5" time="0.001" />
  <testcase classname="com.google.javascript.jscomp.NameAnalyzerTest" name="testNestedAssign15" time="0.001" />
  <testcase classname="com.google.javascript.jscomp.NameAnalyzerTest" name="testNestedAssign6" time="0.002" />
  <testcase classname="com.google.javascript.jscomp.NameAnalyzerTest" name="testNestedAssign7" time="0.001" />
  <testcase classname="com.google.javascript.jscomp.NameAnalyzerTest" name="testNestedAssign8" time="0.002" />
  <testcase classname="com.google.javascript.jscomp.NameAnalyzerTest" name="testRefChain1" time="0.001" />
  <testcase classname="com.google.javascript.jscomp.NameAnalyzerTest" name="testRefChain2" time="0.002" />
  <testcase classname="com.google.javascript.jscomp.NameAnalyzerTest" name="testRefChain3" time="0.001" />
  <testcase classname="com.google.javascript.jscomp.NameAnalyzerTest" name="testRefChain4" time="0.001" />
  <testcase classname="com.google.javascript.jscomp.NameAnalyzerTest" name="testRefChain5" time="0.002" />
  <testcase classname="com.google.javascript.jscomp.NameAnalyzerTest" name="testRefChain6" time="0.002" />
  <testcase classname="com.google.javascript.jscomp.NameAnalyzerTest" name="testRefChain7" time="0.002" />
  <testcase classname="com.google.javascript.jscomp.NameAnalyzerTest" name="testRefChain8" time="0.001" />
  <testcase classname="com.google.javascript.jscomp.NameAnalyzerTest" name="testRefChain9" time="0.002" />
  <testcase classname="com.google.javascript.jscomp.NameAnalyzerTest" name="testRefChain10" time="0.001" />
  <testcase classname="com.google.javascript.jscomp.NameAnalyzerTest" name="testRefChain11" time="0.002" />
  <testcase classname="com.google.javascript.jscomp.NameAnalyzerTest" name="testRefChain12" time="0.001" />
  <testcase classname="com.google.javascript.jscomp.NameAnalyzerTest" name="testRefChain13" time="0.001" />
  <testcase classname="com.google.javascript.jscomp.NameAnalyzerTest" name="testRefChain14" time="0.001" />
  <testcase classname="com.google.javascript.jscomp.NameAnalyzerTest" name="testRefChain15" time="0.002" />
  <testcase classname="com.google.javascript.jscomp.NameAnalyzerTest" name="testRefChain16" time="0.002" />
  <testcase classname="com.google.javascript.jscomp.NameAnalyzerTest" name="testRefChain17" time="0.001" />
  <testcase classname="com.google.javascript.jscomp.NameAnalyzerTest" name="testRefChain18" time="0.001" />
  <testcase classname="com.google.javascript.jscomp.NameAnalyzerTest" name="testRefChain19" time="0.002" />
  <testcase classname="com.google.javascript.jscomp.NameAnalyzerTest" name="testRefChain20" time="0.006" />
  <testcase classname="com.google.javascript.jscomp.NameAnalyzerTest" name="testRefChain21" time="0.001" />
  <testcase classname="com.google.javascript.jscomp.NameAnalyzerTest" name="testRefChain22" time="0.002" />
  <testcase classname="com.google.javascript.jscomp.NameAnalyzerTest" name="testRefChain23" time="0.001" />
  <testcase classname="com.google.javascript.jscomp.NameAnalyzerTest" name="testAssignmentWithComplexLhs" time="0.001" />
  <testcase classname="com.google.javascript.jscomp.NameAnalyzerTest" name="testAssignmentWithComplexLhs2" time="0.002" />
  <testcase classname="com.google.javascript.jscomp.NameAnalyzerTest" name="testAssignmentWithComplexLhs3" time="0.005" />
  <testcase classname="com.google.javascript.jscomp.NameAnalyzerTest" name="testAssignmentWithComplexLhs4" time="0.002" />
  <testcase classname="com.google.javascript.jscomp.NameAnalyzerTest" name="testNoRemovePrototypeDefinitionsOutsideGlobalScope1" time="0.002" />
  <testcase classname="com.google.javascript.jscomp.NameAnalyzerTest" name="testNoRemovePrototypeDefinitionsOutsideGlobalScope2" time="0.002" />
  <testcase classname="com.google.javascript.jscomp.NameAnalyzerTest" name="testNoRemovePrototypeDefinitionsOutsideGlobalScope4" time="0.002" />
  <testcase classname="com.google.javascript.jscomp.NameAnalyzerTest" name="testNoRemovePrototypeDefinitionsOutsideGlobalScope5" time="0.001" />
  <testcase classname="com.google.javascript.jscomp.NameAnalyzerTest" name="testRemovePrototypeDefinitionsInGlobalScope1" time="0.003" />
  <testcase classname="com.google.javascript.jscomp.NameAnalyzerTest" name="testRemovePrototypeDefinitionsInGlobalScope2" time="0.002" />
  <testcase classname="com.google.javascript.jscomp.NameAnalyzerTest" name="testRemoveLabeledStatment" time="0.001" />
  <testcase classname="com.google.javascript.jscomp.NameAnalyzerTest" name="testRemoveLabeledStatment2" time="0.002" />
  <testcase classname="com.google.javascript.jscomp.NameAnalyzerTest" name="testRemoveLabeledStatment3" time="0.002" />
  <testcase classname="com.google.javascript.jscomp.NameAnalyzerTest" name="testRemoveLabeledStatment4" time="0.002" />
  <testcase classname="com.google.javascript.jscomp.NameAnalyzerTest" name="testPreservePropertyMutationsToAlias1" time="0.002" />
  <testcase classname="com.google.javascript.jscomp.NameAnalyzerTest" name="testPreservePropertyMutationsToAlias2" time="0.003" />
  <testcase classname="com.google.javascript.jscomp.NameAnalyzerTest" name="testPreservePropertyMutationsToAlias3" time="0.001" />
  <testcase classname="com.google.javascript.jscomp.NameAnalyzerTest" name="testPreservePropertyMutationsToAlias4" time="0.002" />
  <testcase classname="com.google.javascript.jscomp.NameAnalyzerTest" name="testPreservePropertyMutationsToAlias5" time="0.002" />
  <testcase classname="com.google.javascript.jscomp.NameAnalyzerTest" name="testPreservePropertyMutationsToAlias6" time="0.002" />
  <testcase classname="com.google.javascript.jscomp.NameAnalyzerTest" name="testPreservePropertyMutationsToAlias7" time="0.001" />
  <testcase classname="com.google.javascript.jscomp.NameAnalyzerTest" name="testPreservePropertyMutationsToAlias8" time="0.001" />
  <testcase classname="com.google.javascript.jscomp.NameAnalyzerTest" name="testPreservePropertyMutationsToAlias9" time="0.001" />
  <testcase classname="com.google.javascript.jscomp.NameAnalyzerTest" name="testRemoveAlias" time="0.001" />
  <testcase classname="com.google.javascript.jscomp.NameAnalyzerTest" name="testSingletonGetter2" time="0.001" />
  <testcase classname="com.google.javascript.jscomp.NameAnalyzerTest" name="testSingletonGetter3" time="0.002" />
  <testcase classname="com.google.javascript.jscomp.NameAnalyzerTest" name="testNoRemoveWindowPropertyAlias1" time="0.001" />
  <testcase classname="com.google.javascript.jscomp.NameAnalyzerTest" name="testNoRemoveWindowPropertyAlias2" time="0.001" />
  <testcase classname="com.google.javascript.jscomp.NameAnalyzerTest" name="testNoRemoveWindowPropertyAlias3" time="0.002" />
  <testcase classname="com.google.javascript.jscomp.NameAnalyzerTest" name="testNoRemoveWindowPropertyAlias4" time="0.001" />
  <testcase classname="com.google.javascript.jscomp.NameAnalyzerTest" name="testNoRemoveWindowPropertyAlias4a" time="0.001" />
  <testcase classname="com.google.javascript.jscomp.NameAnalyzerTest" name="testNoRemoveWindowPropertyAlias5" time="0.001" />
  <testcase classname="com.google.javascript.jscomp.NameAnalyzerTest" name="testNoRemoveWindowPropertyAlias5a" time="0.002" />
  <testcase classname="com.google.javascript.jscomp.NameAnalyzerTest" name="testNoRemoveWindowPropertyAlias6" time="0.002" />
  <testcase classname="com.google.javascript.jscomp.NameAnalyzerTest" name="testNoRemoveWindowPropertyAlias6a" time="0.002" />
  <testcase classname="com.google.javascript.jscomp.NameAnalyzerTest" name="testNoRemoveWindowPropertyAlias7" time="0.006" />
  <testcase classname="com.google.javascript.jscomp.NameAnalyzerTest" name="testNoRemoveWindowPropertyAlias7a" time="0.001" />
  <testcase classname="com.google.javascript.jscomp.NameAnalyzerTest" name="testNoRemoveAlias0" time="0.001" />
  <testcase classname="com.google.javascript.jscomp.NameAnalyzerTest" name="testNoRemoveAlias1" time="0.001" />
  <testcase classname="com.google.javascript.jscomp.NameAnalyzerTest" name="testNoRemoveAlias2" time="0.001" />
  <testcase classname="com.google.javascript.jscomp.NameAnalyzerTest" name="testNoRemoveAlias3" time="0.013" />
  <testcase classname="com.google.javascript.jscomp.NameAnalyzerTest" name="testNoRemoveAliasOfExternal0" time="0.001" />
  <testcase classname="com.google.javascript.jscomp.NameAnalyzerTest" name="testNoRemoveAliasOfExternal1" time="0.001" />
  <testcase classname="com.google.javascript.jscomp.NameAnalyzerTest" name="testNoRemoveAliasOfExternal2" time="0.001" />
  <testcase classname="com.google.javascript.jscomp.NameAnalyzerTest" name="testNoRemoveThrowReference1" time="0.002" />
  <testcase classname="com.google.javascript.jscomp.NameAnalyzerTest" name="testNoRemoveThrowReference2" time="0.003" />
  <testcase classname="com.google.javascript.jscomp.NameAnalyzerTest" name="testClassDefinedInObjectLit1" time="0.003" />
  <testcase classname="com.google.javascript.jscomp.NameAnalyzerTest" name="testClassDefinedInObjectLit2" time="0.002" />
  <testcase classname="com.google.javascript.jscomp.NameAnalyzerTest" name="testClassDefinedInObjectLit3" time="0.002" />
  <testcase classname="com.google.javascript.jscomp.NameAnalyzerTest" name="testClassDefinedInObjectLit4" time="0.002" />
  <testcase classname="com.google.javascript.jscomp.NameAnalyzerTest" name="testVarReferencedInClassDefinedInObjectLit1" time="0.002" />
  <testcase classname="com.google.javascript.jscomp.NameAnalyzerTest" name="testVarReferencedInClassDefinedInObjectLit2" time="0.002" />
  <testcase classname="com.google.javascript.jscomp.NameAnalyzerTest" name="testArrayExt" time="0.002" />
  <testcase classname="com.google.javascript.jscomp.NameAnalyzerTest" name="testArrayAliasExt" time="0.002" />
  <testcase classname="com.google.javascript.jscomp.NameAnalyzerTest" name="testExternalAliasInstanceof1" time="0.001" />
  <testcase classname="com.google.javascript.jscomp.NameAnalyzerTest" name="testExternalAliasInstanceof2" time="0.001" />
  <testcase classname="com.google.javascript.jscomp.NameAnalyzerTest" name="testExternalAliasInstanceof3" time="0.001" />
  <testcase classname="com.google.javascript.jscomp.NameAnalyzerTest" name="testAliasInstanceof4" time="0.001" />
  <testcase classname="com.google.javascript.jscomp.NameAnalyzerTest" name="testAliasInstanceof5" time="0.002" />
  <testcase classname="com.google.javascript.jscomp.NameAnalyzerTest" name="testBrokenNamespaceWithPrototypeAssignment" time="0.002" />
  <testcase classname="com.google.javascript.jscomp.NameAnalyzerTest" name="testRemovePrototypeAliases" time="0.001" />
  <testcase classname="com.google.javascript.jscomp.NameAnalyzerTest" name="testIssue838a" time="0.002" />
  <testcase classname="com.google.javascript.jscomp.NameAnalyzerTest" name="testIssue838b" time="0.002" />
  <testcase classname="com.google.javascript.jscomp.NameAnalyzerTest" name="testIssue874a" time="0.002" />
  <testcase classname="com.google.javascript.jscomp.NameAnalyzerTest" name="testIssue874b" time="0.002" />
  <testcase classname="com.google.javascript.jscomp.NameAnalyzerTest" name="testIssue874c" time="0.002" />
  <testcase classname="com.google.javascript.jscomp.NameAnalyzerTest" name="testIssue874d" time="0.002" />
  <testcase classname="com.google.javascript.jscomp.NameAnalyzerTest" name="testIssue874e" time="0.002" />
  <testcase classname="com.google.javascript.jscomp.NameAnalyzerTest" name="testBug6575051" time="0.002" />
  <system-out><![CDATA[]]></system-out>
  <system-err><![CDATA[]]></system-err>
</testsuite>
