<?xml version="1.0" encoding="UTF-8" ?>
<testsuite errors="0" failures="1" hostname="cs-210-206.cs.ucla.edu" name="com.google.javascript.jscomp.CrossModuleMethodMotionTest" skipped="0" tests="28" time="0.095" timestamp="2015-03-09T03:17:18">
  <properties>
    <property name="java.vendor" value="Oracle Corporation" />
    <property name="lib.dir" value="/Users/linmanna/Documents/proj/UCLA-CS-239-Winter-2015/Part_B/Benchmark/closure-compiler/lib" />
    <property name="refasterjs-jarfile" value="/Users/linmanna/Documents/proj/UCLA-CS-239-Winter-2015/Part_B/Benchmark/closure-compiler/build/refasterjs.jar" />
    <property name="sun.java.launcher" value="SUN_STANDARD" />
    <property name="sun.management.compiler" value="HotSpot 64-Bit Tiered Compilers" />
    <property name="os.name" value="Mac OS X" />
    <property name="sun.boot.class.path" value="/Library/Java/JavaVirtualMachines/jdk1.7.0_75.jdk/Contents/Home/jre/lib/resources.jar:/Library/Java/JavaVirtualMachines/jdk1.7.0_75.jdk/Contents/Home/jre/lib/rt.jar:/Library/Java/JavaVirtualMachines/jdk1.7.0_75.jdk/Contents/Home/jre/lib/sunrsasign.jar:/Library/Java/JavaVirtualMachines/jdk1.7.0_75.jdk/Contents/Home/jre/lib/jsse.jar:/Library/Java/JavaVirtualMachines/jdk1.7.0_75.jdk/Contents/Home/jre/lib/jce.jar:/Library/Java/JavaVirtualMachines/jdk1.7.0_75.jdk/Contents/Home/jre/lib/charsets.jar:/Library/Java/JavaVirtualMachines/jdk1.7.0_75.jdk/Contents/Home/jre/lib/jfr.jar:/Library/Java/JavaVirtualMachines/jdk1.7.0_75.jdk/Contents/Home/jre/classes" />
    <property name="maven-repository-id" value="sonatype-nexus-staging" />
    <property name="java.vm.specification.vendor" value="Oracle Corporation" />
    <property name="ant.home" value="//Users/linmanna/ant" />
    <property name="java.runtime.version" value="1.7.0_75-b13" />
    <property name="gen.dir" value="/Users/linmanna/Documents/proj/UCLA-CS-239-Winter-2015/Part_B/Benchmark/closure-compiler/gen" />
    <property name="user.name" value="linmanna" />
    <property name="ant.file.compiler" value="/Users/linmanna/Documents/proj/UCLA-CS-239-Winter-2015/Part_B/Benchmark/closure-compiler/build.xml" />
    <property name="build.dir" value="/Users/linmanna/Documents/proj/UCLA-CS-239-Winter-2015/Part_B/Benchmark/closure-compiler/build" />
    <property name="ant.build.javac.target" value="1.7" />
    <property name="user.language" value="zh" />
    <property name="test.method" value="" />
    <property name="sun.boot.library.path" value="/Library/Java/JavaVirtualMachines/jdk1.7.0_75.jdk/Contents/Home/jre/lib" />
    <property name="ant.project.default-target" value="jar" />
    <property name="ant.project.name" value="compiler" />
    <property name="java.version" value="1.7.0_75" />
    <property name="user.timezone" value="" />
    <property name="sun.arch.data.model" value="64" />
    <property name="http.nonProxyHosts" value="local|*.local|169.254/16|*.169.254/16" />
    <property name="java.endorsed.dirs" value="/Library/Java/JavaVirtualMachines/jdk1.7.0_75.jdk/Contents/Home/jre/lib/endorsed" />
    <property name="sun.cpu.isalist" value="" />
    <property name="sun.jnu.encoding" value="UTF-8" />
    <property name="file.encoding.pkg" value="sun.io" />
    <property name="file.separator" value="/" />
    <property name="java.specification.name" value="Java Platform API Specification" />
    <property name="protoc.executable" value="protoc" />
    <property name="classes.dir" value="/Users/linmanna/Documents/proj/UCLA-CS-239-Winter-2015/Part_B/Benchmark/closure-compiler/build/classes" />
    <property name="java.class.version" value="51.0" />
    <property name="testClasses.dir" value="/Users/linmanna/Documents/proj/UCLA-CS-239-Winter-2015/Part_B/Benchmark/closure-compiler/build/test" />
    <property name="user.country" value="CN" />
    <property name="java.home" value="/Library/Java/JavaVirtualMachines/jdk1.7.0_75.jdk/Contents/Home/jre" />
    <property name="java.vm.info" value="mixed mode" />
    <property name="externs.dir" value="/Users/linmanna/Documents/proj/UCLA-CS-239-Winter-2015/Part_B/Benchmark/closure-compiler/externs" />
    <property name="ant.file" value="/Users/linmanna/Documents/proj/UCLA-CS-239-Winter-2015/Part_B/Benchmark/closure-compiler/build.xml" />
    <property name="os.version" value="10.9.5" />
    <property name="javac.debug" value="on" />
    <property name="path.separator" value=":" />
    <property name="java.vm.version" value="24.75-b04" />
    <property name="ant.library.dir" value="//Users/linmanna/ant/lib" />
    <property name="java.awt.printerjob" value="sun.lwawt.macosx.CPrinterJob" />
    <property name="webservice-jarfile" value="/Users/linmanna/Documents/proj/UCLA-CS-239-Winter-2015/Part_B/Benchmark/closure-compiler/build/webservice.jar" />
    <property name="sun.io.unicode.encoding" value="UnicodeBig" />
    <property name="test.fork" value="true" />
    <property name="webservice.dir" value="/Users/linmanna/Documents/proj/UCLA-CS-239-Winter-2015/Part_B/Benchmark/closure-compiler/src/com/google/javascript/jscomp/webservice" />
    <property name="awt.toolkit" value="sun.lwawt.macosx.LWCToolkit" />
    <property name="buildlib.dir" value="/Users/linmanna/Documents/proj/UCLA-CS-239-Winter-2015/Part_B/Benchmark/closure-compiler/build/lib" />
    <property name="socksNonProxyHosts" value="local|*.local|169.254/16|*.169.254/16" />
    <property name="ftp.nonProxyHosts" value="local|*.local|169.254/16|*.169.254/16" />
    <property name="ant.build.javac.source" value="1.7" />
    <property name="refasterjs.dir" value="/Users/linmanna/Documents/proj/UCLA-CS-239-Winter-2015/Part_B/Benchmark/closure-compiler/src/com/google/javascript/refactoring" />
    <property name="user.home" value="/Users/linmanna" />
    <property name="java.specification.vendor" value="Oracle Corporation" />
    <property name="test.dir" value="/Users/linmanna/Documents/proj/UCLA-CS-239-Winter-2015/Part_B/Benchmark/closure-compiler/test" />
    <property name="java.library.path" value="/Users/linmanna/Library/Java/Extensions:/Library/Java/Extensions:/Network/Library/Java/Extensions:/System/Library/Java/Extensions:/usr/lib/java:." />
    <property name="java.vendor.url" value="http://java.oracle.com/" />
    <property name="java.vm.vendor" value="Oracle Corporation" />
    <property name="gopherProxySet" value="false" />
    <property name="build.relVersion" value="00e3533" />
    <property name="java.runtime.name" value="Java(TM) SE Runtime Environment" />
    <property name="sun.java.command" value="org.apache.tools.ant.taskdefs.optional.junit.JUnitTestRunner testsfile=/Users/linmanna/Documents/proj/UCLA-CS-239-Winter-2015/Part_B/Benchmark/closure-compiler/junittestcases4622356093930181862.properties skipNonTests=false filtertrace=true haltOnError=false haltOnFailure=false formatter=org.apache.tools.ant.taskdefs.optional.junit.SummaryJUnitResultFormatter showoutput=true outputtoformatters=true logfailedtests=true threadid=0 logtestlistenerevents=false formatter=org.apache.tools.ant.taskdefs.optional.junit.BriefJUnitResultFormatter formatter=org.apache.tools.ant.taskdefs.optional.junit.XMLJUnitResultFormatter,/Users/linmanna/Documents/proj/UCLA-CS-239-Winter-2015/Part_B/Benchmark/closure-compiler/build/testoutput/IGNORETHIS.xml crashfile=/Users/linmanna/Documents/proj/UCLA-CS-239-Winter-2015/Part_B/Benchmark/closure-compiler/junitvmwatcher882389895192408063.properties propsfile=/Users/linmanna/Documents/proj/UCLA-CS-239-Winter-2015/Part_B/Benchmark/closure-compiler/junit6374663990081372210.properties" />
    <property name="java.class.path" value="/Users/linmanna/Documents/proj/UCLA-CS-239-Winter-2015/Part_B/Benchmark/closure-compiler/build/classes:/Users/linmanna/Documents/proj/UCLA-CS-239-Winter-2015/Part_B/Benchmark/closure-compiler/lib/ant-launcher.jar:/Users/linmanna/Documents/proj/UCLA-CS-239-Winter-2015/Part_B/Benchmark/closure-compiler/lib/ant.jar:/Users/linmanna/Documents/proj/UCLA-CS-239-Winter-2015/Part_B/Benchmark/closure-compiler/lib/args4j.jar:/Users/linmanna/Documents/proj/UCLA-CS-239-Winter-2015/Part_B/Benchmark/closure-compiler/lib/gson.jar:/Users/linmanna/Documents/proj/UCLA-CS-239-Winter-2015/Part_B/Benchmark/closure-compiler/lib/guava.jar:/Users/linmanna/Documents/proj/UCLA-CS-239-Winter-2015/Part_B/Benchmark/closure-compiler/lib/jsr305.jar:/Users/linmanna/Documents/proj/UCLA-CS-239-Winter-2015/Part_B/Benchmark/closure-compiler/lib/junit.jar:/Users/linmanna/Documents/proj/UCLA-CS-239-Winter-2015/Part_B/Benchmark/closure-compiler/lib/protobuf-java.jar:/Users/linmanna/Documents/proj/UCLA-CS-239-Winter-2015/Part_B/Benchmark/closure-compiler/lib/truth.jar:/Users/linmanna/Documents/proj/UCLA-CS-239-Winter-2015/Part_B/Benchmark/closure-compiler/build/test:/Users/linmanna/ant/lib/ant-launcher.jar:/Users/linmanna/ant/lib/ant.jar:/Users/linmanna/ant/lib/ant-junit.jar:/Users/linmanna/ant/lib/ant-junit4.jar" />
    <property name="ant.version" value="Apache Ant(TM) version 1.9.4 compiled on April 29 2014" />
    <property name="test.class" value="*Test" />
    <property name="java.vm.specification.name" value="Java Virtual Machine Specification" />
    <property name="ant.file.type" value="file" />
    <property name="java.vm.specification.version" value="1.7" />
    <property name="sun.cpu.endian" value="little" />
    <property name="sun.os.patch.level" value="unknown" />
    <property name="java.io.tmpdir" value="/var/folders/_p/3swdt4h96dn79vyt21dtny9h0000gn/T/" />
    <property name="java.vendor.url.bug" value="http://bugreport.sun.com/bugreport/" />
    <property name="java.awt.graphicsenv" value="sun.awt.CGraphicsEnvironment" />
    <property name="maven-repository-url" value="https://oss.sonatype.org/service/local/staging/deploy/maven2/" />
    <property name="os.arch" value="x86_64" />
    <property name="webservice-classes.dir" value="/Users/linmanna/Documents/proj/UCLA-CS-239-Winter-2015/Part_B/Benchmark/closure-compiler/build/webservice-classes" />
    <property name="java.ext.dirs" value="/Users/linmanna/Library/Java/Extensions:/Library/Java/JavaVirtualMachines/jdk1.7.0_75.jdk/Contents/Home/jre/lib/ext:/Library/Java/Extensions:/Network/Library/Java/Extensions:/System/Library/Java/Extensions:/usr/lib/java" />
    <property name="user.dir" value="/Users/linmanna/Documents/proj/UCLA-CS-239-Winter-2015/Part_B/Benchmark/closure-compiler" />
    <property name="ant.file.type.compiler" value="file" />
    <property name="line.separator" value="&#xa;" />
    <property name="java.vm.name" value="Java HotSpot(TM) 64-Bit Server VM" />
    <property name="refasterjs-classes.dir" value="/Users/linmanna/Documents/proj/UCLA-CS-239-Winter-2015/Part_B/Benchmark/closure-compiler/build/refasterjs-classes" />
    <property name="basedir" value="/Users/linmanna/Documents/proj/UCLA-CS-239-Winter-2015/Part_B/Benchmark/closure-compiler" />
    <property name="ant.java.version" value="1.7" />
    <property name="ant.core.lib" value="/Users/linmanna/ant/lib/ant.jar" />
    <property name="file.encoding" value="UTF-8" />
    <property name="closure.build.dir" value="/Users/linmanna/Documents/proj/UCLA-CS-239-Winter-2015/Part_B/Benchmark/closure-compiler/build" />
    <property name="compiler-jarfile" value="/Users/linmanna/Documents/proj/UCLA-CS-239-Winter-2015/Part_B/Benchmark/closure-compiler/build/compiler.jar" />
    <property name="java.specification.version" value="1.7" />
    <property name="src.dir" value="/Users/linmanna/Documents/proj/UCLA-CS-239-Winter-2015/Part_B/Benchmark/closure-compiler/src" />
    <property name="ant.project.invoked-targets" value="clean,compile,compile-tests,test" />
    <property name="javadoc.dir" value="/Users/linmanna/Documents/proj/UCLA-CS-239-Winter-2015/Part_B/Benchmark/closure-compiler/build/javadoc" />
    <property name="tools.dir" value="/Users/linmanna/Documents/proj/UCLA-CS-239-Winter-2015/Part_B/Benchmark/closure-compiler/tools" />
  </properties>
  <testcase classname="com.google.javascript.jscomp.CrossModuleMethodMotionTest" name="testMovePrototypeMethod1" time="0.011" />
  <testcase classname="com.google.javascript.jscomp.CrossModuleMethodMotionTest" name="testMovePrototypeMethod2" time="0.003" />
  <testcase classname="com.google.javascript.jscomp.CrossModuleMethodMotionTest" name="testMovePrototypeMethod3" time="0.001" />
  <testcase classname="com.google.javascript.jscomp.CrossModuleMethodMotionTest" name="testMovePrototypeMethodWithoutStub" time="0.002" />
  <testcase classname="com.google.javascript.jscomp.CrossModuleMethodMotionTest" name="testNoMovePrototypeMethodRedeclaration1" time="0.001" />
  <testcase classname="com.google.javascript.jscomp.CrossModuleMethodMotionTest" name="testNoMovePrototypeMethodRedeclaration2" time="0.001" />
  <testcase classname="com.google.javascript.jscomp.CrossModuleMethodMotionTest" name="testNoMovePrototypeMethodRedeclaration3" time="0.001" />
  <testcase classname="com.google.javascript.jscomp.CrossModuleMethodMotionTest" name="testTwoMethods" time="0.002" />
  <testcase classname="com.google.javascript.jscomp.CrossModuleMethodMotionTest" name="testMovePrototypeRecursiveMethod" time="0.002" />
  <testcase classname="com.google.javascript.jscomp.CrossModuleMethodMotionTest" name="testCantMovePrototypeProp" time="0.002" />
  <testcase classname="com.google.javascript.jscomp.CrossModuleMethodMotionTest" name="testMoveMethodsInRightOrder" time="0.004" />
  <testcase classname="com.google.javascript.jscomp.CrossModuleMethodMotionTest" name="testMoveMethodsInRightOrder2" time="0.004" />
  <testcase classname="com.google.javascript.jscomp.CrossModuleMethodMotionTest" name="testMoveMethodsUsedInTwoModules" time="0.003" />
  <testcase classname="com.google.javascript.jscomp.CrossModuleMethodMotionTest" name="testMoveMethodsUsedInTwoModules2" time="0.003" />
  <testcase classname="com.google.javascript.jscomp.CrossModuleMethodMotionTest" name="testTwoMethods2" time="0.004" />
  <testcase classname="com.google.javascript.jscomp.CrossModuleMethodMotionTest" name="testGlobalFunctionsInGraph" time="0.002">
    <failure message="&#xa;Expected: var JSCompiler_stubMap=[];function JSCompiler_stubMethod(JSCompiler_stubMethod_id){return function(){return JSCompiler_stubMap[JSCompiler_stubMethod_id].apply(this,arguments)}}function JSCompiler_unstubMethod(JSCompiler_unstubMethod_id,JSCompiler_unstubMethod_body){return JSCompiler_stubMap[JSCompiler_unstubMethod_id]=JSCompiler_unstubMethod_body}function Foo(){}Foo.prototype.baz=JSCompiler_stubMethod(0);function x(){return(new Foo).baz()}Foo.prototype.baz=JSCompiler_unstubMethod(0,function(){});&#xa;x()&#xa;Result:   function Foo(){}Foo.prototype.baz=function(){};function x(){return(new Foo).baz()}x()&#xa;Node tree inequality:&#xa;Expected tree:&#xa;BLOCK [synthetic: 1]&#xa;    SCRIPT 1 [synthetic: 1] [source_file: expected0] [input_id: InputId: expected0]&#xa;        VAR 1 [source_file: expected0]&#xa;            NAME JSCompiler_stubMap 1 [source_file: expected0]&#xa;                ARRAYLIT 1 [source_file: expected0]&#xa;        FUNCTION JSCompiler_stubMethod 1 [source_file: expected0]&#xa;            NAME JSCompiler_stubMethod 1 [source_file: expected0]&#xa;            PARAM_LIST 1 [source_file: expected0]&#xa;                NAME JSCompiler_stubMethod_id 1 [source_file: expected0]&#xa;            BLOCK 1 [source_file: expected0]&#xa;                RETURN 1 [source_file: expected0]&#xa;                    FUNCTION  1 [source_file: expected0]&#xa;                        NAME  1 [source_file: expected0]&#xa;                        PARAM_LIST 1 [source_file: expected0]&#xa;                        BLOCK 1 [source_file: expected0]&#xa;                            RETURN 1 [source_file: expected0]&#xa;                                CALL 1 [source_file: expected0]&#xa;                                    GETPROP 1 [source_file: expected0]&#xa;                                        GETELEM 1 [source_file: expected0]&#xa;                                            NAME JSCompiler_stubMap 1 [source_file: expected0]&#xa;                                            NAME JSCompiler_stubMethod_id 1 [source_file: expected0]&#xa;                                        STRING apply 1 [source_file: expected0]&#xa;                                    THIS 1 [source_file: expected0]&#xa;                                    NAME arguments 1 [source_file: expected0]&#xa;        FUNCTION JSCompiler_unstubMethod 1 [source_file: expected0]&#xa;            NAME JSCompiler_unstubMethod 1 [source_file: expected0]&#xa;            PARAM_LIST 1 [source_file: expected0]&#xa;                NAME JSCompiler_unstubMethod_id 1 [source_file: expected0]&#xa;                NAME JSCompiler_unstubMethod_body 1 [source_file: expected0]&#xa;            BLOCK 1 [source_file: expected0]&#xa;                RETURN 1 [source_file: expected0]&#xa;                    ASSIGN 1 [source_file: expected0]&#xa;                        GETELEM 1 [source_file: expected0]&#xa;                            NAME JSCompiler_stubMap 1 [source_file: expected0]&#xa;                            NAME JSCompiler_unstubMethod_id 1 [source_file: expected0]&#xa;                        NAME JSCompiler_unstubMethod_body 1 [source_file: expected0]&#xa;        FUNCTION Foo 1 [source_file: expected0]&#xa;            NAME Foo 1 [source_file: expected0]&#xa;            PARAM_LIST 1 [source_file: expected0]&#xa;            BLOCK 1 [source_file: expected0]&#xa;        EXPR_RESULT 1 [source_file: expected0]&#xa;            ASSIGN 1 [source_file: expected0]&#xa;                GETPROP 1 [source_file: expected0]&#xa;                    GETPROP 1 [source_file: expected0]&#xa;                        NAME Foo 1 [source_file: expected0]&#xa;                        STRING prototype 1 [source_file: expected0]&#xa;                    STRING baz 1 [source_file: expected0]&#xa;                CALL 1 [free_call: 1] [source_file: expected0]&#xa;                    NAME JSCompiler_stubMethod 1 [source_file: expected0]&#xa;                    NUMBER 0.0 1 [source_file: expected0]&#xa;        FUNCTION x 1 [source_file: expected0]&#xa;            NAME x 1 [source_file: expected0]&#xa;            PARAM_LIST 1 [source_file: expected0]&#xa;            BLOCK 1 [source_file: expected0]&#xa;                RETURN 1 [source_file: expected0]&#xa;                    CALL 1 [source_file: expected0]&#xa;                        GETPROP 1 [source_file: expected0]&#xa;                            NEW 1 [source_file: expected0]&#xa;                                NAME Foo 1 [source_file: expected0]&#xa;                            STRING baz 1 [source_file: expected0]&#xa;    SCRIPT 1 [synthetic: 1] [source_file: expected1] [input_id: InputId: expected1]&#xa;        EXPR_RESULT 1 [source_file: expected1]&#xa;            ASSIGN 1 [source_file: expected1]&#xa;                GETPROP 1 [source_file: expected1]&#xa;                    GETPROP 1 [source_file: expected1]&#xa;                        NAME Foo 1 [source_file: expected1]&#xa;                        STRING prototype 1 [source_file: expected1]&#xa;                    STRING baz 1 [source_file: expected1]&#xa;                CALL 1 [free_call: 1] [source_file: expected1]&#xa;                    NAME JSCompiler_unstubMethod 1 [source_file: expected1]&#xa;                    NUMBER 0.0 1 [source_file: expected1]&#xa;                    FUNCTION  1 [source_file: expected1]&#xa;                        NAME  1 [source_file: expected1]&#xa;                        PARAM_LIST 1 [source_file: expected1]&#xa;                        BLOCK 1 [source_file: expected1]&#xa;        EXPR_RESULT 1 [source_file: expected1]&#xa;            CALL 1 [free_call: 1] [source_file: expected1]&#xa;                NAME x 1 [source_file: expected1]&#xa;&#xa;&#xa;Actual tree:&#xa;BLOCK [synthetic: 1]&#xa;    SCRIPT 1 [synthetic: 1] [source_file: i0] [input_id: InputId: i0]&#xa;        FUNCTION Foo 1 [source_file: i0]&#xa;            NAME Foo 1 [source_file: i0]&#xa;            PARAM_LIST 1 [source_file: i0]&#xa;            BLOCK 1 [source_file: i0]&#xa;        EXPR_RESULT 1 [source_file: i0]&#xa;            ASSIGN 1 [source_file: i0]&#xa;                GETPROP 1 [source_file: i0]&#xa;                    GETPROP 1 [source_file: i0]&#xa;                        NAME Foo 1 [source_file: i0]&#xa;                        STRING prototype 1 [source_file: i0]&#xa;                    STRING baz 1 [source_file: i0]&#xa;                FUNCTION  1 [source_file: i0]&#xa;                    NAME  1 [source_file: i0]&#xa;                    PARAM_LIST 1 [source_file: i0]&#xa;                    BLOCK 1 [source_file: i0]&#xa;        FUNCTION x 1 [source_file: i0]&#xa;            NAME x 1 [source_file: i0]&#xa;            PARAM_LIST 1 [source_file: i0]&#xa;            BLOCK 1 [source_file: i0]&#xa;                RETURN 1 [source_file: i0]&#xa;                    CALL 1 [source_file: i0]&#xa;                        GETPROP 1 [source_file: i0]&#xa;                            NEW 1 [source_file: i0]&#xa;                                NAME Foo 1 [source_file: i0]&#xa;                            STRING baz 1 [source_file: i0]&#xa;    SCRIPT 1 [synthetic: 1] [source_file: i1] [input_id: InputId: i1]&#xa;        EXPR_RESULT 1 [source_file: i1]&#xa;            CALL 1 [free_call: 1] [source_file: i1]&#xa;                NAME x 1 [source_file: i1]&#xa;&#xa;&#xa;Expected subtree: SCRIPT 1 [synthetic: 1] [source_file: expected0] [input_id: InputId: expected0]&#xa;    VAR 1 [source_file: expected0]&#xa;        NAME JSCompiler_stubMap 1 [source_file: expected0]&#xa;            ARRAYLIT 1 [source_file: expected0]&#xa;    FUNCTION JSCompiler_stubMethod 1 [source_file: expected0]&#xa;        NAME JSCompiler_stubMethod 1 [source_file: expected0]&#xa;        PARAM_LIST 1 [source_file: expected0]&#xa;            NAME JSCompiler_stubMethod_id 1 [source_file: expected0]&#xa;        BLOCK 1 [source_file: expected0]&#xa;            RETURN 1 [source_file: expected0]&#xa;                FUNCTION  1 [source_file: expected0]&#xa;                    NAME  1 [source_file: expected0]&#xa;                    PARAM_LIST 1 [source_file: expected0]&#xa;                    BLOCK 1 [source_file: expected0]&#xa;                        RETURN 1 [source_file: expected0]&#xa;                            CALL 1 [source_file: expected0]&#xa;                                GETPROP 1 [source_file: expected0]&#xa;                                    GETELEM 1 [source_file: expected0]&#xa;                                        NAME JSCompiler_stubMap 1 [source_file: expected0]&#xa;                                        NAME JSCompiler_stubMethod_id 1 [source_file: expected0]&#xa;                                    STRING apply 1 [source_file: expected0]&#xa;                                THIS 1 [source_file: expected0]&#xa;                                NAME arguments 1 [source_file: expected0]&#xa;    FUNCTION JSCompiler_unstubMethod 1 [source_file: expected0]&#xa;        NAME JSCompiler_unstubMethod 1 [source_file: expected0]&#xa;        PARAM_LIST 1 [source_file: expected0]&#xa;            NAME JSCompiler_unstubMethod_id 1 [source_file: expected0]&#xa;            NAME JSCompiler_unstubMethod_body 1 [source_file: expected0]&#xa;        BLOCK 1 [source_file: expected0]&#xa;            RETURN 1 [source_file: expected0]&#xa;                ASSIGN 1 [source_file: expected0]&#xa;                    GETELEM 1 [source_file: expected0]&#xa;                        NAME JSCompiler_stubMap 1 [source_file: expected0]&#xa;                        NAME JSCompiler_unstubMethod_id 1 [source_file: expected0]&#xa;                    NAME JSCompiler_unstubMethod_body 1 [source_file: expected0]&#xa;    FUNCTION Foo 1 [source_file: expected0]&#xa;        NAME Foo 1 [source_file: expected0]&#xa;        PARAM_LIST 1 [source_file: expected0]&#xa;        BLOCK 1 [source_file: expected0]&#xa;    EXPR_RESULT 1 [source_file: expected0]&#xa;        ASSIGN 1 [source_file: expected0]&#xa;            GETPROP 1 [source_file: expected0]&#xa;                GETPROP 1 [source_file: expected0]&#xa;                    NAME Foo 1 [source_file: expected0]&#xa;                    STRING prototype 1 [source_file: expected0]&#xa;                STRING baz 1 [source_file: expected0]&#xa;            CALL 1 [free_call: 1] [source_file: expected0]&#xa;                NAME JSCompiler_stubMethod 1 [source_file: expected0]&#xa;                NUMBER 0.0 1 [source_file: expected0]&#xa;    FUNCTION x 1 [source_file: expected0]&#xa;        NAME x 1 [source_file: expected0]&#xa;        PARAM_LIST 1 [source_file: expected0]&#xa;        BLOCK 1 [source_file: expected0]&#xa;            RETURN 1 [source_file: expected0]&#xa;                CALL 1 [source_file: expected0]&#xa;                    GETPROP 1 [source_file: expected0]&#xa;                        NEW 1 [source_file: expected0]&#xa;                            NAME Foo 1 [source_file: expected0]&#xa;                        STRING baz 1 [source_file: expected0]&#xa;&#xa;&#xa;Actual subtree: SCRIPT 1 [synthetic: 1] [source_file: i0] [input_id: InputId: i0]&#xa;    FUNCTION Foo 1 [source_file: i0]&#xa;        NAME Foo 1 [source_file: i0]&#xa;        PARAM_LIST 1 [source_file: i0]&#xa;        BLOCK 1 [source_file: i0]&#xa;    EXPR_RESULT 1 [source_file: i0]&#xa;        ASSIGN 1 [source_file: i0]&#xa;            GETPROP 1 [source_file: i0]&#xa;                GETPROP 1 [source_file: i0]&#xa;                    NAME Foo 1 [source_file: i0]&#xa;                    STRING prototype 1 [source_file: i0]&#xa;                STRING baz 1 [source_file: i0]&#xa;            FUNCTION  1 [source_file: i0]&#xa;                NAME  1 [source_file: i0]&#xa;                PARAM_LIST 1 [source_file: i0]&#xa;                BLOCK 1 [source_file: i0]&#xa;    FUNCTION x 1 [source_file: i0]&#xa;        NAME x 1 [source_file: i0]&#xa;        PARAM_LIST 1 [source_file: i0]&#xa;        BLOCK 1 [source_file: i0]&#xa;            RETURN 1 [source_file: i0]&#xa;                CALL 1 [source_file: i0]&#xa;                    GETPROP 1 [source_file: i0]&#xa;                        NEW 1 [source_file: i0]&#xa;                            NAME Foo 1 [source_file: i0]&#xa;                        STRING baz 1 [source_file: i0]&#xa;" type="junit.framework.AssertionFailedError">junit.framework.AssertionFailedError: 
Expected: var JSCompiler_stubMap=[];function JSCompiler_stubMethod(JSCompiler_stubMethod_id){return function(){return JSCompiler_stubMap[JSCompiler_stubMethod_id].apply(this,arguments)}}function JSCompiler_unstubMethod(JSCompiler_unstubMethod_id,JSCompiler_unstubMethod_body){return JSCompiler_stubMap[JSCompiler_unstubMethod_id]=JSCompiler_unstubMethod_body}function Foo(){}Foo.prototype.baz=JSCompiler_stubMethod(0);function x(){return(new Foo).baz()}Foo.prototype.baz=JSCompiler_unstubMethod(0,function(){});
x()
Result:   function Foo(){}Foo.prototype.baz=function(){};function x(){return(new Foo).baz()}x()
Node tree inequality:
Expected tree:
BLOCK [synthetic: 1]
    SCRIPT 1 [synthetic: 1] [source_file: expected0] [input_id: InputId: expected0]
        VAR 1 [source_file: expected0]
            NAME JSCompiler_stubMap 1 [source_file: expected0]
                ARRAYLIT 1 [source_file: expected0]
        FUNCTION JSCompiler_stubMethod 1 [source_file: expected0]
            NAME JSCompiler_stubMethod 1 [source_file: expected0]
            PARAM_LIST 1 [source_file: expected0]
                NAME JSCompiler_stubMethod_id 1 [source_file: expected0]
            BLOCK 1 [source_file: expected0]
                RETURN 1 [source_file: expected0]
                    FUNCTION  1 [source_file: expected0]
                        NAME  1 [source_file: expected0]
                        PARAM_LIST 1 [source_file: expected0]
                        BLOCK 1 [source_file: expected0]
                            RETURN 1 [source_file: expected0]
                                CALL 1 [source_file: expected0]
                                    GETPROP 1 [source_file: expected0]
                                        GETELEM 1 [source_file: expected0]
                                            NAME JSCompiler_stubMap 1 [source_file: expected0]
                                            NAME JSCompiler_stubMethod_id 1 [source_file: expected0]
                                        STRING apply 1 [source_file: expected0]
                                    THIS 1 [source_file: expected0]
                                    NAME arguments 1 [source_file: expected0]
        FUNCTION JSCompiler_unstubMethod 1 [source_file: expected0]
            NAME JSCompiler_unstubMethod 1 [source_file: expected0]
            PARAM_LIST 1 [source_file: expected0]
                NAME JSCompiler_unstubMethod_id 1 [source_file: expected0]
                NAME JSCompiler_unstubMethod_body 1 [source_file: expected0]
            BLOCK 1 [source_file: expected0]
                RETURN 1 [source_file: expected0]
                    ASSIGN 1 [source_file: expected0]
                        GETELEM 1 [source_file: expected0]
                            NAME JSCompiler_stubMap 1 [source_file: expected0]
                            NAME JSCompiler_unstubMethod_id 1 [source_file: expected0]
                        NAME JSCompiler_unstubMethod_body 1 [source_file: expected0]
        FUNCTION Foo 1 [source_file: expected0]
            NAME Foo 1 [source_file: expected0]
            PARAM_LIST 1 [source_file: expected0]
            BLOCK 1 [source_file: expected0]
        EXPR_RESULT 1 [source_file: expected0]
            ASSIGN 1 [source_file: expected0]
                GETPROP 1 [source_file: expected0]
                    GETPROP 1 [source_file: expected0]
                        NAME Foo 1 [source_file: expected0]
                        STRING prototype 1 [source_file: expected0]
                    STRING baz 1 [source_file: expected0]
                CALL 1 [free_call: 1] [source_file: expected0]
                    NAME JSCompiler_stubMethod 1 [source_file: expected0]
                    NUMBER 0.0 1 [source_file: expected0]
        FUNCTION x 1 [source_file: expected0]
            NAME x 1 [source_file: expected0]
            PARAM_LIST 1 [source_file: expected0]
            BLOCK 1 [source_file: expected0]
                RETURN 1 [source_file: expected0]
                    CALL 1 [source_file: expected0]
                        GETPROP 1 [source_file: expected0]
                            NEW 1 [source_file: expected0]
                                NAME Foo 1 [source_file: expected0]
                            STRING baz 1 [source_file: expected0]
    SCRIPT 1 [synthetic: 1] [source_file: expected1] [input_id: InputId: expected1]
        EXPR_RESULT 1 [source_file: expected1]
            ASSIGN 1 [source_file: expected1]
                GETPROP 1 [source_file: expected1]
                    GETPROP 1 [source_file: expected1]
                        NAME Foo 1 [source_file: expected1]
                        STRING prototype 1 [source_file: expected1]
                    STRING baz 1 [source_file: expected1]
                CALL 1 [free_call: 1] [source_file: expected1]
                    NAME JSCompiler_unstubMethod 1 [source_file: expected1]
                    NUMBER 0.0 1 [source_file: expected1]
                    FUNCTION  1 [source_file: expected1]
                        NAME  1 [source_file: expected1]
                        PARAM_LIST 1 [source_file: expected1]
                        BLOCK 1 [source_file: expected1]
        EXPR_RESULT 1 [source_file: expected1]
            CALL 1 [free_call: 1] [source_file: expected1]
                NAME x 1 [source_file: expected1]


Actual tree:
BLOCK [synthetic: 1]
    SCRIPT 1 [synthetic: 1] [source_file: i0] [input_id: InputId: i0]
        FUNCTION Foo 1 [source_file: i0]
            NAME Foo 1 [source_file: i0]
            PARAM_LIST 1 [source_file: i0]
            BLOCK 1 [source_file: i0]
        EXPR_RESULT 1 [source_file: i0]
            ASSIGN 1 [source_file: i0]
                GETPROP 1 [source_file: i0]
                    GETPROP 1 [source_file: i0]
                        NAME Foo 1 [source_file: i0]
                        STRING prototype 1 [source_file: i0]
                    STRING baz 1 [source_file: i0]
                FUNCTION  1 [source_file: i0]
                    NAME  1 [source_file: i0]
                    PARAM_LIST 1 [source_file: i0]
                    BLOCK 1 [source_file: i0]
        FUNCTION x 1 [source_file: i0]
            NAME x 1 [source_file: i0]
            PARAM_LIST 1 [source_file: i0]
            BLOCK 1 [source_file: i0]
                RETURN 1 [source_file: i0]
                    CALL 1 [source_file: i0]
                        GETPROP 1 [source_file: i0]
                            NEW 1 [source_file: i0]
                                NAME Foo 1 [source_file: i0]
                            STRING baz 1 [source_file: i0]
    SCRIPT 1 [synthetic: 1] [source_file: i1] [input_id: InputId: i1]
        EXPR_RESULT 1 [source_file: i1]
            CALL 1 [free_call: 1] [source_file: i1]
                NAME x 1 [source_file: i1]


Expected subtree: SCRIPT 1 [synthetic: 1] [source_file: expected0] [input_id: InputId: expected0]
    VAR 1 [source_file: expected0]
        NAME JSCompiler_stubMap 1 [source_file: expected0]
            ARRAYLIT 1 [source_file: expected0]
    FUNCTION JSCompiler_stubMethod 1 [source_file: expected0]
        NAME JSCompiler_stubMethod 1 [source_file: expected0]
        PARAM_LIST 1 [source_file: expected0]
            NAME JSCompiler_stubMethod_id 1 [source_file: expected0]
        BLOCK 1 [source_file: expected0]
            RETURN 1 [source_file: expected0]
                FUNCTION  1 [source_file: expected0]
                    NAME  1 [source_file: expected0]
                    PARAM_LIST 1 [source_file: expected0]
                    BLOCK 1 [source_file: expected0]
                        RETURN 1 [source_file: expected0]
                            CALL 1 [source_file: expected0]
                                GETPROP 1 [source_file: expected0]
                                    GETELEM 1 [source_file: expected0]
                                        NAME JSCompiler_stubMap 1 [source_file: expected0]
                                        NAME JSCompiler_stubMethod_id 1 [source_file: expected0]
                                    STRING apply 1 [source_file: expected0]
                                THIS 1 [source_file: expected0]
                                NAME arguments 1 [source_file: expected0]
    FUNCTION JSCompiler_unstubMethod 1 [source_file: expected0]
        NAME JSCompiler_unstubMethod 1 [source_file: expected0]
        PARAM_LIST 1 [source_file: expected0]
            NAME JSCompiler_unstubMethod_id 1 [source_file: expected0]
            NAME JSCompiler_unstubMethod_body 1 [source_file: expected0]
        BLOCK 1 [source_file: expected0]
            RETURN 1 [source_file: expected0]
                ASSIGN 1 [source_file: expected0]
                    GETELEM 1 [source_file: expected0]
                        NAME JSCompiler_stubMap 1 [source_file: expected0]
                        NAME JSCompiler_unstubMethod_id 1 [source_file: expected0]
                    NAME JSCompiler_unstubMethod_body 1 [source_file: expected0]
    FUNCTION Foo 1 [source_file: expected0]
        NAME Foo 1 [source_file: expected0]
        PARAM_LIST 1 [source_file: expected0]
        BLOCK 1 [source_file: expected0]
    EXPR_RESULT 1 [source_file: expected0]
        ASSIGN 1 [source_file: expected0]
            GETPROP 1 [source_file: expected0]
                GETPROP 1 [source_file: expected0]
                    NAME Foo 1 [source_file: expected0]
                    STRING prototype 1 [source_file: expected0]
                STRING baz 1 [source_file: expected0]
            CALL 1 [free_call: 1] [source_file: expected0]
                NAME JSCompiler_stubMethod 1 [source_file: expected0]
                NUMBER 0.0 1 [source_file: expected0]
    FUNCTION x 1 [source_file: expected0]
        NAME x 1 [source_file: expected0]
        PARAM_LIST 1 [source_file: expected0]
        BLOCK 1 [source_file: expected0]
            RETURN 1 [source_file: expected0]
                CALL 1 [source_file: expected0]
                    GETPROP 1 [source_file: expected0]
                        NEW 1 [source_file: expected0]
                            NAME Foo 1 [source_file: expected0]
                        STRING baz 1 [source_file: expected0]


Actual subtree: SCRIPT 1 [synthetic: 1] [source_file: i0] [input_id: InputId: i0]
    FUNCTION Foo 1 [source_file: i0]
        NAME Foo 1 [source_file: i0]
        PARAM_LIST 1 [source_file: i0]
        BLOCK 1 [source_file: i0]
    EXPR_RESULT 1 [source_file: i0]
        ASSIGN 1 [source_file: i0]
            GETPROP 1 [source_file: i0]
                GETPROP 1 [source_file: i0]
                    NAME Foo 1 [source_file: i0]
                    STRING prototype 1 [source_file: i0]
                STRING baz 1 [source_file: i0]
            FUNCTION  1 [source_file: i0]
                NAME  1 [source_file: i0]
                PARAM_LIST 1 [source_file: i0]
                BLOCK 1 [source_file: i0]
    FUNCTION x 1 [source_file: i0]
        NAME x 1 [source_file: i0]
        PARAM_LIST 1 [source_file: i0]
        BLOCK 1 [source_file: i0]
            RETURN 1 [source_file: i0]
                CALL 1 [source_file: i0]
                    GETPROP 1 [source_file: i0]
                        NEW 1 [source_file: i0]
                            NAME Foo 1 [source_file: i0]
                        STRING baz 1 [source_file: i0]

	at com.google.javascript.jscomp.CompilerTestCase.test(CompilerTestCase.java:1161)
	at com.google.javascript.jscomp.CompilerTestCase.test(CompilerTestCase.java:935)
	at com.google.javascript.jscomp.CompilerTestCase.test(CompilerTestCase.java:911)
	at com.google.javascript.jscomp.CompilerTestCase.test(CompilerTestCase.java:732)
	at com.google.javascript.jscomp.CompilerTestCase.test(CompilerTestCase.java:712)
	at com.google.javascript.jscomp.CompilerTestCase.test(CompilerTestCase.java:699)
	at com.google.javascript.jscomp.CrossModuleMethodMotionTest.testGlobalFunctionsInGraph(CrossModuleMethodMotionTest.java:325)
</failure>
  </testcase>
  <testcase classname="com.google.javascript.jscomp.CrossModuleMethodMotionTest" name="testClosureVariableReads1" time="0.001" />
  <testcase classname="com.google.javascript.jscomp.CrossModuleMethodMotionTest" name="testClosureVariableReads2" time="0.003" />
  <testcase classname="com.google.javascript.jscomp.CrossModuleMethodMotionTest" name="testClosureVariableReads3" time="0.002" />
  <testcase classname="com.google.javascript.jscomp.CrossModuleMethodMotionTest" name="testNoClosureVariableReads1" time="0.003" />
  <testcase classname="com.google.javascript.jscomp.CrossModuleMethodMotionTest" name="testNoClosureVariableReads2" time="0.002" />
  <testcase classname="com.google.javascript.jscomp.CrossModuleMethodMotionTest" name="testInnerFunctionClosureVariableReads" time="0.003" />
  <testcase classname="com.google.javascript.jscomp.CrossModuleMethodMotionTest" name="testIssue600" time="0.002" />
  <testcase classname="com.google.javascript.jscomp.CrossModuleMethodMotionTest" name="testIssue600b" time="0.002" />
  <testcase classname="com.google.javascript.jscomp.CrossModuleMethodMotionTest" name="testIssue600c" time="0.002" />
  <testcase classname="com.google.javascript.jscomp.CrossModuleMethodMotionTest" name="testIssue600d" time="0.003" />
  <testcase classname="com.google.javascript.jscomp.CrossModuleMethodMotionTest" name="testIssue600e" time="0.002" />
  <testcase classname="com.google.javascript.jscomp.CrossModuleMethodMotionTest" name="testPrototypeOfThisAssign" time="0.002" />
  <system-out><![CDATA[]]></system-out>
  <system-err><![CDATA[]]></system-err>
</testsuite>
