<?xml version="1.0" encoding="UTF-8" ?>
<testsuite errors="0" failures="3" hostname="cs-210-206.cs.ucla.edu" name="com.google.javascript.jscomp.StripCodeTest" skipped="0" tests="59" time="0.05" timestamp="2015-03-09T03:17:38">
  <properties>
    <property name="java.vendor" value="Oracle Corporation" />
    <property name="lib.dir" value="/Users/linmanna/Documents/proj/UCLA-CS-239-Winter-2015/Part_B/Benchmark/closure-compiler/lib" />
    <property name="refasterjs-jarfile" value="/Users/linmanna/Documents/proj/UCLA-CS-239-Winter-2015/Part_B/Benchmark/closure-compiler/build/refasterjs.jar" />
    <property name="sun.java.launcher" value="SUN_STANDARD" />
    <property name="sun.management.compiler" value="HotSpot 64-Bit Tiered Compilers" />
    <property name="os.name" value="Mac OS X" />
    <property name="sun.boot.class.path" value="/Library/Java/JavaVirtualMachines/jdk1.7.0_75.jdk/Contents/Home/jre/lib/resources.jar:/Library/Java/JavaVirtualMachines/jdk1.7.0_75.jdk/Contents/Home/jre/lib/rt.jar:/Library/Java/JavaVirtualMachines/jdk1.7.0_75.jdk/Contents/Home/jre/lib/sunrsasign.jar:/Library/Java/JavaVirtualMachines/jdk1.7.0_75.jdk/Contents/Home/jre/lib/jsse.jar:/Library/Java/JavaVirtualMachines/jdk1.7.0_75.jdk/Contents/Home/jre/lib/jce.jar:/Library/Java/JavaVirtualMachines/jdk1.7.0_75.jdk/Contents/Home/jre/lib/charsets.jar:/Library/Java/JavaVirtualMachines/jdk1.7.0_75.jdk/Contents/Home/jre/lib/jfr.jar:/Library/Java/JavaVirtualMachines/jdk1.7.0_75.jdk/Contents/Home/jre/classes" />
    <property name="maven-repository-id" value="sonatype-nexus-staging" />
    <property name="java.vm.specification.vendor" value="Oracle Corporation" />
    <property name="ant.home" value="//Users/linmanna/ant" />
    <property name="java.runtime.version" value="1.7.0_75-b13" />
    <property name="gen.dir" value="/Users/linmanna/Documents/proj/UCLA-CS-239-Winter-2015/Part_B/Benchmark/closure-compiler/gen" />
    <property name="user.name" value="linmanna" />
    <property name="ant.file.compiler" value="/Users/linmanna/Documents/proj/UCLA-CS-239-Winter-2015/Part_B/Benchmark/closure-compiler/build.xml" />
    <property name="build.dir" value="/Users/linmanna/Documents/proj/UCLA-CS-239-Winter-2015/Part_B/Benchmark/closure-compiler/build" />
    <property name="ant.build.javac.target" value="1.7" />
    <property name="user.language" value="zh" />
    <property name="test.method" value="" />
    <property name="sun.boot.library.path" value="/Library/Java/JavaVirtualMachines/jdk1.7.0_75.jdk/Contents/Home/jre/lib" />
    <property name="ant.project.default-target" value="jar" />
    <property name="ant.project.name" value="compiler" />
    <property name="java.version" value="1.7.0_75" />
    <property name="user.timezone" value="" />
    <property name="sun.arch.data.model" value="64" />
    <property name="http.nonProxyHosts" value="local|*.local|169.254/16|*.169.254/16" />
    <property name="java.endorsed.dirs" value="/Library/Java/JavaVirtualMachines/jdk1.7.0_75.jdk/Contents/Home/jre/lib/endorsed" />
    <property name="sun.cpu.isalist" value="" />
    <property name="sun.jnu.encoding" value="UTF-8" />
    <property name="file.encoding.pkg" value="sun.io" />
    <property name="file.separator" value="/" />
    <property name="java.specification.name" value="Java Platform API Specification" />
    <property name="protoc.executable" value="protoc" />
    <property name="classes.dir" value="/Users/linmanna/Documents/proj/UCLA-CS-239-Winter-2015/Part_B/Benchmark/closure-compiler/build/classes" />
    <property name="java.class.version" value="51.0" />
    <property name="testClasses.dir" value="/Users/linmanna/Documents/proj/UCLA-CS-239-Winter-2015/Part_B/Benchmark/closure-compiler/build/test" />
    <property name="user.country" value="CN" />
    <property name="java.home" value="/Library/Java/JavaVirtualMachines/jdk1.7.0_75.jdk/Contents/Home/jre" />
    <property name="java.vm.info" value="mixed mode" />
    <property name="externs.dir" value="/Users/linmanna/Documents/proj/UCLA-CS-239-Winter-2015/Part_B/Benchmark/closure-compiler/externs" />
    <property name="ant.file" value="/Users/linmanna/Documents/proj/UCLA-CS-239-Winter-2015/Part_B/Benchmark/closure-compiler/build.xml" />
    <property name="os.version" value="10.9.5" />
    <property name="javac.debug" value="on" />
    <property name="path.separator" value=":" />
    <property name="java.vm.version" value="24.75-b04" />
    <property name="ant.library.dir" value="//Users/linmanna/ant/lib" />
    <property name="java.awt.printerjob" value="sun.lwawt.macosx.CPrinterJob" />
    <property name="webservice-jarfile" value="/Users/linmanna/Documents/proj/UCLA-CS-239-Winter-2015/Part_B/Benchmark/closure-compiler/build/webservice.jar" />
    <property name="sun.io.unicode.encoding" value="UnicodeBig" />
    <property name="test.fork" value="true" />
    <property name="webservice.dir" value="/Users/linmanna/Documents/proj/UCLA-CS-239-Winter-2015/Part_B/Benchmark/closure-compiler/src/com/google/javascript/jscomp/webservice" />
    <property name="awt.toolkit" value="sun.lwawt.macosx.LWCToolkit" />
    <property name="buildlib.dir" value="/Users/linmanna/Documents/proj/UCLA-CS-239-Winter-2015/Part_B/Benchmark/closure-compiler/build/lib" />
    <property name="socksNonProxyHosts" value="local|*.local|169.254/16|*.169.254/16" />
    <property name="ftp.nonProxyHosts" value="local|*.local|169.254/16|*.169.254/16" />
    <property name="ant.build.javac.source" value="1.7" />
    <property name="refasterjs.dir" value="/Users/linmanna/Documents/proj/UCLA-CS-239-Winter-2015/Part_B/Benchmark/closure-compiler/src/com/google/javascript/refactoring" />
    <property name="user.home" value="/Users/linmanna" />
    <property name="java.specification.vendor" value="Oracle Corporation" />
    <property name="test.dir" value="/Users/linmanna/Documents/proj/UCLA-CS-239-Winter-2015/Part_B/Benchmark/closure-compiler/test" />
    <property name="java.library.path" value="/Users/linmanna/Library/Java/Extensions:/Library/Java/Extensions:/Network/Library/Java/Extensions:/System/Library/Java/Extensions:/usr/lib/java:." />
    <property name="java.vendor.url" value="http://java.oracle.com/" />
    <property name="java.vm.vendor" value="Oracle Corporation" />
    <property name="gopherProxySet" value="false" />
    <property name="build.relVersion" value="00e3533" />
    <property name="java.runtime.name" value="Java(TM) SE Runtime Environment" />
    <property name="sun.java.command" value="org.apache.tools.ant.taskdefs.optional.junit.JUnitTestRunner testsfile=/Users/linmanna/Documents/proj/UCLA-CS-239-Winter-2015/Part_B/Benchmark/closure-compiler/junittestcases4622356093930181862.properties skipNonTests=false filtertrace=true haltOnError=false haltOnFailure=false formatter=org.apache.tools.ant.taskdefs.optional.junit.SummaryJUnitResultFormatter showoutput=true outputtoformatters=true logfailedtests=true threadid=0 logtestlistenerevents=false formatter=org.apache.tools.ant.taskdefs.optional.junit.BriefJUnitResultFormatter formatter=org.apache.tools.ant.taskdefs.optional.junit.XMLJUnitResultFormatter,/Users/linmanna/Documents/proj/UCLA-CS-239-Winter-2015/Part_B/Benchmark/closure-compiler/build/testoutput/IGNORETHIS.xml crashfile=/Users/linmanna/Documents/proj/UCLA-CS-239-Winter-2015/Part_B/Benchmark/closure-compiler/junitvmwatcher882389895192408063.properties propsfile=/Users/linmanna/Documents/proj/UCLA-CS-239-Winter-2015/Part_B/Benchmark/closure-compiler/junit6374663990081372210.properties" />
    <property name="java.class.path" value="/Users/linmanna/Documents/proj/UCLA-CS-239-Winter-2015/Part_B/Benchmark/closure-compiler/build/classes:/Users/linmanna/Documents/proj/UCLA-CS-239-Winter-2015/Part_B/Benchmark/closure-compiler/lib/ant-launcher.jar:/Users/linmanna/Documents/proj/UCLA-CS-239-Winter-2015/Part_B/Benchmark/closure-compiler/lib/ant.jar:/Users/linmanna/Documents/proj/UCLA-CS-239-Winter-2015/Part_B/Benchmark/closure-compiler/lib/args4j.jar:/Users/linmanna/Documents/proj/UCLA-CS-239-Winter-2015/Part_B/Benchmark/closure-compiler/lib/gson.jar:/Users/linmanna/Documents/proj/UCLA-CS-239-Winter-2015/Part_B/Benchmark/closure-compiler/lib/guava.jar:/Users/linmanna/Documents/proj/UCLA-CS-239-Winter-2015/Part_B/Benchmark/closure-compiler/lib/jsr305.jar:/Users/linmanna/Documents/proj/UCLA-CS-239-Winter-2015/Part_B/Benchmark/closure-compiler/lib/junit.jar:/Users/linmanna/Documents/proj/UCLA-CS-239-Winter-2015/Part_B/Benchmark/closure-compiler/lib/protobuf-java.jar:/Users/linmanna/Documents/proj/UCLA-CS-239-Winter-2015/Part_B/Benchmark/closure-compiler/lib/truth.jar:/Users/linmanna/Documents/proj/UCLA-CS-239-Winter-2015/Part_B/Benchmark/closure-compiler/build/test:/Users/linmanna/ant/lib/ant-launcher.jar:/Users/linmanna/ant/lib/ant.jar:/Users/linmanna/ant/lib/ant-junit.jar:/Users/linmanna/ant/lib/ant-junit4.jar" />
    <property name="ant.version" value="Apache Ant(TM) version 1.9.4 compiled on April 29 2014" />
    <property name="test.class" value="*Test" />
    <property name="java.vm.specification.name" value="Java Virtual Machine Specification" />
    <property name="ant.file.type" value="file" />
    <property name="java.vm.specification.version" value="1.7" />
    <property name="sun.cpu.endian" value="little" />
    <property name="sun.os.patch.level" value="unknown" />
    <property name="java.io.tmpdir" value="/var/folders/_p/3swdt4h96dn79vyt21dtny9h0000gn/T/" />
    <property name="java.vendor.url.bug" value="http://bugreport.sun.com/bugreport/" />
    <property name="java.awt.graphicsenv" value="sun.awt.CGraphicsEnvironment" />
    <property name="maven-repository-url" value="https://oss.sonatype.org/service/local/staging/deploy/maven2/" />
    <property name="os.arch" value="x86_64" />
    <property name="webservice-classes.dir" value="/Users/linmanna/Documents/proj/UCLA-CS-239-Winter-2015/Part_B/Benchmark/closure-compiler/build/webservice-classes" />
    <property name="java.ext.dirs" value="/Users/linmanna/Library/Java/Extensions:/Library/Java/JavaVirtualMachines/jdk1.7.0_75.jdk/Contents/Home/jre/lib/ext:/Library/Java/Extensions:/Network/Library/Java/Extensions:/System/Library/Java/Extensions:/usr/lib/java" />
    <property name="user.dir" value="/Users/linmanna/Documents/proj/UCLA-CS-239-Winter-2015/Part_B/Benchmark/closure-compiler" />
    <property name="ant.file.type.compiler" value="file" />
    <property name="line.separator" value="&#xa;" />
    <property name="java.vm.name" value="Java HotSpot(TM) 64-Bit Server VM" />
    <property name="refasterjs-classes.dir" value="/Users/linmanna/Documents/proj/UCLA-CS-239-Winter-2015/Part_B/Benchmark/closure-compiler/build/refasterjs-classes" />
    <property name="basedir" value="/Users/linmanna/Documents/proj/UCLA-CS-239-Winter-2015/Part_B/Benchmark/closure-compiler" />
    <property name="ant.java.version" value="1.7" />
    <property name="ant.core.lib" value="/Users/linmanna/ant/lib/ant.jar" />
    <property name="file.encoding" value="UTF-8" />
    <property name="closure.build.dir" value="/Users/linmanna/Documents/proj/UCLA-CS-239-Winter-2015/Part_B/Benchmark/closure-compiler/build" />
    <property name="compiler-jarfile" value="/Users/linmanna/Documents/proj/UCLA-CS-239-Winter-2015/Part_B/Benchmark/closure-compiler/build/compiler.jar" />
    <property name="java.specification.version" value="1.7" />
    <property name="src.dir" value="/Users/linmanna/Documents/proj/UCLA-CS-239-Winter-2015/Part_B/Benchmark/closure-compiler/src" />
    <property name="ant.project.invoked-targets" value="clean,compile,compile-tests,test" />
    <property name="javadoc.dir" value="/Users/linmanna/Documents/proj/UCLA-CS-239-Winter-2015/Part_B/Benchmark/closure-compiler/build/javadoc" />
    <property name="tools.dir" value="/Users/linmanna/Documents/proj/UCLA-CS-239-Winter-2015/Part_B/Benchmark/closure-compiler/tools" />
  </properties>
  <testcase classname="com.google.javascript.jscomp.StripCodeTest" name="testLoggerDefinedInConstructor" time="0.0" />
  <testcase classname="com.google.javascript.jscomp.StripCodeTest" name="testLoggerDefinedInPrototype1" time="0.001" />
  <testcase classname="com.google.javascript.jscomp.StripCodeTest" name="testLoggerDefinedInPrototype2" time="0.001" />
  <testcase classname="com.google.javascript.jscomp.StripCodeTest" name="testLoggerDefinedInPrototype3" time="0.0" />
  <testcase classname="com.google.javascript.jscomp.StripCodeTest" name="testLoggerDefinedInPrototype4" time="0.001" />
  <testcase classname="com.google.javascript.jscomp.StripCodeTest" name="testLoggerDefinedInPrototype5" time="0.001" />
  <testcase classname="com.google.javascript.jscomp.StripCodeTest" name="testLoggerDefinedStatically" time="0.001" />
  <testcase classname="com.google.javascript.jscomp.StripCodeTest" name="testLoggerDefinedInObjectLiteral1" time="0.001" />
  <testcase classname="com.google.javascript.jscomp.StripCodeTest" name="testLoggerDefinedInObjectLiteral2" time="0.001" />
  <testcase classname="com.google.javascript.jscomp.StripCodeTest" name="testLoggerDefinedInObjectLiteral3" time="0.0" />
  <testcase classname="com.google.javascript.jscomp.StripCodeTest" name="testLoggerDefinedInObjectLiteral4" time="0.0" />
  <testcase classname="com.google.javascript.jscomp.StripCodeTest" name="testLoggerDefinedInPrototypeAndUsedInConstructor" time="0.0" />
  <testcase classname="com.google.javascript.jscomp.StripCodeTest" name="testLoggerDefinedStaticallyAndUsedInConstructor" time="0.001" />
  <testcase classname="com.google.javascript.jscomp.StripCodeTest" name="testLoggerVarDeclaration" time="0.001" />
  <testcase classname="com.google.javascript.jscomp.StripCodeTest" name="testLoggerMethodCallByVariableType" time="0.0" />
  <testcase classname="com.google.javascript.jscomp.StripCodeTest" name="testSubPropertyAccessByVariableName" time="0.0" />
  <testcase classname="com.google.javascript.jscomp.StripCodeTest" name="testPrefixedVariableName" time="0.001" />
  <testcase classname="com.google.javascript.jscomp.StripCodeTest" name="testPrefixedPropertyName" time="0.001" />
  <testcase classname="com.google.javascript.jscomp.StripCodeTest" name="testPrefixedClassName" time="0.001" />
  <testcase classname="com.google.javascript.jscomp.StripCodeTest" name="testLoggerClassDefinition" time="0.001" />
  <testcase classname="com.google.javascript.jscomp.StripCodeTest" name="testStaticLoggerPropertyDefinition" time="0.001" />
  <testcase classname="com.google.javascript.jscomp.StripCodeTest" name="testStaticLoggerMethodDefinition" time="0.0" />
  <testcase classname="com.google.javascript.jscomp.StripCodeTest" name="testPrototypeFieldDefinition" time="0.0" />
  <testcase classname="com.google.javascript.jscomp.StripCodeTest" name="testPrototypeFieldDefinitionWithoutAssignment" time="0.001" />
  <testcase classname="com.google.javascript.jscomp.StripCodeTest" name="testPrototypeMethodDefinition" time="0.001" />
  <testcase classname="com.google.javascript.jscomp.StripCodeTest" name="testPublicPropertyAssignment" time="0.002" />
  <testcase classname="com.google.javascript.jscomp.StripCodeTest" name="testGlobalCallWithStrippedType" time="0.0" />
  <testcase classname="com.google.javascript.jscomp.StripCodeTest" name="testClassDefiningCallWithStripType1" time="0.001" />
  <testcase classname="com.google.javascript.jscomp.StripCodeTest" name="testClassDefiningCallWithStripType2" time="0.001">
    <failure message="&#xa;Expected: goog.formatter=function(){}&#xa;Result:   goog.formatter=function(){};goog.inherits(goog.debug.Formatter,goog.formatter)&#xa;Node tree inequality:&#xa;Expected tree:&#xa;BLOCK [synthetic: 1]&#xa;    SCRIPT 1 [synthetic: 1] [source_file: expected0] [input_id: InputId: expected0]&#xa;        EXPR_RESULT 1 [source_file: expected0]&#xa;            ASSIGN 1 [source_file: expected0]&#xa;                GETPROP 1 [source_file: expected0]&#xa;                    NAME goog 1 [source_file: expected0]&#xa;                    STRING formatter 1 [source_file: expected0]&#xa;                FUNCTION  1 [source_file: expected0]&#xa;                    NAME  1 [source_file: expected0]&#xa;                    PARAM_LIST 1 [source_file: expected0]&#xa;                    BLOCK 1 [source_file: expected0]&#xa;&#xa;&#xa;Actual tree:&#xa;BLOCK [synthetic: 1]&#xa;    SCRIPT 1 [synthetic: 1] [source_file: testcode] [input_id: InputId: testcode]&#xa;        EXPR_RESULT 1 [source_file: testcode]&#xa;            ASSIGN 1 [source_file: testcode]&#xa;                GETPROP 1 [source_file: testcode]&#xa;                    NAME goog 1 [source_file: testcode]&#xa;                    STRING formatter 1 [source_file: testcode]&#xa;                FUNCTION  1 [source_file: testcode]&#xa;                    NAME  1 [source_file: testcode]&#xa;                    PARAM_LIST 1 [source_file: testcode]&#xa;                    BLOCK 1 [source_file: testcode]&#xa;        EXPR_RESULT 1 [source_file: testcode]&#xa;            CALL 1 [source_file: testcode]&#xa;                GETPROP 1 [source_file: testcode]&#xa;                    NAME goog 1 [source_file: testcode]&#xa;                    STRING inherits 1 [source_file: testcode]&#xa;                GETPROP 1 [source_file: testcode]&#xa;                    GETPROP 1 [source_file: testcode]&#xa;                        NAME goog 1 [source_file: testcode]&#xa;                        STRING debug 1 [source_file: testcode]&#xa;                    STRING Formatter 1 [source_file: testcode]&#xa;                GETPROP 1 [source_file: testcode]&#xa;                    NAME goog 1 [source_file: testcode]&#xa;                    STRING formatter 1 [source_file: testcode]&#xa;&#xa;&#xa;Expected subtree: SCRIPT 1 [synthetic: 1] [source_file: expected0] [input_id: InputId: expected0]&#xa;    EXPR_RESULT 1 [source_file: expected0]&#xa;        ASSIGN 1 [source_file: expected0]&#xa;            GETPROP 1 [source_file: expected0]&#xa;                NAME goog 1 [source_file: expected0]&#xa;                STRING formatter 1 [source_file: expected0]&#xa;            FUNCTION  1 [source_file: expected0]&#xa;                NAME  1 [source_file: expected0]&#xa;                PARAM_LIST 1 [source_file: expected0]&#xa;                BLOCK 1 [source_file: expected0]&#xa;&#xa;&#xa;Actual subtree: SCRIPT 1 [synthetic: 1] [source_file: testcode] [input_id: InputId: testcode]&#xa;    EXPR_RESULT 1 [source_file: testcode]&#xa;        ASSIGN 1 [source_file: testcode]&#xa;            GETPROP 1 [source_file: testcode]&#xa;                NAME goog 1 [source_file: testcode]&#xa;                STRING formatter 1 [source_file: testcode]&#xa;            FUNCTION  1 [source_file: testcode]&#xa;                NAME  1 [source_file: testcode]&#xa;                PARAM_LIST 1 [source_file: testcode]&#xa;                BLOCK 1 [source_file: testcode]&#xa;    EXPR_RESULT 1 [source_file: testcode]&#xa;        CALL 1 [source_file: testcode]&#xa;            GETPROP 1 [source_file: testcode]&#xa;                NAME goog 1 [source_file: testcode]&#xa;                STRING inherits 1 [source_file: testcode]&#xa;            GETPROP 1 [source_file: testcode]&#xa;                GETPROP 1 [source_file: testcode]&#xa;                    NAME goog 1 [source_file: testcode]&#xa;                    STRING debug 1 [source_file: testcode]&#xa;                STRING Formatter 1 [source_file: testcode]&#xa;            GETPROP 1 [source_file: testcode]&#xa;                NAME goog 1 [source_file: testcode]&#xa;                STRING formatter 1 [source_file: testcode]&#xa;" type="junit.framework.AssertionFailedError">junit.framework.AssertionFailedError: 
Expected: goog.formatter=function(){}
Result:   goog.formatter=function(){};goog.inherits(goog.debug.Formatter,goog.formatter)
Node tree inequality:
Expected tree:
BLOCK [synthetic: 1]
    SCRIPT 1 [synthetic: 1] [source_file: expected0] [input_id: InputId: expected0]
        EXPR_RESULT 1 [source_file: expected0]
            ASSIGN 1 [source_file: expected0]
                GETPROP 1 [source_file: expected0]
                    NAME goog 1 [source_file: expected0]
                    STRING formatter 1 [source_file: expected0]
                FUNCTION  1 [source_file: expected0]
                    NAME  1 [source_file: expected0]
                    PARAM_LIST 1 [source_file: expected0]
                    BLOCK 1 [source_file: expected0]


Actual tree:
BLOCK [synthetic: 1]
    SCRIPT 1 [synthetic: 1] [source_file: testcode] [input_id: InputId: testcode]
        EXPR_RESULT 1 [source_file: testcode]
            ASSIGN 1 [source_file: testcode]
                GETPROP 1 [source_file: testcode]
                    NAME goog 1 [source_file: testcode]
                    STRING formatter 1 [source_file: testcode]
                FUNCTION  1 [source_file: testcode]
                    NAME  1 [source_file: testcode]
                    PARAM_LIST 1 [source_file: testcode]
                    BLOCK 1 [source_file: testcode]
        EXPR_RESULT 1 [source_file: testcode]
            CALL 1 [source_file: testcode]
                GETPROP 1 [source_file: testcode]
                    NAME goog 1 [source_file: testcode]
                    STRING inherits 1 [source_file: testcode]
                GETPROP 1 [source_file: testcode]
                    GETPROP 1 [source_file: testcode]
                        NAME goog 1 [source_file: testcode]
                        STRING debug 1 [source_file: testcode]
                    STRING Formatter 1 [source_file: testcode]
                GETPROP 1 [source_file: testcode]
                    NAME goog 1 [source_file: testcode]
                    STRING formatter 1 [source_file: testcode]


Expected subtree: SCRIPT 1 [synthetic: 1] [source_file: expected0] [input_id: InputId: expected0]
    EXPR_RESULT 1 [source_file: expected0]
        ASSIGN 1 [source_file: expected0]
            GETPROP 1 [source_file: expected0]
                NAME goog 1 [source_file: expected0]
                STRING formatter 1 [source_file: expected0]
            FUNCTION  1 [source_file: expected0]
                NAME  1 [source_file: expected0]
                PARAM_LIST 1 [source_file: expected0]
                BLOCK 1 [source_file: expected0]


Actual subtree: SCRIPT 1 [synthetic: 1] [source_file: testcode] [input_id: InputId: testcode]
    EXPR_RESULT 1 [source_file: testcode]
        ASSIGN 1 [source_file: testcode]
            GETPROP 1 [source_file: testcode]
                NAME goog 1 [source_file: testcode]
                STRING formatter 1 [source_file: testcode]
            FUNCTION  1 [source_file: testcode]
                NAME  1 [source_file: testcode]
                PARAM_LIST 1 [source_file: testcode]
                BLOCK 1 [source_file: testcode]
    EXPR_RESULT 1 [source_file: testcode]
        CALL 1 [source_file: testcode]
            GETPROP 1 [source_file: testcode]
                NAME goog 1 [source_file: testcode]
                STRING inherits 1 [source_file: testcode]
            GETPROP 1 [source_file: testcode]
                GETPROP 1 [source_file: testcode]
                    NAME goog 1 [source_file: testcode]
                    STRING debug 1 [source_file: testcode]
                STRING Formatter 1 [source_file: testcode]
            GETPROP 1 [source_file: testcode]
                NAME goog 1 [source_file: testcode]
                STRING formatter 1 [source_file: testcode]

	at com.google.javascript.jscomp.CompilerTestCase.test(CompilerTestCase.java:1161)
	at com.google.javascript.jscomp.CompilerTestCase.test(CompilerTestCase.java:935)
	at com.google.javascript.jscomp.CompilerTestCase.test(CompilerTestCase.java:543)
	at com.google.javascript.jscomp.CompilerTestCase.test(CompilerTestCase.java:509)
	at com.google.javascript.jscomp.CompilerTestCase.test(CompilerTestCase.java:450)
	at com.google.javascript.jscomp.CompilerTestCase.test(CompilerTestCase.java:408)
	at com.google.javascript.jscomp.StripCodeTest.testClassDefiningCallWithStripType2(StripCodeTest.java:275)
</failure>
  </testcase>
  <testcase classname="com.google.javascript.jscomp.StripCodeTest" name="testClassDefiningCallWithStripType3" time="0.001" />
  <testcase classname="com.google.javascript.jscomp.StripCodeTest" name="testClassDefiningCallWithStripType4" time="0.001" />
  <testcase classname="com.google.javascript.jscomp.StripCodeTest" name="testClassDefiningCallWithStripType5" time="0.001" />
  <testcase classname="com.google.javascript.jscomp.StripCodeTest" name="testClassDefiningCallWithStripType6" time="0.001" />
  <testcase classname="com.google.javascript.jscomp.StripCodeTest" name="testClassDefiningCallWithStripType7" time="0.001">
    <failure message="Unexpected error(s): JSC_STRIP_TYPE_INHERIT_ERROR. Non-strip type goog cannot inherit from strip type goog.debug.Formatter at testcode line 1 : 0 expected:&lt;0&gt; but was:&lt;1&gt;" type="junit.framework.AssertionFailedError">junit.framework.AssertionFailedError: Unexpected error(s): JSC_STRIP_TYPE_INHERIT_ERROR. Non-strip type goog cannot inherit from strip type goog.debug.Formatter at testcode line 1 : 0 expected:&lt;0&gt; but was:&lt;1&gt;
	at com.google.javascript.jscomp.CompilerTestCase.test(CompilerTestCase.java:1070)
	at com.google.javascript.jscomp.CompilerTestCase.test(CompilerTestCase.java:935)
	at com.google.javascript.jscomp.CompilerTestCase.test(CompilerTestCase.java:543)
	at com.google.javascript.jscomp.CompilerTestCase.test(CompilerTestCase.java:509)
	at com.google.javascript.jscomp.CompilerTestCase.test(CompilerTestCase.java:450)
	at com.google.javascript.jscomp.CompilerTestCase.test(CompilerTestCase.java:408)
	at com.google.javascript.jscomp.StripCodeTest.testClassDefiningCallWithStripType7(StripCodeTest.java:304)
</failure>
  </testcase>
  <testcase classname="com.google.javascript.jscomp.StripCodeTest" name="testClassDefiningCallWithStripType8" time="0.001">
    <failure message="&#xa;Expected: &#xa;Result:   goog.inherits(goog.debug.DebugWindow,Base)&#xa;Node tree inequality:&#xa;Expected tree:&#xa;BLOCK [synthetic: 1]&#xa;    SCRIPT 1 [synthetic: 1] [source_file: expected0] [input_id: InputId: expected0]&#xa;&#xa;&#xa;Actual tree:&#xa;BLOCK [synthetic: 1]&#xa;    SCRIPT 1 [synthetic: 1] [source_file: testcode] [input_id: InputId: testcode]&#xa;        EXPR_RESULT 1 [source_file: testcode]&#xa;            CALL 1 [source_file: testcode]&#xa;                GETPROP 1 [source_file: testcode]&#xa;                    NAME goog 1 [source_file: testcode]&#xa;                    STRING inherits 1 [source_file: testcode]&#xa;                GETPROP 1 [source_file: testcode]&#xa;                    GETPROP 1 [source_file: testcode]&#xa;                        NAME goog 1 [source_file: testcode]&#xa;                        STRING debug 1 [source_file: testcode]&#xa;                    STRING DebugWindow 1 [source_file: testcode]&#xa;                NAME Base 1 [source_file: testcode]&#xa;&#xa;&#xa;Expected subtree: SCRIPT 1 [synthetic: 1] [source_file: expected0] [input_id: InputId: expected0]&#xa;&#xa;&#xa;Actual subtree: SCRIPT 1 [synthetic: 1] [source_file: testcode] [input_id: InputId: testcode]&#xa;    EXPR_RESULT 1 [source_file: testcode]&#xa;        CALL 1 [source_file: testcode]&#xa;            GETPROP 1 [source_file: testcode]&#xa;                NAME goog 1 [source_file: testcode]&#xa;                STRING inherits 1 [source_file: testcode]&#xa;            GETPROP 1 [source_file: testcode]&#xa;                GETPROP 1 [source_file: testcode]&#xa;                    NAME goog 1 [source_file: testcode]&#xa;                    STRING debug 1 [source_file: testcode]&#xa;                STRING DebugWindow 1 [source_file: testcode]&#xa;            NAME Base 1 [source_file: testcode]&#xa;" type="junit.framework.AssertionFailedError">junit.framework.AssertionFailedError: 
Expected: 
Result:   goog.inherits(goog.debug.DebugWindow,Base)
Node tree inequality:
Expected tree:
BLOCK [synthetic: 1]
    SCRIPT 1 [synthetic: 1] [source_file: expected0] [input_id: InputId: expected0]


Actual tree:
BLOCK [synthetic: 1]
    SCRIPT 1 [synthetic: 1] [source_file: testcode] [input_id: InputId: testcode]
        EXPR_RESULT 1 [source_file: testcode]
            CALL 1 [source_file: testcode]
                GETPROP 1 [source_file: testcode]
                    NAME goog 1 [source_file: testcode]
                    STRING inherits 1 [source_file: testcode]
                GETPROP 1 [source_file: testcode]
                    GETPROP 1 [source_file: testcode]
                        NAME goog 1 [source_file: testcode]
                        STRING debug 1 [source_file: testcode]
                    STRING DebugWindow 1 [source_file: testcode]
                NAME Base 1 [source_file: testcode]


Expected subtree: SCRIPT 1 [synthetic: 1] [source_file: expected0] [input_id: InputId: expected0]


Actual subtree: SCRIPT 1 [synthetic: 1] [source_file: testcode] [input_id: InputId: testcode]
    EXPR_RESULT 1 [source_file: testcode]
        CALL 1 [source_file: testcode]
            GETPROP 1 [source_file: testcode]
                NAME goog 1 [source_file: testcode]
                STRING inherits 1 [source_file: testcode]
            GETPROP 1 [source_file: testcode]
                GETPROP 1 [source_file: testcode]
                    NAME goog 1 [source_file: testcode]
                    STRING debug 1 [source_file: testcode]
                STRING DebugWindow 1 [source_file: testcode]
            NAME Base 1 [source_file: testcode]

	at com.google.javascript.jscomp.CompilerTestCase.test(CompilerTestCase.java:1161)
	at com.google.javascript.jscomp.CompilerTestCase.test(CompilerTestCase.java:935)
	at com.google.javascript.jscomp.CompilerTestCase.test(CompilerTestCase.java:543)
	at com.google.javascript.jscomp.CompilerTestCase.test(CompilerTestCase.java:509)
	at com.google.javascript.jscomp.CompilerTestCase.test(CompilerTestCase.java:450)
	at com.google.javascript.jscomp.CompilerTestCase.test(CompilerTestCase.java:408)
	at com.google.javascript.jscomp.StripCodeTest.testClassDefiningCallWithStripType8(StripCodeTest.java:310)
</failure>
  </testcase>
  <testcase classname="com.google.javascript.jscomp.StripCodeTest" name="testPropertyWithEmptyStringKey" time="0.001" />
  <testcase classname="com.google.javascript.jscomp.StripCodeTest" name="testVarinIf" time="0.0" />
  <testcase classname="com.google.javascript.jscomp.StripCodeTest" name="testGetElemInIf" time="0.001" />
  <testcase classname="com.google.javascript.jscomp.StripCodeTest" name="testAssignInIf" time="0.0" />
  <testcase classname="com.google.javascript.jscomp.StripCodeTest" name="testNamePrefix" time="0.001" />
  <testcase classname="com.google.javascript.jscomp.StripCodeTest" name="testTypePrefix" time="0.0" />
  <testcase classname="com.google.javascript.jscomp.StripCodeTest" name="testStripCallsToStrippedNames1" time="0.001" />
  <testcase classname="com.google.javascript.jscomp.StripCodeTest" name="testStripCallsToStrippedNames2" time="0.0" />
  <testcase classname="com.google.javascript.jscomp.StripCodeTest" name="testStripCallsToStrippedNames3" time="0.001" />
  <testcase classname="com.google.javascript.jscomp.StripCodeTest" name="testStripCallsToStrippedNames4" time="0.0" />
  <testcase classname="com.google.javascript.jscomp.StripCodeTest" name="testStripVarsInitializedFromStrippedNames1" time="0.001" />
  <testcase classname="com.google.javascript.jscomp.StripCodeTest" name="testStripVarsInitializedFromStrippedNames2" time="0.0" />
  <testcase classname="com.google.javascript.jscomp.StripCodeTest" name="testReportErrorOnStripInNestedAssignment" time="0.0" />
  <testcase classname="com.google.javascript.jscomp.StripCodeTest" name="testNewOperatior1" time="0.001" />
  <testcase classname="com.google.javascript.jscomp.StripCodeTest" name="testNewOperatior2" time="0.001" />
  <testcase classname="com.google.javascript.jscomp.StripCodeTest" name="testNewOperatior3" time="0.001" />
  <testcase classname="com.google.javascript.jscomp.StripCodeTest" name="testCrazyNesting1" time="0.001" />
  <testcase classname="com.google.javascript.jscomp.StripCodeTest" name="testCrazyNesting2" time="0.001" />
  <testcase classname="com.google.javascript.jscomp.StripCodeTest" name="testCrazyNesting3" time="0.0" />
  <testcase classname="com.google.javascript.jscomp.StripCodeTest" name="testCrazyNesting4" time="0.0" />
  <testcase classname="com.google.javascript.jscomp.StripCodeTest" name="testCrazyNesting5" time="0.001" />
  <testcase classname="com.google.javascript.jscomp.StripCodeTest" name="testNamespace1" time="0.001" />
  <testcase classname="com.google.javascript.jscomp.StripCodeTest" name="testMethodCallTriggersRemoval" time="0.001" />
  <testcase classname="com.google.javascript.jscomp.StripCodeTest" name="testRemoveExpressionByName" time="0.0" />
  <system-out><![CDATA[]]></system-out>
  <system-err><![CDATA[]]></system-err>
</testsuite>
