<?xml version="1.0" encoding="UTF-8" ?>
<testsuite errors="0" failures="0" hostname="chih-VirtualBox" name="com.google.debugging.sourcemap.Base64Test" skipped="0" tests="2" time="0.628" timestamp="2015-03-08T23:39:50">
  <properties>
    <property name="java.vendor" value="Oracle Corporation" />
    <property name="lib.dir" value="/home/chih/Documents/PartB/UCLA-CS-239-Winter-2015/Part_B/Benchmark/closure-compiler/lib" />
    <property name="refasterjs-jarfile" value="/home/chih/Documents/PartB/UCLA-CS-239-Winter-2015/Part_B/Benchmark/closure-compiler/build/refasterjs.jar" />
    <property name="sun.java.launcher" value="SUN_STANDARD" />
    <property name="sun.management.compiler" value="HotSpot 64-Bit Tiered Compilers" />
    <property name="os.name" value="Linux" />
    <property name="sun.boot.class.path" value="/usr/lib/jvm/java-7-openjdk-amd64/jre/lib/resources.jar:/usr/lib/jvm/java-7-openjdk-amd64/jre/lib/rt.jar:/usr/lib/jvm/java-7-openjdk-amd64/jre/lib/sunrsasign.jar:/usr/lib/jvm/java-7-openjdk-amd64/jre/lib/jsse.jar:/usr/lib/jvm/java-7-openjdk-amd64/jre/lib/jce.jar:/usr/lib/jvm/java-7-openjdk-amd64/jre/lib/charsets.jar:/usr/lib/jvm/java-7-openjdk-amd64/jre/lib/rhino.jar:/usr/lib/jvm/java-7-openjdk-amd64/jre/lib/jfr.jar:/usr/lib/jvm/java-7-openjdk-amd64/jre/classes" />
    <property name="sun.desktop" value="gnome" />
    <property name="maven-repository-id" value="sonatype-nexus-staging" />
    <property name="java.vm.specification.vendor" value="Oracle Corporation" />
    <property name="ant.home" value="/usr/share/ant" />
    <property name="java.runtime.version" value="1.7.0_75-b13" />
    <property name="gen.dir" value="/home/chih/Documents/PartB/UCLA-CS-239-Winter-2015/Part_B/Benchmark/closure-compiler/gen" />
    <property name="user.name" value="chih" />
    <property name="ant.file.compiler" value="/home/chih/Documents/PartB/UCLA-CS-239-Winter-2015/Part_B/Benchmark/closure-compiler/build.xml" />
    <property name="build.dir" value="/home/chih/Documents/PartB/UCLA-CS-239-Winter-2015/Part_B/Benchmark/closure-compiler/build" />
    <property name="ant.build.javac.target" value="1.7" />
    <property name="user.language" value="en" />
    <property name="test.method" value="" />
    <property name="sun.boot.library.path" value="/usr/lib/jvm/java-7-openjdk-amd64/jre/lib/amd64" />
    <property name="ant.project.default-target" value="jar" />
    <property name="ant.project.name" value="compiler" />
    <property name="java.version" value="1.7.0_75" />
    <property name="user.timezone" value="" />
    <property name="sun.arch.data.model" value="64" />
    <property name="java.endorsed.dirs" value="/usr/lib/jvm/java-7-openjdk-amd64/jre/lib/endorsed" />
    <property name="sun.cpu.isalist" value="" />
    <property name="sun.jnu.encoding" value="UTF-8" />
    <property name="file.encoding.pkg" value="sun.io" />
    <property name="file.separator" value="/" />
    <property name="java.specification.name" value="Java Platform API Specification" />
    <property name="protoc.executable" value="protoc" />
    <property name="classes.dir" value="/home/chih/Documents/PartB/UCLA-CS-239-Winter-2015/Part_B/Benchmark/closure-compiler/build/classes" />
    <property name="java.class.version" value="51.0" />
    <property name="testClasses.dir" value="/home/chih/Documents/PartB/UCLA-CS-239-Winter-2015/Part_B/Benchmark/closure-compiler/build/test" />
    <property name="user.country" value="US" />
    <property name="java.home" value="/usr/lib/jvm/java-7-openjdk-amd64/jre" />
    <property name="java.vm.info" value="mixed mode" />
    <property name="externs.dir" value="/home/chih/Documents/PartB/UCLA-CS-239-Winter-2015/Part_B/Benchmark/closure-compiler/externs" />
    <property name="ant.file" value="/home/chih/Documents/PartB/UCLA-CS-239-Winter-2015/Part_B/Benchmark/closure-compiler/build.xml" />
    <property name="os.version" value="3.13.0-46-generic" />
    <property name="javac.debug" value="on" />
    <property name="path.separator" value=":" />
    <property name="java.vm.version" value="24.75-b04" />
    <property name="ant.library.dir" value="/usr/share/ant/lib" />
    <property name="java.awt.printerjob" value="sun.print.PSPrinterJob" />
    <property name="webservice-jarfile" value="/home/chih/Documents/PartB/UCLA-CS-239-Winter-2015/Part_B/Benchmark/closure-compiler/build/webservice.jar" />
    <property name="sun.io.unicode.encoding" value="UnicodeLittle" />
    <property name="test.fork" value="true" />
    <property name="webservice.dir" value="/home/chih/Documents/PartB/UCLA-CS-239-Winter-2015/Part_B/Benchmark/closure-compiler/src/com/google/javascript/jscomp/webservice" />
    <property name="awt.toolkit" value="sun.awt.X11.XToolkit" />
    <property name="buildlib.dir" value="/home/chih/Documents/PartB/UCLA-CS-239-Winter-2015/Part_B/Benchmark/closure-compiler/build/lib" />
    <property name="ant.build.javac.source" value="1.7" />
    <property name="refasterjs.dir" value="/home/chih/Documents/PartB/UCLA-CS-239-Winter-2015/Part_B/Benchmark/closure-compiler/src/com/google/javascript/refactoring" />
    <property name="user.home" value="/home/chih" />
    <property name="java.specification.vendor" value="Oracle Corporation" />
    <property name="test.dir" value="/home/chih/Documents/PartB/UCLA-CS-239-Winter-2015/Part_B/Benchmark/closure-compiler/test" />
    <property name="java.library.path" value="/usr/java/packages/lib/amd64:/usr/lib/x86_64-linux-gnu/jni:/lib/x86_64-linux-gnu:/usr/lib/x86_64-linux-gnu:/usr/lib/jni:/lib:/usr/lib" />
    <property name="java.vendor.url" value="http://java.oracle.com/" />
    <property name="java.vm.vendor" value="Oracle Corporation" />
    <property name="build.relVersion" value="c4c1c9b" />
    <property name="java.runtime.name" value="OpenJDK Runtime Environment" />
    <property name="sun.java.command" value="org.apache.tools.ant.taskdefs.optional.junit.JUnitTestRunner testsfile=/home/chih/Documents/PartB/UCLA-CS-239-Winter-2015/Part_B/Benchmark/closure-compiler/junittestcases1991396688289252384.properties skipNonTests=false filtertrace=true haltOnError=false haltOnFailure=false formatter=org.apache.tools.ant.taskdefs.optional.junit.SummaryJUnitResultFormatter showoutput=true outputtoformatters=true logfailedtests=true logtestlistenerevents=false formatter=org.apache.tools.ant.taskdefs.optional.junit.BriefJUnitResultFormatter formatter=org.apache.tools.ant.taskdefs.optional.junit.XMLJUnitResultFormatter,/home/chih/Documents/PartB/UCLA-CS-239-Winter-2015/Part_B/Benchmark/closure-compiler/build/testoutput/IGNORETHIS.xml crashfile=/home/chih/Documents/PartB/UCLA-CS-239-Winter-2015/Part_B/Benchmark/closure-compiler/junitvmwatcher878334534511033794.properties propsfile=/home/chih/Documents/PartB/UCLA-CS-239-Winter-2015/Part_B/Benchmark/closure-compiler/junit4203334832834298570.properties" />
    <property name="java.class.path" value="/home/chih/Documents/PartB/UCLA-CS-239-Winter-2015/Part_B/Benchmark/closure-compiler/build/classes:/home/chih/Documents/PartB/UCLA-CS-239-Winter-2015/Part_B/Benchmark/closure-compiler/lib/ant-launcher.jar:/home/chih/Documents/PartB/UCLA-CS-239-Winter-2015/Part_B/Benchmark/closure-compiler/lib/ant.jar:/home/chih/Documents/PartB/UCLA-CS-239-Winter-2015/Part_B/Benchmark/closure-compiler/lib/args4j.jar:/home/chih/Documents/PartB/UCLA-CS-239-Winter-2015/Part_B/Benchmark/closure-compiler/lib/gson.jar:/home/chih/Documents/PartB/UCLA-CS-239-Winter-2015/Part_B/Benchmark/closure-compiler/lib/guava.jar:/home/chih/Documents/PartB/UCLA-CS-239-Winter-2015/Part_B/Benchmark/closure-compiler/lib/jsr305.jar:/home/chih/Documents/PartB/UCLA-CS-239-Winter-2015/Part_B/Benchmark/closure-compiler/lib/junit.jar:/home/chih/Documents/PartB/UCLA-CS-239-Winter-2015/Part_B/Benchmark/closure-compiler/lib/protobuf-java.jar:/home/chih/Documents/PartB/UCLA-CS-239-Winter-2015/Part_B/Benchmark/closure-compiler/lib/truth.jar:/home/chih/Documents/PartB/UCLA-CS-239-Winter-2015/Part_B/Benchmark/closure-compiler/build/test:/usr/share/ant/lib/junit.jar:/usr/share/java/ant-launcher-1.9.3.jar:/usr/share/ant/lib/ant.jar:/usr/share/ant/lib/ant-junit.jar:/usr/share/ant/lib/ant-junit4.jar" />
    <property name="ant.version" value="Apache Ant(TM) version 1.9.3 compiled on April 8 2014" />
    <property name="test.class" value="*Test" />
    <property name="java.vm.specification.name" value="Java Virtual Machine Specification" />
    <property name="ant.file.type" value="file" />
    <property name="java.vm.specification.version" value="1.7" />
    <property name="sun.cpu.endian" value="little" />
    <property name="sun.os.patch.level" value="unknown" />
    <property name="java.io.tmpdir" value="/tmp" />
    <property name="java.vendor.url.bug" value="http://bugreport.sun.com/bugreport/" />
    <property name="os.arch" value="amd64" />
    <property name="maven-repository-url" value="https://oss.sonatype.org/service/local/staging/deploy/maven2/" />
    <property name="java.awt.graphicsenv" value="sun.awt.X11GraphicsEnvironment" />
    <property name="webservice-classes.dir" value="/home/chih/Documents/PartB/UCLA-CS-239-Winter-2015/Part_B/Benchmark/closure-compiler/build/webservice-classes" />
    <property name="java.ext.dirs" value="/usr/lib/jvm/java-7-openjdk-amd64/jre/lib/ext:/usr/java/packages/lib/ext" />
    <property name="user.dir" value="/home/chih/Documents/PartB/UCLA-CS-239-Winter-2015/Part_B/Benchmark/closure-compiler" />
    <property name="ant.file.type.compiler" value="file" />
    <property name="line.separator" value="&#xa;" />
    <property name="java.vm.name" value="OpenJDK 64-Bit Server VM" />
    <property name="refasterjs-classes.dir" value="/home/chih/Documents/PartB/UCLA-CS-239-Winter-2015/Part_B/Benchmark/closure-compiler/build/refasterjs-classes" />
    <property name="basedir" value="/home/chih/Documents/PartB/UCLA-CS-239-Winter-2015/Part_B/Benchmark/closure-compiler" />
    <property name="ant.java.version" value="1.7" />
    <property name="ant.core.lib" value="/usr/share/ant/lib/ant.jar" />
    <property name="file.encoding" value="UTF-8" />
    <property name="closure.build.dir" value="/home/chih/Documents/PartB/UCLA-CS-239-Winter-2015/Part_B/Benchmark/closure-compiler/build" />
    <property name="compiler-jarfile" value="/home/chih/Documents/PartB/UCLA-CS-239-Winter-2015/Part_B/Benchmark/closure-compiler/build/compiler.jar" />
    <property name="java.specification.version" value="1.7" />
    <property name="src.dir" value="/home/chih/Documents/PartB/UCLA-CS-239-Winter-2015/Part_B/Benchmark/closure-compiler/src" />
    <property name="javadoc.dir" value="/home/chih/Documents/PartB/UCLA-CS-239-Winter-2015/Part_B/Benchmark/closure-compiler/build/javadoc" />
    <property name="ant.project.invoked-targets" value="test" />
    <property name="tools.dir" value="/home/chih/Documents/PartB/UCLA-CS-239-Winter-2015/Part_B/Benchmark/closure-compiler/tools" />
  </properties>
  <testcase classname="com.google.debugging.sourcemap.Base64Test" name="testBase64" time="0.425" />
  <testcase classname="com.google.debugging.sourcemap.Base64Test" name="testBase64EncodeInt" time="0.044" />
  <system-out><![CDATA[]]></system-out>
  <system-err><![CDATA[CALL java/lang/Class.desiredAssertionStatus()Z
RETURN java/lang/Class.desiredAssertionStatus()Z
CALL java/util/Arrays.fill([II)V
RETURN java/util/Arrays.fill([II)V
CALL java/lang/String.length()I
RETURN java/lang/String.length()I
CALL java/lang/String.charAt(I)C
RETURN java/lang/String.charAt(I)C
CALL java/lang/String.length()I
RETURN java/lang/String.length()I
CALL java/lang/String.charAt(I)C
RETURN java/lang/String.charAt(I)C
CALL java/lang/String.length()I
RETURN java/lang/String.length()I
CALL java/lang/String.charAt(I)C
RETURN java/lang/String.charAt(I)C
CALL java/lang/String.length()I
RETURN java/lang/String.length()I
CALL java/lang/String.charAt(I)C
RETURN java/lang/String.charAt(I)C
CALL java/lang/String.length()I
RETURN java/lang/String.length()I
CALL java/lang/String.charAt(I)C
RETURN java/lang/String.charAt(I)C
CALL java/lang/String.length()I
RETURN java/lang/String.length()I
CALL java/lang/String.charAt(I)C
RETURN java/lang/String.charAt(I)C
CALL java/lang/String.length()I
RETURN java/lang/String.length()I
CALL java/lang/String.charAt(I)C
RETURN java/lang/String.charAt(I)C
CALL java/lang/String.length()I
RETURN java/lang/String.length()I
CALL java/lang/String.charAt(I)C
RETURN java/lang/String.charAt(I)C
CALL java/lang/String.length()I
RETURN java/lang/String.length()I
CALL java/lang/String.charAt(I)C
RETURN java/lang/String.charAt(I)C
CALL java/lang/String.length()I
RETURN java/lang/String.length()I
CALL java/lang/String.charAt(I)C
RETURN java/lang/String.charAt(I)C
CALL java/lang/String.length()I
RETURN java/lang/String.length()I
CALL java/lang/String.charAt(I)C
RETURN java/lang/String.charAt(I)C
CALL java/lang/String.length()I
RETURN java/lang/String.length()I
CALL java/lang/String.charAt(I)C
RETURN java/lang/String.charAt(I)C
CALL java/lang/String.length()I
RETURN java/lang/String.length()I
CALL java/lang/String.charAt(I)C
RETURN java/lang/String.charAt(I)C
CALL java/lang/String.length()I
RETURN java/lang/String.length()I
CALL java/lang/String.charAt(I)C
RETURN java/lang/String.charAt(I)C
CALL java/lang/String.length()I
RETURN java/lang/String.length()I
CALL java/lang/String.charAt(I)C
RETURN java/lang/String.charAt(I)C
CALL java/lang/String.length()I
RETURN java/lang/String.length()I
CALL java/lang/String.charAt(I)C
RETURN java/lang/String.charAt(I)C
CALL java/lang/String.length()I
RETURN java/lang/String.length()I
CALL java/lang/String.charAt(I)C
RETURN java/lang/String.charAt(I)C
CALL java/lang/String.length()I
RETURN java/lang/String.length()I
CALL java/lang/String.charAt(I)C
RETURN java/lang/String.charAt(I)C
CALL java/lang/String.length()I
RETURN java/lang/String.length()I
CALL java/lang/String.charAt(I)C
RETURN java/lang/String.charAt(I)C
CALL java/lang/String.length()I
RETURN java/lang/String.length()I
CALL java/lang/String.charAt(I)C
RETURN java/lang/String.charAt(I)C
CALL java/lang/String.length()I
RETURN java/lang/String.length()I
CALL java/lang/String.charAt(I)C
RETURN java/lang/String.charAt(I)C
CALL java/lang/String.length()I
RETURN java/lang/String.length()I
CALL java/lang/String.charAt(I)C
RETURN java/lang/String.charAt(I)C
CALL java/lang/String.length()I
RETURN java/lang/String.length()I
CALL java/lang/String.charAt(I)C
RETURN java/lang/String.charAt(I)C
CALL java/lang/String.length()I
RETURN java/lang/String.length()I
CALL java/lang/String.charAt(I)C
RETURN java/lang/String.charAt(I)C
CALL java/lang/String.length()I
RETURN java/lang/String.length()I
CALL java/lang/String.charAt(I)C
RETURN java/lang/String.charAt(I)C
CALL java/lang/String.length()I
RETURN java/lang/String.length()I
CALL java/lang/String.charAt(I)C
RETURN java/lang/String.charAt(I)C
CALL java/lang/String.length()I
RETURN java/lang/String.length()I
CALL java/lang/String.charAt(I)C
RETURN java/lang/String.charAt(I)C
CALL java/lang/String.length()I
RETURN java/lang/String.length()I
CALL java/lang/String.charAt(I)C
RETURN java/lang/String.charAt(I)C
CALL java/lang/String.length()I
RETURN java/lang/String.length()I
CALL java/lang/String.charAt(I)C
RETURN java/lang/String.charAt(I)C
CALL java/lang/String.length()I
RETURN java/lang/String.length()I
CALL java/lang/String.charAt(I)C
RETURN java/lang/String.charAt(I)C
CALL java/lang/String.length()I
RETURN java/lang/String.length()I
CALL java/lang/String.charAt(I)C
RETURN java/lang/String.charAt(I)C
CALL java/lang/String.length()I
RETURN java/lang/String.length()I
CALL java/lang/String.charAt(I)C
RETURN java/lang/String.charAt(I)C
CALL java/lang/String.length()I
RETURN java/lang/String.length()I
CALL java/lang/String.charAt(I)C
RETURN java/lang/String.charAt(I)C
CALL java/lang/String.length()I
RETURN java/lang/String.length()I
CALL java/lang/String.charAt(I)C
RETURN java/lang/String.charAt(I)C
CALL java/lang/String.length()I
RETURN java/lang/String.length()I
CALL java/lang/String.charAt(I)C
RETURN java/lang/String.charAt(I)C
CALL java/lang/String.length()I
RETURN java/lang/String.length()I
CALL java/lang/String.charAt(I)C
RETURN java/lang/String.charAt(I)C
CALL java/lang/String.length()I
RETURN java/lang/String.length()I
CALL java/lang/String.charAt(I)C
RETURN java/lang/String.charAt(I)C
CALL java/lang/String.length()I
RETURN java/lang/String.length()I
CALL java/lang/String.charAt(I)C
RETURN java/lang/String.charAt(I)C
CALL java/lang/String.length()I
RETURN java/lang/String.length()I
CALL java/lang/String.charAt(I)C
RETURN java/lang/String.charAt(I)C
CALL java/lang/String.length()I
RETURN java/lang/String.length()I
CALL java/lang/String.charAt(I)C
RETURN java/lang/String.charAt(I)C
CALL java/lang/String.length()I
RETURN java/lang/String.length()I
CALL java/lang/String.charAt(I)C
RETURN java/lang/String.charAt(I)C
CALL java/lang/String.length()I
RETURN java/lang/String.length()I
CALL java/lang/String.charAt(I)C
RETURN java/lang/String.charAt(I)C
CALL java/lang/String.length()I
RETURN java/lang/String.length()I
CALL java/lang/String.charAt(I)C
RETURN java/lang/String.charAt(I)C
CALL java/lang/String.length()I
RETURN java/lang/String.length()I
CALL java/lang/String.charAt(I)C
RETURN java/lang/String.charAt(I)C
CALL java/lang/String.length()I
RETURN java/lang/String.length()I
CALL java/lang/String.charAt(I)C
RETURN java/lang/String.charAt(I)C
CALL java/lang/String.length()I
RETURN java/lang/String.length()I
CALL java/lang/String.charAt(I)C
RETURN java/lang/String.charAt(I)C
CALL java/lang/String.length()I
RETURN java/lang/String.length()I
CALL java/lang/String.charAt(I)C
RETURN java/lang/String.charAt(I)C
CALL java/lang/String.length()I
RETURN java/lang/String.length()I
CALL java/lang/String.charAt(I)C
RETURN java/lang/String.charAt(I)C
CALL java/lang/String.length()I
RETURN java/lang/String.length()I
CALL java/lang/String.charAt(I)C
RETURN java/lang/String.charAt(I)C
CALL java/lang/String.length()I
RETURN java/lang/String.length()I
CALL java/lang/String.charAt(I)C
RETURN java/lang/String.charAt(I)C
CALL java/lang/String.length()I
RETURN java/lang/String.length()I
CALL java/lang/String.charAt(I)C
RETURN java/lang/String.charAt(I)C
CALL java/lang/String.length()I
RETURN java/lang/String.length()I
CALL java/lang/String.charAt(I)C
RETURN java/lang/String.charAt(I)C
CALL java/lang/String.length()I
RETURN java/lang/String.length()I
CALL java/lang/String.charAt(I)C
RETURN java/lang/String.charAt(I)C
CALL java/lang/String.length()I
RETURN java/lang/String.length()I
CALL java/lang/String.charAt(I)C
RETURN java/lang/String.charAt(I)C
CALL java/lang/String.length()I
RETURN java/lang/String.length()I
CALL java/lang/String.charAt(I)C
RETURN java/lang/String.charAt(I)C
CALL java/lang/String.length()I
RETURN java/lang/String.length()I
CALL java/lang/String.charAt(I)C
RETURN java/lang/String.charAt(I)C
CALL java/lang/String.length()I
RETURN java/lang/String.length()I
CALL java/lang/String.charAt(I)C
RETURN java/lang/String.charAt(I)C
CALL java/lang/String.length()I
RETURN java/lang/String.length()I
CALL java/lang/String.charAt(I)C
RETURN java/lang/String.charAt(I)C
CALL java/lang/String.length()I
RETURN java/lang/String.length()I
CALL java/lang/String.charAt(I)C
RETURN java/lang/String.charAt(I)C
CALL java/lang/String.length()I
RETURN java/lang/String.length()I
CALL java/lang/String.charAt(I)C
RETURN java/lang/String.charAt(I)C
CALL java/lang/String.length()I
RETURN java/lang/String.length()I
CALL java/lang/String.charAt(I)C
RETURN java/lang/String.charAt(I)C
CALL java/lang/String.length()I
RETURN java/lang/String.length()I
CALL java/lang/String.charAt(I)C
RETURN java/lang/String.charAt(I)C
CALL java/lang/String.length()I
RETURN java/lang/String.length()I
CALL java/lang/String.charAt(I)C
RETURN java/lang/String.charAt(I)C
CALL java/lang/String.length()I
RETURN java/lang/String.length()I
CALL java/lang/String.charAt(I)C
RETURN java/lang/String.charAt(I)C
CALL java/lang/String.length()I
RETURN java/lang/String.length()I
CALL java/lang/String.charAt(I)C
RETURN java/lang/String.charAt(I)C
CALL java/lang/String.charAt(I)C
RETURN java/lang/String.charAt(I)C
CALL java/lang/String.charAt(I)C
RETURN java/lang/String.charAt(I)C
CALL java/lang/String.charAt(I)C
RETURN java/lang/String.charAt(I)C
CALL java/lang/String.charAt(I)C
RETURN java/lang/String.charAt(I)C
CALL java/lang/String.charAt(I)C
RETURN java/lang/String.charAt(I)C
CALL java/lang/String.charAt(I)C
RETURN java/lang/String.charAt(I)C
CALL java/lang/String.charAt(I)C
RETURN java/lang/String.charAt(I)C
CALL java/lang/String.charAt(I)C
RETURN java/lang/String.charAt(I)C
CALL java/lang/String.charAt(I)C
RETURN java/lang/String.charAt(I)C
CALL java/lang/String.charAt(I)C
RETURN java/lang/String.charAt(I)C
CALL java/lang/String.charAt(I)C
RETURN java/lang/String.charAt(I)C
CALL java/lang/String.charAt(I)C
RETURN java/lang/String.charAt(I)C
CALL java/lang/String.charAt(I)C
RETURN java/lang/String.charAt(I)C
CALL java/lang/String.charAt(I)C
RETURN java/lang/String.charAt(I)C
CALL java/lang/String.charAt(I)C
RETURN java/lang/String.charAt(I)C
CALL java/lang/String.charAt(I)C
RETURN java/lang/String.charAt(I)C
CALL java/lang/String.charAt(I)C
RETURN java/lang/String.charAt(I)C
CALL java/lang/String.charAt(I)C
RETURN java/lang/String.charAt(I)C
CALL java/lang/String.charAt(I)C
RETURN java/lang/String.charAt(I)C
CALL java/lang/String.charAt(I)C
RETURN java/lang/String.charAt(I)C
CALL java/lang/String.charAt(I)C
RETURN java/lang/String.charAt(I)C
CALL java/lang/String.charAt(I)C
RETURN java/lang/String.charAt(I)C
CALL java/lang/String.charAt(I)C
RETURN java/lang/String.charAt(I)C
CALL java/lang/String.charAt(I)C
RETURN java/lang/String.charAt(I)C
CALL java/lang/String.charAt(I)C
RETURN java/lang/String.charAt(I)C
CALL java/lang/String.charAt(I)C
RETURN java/lang/String.charAt(I)C
CALL java/lang/String.charAt(I)C
RETURN java/lang/String.charAt(I)C
CALL java/lang/String.charAt(I)C
RETURN java/lang/String.charAt(I)C
CALL java/lang/String.charAt(I)C
RETURN java/lang/String.charAt(I)C
CALL java/lang/String.charAt(I)C
RETURN java/lang/String.charAt(I)C
CALL java/lang/String.charAt(I)C
RETURN java/lang/String.charAt(I)C
CALL java/lang/String.charAt(I)C
RETURN java/lang/String.charAt(I)C
CALL java/lang/String.charAt(I)C
RETURN java/lang/String.charAt(I)C
CALL java/lang/String.charAt(I)C
RETURN java/lang/String.charAt(I)C
CALL java/lang/String.charAt(I)C
RETURN java/lang/String.charAt(I)C
CALL java/lang/String.charAt(I)C
RETURN java/lang/String.charAt(I)C
CALL java/lang/String.charAt(I)C
RETURN java/lang/String.charAt(I)C
CALL java/lang/String.charAt(I)C
RETURN java/lang/String.charAt(I)C
CALL java/lang/String.charAt(I)C
RETURN java/lang/String.charAt(I)C
CALL java/lang/String.charAt(I)C
RETURN java/lang/String.charAt(I)C
CALL java/lang/String.charAt(I)C
RETURN java/lang/String.charAt(I)C
CALL java/lang/String.charAt(I)C
RETURN java/lang/String.charAt(I)C
CALL java/lang/String.charAt(I)C
RETURN java/lang/String.charAt(I)C
CALL java/lang/String.charAt(I)C
RETURN java/lang/String.charAt(I)C
CALL java/lang/String.charAt(I)C
RETURN java/lang/String.charAt(I)C
CALL java/lang/String.charAt(I)C
RETURN java/lang/String.charAt(I)C
CALL java/lang/String.charAt(I)C
RETURN java/lang/String.charAt(I)C
CALL java/lang/String.charAt(I)C
RETURN java/lang/String.charAt(I)C
CALL java/lang/String.charAt(I)C
RETURN java/lang/String.charAt(I)C
CALL java/lang/String.charAt(I)C
RETURN java/lang/String.charAt(I)C
CALL java/lang/String.charAt(I)C
RETURN java/lang/String.charAt(I)C
CALL java/lang/String.charAt(I)C
RETURN java/lang/String.charAt(I)C
CALL java/lang/String.charAt(I)C
RETURN java/lang/String.charAt(I)C
CALL java/lang/String.charAt(I)C
RETURN java/lang/String.charAt(I)C
CALL java/lang/String.charAt(I)C
RETURN java/lang/String.charAt(I)C
CALL java/lang/String.charAt(I)C
RETURN java/lang/String.charAt(I)C
CALL java/lang/String.charAt(I)C
RETURN java/lang/String.charAt(I)C
CALL java/lang/String.charAt(I)C
RETURN java/lang/String.charAt(I)C
CALL java/lang/String.charAt(I)C
RETURN java/lang/String.charAt(I)C
CALL java/lang/String.charAt(I)C
RETURN java/lang/String.charAt(I)C
CALL java/lang/String.charAt(I)C
RETURN java/lang/String.charAt(I)C
CALL java/lang/String.charAt(I)C
RETURN java/lang/String.charAt(I)C
CALL java/lang/String.charAt(I)C
RETURN java/lang/String.charAt(I)C
CALL com/google/debugging/sourcemap/Base64.toBase64(I)C
CALL java/lang/String.charAt(I)C
RETURN java/lang/String.charAt(I)C
RETURN com/google/debugging/sourcemap/Base64.toBase64(I)C
CALL com/google/debugging/sourcemap/Base64.toBase64(I)C
CALL java/lang/String.charAt(I)C
RETURN java/lang/String.charAt(I)C
RETURN com/google/debugging/sourcemap/Base64.toBase64(I)C
CALL com/google/debugging/sourcemap/Base64.toBase64(I)C
CALL java/lang/String.charAt(I)C
RETURN java/lang/String.charAt(I)C
RETURN com/google/debugging/sourcemap/Base64.toBase64(I)C
CALL com/google/debugging/sourcemap/Base64.toBase64(I)C
CALL java/lang/String.charAt(I)C
RETURN java/lang/String.charAt(I)C
RETURN com/google/debugging/sourcemap/Base64.toBase64(I)C
CALL com/google/debugging/sourcemap/Base64.toBase64(I)C
CALL java/lang/String.charAt(I)C
RETURN java/lang/String.charAt(I)C
RETURN com/google/debugging/sourcemap/Base64.toBase64(I)C
CALL com/google/debugging/sourcemap/Base64.toBase64(I)C
CALL java/lang/String.charAt(I)C
RETURN java/lang/String.charAt(I)C
RETURN com/google/debugging/sourcemap/Base64.toBase64(I)C
CALL java/lang/String.<init>([C)V
RETURN java/lang/String.<init>([C)V
CALL com/google/debugging/sourcemap/Base64.toBase64(I)C
CALL java/lang/String.charAt(I)C
RETURN java/lang/String.charAt(I)C
RETURN com/google/debugging/sourcemap/Base64.toBase64(I)C
CALL com/google/debugging/sourcemap/Base64.toBase64(I)C
CALL java/lang/String.charAt(I)C
RETURN java/lang/String.charAt(I)C
RETURN com/google/debugging/sourcemap/Base64.toBase64(I)C
CALL com/google/debugging/sourcemap/Base64.toBase64(I)C
CALL java/lang/String.charAt(I)C
RETURN java/lang/String.charAt(I)C
RETURN com/google/debugging/sourcemap/Base64.toBase64(I)C
CALL com/google/debugging/sourcemap/Base64.toBase64(I)C
CALL java/lang/String.charAt(I)C
RETURN java/lang/String.charAt(I)C
RETURN com/google/debugging/sourcemap/Base64.toBase64(I)C
CALL com/google/debugging/sourcemap/Base64.toBase64(I)C
CALL java/lang/String.charAt(I)C
RETURN java/lang/String.charAt(I)C
RETURN com/google/debugging/sourcemap/Base64.toBase64(I)C
CALL com/google/debugging/sourcemap/Base64.toBase64(I)C
CALL java/lang/String.charAt(I)C
RETURN java/lang/String.charAt(I)C
RETURN com/google/debugging/sourcemap/Base64.toBase64(I)C
CALL java/lang/String.<init>([C)V
RETURN java/lang/String.<init>([C)V
CALL com/google/debugging/sourcemap/Base64.toBase64(I)C
CALL java/lang/String.charAt(I)C
RETURN java/lang/String.charAt(I)C
RETURN com/google/debugging/sourcemap/Base64.toBase64(I)C
CALL com/google/debugging/sourcemap/Base64.toBase64(I)C
CALL java/lang/String.charAt(I)C
RETURN java/lang/String.charAt(I)C
RETURN com/google/debugging/sourcemap/Base64.toBase64(I)C
CALL com/google/debugging/sourcemap/Base64.toBase64(I)C
CALL java/lang/String.charAt(I)C
RETURN java/lang/String.charAt(I)C
RETURN com/google/debugging/sourcemap/Base64.toBase64(I)C
CALL com/google/debugging/sourcemap/Base64.toBase64(I)C
CALL java/lang/String.charAt(I)C
RETURN java/lang/String.charAt(I)C
RETURN com/google/debugging/sourcemap/Base64.toBase64(I)C
CALL com/google/debugging/sourcemap/Base64.toBase64(I)C
CALL java/lang/String.charAt(I)C
RETURN java/lang/String.charAt(I)C
RETURN com/google/debugging/sourcemap/Base64.toBase64(I)C
CALL com/google/debugging/sourcemap/Base64.toBase64(I)C
CALL java/lang/String.charAt(I)C
RETURN java/lang/String.charAt(I)C
RETURN com/google/debugging/sourcemap/Base64.toBase64(I)C
CALL java/lang/String.<init>([C)V
RETURN java/lang/String.<init>([C)V
CALL com/google/debugging/sourcemap/Base64.toBase64(I)C
CALL java/lang/String.charAt(I)C
RETURN java/lang/String.charAt(I)C
RETURN com/google/debugging/sourcemap/Base64.toBase64(I)C
CALL com/google/debugging/sourcemap/Base64.toBase64(I)C
CALL java/lang/String.charAt(I)C
RETURN java/lang/String.charAt(I)C
RETURN com/google/debugging/sourcemap/Base64.toBase64(I)C
CALL com/google/debugging/sourcemap/Base64.toBase64(I)C
CALL java/lang/String.charAt(I)C
RETURN java/lang/String.charAt(I)C
RETURN com/google/debugging/sourcemap/Base64.toBase64(I)C
CALL com/google/debugging/sourcemap/Base64.toBase64(I)C
CALL java/lang/String.charAt(I)C
RETURN java/lang/String.charAt(I)C
RETURN com/google/debugging/sourcemap/Base64.toBase64(I)C
CALL com/google/debugging/sourcemap/Base64.toBase64(I)C
CALL java/lang/String.charAt(I)C
RETURN java/lang/String.charAt(I)C
RETURN com/google/debugging/sourcemap/Base64.toBase64(I)C
CALL com/google/debugging/sourcemap/Base64.toBase64(I)C
CALL java/lang/String.charAt(I)C
RETURN java/lang/String.charAt(I)C
RETURN com/google/debugging/sourcemap/Base64.toBase64(I)C
CALL java/lang/String.<init>([C)V
RETURN java/lang/String.<init>([C)V
CALL com/google/debugging/sourcemap/Base64.toBase64(I)C
CALL java/lang/String.charAt(I)C
RETURN java/lang/String.charAt(I)C
RETURN com/google/debugging/sourcemap/Base64.toBase64(I)C
CALL com/google/debugging/sourcemap/Base64.toBase64(I)C
CALL java/lang/String.charAt(I)C
RETURN java/lang/String.charAt(I)C
RETURN com/google/debugging/sourcemap/Base64.toBase64(I)C
CALL com/google/debugging/sourcemap/Base64.toBase64(I)C
CALL java/lang/String.charAt(I)C
RETURN java/lang/String.charAt(I)C
RETURN com/google/debugging/sourcemap/Base64.toBase64(I)C
CALL com/google/debugging/sourcemap/Base64.toBase64(I)C
CALL java/lang/String.charAt(I)C
RETURN java/lang/String.charAt(I)C
RETURN com/google/debugging/sourcemap/Base64.toBase64(I)C
CALL com/google/debugging/sourcemap/Base64.toBase64(I)C
CALL java/lang/String.charAt(I)C
RETURN java/lang/String.charAt(I)C
RETURN com/google/debugging/sourcemap/Base64.toBase64(I)C
CALL com/google/debugging/sourcemap/Base64.toBase64(I)C
CALL java/lang/String.charAt(I)C
RETURN java/lang/String.charAt(I)C
RETURN com/google/debugging/sourcemap/Base64.toBase64(I)C
CALL java/lang/String.<init>([C)V
RETURN java/lang/String.<init>([C)V
]]></system-err>
</testsuite>
