<?xml version="1.0" encoding="UTF-8" ?>
<testsuite errors="0" failures="3" hostname="s-164-67-71-126.resnet.ucla.edu" name="com.google.javascript.jscomp.ProcessClosurePrimitivesTest" skipped="0" tests="110" time="0.12" timestamp="2015-03-08T09:06:34">
  <properties>
    <property name="java.vendor" value="Oracle Corporation" />
    <property name="lib.dir" value="/Users/tomerwei/Repos/PLay/closure-compiler/lib" />
    <property name="refasterjs-jarfile" value="/Users/tomerwei/Repos/PLay/closure-compiler/build/refasterjs.jar" />
    <property name="sun.java.launcher" value="SUN_STANDARD" />
    <property name="sun.management.compiler" value="HotSpot 64-Bit Tiered Compilers" />
    <property name="os.name" value="Mac OS X" />
    <property name="sun.boot.class.path" value="/Library/Java/JavaVirtualMachines/jdk1.7.0_75.jdk/Contents/Home/jre/lib/resources.jar:/Library/Java/JavaVirtualMachines/jdk1.7.0_75.jdk/Contents/Home/jre/lib/rt.jar:/Library/Java/JavaVirtualMachines/jdk1.7.0_75.jdk/Contents/Home/jre/lib/sunrsasign.jar:/Library/Java/JavaVirtualMachines/jdk1.7.0_75.jdk/Contents/Home/jre/lib/jsse.jar:/Library/Java/JavaVirtualMachines/jdk1.7.0_75.jdk/Contents/Home/jre/lib/jce.jar:/Library/Java/JavaVirtualMachines/jdk1.7.0_75.jdk/Contents/Home/jre/lib/charsets.jar:/Library/Java/JavaVirtualMachines/jdk1.7.0_75.jdk/Contents/Home/jre/lib/jfr.jar:/Library/Java/JavaVirtualMachines/jdk1.7.0_75.jdk/Contents/Home/jre/classes" />
    <property name="maven-repository-id" value="sonatype-nexus-staging" />
    <property name="java.vm.specification.vendor" value="Oracle Corporation" />
    <property name="ant.home" value="/opt/local/share/java/apache-ant" />
    <property name="java.runtime.version" value="1.7.0_75-b13" />
    <property name="gen.dir" value="/Users/tomerwei/Repos/PLay/closure-compiler/gen" />
    <property name="user.name" value="tomerwei" />
    <property name="ant.file.compiler" value="/Users/tomerwei/Repos/PLay/closure-compiler/build.xml" />
    <property name="build.dir" value="/Users/tomerwei/Repos/PLay/closure-compiler/build" />
    <property name="ant.build.javac.target" value="1.7" />
    <property name="user.language" value="en" />
    <property name="test.method" value="" />
    <property name="sun.boot.library.path" value="/Library/Java/JavaVirtualMachines/jdk1.7.0_75.jdk/Contents/Home/jre/lib" />
    <property name="ant.project.default-target" value="jar" />
    <property name="ant.project.name" value="compiler" />
    <property name="java.version" value="1.7.0_75" />
    <property name="user.timezone" value="" />
    <property name="sun.arch.data.model" value="64" />
    <property name="http.nonProxyHosts" value="local|*.local|169.254/16|*.169.254/16" />
    <property name="java.endorsed.dirs" value="/Library/Java/JavaVirtualMachines/jdk1.7.0_75.jdk/Contents/Home/jre/lib/endorsed" />
    <property name="sun.cpu.isalist" value="" />
    <property name="sun.jnu.encoding" value="UTF-8" />
    <property name="file.encoding.pkg" value="sun.io" />
    <property name="file.separator" value="/" />
    <property name="java.specification.name" value="Java Platform API Specification" />
    <property name="protoc.executable" value="protoc" />
    <property name="classes.dir" value="/Users/tomerwei/Repos/PLay/closure-compiler/build/classes" />
    <property name="java.class.version" value="51.0" />
    <property name="testClasses.dir" value="/Users/tomerwei/Repos/PLay/closure-compiler/build/test" />
    <property name="user.country" value="US" />
    <property name="java.home" value="/Library/Java/JavaVirtualMachines/jdk1.7.0_75.jdk/Contents/Home/jre" />
    <property name="java.vm.info" value="mixed mode" />
    <property name="externs.dir" value="/Users/tomerwei/Repos/PLay/closure-compiler/externs" />
    <property name="ant.file" value="/Users/tomerwei/Repos/PLay/closure-compiler/build.xml" />
    <property name="os.version" value="10.9.5" />
    <property name="javac.debug" value="on" />
    <property name="path.separator" value=":" />
    <property name="java.vm.version" value="24.75-b04" />
    <property name="ant.library.dir" value="/opt/local/share/java/apache-ant/lib" />
    <property name="java.awt.printerjob" value="sun.lwawt.macosx.CPrinterJob" />
    <property name="webservice-jarfile" value="/Users/tomerwei/Repos/PLay/closure-compiler/build/webservice.jar" />
    <property name="sun.io.unicode.encoding" value="UnicodeBig" />
    <property name="test.fork" value="true" />
    <property name="webservice.dir" value="/Users/tomerwei/Repos/PLay/closure-compiler/src/com/google/javascript/jscomp/webservice" />
    <property name="awt.toolkit" value="sun.lwawt.macosx.LWCToolkit" />
    <property name="buildlib.dir" value="/Users/tomerwei/Repos/PLay/closure-compiler/build/lib" />
    <property name="socksNonProxyHosts" value="local|*.local|169.254/16|*.169.254/16" />
    <property name="ftp.nonProxyHosts" value="local|*.local|169.254/16|*.169.254/16" />
    <property name="ant.build.javac.source" value="1.7" />
    <property name="refasterjs.dir" value="/Users/tomerwei/Repos/PLay/closure-compiler/src/com/google/javascript/refactoring" />
    <property name="user.home" value="/Users/tomerwei" />
    <property name="java.specification.vendor" value="Oracle Corporation" />
    <property name="test.dir" value="/Users/tomerwei/Repos/PLay/closure-compiler/test" />
    <property name="java.library.path" value="/Users/tomerwei/Library/Java/Extensions:/Library/Java/Extensions:/Network/Library/Java/Extensions:/System/Library/Java/Extensions:/usr/lib/java:." />
    <property name="java.vendor.url" value="http://java.oracle.com/" />
    <property name="java.vm.vendor" value="Oracle Corporation" />
    <property name="gopherProxySet" value="false" />
    <property name="build.relVersion" value="v20150126-162-g55aa491" />
    <property name="java.runtime.name" value="Java(TM) SE Runtime Environment" />
    <property name="sun.java.command" value="org.apache.tools.ant.taskdefs.optional.junit.JUnitTestRunner testsfile=/Users/tomerwei/Repos/PLay/closure-compiler/junittestcases5320804302362041037.properties skipNonTests=false filtertrace=true haltOnError=false haltOnFailure=false formatter=org.apache.tools.ant.taskdefs.optional.junit.SummaryJUnitResultFormatter showoutput=true outputtoformatters=true logfailedtests=true threadid=0 logtestlistenerevents=false formatter=org.apache.tools.ant.taskdefs.optional.junit.BriefJUnitResultFormatter formatter=org.apache.tools.ant.taskdefs.optional.junit.XMLJUnitResultFormatter,/Users/tomerwei/Repos/PLay/closure-compiler/build/testoutput/IGNORETHIS.xml crashfile=/Users/tomerwei/Repos/PLay/closure-compiler/junitvmwatcher5819990703841375885.properties propsfile=/Users/tomerwei/Repos/PLay/closure-compiler/junit642073203518458064.properties" />
    <property name="java.class.path" value="/Users/tomerwei/Repos/PLay/closure-compiler/build/classes:/Users/tomerwei/Repos/PLay/closure-compiler/lib/ant-launcher.jar:/Users/tomerwei/Repos/PLay/closure-compiler/lib/ant.jar:/Users/tomerwei/Repos/PLay/closure-compiler/lib/args4j.jar:/Users/tomerwei/Repos/PLay/closure-compiler/lib/gson.jar:/Users/tomerwei/Repos/PLay/closure-compiler/lib/guava.jar:/Users/tomerwei/Repos/PLay/closure-compiler/lib/jsr305.jar:/Users/tomerwei/Repos/PLay/closure-compiler/lib/junit.jar:/Users/tomerwei/Repos/PLay/closure-compiler/lib/protobuf-java.jar:/Users/tomerwei/Repos/PLay/closure-compiler/lib/truth.jar:/Users/tomerwei/Repos/PLay/closure-compiler/build/test:/opt/local/share/java/apache-ant/lib/ant-launcher.jar:/opt/local/share/java/apache-ant/lib/ant.jar:/opt/local/share/java/apache-ant/lib/ant-junit.jar:/opt/local/share/java/apache-ant/lib/ant-junit4.jar" />
    <property name="ant.version" value="Apache Ant(TM) version 1.9.4 compiled on April 29 2014" />
    <property name="test.class" value="*Test" />
    <property name="java.vm.specification.name" value="Java Virtual Machine Specification" />
    <property name="ant.file.type" value="file" />
    <property name="java.vm.specification.version" value="1.7" />
    <property name="sun.cpu.endian" value="little" />
    <property name="sun.os.patch.level" value="unknown" />
    <property name="java.io.tmpdir" value="/var/folders/f6/3011v4610sd8c89rtjf_9j9m0000gn/T/" />
    <property name="java.vendor.url.bug" value="http://bugreport.sun.com/bugreport/" />
    <property name="java.awt.graphicsenv" value="sun.awt.CGraphicsEnvironment" />
    <property name="maven-repository-url" value="https://oss.sonatype.org/service/local/staging/deploy/maven2/" />
    <property name="os.arch" value="x86_64" />
    <property name="webservice-classes.dir" value="/Users/tomerwei/Repos/PLay/closure-compiler/build/webservice-classes" />
    <property name="java.ext.dirs" value="/Users/tomerwei/Library/Java/Extensions:/Library/Java/JavaVirtualMachines/jdk1.7.0_75.jdk/Contents/Home/jre/lib/ext:/Library/Java/Extensions:/Network/Library/Java/Extensions:/System/Library/Java/Extensions:/usr/lib/java" />
    <property name="user.dir" value="/Users/tomerwei/Repos/PLay/closure-compiler" />
    <property name="ant.file.type.compiler" value="file" />
    <property name="line.separator" value="&#xa;" />
    <property name="java.vm.name" value="Java HotSpot(TM) 64-Bit Server VM" />
    <property name="refasterjs-classes.dir" value="/Users/tomerwei/Repos/PLay/closure-compiler/build/refasterjs-classes" />
    <property name="basedir" value="/Users/tomerwei/Repos/PLay/closure-compiler" />
    <property name="ant.java.version" value="1.7" />
    <property name="ant.core.lib" value="/opt/local/share/java/apache-ant/lib/ant.jar" />
    <property name="file.encoding" value="UTF-8" />
    <property name="closure.build.dir" value="/Users/tomerwei/Repos/PLay/closure-compiler/build" />
    <property name="compiler-jarfile" value="/Users/tomerwei/Repos/PLay/closure-compiler/build/compiler.jar" />
    <property name="java.specification.version" value="1.7" />
    <property name="src.dir" value="/Users/tomerwei/Repos/PLay/closure-compiler/src" />
    <property name="ant.project.invoked-targets" value="clean,compile,compile-tests,test" />
    <property name="javadoc.dir" value="/Users/tomerwei/Repos/PLay/closure-compiler/build/javadoc" />
    <property name="tools.dir" value="/Users/tomerwei/Repos/PLay/closure-compiler/tools" />
  </properties>
  <testcase classname="com.google.javascript.jscomp.ProcessClosurePrimitivesTest" name="testInvalidRequire" time="0.002" />
  <testcase classname="com.google.javascript.jscomp.ProcessClosurePrimitivesTest" name="testForwardDeclarations" time="0.001" />
  <testcase classname="com.google.javascript.jscomp.ProcessClosurePrimitivesTest" name="testProvideRequireSameFile" time="0.001" />
  <testcase classname="com.google.javascript.jscomp.ProcessClosurePrimitivesTest" name="testSimpleProvides" time="0.002" />
  <testcase classname="com.google.javascript.jscomp.ProcessClosurePrimitivesTest" name="testMultipleProvides" time="0.004" />
  <testcase classname="com.google.javascript.jscomp.ProcessClosurePrimitivesTest" name="testRemovalOfProvidedObjLit" time="0.006" />
  <testcase classname="com.google.javascript.jscomp.ProcessClosurePrimitivesTest" name="testProvidedDeclaredFunctionError" time="0.001" />
  <testcase classname="com.google.javascript.jscomp.ProcessClosurePrimitivesTest" name="testRemovalMultipleAssignment1" time="0.001" />
  <testcase classname="com.google.javascript.jscomp.ProcessClosurePrimitivesTest" name="testRemovalMultipleAssignment2" time="0.001" />
  <testcase classname="com.google.javascript.jscomp.ProcessClosurePrimitivesTest" name="testRemovalMultipleAssignment3" time="0.0" />
  <testcase classname="com.google.javascript.jscomp.ProcessClosurePrimitivesTest" name="testRemovalMultipleAssignment4" time="0.001" />
  <testcase classname="com.google.javascript.jscomp.ProcessClosurePrimitivesTest" name="testNoRemovalFunction1" time="0.001" />
  <testcase classname="com.google.javascript.jscomp.ProcessClosurePrimitivesTest" name="testNoRemovalFunction2" time="0.0" />
  <testcase classname="com.google.javascript.jscomp.ProcessClosurePrimitivesTest" name="testRemovalMultipleAssignmentInIf1" time="0.0" />
  <testcase classname="com.google.javascript.jscomp.ProcessClosurePrimitivesTest" name="testRemovalMultipleAssignmentInIf2" time="0.001" />
  <testcase classname="com.google.javascript.jscomp.ProcessClosurePrimitivesTest" name="testRemovalMultipleAssignmentInIf3" time="0.001" />
  <testcase classname="com.google.javascript.jscomp.ProcessClosurePrimitivesTest" name="testRemovalMultipleAssignmentInIf4" time="0.002" />
  <testcase classname="com.google.javascript.jscomp.ProcessClosurePrimitivesTest" name="testMultipleDeclarationError1" time="0.001" />
  <testcase classname="com.google.javascript.jscomp.ProcessClosurePrimitivesTest" name="testMultipleDeclarationError2" time="0.001" />
  <testcase classname="com.google.javascript.jscomp.ProcessClosurePrimitivesTest" name="testMultipleDeclarationError3" time="0.001" />
  <testcase classname="com.google.javascript.jscomp.ProcessClosurePrimitivesTest" name="testProvideAfterDeclarationError" time="0.001" />
  <testcase classname="com.google.javascript.jscomp.ProcessClosurePrimitivesTest" name="testProvideErrorCases" time="0.003" />
  <testcase classname="com.google.javascript.jscomp.ProcessClosurePrimitivesTest" name="testProvideErrorCases2" time="0.003" />
  <testcase classname="com.google.javascript.jscomp.ProcessClosurePrimitivesTest" name="testProvideValidObjectType" time="0.0" />
  <testcase classname="com.google.javascript.jscomp.ProcessClosurePrimitivesTest" name="testRemovalOfRequires" time="0.003" />
  <testcase classname="com.google.javascript.jscomp.ProcessClosurePrimitivesTest" name="testPreserveGoogRequires" time="0.001">
    <failure message="&#xa;Expected: var foo={};goog.require(&quot;foo&quot;)&#xa;Result:   var foo={}&#xa;Node tree inequality:&#xa;Tree1:&#xa;BLOCK [synthetic: 1]&#xa;    SCRIPT 1 [synthetic: 1] [source_file: expected0] [input_id: InputId: expected0]&#xa;        VAR 1 [source_file: expected0]&#xa;            NAME foo 1 [source_file: expected0]&#xa;                OBJECTLIT 1 [source_file: expected0]&#xa;        EXPR_RESULT 1 [source_file: expected0]&#xa;            CALL 1 [source_file: expected0]&#xa;                GETPROP 1 [source_file: expected0]&#xa;                    NAME goog 1 [source_file: expected0]&#xa;                    STRING require 1 [source_file: expected0]&#xa;                STRING foo 1 [source_file: expected0]&#xa;&#xa;&#xa;Tree2:&#xa;BLOCK [synthetic: 1]&#xa;    SCRIPT 1 [synthetic: 1] [source_file: testcode] [input_id: InputId: testcode]&#xa;        VAR 1 [is_namespace: 1] [source_file: testcode]&#xa;            NAME foo 1 [jsdoc_info: JSDocInfo] [source_file: testcode]&#xa;                OBJECTLIT 1 [source_file: testcode] : {}&#xa;&#xa;&#xa;Subtree1: SCRIPT 1 [synthetic: 1] [source_file: expected0] [input_id: InputId: expected0]&#xa;    VAR 1 [source_file: expected0]&#xa;        NAME foo 1 [source_file: expected0]&#xa;            OBJECTLIT 1 [source_file: expected0]&#xa;    EXPR_RESULT 1 [source_file: expected0]&#xa;        CALL 1 [source_file: expected0]&#xa;            GETPROP 1 [source_file: expected0]&#xa;                NAME goog 1 [source_file: expected0]&#xa;                STRING require 1 [source_file: expected0]&#xa;            STRING foo 1 [source_file: expected0]&#xa;&#xa;&#xa;Subtree2: SCRIPT 1 [synthetic: 1] [source_file: testcode] [input_id: InputId: testcode]&#xa;    VAR 1 [is_namespace: 1] [source_file: testcode]&#xa;        NAME foo 1 [jsdoc_info: JSDocInfo] [source_file: testcode]&#xa;            OBJECTLIT 1 [source_file: testcode] : {}&#xa;" type="junit.framework.AssertionFailedError">junit.framework.AssertionFailedError: 
Expected: var foo={};goog.require(&quot;foo&quot;)
Result:   var foo={}
Node tree inequality:
Tree1:
BLOCK [synthetic: 1]
    SCRIPT 1 [synthetic: 1] [source_file: expected0] [input_id: InputId: expected0]
        VAR 1 [source_file: expected0]
            NAME foo 1 [source_file: expected0]
                OBJECTLIT 1 [source_file: expected0]
        EXPR_RESULT 1 [source_file: expected0]
            CALL 1 [source_file: expected0]
                GETPROP 1 [source_file: expected0]
                    NAME goog 1 [source_file: expected0]
                    STRING require 1 [source_file: expected0]
                STRING foo 1 [source_file: expected0]


Tree2:
BLOCK [synthetic: 1]
    SCRIPT 1 [synthetic: 1] [source_file: testcode] [input_id: InputId: testcode]
        VAR 1 [is_namespace: 1] [source_file: testcode]
            NAME foo 1 [jsdoc_info: JSDocInfo] [source_file: testcode]
                OBJECTLIT 1 [source_file: testcode] : {}


Subtree1: SCRIPT 1 [synthetic: 1] [source_file: expected0] [input_id: InputId: expected0]
    VAR 1 [source_file: expected0]
        NAME foo 1 [source_file: expected0]
            OBJECTLIT 1 [source_file: expected0]
    EXPR_RESULT 1 [source_file: expected0]
        CALL 1 [source_file: expected0]
            GETPROP 1 [source_file: expected0]
                NAME goog 1 [source_file: expected0]
                STRING require 1 [source_file: expected0]
            STRING foo 1 [source_file: expected0]


Subtree2: SCRIPT 1 [synthetic: 1] [source_file: testcode] [input_id: InputId: testcode]
    VAR 1 [is_namespace: 1] [source_file: testcode]
        NAME foo 1 [jsdoc_info: JSDocInfo] [source_file: testcode]
            OBJECTLIT 1 [source_file: testcode] : {}

	at com.google.javascript.jscomp.CompilerTestCase.test(CompilerTestCase.java:1161)
	at com.google.javascript.jscomp.CompilerTestCase.test(CompilerTestCase.java:935)
	at com.google.javascript.jscomp.CompilerTestCase.test(CompilerTestCase.java:543)
	at com.google.javascript.jscomp.CompilerTestCase.test(CompilerTestCase.java:509)
	at com.google.javascript.jscomp.CompilerTestCase.test(CompilerTestCase.java:450)
	at com.google.javascript.jscomp.CompilerTestCase.test(CompilerTestCase.java:408)
	at com.google.javascript.jscomp.ProcessClosurePrimitivesTest.testPreserveGoogRequires(ProcessClosurePrimitivesTest.java:318)
</failure>
  </testcase>
  <testcase classname="com.google.javascript.jscomp.ProcessClosurePrimitivesTest" name="testRequireErrorCases" time="0.002" />
  <testcase classname="com.google.javascript.jscomp.ProcessClosurePrimitivesTest" name="testLateProvides" time="0.002" />
  <testcase classname="com.google.javascript.jscomp.ProcessClosurePrimitivesTest" name="testMissingProvides" time="0.001" />
  <testcase classname="com.google.javascript.jscomp.ProcessClosurePrimitivesTest" name="testAddDependency" time="0.0" />
  <testcase classname="com.google.javascript.jscomp.ProcessClosurePrimitivesTest" name="testValidSetCssNameMapping" time="0.0" />
  <testcase classname="com.google.javascript.jscomp.ProcessClosurePrimitivesTest" name="testValidSetCssNameMappingWithType" time="0.001" />
  <testcase classname="com.google.javascript.jscomp.ProcessClosurePrimitivesTest" name="testSetCssNameMappingNonStringValueReturnsError" time="0.002" />
  <testcase classname="com.google.javascript.jscomp.ProcessClosurePrimitivesTest" name="testSetCssNameMappingValidity" time="0.002" />
  <testcase classname="com.google.javascript.jscomp.ProcessClosurePrimitivesTest" name="testBadCrossModuleRequire" time="0.001" />
  <testcase classname="com.google.javascript.jscomp.ProcessClosurePrimitivesTest" name="testGoodCrossModuleRequire1" time="0.001" />
  <testcase classname="com.google.javascript.jscomp.ProcessClosurePrimitivesTest" name="testGoodCrossModuleRequire2" time="0.0" />
  <testcase classname="com.google.javascript.jscomp.ProcessClosurePrimitivesTest" name="testSimpleAdditionalProvide" time="0.001" />
  <testcase classname="com.google.javascript.jscomp.ProcessClosurePrimitivesTest" name="testSimpleAdditionalProvideAtEnd" time="0.0" />
  <testcase classname="com.google.javascript.jscomp.ProcessClosurePrimitivesTest" name="testSimpleDottedAdditionalProvide" time="0.001" />
  <testcase classname="com.google.javascript.jscomp.ProcessClosurePrimitivesTest" name="testOverlappingAdditionalProvide" time="0.001" />
  <testcase classname="com.google.javascript.jscomp.ProcessClosurePrimitivesTest" name="testOverlappingAdditionalProvideAtEnd" time="0.0" />
  <testcase classname="com.google.javascript.jscomp.ProcessClosurePrimitivesTest" name="testOverlappingDottedAdditionalProvide" time="0.001" />
  <testcase classname="com.google.javascript.jscomp.ProcessClosurePrimitivesTest" name="testRequireOfAdditionalProvide" time="0.001">
    <failure message="Unexpected error(s): JSC_MISSING_PROVIDE_ERROR. required &quot;b.B&quot; namespace never provided at testcode line 1 : 0 expected:&lt;0&gt; but was:&lt;1&gt;" type="junit.framework.AssertionFailedError">junit.framework.AssertionFailedError: Unexpected error(s): JSC_MISSING_PROVIDE_ERROR. required &quot;b.B&quot; namespace never provided at testcode line 1 : 0 expected:&lt;0&gt; but was:&lt;1&gt;
	at com.google.javascript.jscomp.CompilerTestCase.test(CompilerTestCase.java:1070)
	at com.google.javascript.jscomp.CompilerTestCase.test(CompilerTestCase.java:935)
	at com.google.javascript.jscomp.CompilerTestCase.test(CompilerTestCase.java:543)
	at com.google.javascript.jscomp.CompilerTestCase.test(CompilerTestCase.java:509)
	at com.google.javascript.jscomp.CompilerTestCase.test(CompilerTestCase.java:450)
	at com.google.javascript.jscomp.CompilerTestCase.test(CompilerTestCase.java:408)
	at com.google.javascript.jscomp.ProcessClosurePrimitivesTest.testRequireOfAdditionalProvide(ProcessClosurePrimitivesTest.java:514)
</failure>
  </testcase>
  <testcase classname="com.google.javascript.jscomp.ProcessClosurePrimitivesTest" name="testMissingRequireWithAdditionalProvide" time="0.0" />
  <testcase classname="com.google.javascript.jscomp.ProcessClosurePrimitivesTest" name="testLateRequire" time="0.001" />
  <testcase classname="com.google.javascript.jscomp.ProcessClosurePrimitivesTest" name="testReorderedProvides" time="0.001" />
  <testcase classname="com.google.javascript.jscomp.ProcessClosurePrimitivesTest" name="testReorderedProvides2" time="0.001" />
  <testcase classname="com.google.javascript.jscomp.ProcessClosurePrimitivesTest" name="testProvideOrder1" time="0.001" />
  <testcase classname="com.google.javascript.jscomp.ProcessClosurePrimitivesTest" name="testProvideOrder2" time="0.001" />
  <testcase classname="com.google.javascript.jscomp.ProcessClosurePrimitivesTest" name="testProvideOrder3a" time="0.0" />
  <testcase classname="com.google.javascript.jscomp.ProcessClosurePrimitivesTest" name="testProvideOrder3b" time="0.0" />
  <testcase classname="com.google.javascript.jscomp.ProcessClosurePrimitivesTest" name="testProvideOrder4a" time="0.0" />
  <testcase classname="com.google.javascript.jscomp.ProcessClosurePrimitivesTest" name="testProvideOrder4b" time="0.0" />
  <testcase classname="com.google.javascript.jscomp.ProcessClosurePrimitivesTest" name="testInvalidProvide" time="0.002" />
  <testcase classname="com.google.javascript.jscomp.ProcessClosurePrimitivesTest" name="testValidGoogMethod" time="0.003" />
  <testcase classname="com.google.javascript.jscomp.ProcessClosurePrimitivesTest" name="testInvalidGoogBase1" time="0.0" />
  <testcase classname="com.google.javascript.jscomp.ProcessClosurePrimitivesTest" name="testInvalidGoogBase2" time="0.0" />
  <testcase classname="com.google.javascript.jscomp.ProcessClosurePrimitivesTest" name="testInvalidGoogBase3" time="0.0" />
  <testcase classname="com.google.javascript.jscomp.ProcessClosurePrimitivesTest" name="testInvalidGoogBase4" time="0.001" />
  <testcase classname="com.google.javascript.jscomp.ProcessClosurePrimitivesTest" name="testInvalidGoogBase5" time="0.0" />
  <testcase classname="com.google.javascript.jscomp.ProcessClosurePrimitivesTest" name="testInvalidGoogBase6" time="0.0" />
  <testcase classname="com.google.javascript.jscomp.ProcessClosurePrimitivesTest" name="testInvalidGoogBase7" time="0.001" />
  <testcase classname="com.google.javascript.jscomp.ProcessClosurePrimitivesTest" name="testInvalidGoogBase8" time="0.0" />
  <testcase classname="com.google.javascript.jscomp.ProcessClosurePrimitivesTest" name="testInvalidGoogBase9" time="0.001" />
  <testcase classname="com.google.javascript.jscomp.ProcessClosurePrimitivesTest" name="testValidGoogBase1" time="0.0" />
  <testcase classname="com.google.javascript.jscomp.ProcessClosurePrimitivesTest" name="testValidGoogBase2" time="0.0" />
  <testcase classname="com.google.javascript.jscomp.ProcessClosurePrimitivesTest" name="testValidGoogBase3" time="0.001" />
  <testcase classname="com.google.javascript.jscomp.ProcessClosurePrimitivesTest" name="testValidGoogBase4" time="0.0" />
  <testcase classname="com.google.javascript.jscomp.ProcessClosurePrimitivesTest" name="testValidGoogBase5" time="0.001" />
  <testcase classname="com.google.javascript.jscomp.ProcessClosurePrimitivesTest" name="testValidGoogBase6" time="0.001" />
  <testcase classname="com.google.javascript.jscomp.ProcessClosurePrimitivesTest" name="testBanGoogBase" time="0.0" />
  <testcase classname="com.google.javascript.jscomp.ProcessClosurePrimitivesTest" name="testInvalidBase1" time="0.001" />
  <testcase classname="com.google.javascript.jscomp.ProcessClosurePrimitivesTest" name="testInvalidBase2" time="0.0" />
  <testcase classname="com.google.javascript.jscomp.ProcessClosurePrimitivesTest" name="testInvalidBase3" time="0.001" />
  <testcase classname="com.google.javascript.jscomp.ProcessClosurePrimitivesTest" name="testInvalidBase4" time="0.0" />
  <testcase classname="com.google.javascript.jscomp.ProcessClosurePrimitivesTest" name="testInvalidBase5" time="0.0" />
  <testcase classname="com.google.javascript.jscomp.ProcessClosurePrimitivesTest" name="testInvalidBase7" time="0.001" />
  <testcase classname="com.google.javascript.jscomp.ProcessClosurePrimitivesTest" name="testInvalidBase8" time="0.0" />
  <testcase classname="com.google.javascript.jscomp.ProcessClosurePrimitivesTest" name="testInvalidBase9" time="0.0" />
  <testcase classname="com.google.javascript.jscomp.ProcessClosurePrimitivesTest" name="testInvalidBase10" time="0.001" />
  <testcase classname="com.google.javascript.jscomp.ProcessClosurePrimitivesTest" name="testInvalidBase11" time="0.0" />
  <testcase classname="com.google.javascript.jscomp.ProcessClosurePrimitivesTest" name="testInvalidBase12" time="0.0" />
  <testcase classname="com.google.javascript.jscomp.ProcessClosurePrimitivesTest" name="testInvalidBase13" time="0.0" />
  <testcase classname="com.google.javascript.jscomp.ProcessClosurePrimitivesTest" name="testValidBase1" time="0.0" />
  <testcase classname="com.google.javascript.jscomp.ProcessClosurePrimitivesTest" name="testValidBase2" time="0.0" />
  <testcase classname="com.google.javascript.jscomp.ProcessClosurePrimitivesTest" name="testValidBase3" time="0.001" />
  <testcase classname="com.google.javascript.jscomp.ProcessClosurePrimitivesTest" name="testValidBase4" time="0.0" />
  <testcase classname="com.google.javascript.jscomp.ProcessClosurePrimitivesTest" name="testValidBase5" time="0.001" />
  <testcase classname="com.google.javascript.jscomp.ProcessClosurePrimitivesTest" name="testValidBase6" time="0.0" />
  <testcase classname="com.google.javascript.jscomp.ProcessClosurePrimitivesTest" name="testValidBase7" time="0.001" />
  <testcase classname="com.google.javascript.jscomp.ProcessClosurePrimitivesTest" name="testImplicitAndExplicitProvide" time="0.0" />
  <testcase classname="com.google.javascript.jscomp.ProcessClosurePrimitivesTest" name="testImplicitProvideInIndependentModules" time="0.001" />
  <testcase classname="com.google.javascript.jscomp.ProcessClosurePrimitivesTest" name="testImplicitProvideInIndependentModules2" time="0.0" />
  <testcase classname="com.google.javascript.jscomp.ProcessClosurePrimitivesTest" name="testImplicitProvideInIndependentModules3" time="0.0" />
  <testcase classname="com.google.javascript.jscomp.ProcessClosurePrimitivesTest" name="testProvideInIndependentModules1" time="0.001" />
  <testcase classname="com.google.javascript.jscomp.ProcessClosurePrimitivesTest" name="testProvideInIndependentModules2" time="0.0" />
  <testcase classname="com.google.javascript.jscomp.ProcessClosurePrimitivesTest" name="testProvideInIndependentModules2b" time="0.001" />
  <testcase classname="com.google.javascript.jscomp.ProcessClosurePrimitivesTest" name="testProvideInIndependentModules3" time="0.001" />
  <testcase classname="com.google.javascript.jscomp.ProcessClosurePrimitivesTest" name="testProvideInIndependentModules3b" time="0.001">
    <failure message="&#xa;Expected: var apps={};apps.foo.B={};apps.foo=function(){}&#xa;Result:   var apps={};apps.foo={};apps.foo.B={};apps.foo=function(){}&#xa;Node tree inequality:&#xa;Tree1:&#xa;BLOCK [synthetic: 1]&#xa;    SCRIPT 1 [synthetic: 1] [source_file: expected0] [input_id: InputId: expected0]&#xa;        VAR 1 [source_file: expected0]&#xa;            NAME apps 1 [source_file: expected0]&#xa;                OBJECTLIT 1 [source_file: expected0]&#xa;    SCRIPT 1 [synthetic: 1] [source_file: expected1] [input_id: InputId: expected1]&#xa;        EXPR_RESULT 1 [source_file: expected1]&#xa;            ASSIGN 1 [source_file: expected1]&#xa;                GETPROP 1 [source_file: expected1]&#xa;                    GETPROP 1 [source_file: expected1]&#xa;                        NAME apps 1 [source_file: expected1]&#xa;                        STRING foo 1 [source_file: expected1]&#xa;                    STRING B 1 [source_file: expected1]&#xa;                OBJECTLIT 1 [source_file: expected1]&#xa;    SCRIPT 1 [synthetic: 1] [source_file: expected2] [input_id: InputId: expected2]&#xa;        EXPR_RESULT 1 [source_file: expected2]&#xa;            ASSIGN 1 [source_file: expected2]&#xa;                GETPROP 1 [source_file: expected2]&#xa;                    NAME apps 1 [source_file: expected2]&#xa;                    STRING foo 1 [source_file: expected2]&#xa;                FUNCTION  1 [source_file: expected2]&#xa;                    NAME  1 [source_file: expected2]&#xa;                    PARAM_LIST 1 [source_file: expected2]&#xa;                    BLOCK 1 [source_file: expected2]&#xa;&#xa;&#xa;Tree2:&#xa;BLOCK [synthetic: 1]&#xa;    SCRIPT 1 [synthetic: 1] [source_file: i0] [input_id: InputId: i0]&#xa;        VAR 1 [is_namespace: 1] [source_file: i0]&#xa;            NAME apps 1 [jsdoc_info: JSDocInfo] [source_file: i0]&#xa;                OBJECTLIT 1 [source_file: i0] : {}&#xa;    SCRIPT 1 [synthetic: 1] [source_file: i1] [input_id: InputId: i1]&#xa;        EXPR_RESULT 1 [is_namespace: 1] [source_file: i1]&#xa;            ASSIGN 1 [jsdoc_info: JSDocInfo] [source_file: i1]&#xa;                GETPROP 1 [originalname: apps.foo] [source_file: i1]&#xa;                    NAME apps 1 [source_file: i1]&#xa;                    STRING foo 1 [source_file: i1]&#xa;                OBJECTLIT 1 [source_file: i1] : {}&#xa;        EXPR_RESULT 1 [is_namespace: 1] [source_file: i1]&#xa;            ASSIGN 1 [jsdoc_info: JSDocInfo] [source_file: i1]&#xa;                GETPROP 1 [originalname: apps.foo.B] [source_file: i1]&#xa;                    GETPROP 1 [source_file: i1]&#xa;                        NAME apps 1 [source_file: i1]&#xa;                        STRING foo 1 [source_file: i1]&#xa;                    STRING B 1 [is_constant_name: 1] [source_file: i1]&#xa;                OBJECTLIT 1 [source_file: i1] : {}&#xa;    SCRIPT 1 [synthetic: 1] [source_file: i2] [input_id: InputId: i2]&#xa;        EXPR_RESULT 1 [is_namespace: 1] [source_file: i2]&#xa;            ASSIGN 1 [source_file: i2]&#xa;                GETPROP 1 [source_file: i2]&#xa;                    NAME apps 1 [source_file: i2]&#xa;                    STRING foo 1 [source_file: i2]&#xa;                FUNCTION  1 [source_file: i2]&#xa;                    NAME  1 [source_file: i2]&#xa;                    PARAM_LIST 1 [source_file: i2]&#xa;                    BLOCK 1 [source_file: i2]&#xa;&#xa;&#xa;Subtree1: SCRIPT 1 [synthetic: 1] [source_file: expected1] [input_id: InputId: expected1]&#xa;    EXPR_RESULT 1 [source_file: expected1]&#xa;        ASSIGN 1 [source_file: expected1]&#xa;            GETPROP 1 [source_file: expected1]&#xa;                GETPROP 1 [source_file: expected1]&#xa;                    NAME apps 1 [source_file: expected1]&#xa;                    STRING foo 1 [source_file: expected1]&#xa;                STRING B 1 [source_file: expected1]&#xa;            OBJECTLIT 1 [source_file: expected1]&#xa;&#xa;&#xa;Subtree2: SCRIPT 1 [synthetic: 1] [source_file: i1] [input_id: InputId: i1]&#xa;    EXPR_RESULT 1 [is_namespace: 1] [source_file: i1]&#xa;        ASSIGN 1 [jsdoc_info: JSDocInfo] [source_file: i1]&#xa;            GETPROP 1 [originalname: apps.foo] [source_file: i1]&#xa;                NAME apps 1 [source_file: i1]&#xa;                STRING foo 1 [source_file: i1]&#xa;            OBJECTLIT 1 [source_file: i1] : {}&#xa;    EXPR_RESULT 1 [is_namespace: 1] [source_file: i1]&#xa;        ASSIGN 1 [jsdoc_info: JSDocInfo] [source_file: i1]&#xa;            GETPROP 1 [originalname: apps.foo.B] [source_file: i1]&#xa;                GETPROP 1 [source_file: i1]&#xa;                    NAME apps 1 [source_file: i1]&#xa;                    STRING foo 1 [source_file: i1]&#xa;                STRING B 1 [is_constant_name: 1] [source_file: i1]&#xa;            OBJECTLIT 1 [source_file: i1] : {}&#xa;" type="junit.framework.AssertionFailedError">junit.framework.AssertionFailedError: 
Expected: var apps={};apps.foo.B={};apps.foo=function(){}
Result:   var apps={};apps.foo={};apps.foo.B={};apps.foo=function(){}
Node tree inequality:
Tree1:
BLOCK [synthetic: 1]
    SCRIPT 1 [synthetic: 1] [source_file: expected0] [input_id: InputId: expected0]
        VAR 1 [source_file: expected0]
            NAME apps 1 [source_file: expected0]
                OBJECTLIT 1 [source_file: expected0]
    SCRIPT 1 [synthetic: 1] [source_file: expected1] [input_id: InputId: expected1]
        EXPR_RESULT 1 [source_file: expected1]
            ASSIGN 1 [source_file: expected1]
                GETPROP 1 [source_file: expected1]
                    GETPROP 1 [source_file: expected1]
                        NAME apps 1 [source_file: expected1]
                        STRING foo 1 [source_file: expected1]
                    STRING B 1 [source_file: expected1]
                OBJECTLIT 1 [source_file: expected1]
    SCRIPT 1 [synthetic: 1] [source_file: expected2] [input_id: InputId: expected2]
        EXPR_RESULT 1 [source_file: expected2]
            ASSIGN 1 [source_file: expected2]
                GETPROP 1 [source_file: expected2]
                    NAME apps 1 [source_file: expected2]
                    STRING foo 1 [source_file: expected2]
                FUNCTION  1 [source_file: expected2]
                    NAME  1 [source_file: expected2]
                    PARAM_LIST 1 [source_file: expected2]
                    BLOCK 1 [source_file: expected2]


Tree2:
BLOCK [synthetic: 1]
    SCRIPT 1 [synthetic: 1] [source_file: i0] [input_id: InputId: i0]
        VAR 1 [is_namespace: 1] [source_file: i0]
            NAME apps 1 [jsdoc_info: JSDocInfo] [source_file: i0]
                OBJECTLIT 1 [source_file: i0] : {}
    SCRIPT 1 [synthetic: 1] [source_file: i1] [input_id: InputId: i1]
        EXPR_RESULT 1 [is_namespace: 1] [source_file: i1]
            ASSIGN 1 [jsdoc_info: JSDocInfo] [source_file: i1]
                GETPROP 1 [originalname: apps.foo] [source_file: i1]
                    NAME apps 1 [source_file: i1]
                    STRING foo 1 [source_file: i1]
                OBJECTLIT 1 [source_file: i1] : {}
        EXPR_RESULT 1 [is_namespace: 1] [source_file: i1]
            ASSIGN 1 [jsdoc_info: JSDocInfo] [source_file: i1]
                GETPROP 1 [originalname: apps.foo.B] [source_file: i1]
                    GETPROP 1 [source_file: i1]
                        NAME apps 1 [source_file: i1]
                        STRING foo 1 [source_file: i1]
                    STRING B 1 [is_constant_name: 1] [source_file: i1]
                OBJECTLIT 1 [source_file: i1] : {}
    SCRIPT 1 [synthetic: 1] [source_file: i2] [input_id: InputId: i2]
        EXPR_RESULT 1 [is_namespace: 1] [source_file: i2]
            ASSIGN 1 [source_file: i2]
                GETPROP 1 [source_file: i2]
                    NAME apps 1 [source_file: i2]
                    STRING foo 1 [source_file: i2]
                FUNCTION  1 [source_file: i2]
                    NAME  1 [source_file: i2]
                    PARAM_LIST 1 [source_file: i2]
                    BLOCK 1 [source_file: i2]


Subtree1: SCRIPT 1 [synthetic: 1] [source_file: expected1] [input_id: InputId: expected1]
    EXPR_RESULT 1 [source_file: expected1]
        ASSIGN 1 [source_file: expected1]
            GETPROP 1 [source_file: expected1]
                GETPROP 1 [source_file: expected1]
                    NAME apps 1 [source_file: expected1]
                    STRING foo 1 [source_file: expected1]
                STRING B 1 [source_file: expected1]
            OBJECTLIT 1 [source_file: expected1]


Subtree2: SCRIPT 1 [synthetic: 1] [source_file: i1] [input_id: InputId: i1]
    EXPR_RESULT 1 [is_namespace: 1] [source_file: i1]
        ASSIGN 1 [jsdoc_info: JSDocInfo] [source_file: i1]
            GETPROP 1 [originalname: apps.foo] [source_file: i1]
                NAME apps 1 [source_file: i1]
                STRING foo 1 [source_file: i1]
            OBJECTLIT 1 [source_file: i1] : {}
    EXPR_RESULT 1 [is_namespace: 1] [source_file: i1]
        ASSIGN 1 [jsdoc_info: JSDocInfo] [source_file: i1]
            GETPROP 1 [originalname: apps.foo.B] [source_file: i1]
                GETPROP 1 [source_file: i1]
                    NAME apps 1 [source_file: i1]
                    STRING foo 1 [source_file: i1]
                STRING B 1 [is_constant_name: 1] [source_file: i1]
            OBJECTLIT 1 [source_file: i1] : {}

	at com.google.javascript.jscomp.CompilerTestCase.test(CompilerTestCase.java:1161)
	at com.google.javascript.jscomp.CompilerTestCase.test(CompilerTestCase.java:935)
	at com.google.javascript.jscomp.CompilerTestCase.test(CompilerTestCase.java:911)
	at com.google.javascript.jscomp.CompilerTestCase.test(CompilerTestCase.java:732)
	at com.google.javascript.jscomp.CompilerTestCase.test(CompilerTestCase.java:712)
	at com.google.javascript.jscomp.CompilerTestCase.test(CompilerTestCase.java:699)
	at com.google.javascript.jscomp.ProcessClosurePrimitivesTest.testProvideInIndependentModules3b(ProcessClosurePrimitivesTest.java:988)
</failure>
  </testcase>
  <testcase classname="com.google.javascript.jscomp.ProcessClosurePrimitivesTest" name="testProvideInIndependentModules4" time="0.0" />
  <testcase classname="com.google.javascript.jscomp.ProcessClosurePrimitivesTest" name="testRequireOfBaseGoog" time="0.0" />
  <testcase classname="com.google.javascript.jscomp.ProcessClosurePrimitivesTest" name="testSourcePositionPreservation" time="0.001" />
  <testcase classname="com.google.javascript.jscomp.ProcessClosurePrimitivesTest" name="testNoStubForProvidedTypedef" time="0.0" />
  <testcase classname="com.google.javascript.jscomp.ProcessClosurePrimitivesTest" name="testNoStubForProvidedTypedef2" time="0.001" />
  <testcase classname="com.google.javascript.jscomp.ProcessClosurePrimitivesTest" name="testNoStubForProvidedTypedef4" time="0.0" />
  <testcase classname="com.google.javascript.jscomp.ProcessClosurePrimitivesTest" name="testDefineCases" time="0.001" />
  <testcase classname="com.google.javascript.jscomp.ProcessClosurePrimitivesTest" name="testDefineErrorCases" time="0.001" />
  <testcase classname="com.google.javascript.jscomp.ProcessClosurePrimitivesTest" name="testDefineValues" time="0.002" />
  <testcase classname="com.google.javascript.jscomp.ProcessClosurePrimitivesTest" name="testDefineValuesErrors" time="0.002" />
  <system-out><![CDATA[]]></system-out>
  <system-err><![CDATA[]]></system-err>
</testsuite>
