<?xml version="1.0" encoding="UTF-8" ?>
<testsuite errors="0" failures="5" hostname="cs-210-206.cs.ucla.edu" name="com.google.javascript.jscomp.NormalizeTest" skipped="0" tests="32" time="0.082" timestamp="2015-03-08T21:49:25">
  <properties>
    <property name="java.vendor" value="Oracle Corporation" />
    <property name="lib.dir" value="/Users/linmanna/Documents/proj/UCLA-CS-239-Winter-2015/Part_B/Benchmark/closure-compiler/lib" />
    <property name="refasterjs-jarfile" value="/Users/linmanna/Documents/proj/UCLA-CS-239-Winter-2015/Part_B/Benchmark/closure-compiler/build/refasterjs.jar" />
    <property name="sun.java.launcher" value="SUN_STANDARD" />
    <property name="sun.management.compiler" value="HotSpot 64-Bit Tiered Compilers" />
    <property name="os.name" value="Mac OS X" />
    <property name="sun.boot.class.path" value="/Library/Java/JavaVirtualMachines/jdk1.7.0_75.jdk/Contents/Home/jre/lib/resources.jar:/Library/Java/JavaVirtualMachines/jdk1.7.0_75.jdk/Contents/Home/jre/lib/rt.jar:/Library/Java/JavaVirtualMachines/jdk1.7.0_75.jdk/Contents/Home/jre/lib/sunrsasign.jar:/Library/Java/JavaVirtualMachines/jdk1.7.0_75.jdk/Contents/Home/jre/lib/jsse.jar:/Library/Java/JavaVirtualMachines/jdk1.7.0_75.jdk/Contents/Home/jre/lib/jce.jar:/Library/Java/JavaVirtualMachines/jdk1.7.0_75.jdk/Contents/Home/jre/lib/charsets.jar:/Library/Java/JavaVirtualMachines/jdk1.7.0_75.jdk/Contents/Home/jre/lib/jfr.jar:/Library/Java/JavaVirtualMachines/jdk1.7.0_75.jdk/Contents/Home/jre/classes" />
    <property name="maven-repository-id" value="sonatype-nexus-staging" />
    <property name="java.vm.specification.vendor" value="Oracle Corporation" />
    <property name="ant.home" value="//Users/linmanna/ant" />
    <property name="java.runtime.version" value="1.7.0_75-b13" />
    <property name="gen.dir" value="/Users/linmanna/Documents/proj/UCLA-CS-239-Winter-2015/Part_B/Benchmark/closure-compiler/gen" />
    <property name="user.name" value="linmanna" />
    <property name="ant.file.compiler" value="/Users/linmanna/Documents/proj/UCLA-CS-239-Winter-2015/Part_B/Benchmark/closure-compiler/build.xml" />
    <property name="build.dir" value="/Users/linmanna/Documents/proj/UCLA-CS-239-Winter-2015/Part_B/Benchmark/closure-compiler/build" />
    <property name="ant.build.javac.target" value="1.7" />
    <property name="user.language" value="zh" />
    <property name="test.method" value="" />
    <property name="sun.boot.library.path" value="/Library/Java/JavaVirtualMachines/jdk1.7.0_75.jdk/Contents/Home/jre/lib" />
    <property name="ant.project.default-target" value="jar" />
    <property name="ant.project.name" value="compiler" />
    <property name="java.version" value="1.7.0_75" />
    <property name="user.timezone" value="" />
    <property name="sun.arch.data.model" value="64" />
    <property name="http.nonProxyHosts" value="local|*.local|169.254/16|*.169.254/16" />
    <property name="java.endorsed.dirs" value="/Library/Java/JavaVirtualMachines/jdk1.7.0_75.jdk/Contents/Home/jre/lib/endorsed" />
    <property name="sun.cpu.isalist" value="" />
    <property name="sun.jnu.encoding" value="UTF-8" />
    <property name="file.encoding.pkg" value="sun.io" />
    <property name="file.separator" value="/" />
    <property name="java.specification.name" value="Java Platform API Specification" />
    <property name="protoc.executable" value="protoc" />
    <property name="classes.dir" value="/Users/linmanna/Documents/proj/UCLA-CS-239-Winter-2015/Part_B/Benchmark/closure-compiler/build/classes" />
    <property name="java.class.version" value="51.0" />
    <property name="testClasses.dir" value="/Users/linmanna/Documents/proj/UCLA-CS-239-Winter-2015/Part_B/Benchmark/closure-compiler/build/test" />
    <property name="user.country" value="CN" />
    <property name="java.home" value="/Library/Java/JavaVirtualMachines/jdk1.7.0_75.jdk/Contents/Home/jre" />
    <property name="java.vm.info" value="mixed mode" />
    <property name="externs.dir" value="/Users/linmanna/Documents/proj/UCLA-CS-239-Winter-2015/Part_B/Benchmark/closure-compiler/externs" />
    <property name="ant.file" value="/Users/linmanna/Documents/proj/UCLA-CS-239-Winter-2015/Part_B/Benchmark/closure-compiler/build.xml" />
    <property name="os.version" value="10.9.5" />
    <property name="javac.debug" value="on" />
    <property name="path.separator" value=":" />
    <property name="java.vm.version" value="24.75-b04" />
    <property name="ant.library.dir" value="//Users/linmanna/ant/lib" />
    <property name="java.awt.printerjob" value="sun.lwawt.macosx.CPrinterJob" />
    <property name="webservice-jarfile" value="/Users/linmanna/Documents/proj/UCLA-CS-239-Winter-2015/Part_B/Benchmark/closure-compiler/build/webservice.jar" />
    <property name="sun.io.unicode.encoding" value="UnicodeBig" />
    <property name="test.fork" value="true" />
    <property name="webservice.dir" value="/Users/linmanna/Documents/proj/UCLA-CS-239-Winter-2015/Part_B/Benchmark/closure-compiler/src/com/google/javascript/jscomp/webservice" />
    <property name="awt.toolkit" value="sun.lwawt.macosx.LWCToolkit" />
    <property name="buildlib.dir" value="/Users/linmanna/Documents/proj/UCLA-CS-239-Winter-2015/Part_B/Benchmark/closure-compiler/build/lib" />
    <property name="socksNonProxyHosts" value="local|*.local|169.254/16|*.169.254/16" />
    <property name="ftp.nonProxyHosts" value="local|*.local|169.254/16|*.169.254/16" />
    <property name="ant.build.javac.source" value="1.7" />
    <property name="refasterjs.dir" value="/Users/linmanna/Documents/proj/UCLA-CS-239-Winter-2015/Part_B/Benchmark/closure-compiler/src/com/google/javascript/refactoring" />
    <property name="user.home" value="/Users/linmanna" />
    <property name="java.specification.vendor" value="Oracle Corporation" />
    <property name="test.dir" value="/Users/linmanna/Documents/proj/UCLA-CS-239-Winter-2015/Part_B/Benchmark/closure-compiler/test" />
    <property name="java.library.path" value="/Users/linmanna/Library/Java/Extensions:/Library/Java/Extensions:/Network/Library/Java/Extensions:/System/Library/Java/Extensions:/usr/lib/java:." />
    <property name="java.vendor.url" value="http://java.oracle.com/" />
    <property name="java.vm.vendor" value="Oracle Corporation" />
    <property name="gopherProxySet" value="false" />
    <property name="build.relVersion" value="5107abc" />
    <property name="java.runtime.name" value="Java(TM) SE Runtime Environment" />
    <property name="sun.java.command" value="org.apache.tools.ant.taskdefs.optional.junit.JUnitTestRunner testsfile=/Users/linmanna/Documents/proj/UCLA-CS-239-Winter-2015/Part_B/Benchmark/closure-compiler/junittestcases5949901879760027472.properties skipNonTests=false filtertrace=true haltOnError=false haltOnFailure=false formatter=org.apache.tools.ant.taskdefs.optional.junit.SummaryJUnitResultFormatter showoutput=true outputtoformatters=true logfailedtests=true threadid=0 logtestlistenerevents=false formatter=org.apache.tools.ant.taskdefs.optional.junit.BriefJUnitResultFormatter formatter=org.apache.tools.ant.taskdefs.optional.junit.XMLJUnitResultFormatter,/Users/linmanna/Documents/proj/UCLA-CS-239-Winter-2015/Part_B/Benchmark/closure-compiler/build/testoutput/IGNORETHIS.xml crashfile=/Users/linmanna/Documents/proj/UCLA-CS-239-Winter-2015/Part_B/Benchmark/closure-compiler/junitvmwatcher5896012663290099626.properties propsfile=/Users/linmanna/Documents/proj/UCLA-CS-239-Winter-2015/Part_B/Benchmark/closure-compiler/junit3382148267101857145.properties" />
    <property name="java.class.path" value="/Users/linmanna/Documents/proj/UCLA-CS-239-Winter-2015/Part_B/Benchmark/closure-compiler/build/classes:/Users/linmanna/Documents/proj/UCLA-CS-239-Winter-2015/Part_B/Benchmark/closure-compiler/lib/ant-launcher.jar:/Users/linmanna/Documents/proj/UCLA-CS-239-Winter-2015/Part_B/Benchmark/closure-compiler/lib/ant.jar:/Users/linmanna/Documents/proj/UCLA-CS-239-Winter-2015/Part_B/Benchmark/closure-compiler/lib/args4j.jar:/Users/linmanna/Documents/proj/UCLA-CS-239-Winter-2015/Part_B/Benchmark/closure-compiler/lib/gson.jar:/Users/linmanna/Documents/proj/UCLA-CS-239-Winter-2015/Part_B/Benchmark/closure-compiler/lib/guava.jar:/Users/linmanna/Documents/proj/UCLA-CS-239-Winter-2015/Part_B/Benchmark/closure-compiler/lib/jsr305.jar:/Users/linmanna/Documents/proj/UCLA-CS-239-Winter-2015/Part_B/Benchmark/closure-compiler/lib/junit.jar:/Users/linmanna/Documents/proj/UCLA-CS-239-Winter-2015/Part_B/Benchmark/closure-compiler/lib/protobuf-java.jar:/Users/linmanna/Documents/proj/UCLA-CS-239-Winter-2015/Part_B/Benchmark/closure-compiler/lib/truth.jar:/Users/linmanna/Documents/proj/UCLA-CS-239-Winter-2015/Part_B/Benchmark/closure-compiler/build/test:/Users/linmanna/ant/lib/ant-launcher.jar:/Users/linmanna/ant/lib/ant.jar:/Users/linmanna/ant/lib/ant-junit.jar:/Users/linmanna/ant/lib/ant-junit4.jar" />
    <property name="ant.version" value="Apache Ant(TM) version 1.9.4 compiled on April 29 2014" />
    <property name="test.class" value="*Test" />
    <property name="java.vm.specification.name" value="Java Virtual Machine Specification" />
    <property name="ant.file.type" value="file" />
    <property name="java.vm.specification.version" value="1.7" />
    <property name="sun.cpu.endian" value="little" />
    <property name="sun.os.patch.level" value="unknown" />
    <property name="java.io.tmpdir" value="/var/folders/_p/3swdt4h96dn79vyt21dtny9h0000gn/T/" />
    <property name="java.vendor.url.bug" value="http://bugreport.sun.com/bugreport/" />
    <property name="java.awt.graphicsenv" value="sun.awt.CGraphicsEnvironment" />
    <property name="maven-repository-url" value="https://oss.sonatype.org/service/local/staging/deploy/maven2/" />
    <property name="os.arch" value="x86_64" />
    <property name="webservice-classes.dir" value="/Users/linmanna/Documents/proj/UCLA-CS-239-Winter-2015/Part_B/Benchmark/closure-compiler/build/webservice-classes" />
    <property name="java.ext.dirs" value="/Users/linmanna/Library/Java/Extensions:/Library/Java/JavaVirtualMachines/jdk1.7.0_75.jdk/Contents/Home/jre/lib/ext:/Library/Java/Extensions:/Network/Library/Java/Extensions:/System/Library/Java/Extensions:/usr/lib/java" />
    <property name="user.dir" value="/Users/linmanna/Documents/proj/UCLA-CS-239-Winter-2015/Part_B/Benchmark/closure-compiler" />
    <property name="ant.file.type.compiler" value="file" />
    <property name="line.separator" value="&#xa;" />
    <property name="java.vm.name" value="Java HotSpot(TM) 64-Bit Server VM" />
    <property name="refasterjs-classes.dir" value="/Users/linmanna/Documents/proj/UCLA-CS-239-Winter-2015/Part_B/Benchmark/closure-compiler/build/refasterjs-classes" />
    <property name="basedir" value="/Users/linmanna/Documents/proj/UCLA-CS-239-Winter-2015/Part_B/Benchmark/closure-compiler" />
    <property name="ant.java.version" value="1.7" />
    <property name="ant.core.lib" value="/Users/linmanna/ant/lib/ant.jar" />
    <property name="file.encoding" value="UTF-8" />
    <property name="closure.build.dir" value="/Users/linmanna/Documents/proj/UCLA-CS-239-Winter-2015/Part_B/Benchmark/closure-compiler/build" />
    <property name="compiler-jarfile" value="/Users/linmanna/Documents/proj/UCLA-CS-239-Winter-2015/Part_B/Benchmark/closure-compiler/build/compiler.jar" />
    <property name="java.specification.version" value="1.7" />
    <property name="src.dir" value="/Users/linmanna/Documents/proj/UCLA-CS-239-Winter-2015/Part_B/Benchmark/closure-compiler/src" />
    <property name="ant.project.invoked-targets" value="clean,compile,compile-tests,test" />
    <property name="javadoc.dir" value="/Users/linmanna/Documents/proj/UCLA-CS-239-Winter-2015/Part_B/Benchmark/closure-compiler/build/javadoc" />
    <property name="tools.dir" value="/Users/linmanna/Documents/proj/UCLA-CS-239-Winter-2015/Part_B/Benchmark/closure-compiler/tools" />
  </properties>
  <testcase classname="com.google.javascript.jscomp.NormalizeTest" name="testRemoveDuplicateVarDeclarations2" time="0.002" />
  <testcase classname="com.google.javascript.jscomp.NormalizeTest" name="testRemoveDuplicateVarDeclarations3" time="0.004" />
  <testcase classname="com.google.javascript.jscomp.NormalizeTest" name="testRenamingConstants" time="0.003">
    <failure message="&#xa;Expected: var aa;aa=1&#xa;Result:   var aa;aa=1&#xa;Node tree inequality:&#xa;Tree:&#xa;BLOCK [synthetic: 1]&#xa;    SCRIPT 1 [synthetic: 1] [source_file: expected0] [input_id: InputId: expected0]&#xa;        VAR 1 [source_file: expected0]&#xa;            NAME aa 1 [source_file: expected0]&#xa;        EXPR_RESULT 1 [source_file: expected0]&#xa;            ASSIGN 1 [source_file: expected0]&#xa;                NAME aa 1 [source_file: expected0]&#xa;                NUMBER 1.0 1 [source_file: expected0]&#xa;&#xa;&#xa;JSDoc differs on subtree: VAR 1 [source_file: expected0]&#xa;Expected JSDoc: (none)&#xa;Actual JSDoc  : JSDocInfo{bitset=1, visibility=INHERITED}" type="junit.framework.AssertionFailedError">junit.framework.AssertionFailedError: 
Expected: var aa;aa=1
Result:   var aa;aa=1
Node tree inequality:
Tree:
BLOCK [synthetic: 1]
    SCRIPT 1 [synthetic: 1] [source_file: expected0] [input_id: InputId: expected0]
        VAR 1 [source_file: expected0]
            NAME aa 1 [source_file: expected0]
        EXPR_RESULT 1 [source_file: expected0]
            ASSIGN 1 [source_file: expected0]
                NAME aa 1 [source_file: expected0]
                NUMBER 1.0 1 [source_file: expected0]


JSDoc differs on subtree: VAR 1 [source_file: expected0]
Expected JSDoc: (none)
Actual JSDoc  : JSDocInfo{bitset=1, visibility=INHERITED}
	at com.google.javascript.jscomp.CompilerTestCase.test(CompilerTestCase.java:1161)
	at com.google.javascript.jscomp.CompilerTestCase.test(CompilerTestCase.java:935)
	at com.google.javascript.jscomp.CompilerTestCase.test(CompilerTestCase.java:543)
	at com.google.javascript.jscomp.CompilerTestCase.test(CompilerTestCase.java:509)
	at com.google.javascript.jscomp.CompilerTestCase.test(CompilerTestCase.java:450)
	at com.google.javascript.jscomp.CompilerTestCase.test(CompilerTestCase.java:408)
	at com.google.javascript.jscomp.NormalizeTest.testRenamingConstants(NormalizeTest.java:339)
</failure>
  </testcase>
  <testcase classname="com.google.javascript.jscomp.NormalizeTest" name="testSkipRenamingExterns" time="0.001" />
  <testcase classname="com.google.javascript.jscomp.NormalizeTest" name="testIssue166a" time="0.0" />
  <testcase classname="com.google.javascript.jscomp.NormalizeTest" name="testIssue166b" time="0.0" />
  <testcase classname="com.google.javascript.jscomp.NormalizeTest" name="testIssue166c" time="0.0" />
  <testcase classname="com.google.javascript.jscomp.NormalizeTest" name="testIssue166d" time="0.0" />
  <testcase classname="com.google.javascript.jscomp.NormalizeTest" name="testIssue166e" time="0.001" />
  <testcase classname="com.google.javascript.jscomp.NormalizeTest" name="testIssue166f" time="0.001" />
  <testcase classname="com.google.javascript.jscomp.NormalizeTest" name="testIssue" time="0.0" />
  <testcase classname="com.google.javascript.jscomp.NormalizeTest" name="testNormalizeSyntheticCode" time="0.0" />
  <testcase classname="com.google.javascript.jscomp.NormalizeTest" name="testIsConstant" time="0.002" />
  <testcase classname="com.google.javascript.jscomp.NormalizeTest" name="testPropertyIsConstant1" time="0.001" />
  <testcase classname="com.google.javascript.jscomp.NormalizeTest" name="testFor" time="0.003" />
  <testcase classname="com.google.javascript.jscomp.NormalizeTest" name="testUnhandled" time="0.001" />
  <testcase classname="com.google.javascript.jscomp.NormalizeTest" name="testDuplicateVarInExterns" time="0.001">
    <failure message="&#xa;Expected: var extern=3&#xa;Result:   var extern=3&#xa;Node tree inequality:&#xa;Tree:&#xa;BLOCK [synthetic: 1]&#xa;    SCRIPT 1 [synthetic: 1] [source_file: expected0] [input_id: InputId: expected0]&#xa;        VAR 1 [source_file: expected0]&#xa;            NAME extern 1 [source_file: expected0]&#xa;                NUMBER 3.0 1 [source_file: expected0]&#xa;&#xa;&#xa;JSDoc differs on subtree: VAR 1 [source_file: expected0]&#xa;Expected JSDoc: (none)&#xa;Actual JSDoc  : JSDocInfo{info=LazilyInitializedInfo{suppressions=[duplicate]}, visibility=INHERITED}" type="junit.framework.AssertionFailedError">junit.framework.AssertionFailedError: 
Expected: var extern=3
Result:   var extern=3
Node tree inequality:
Tree:
BLOCK [synthetic: 1]
    SCRIPT 1 [synthetic: 1] [source_file: expected0] [input_id: InputId: expected0]
        VAR 1 [source_file: expected0]
            NAME extern 1 [source_file: expected0]
                NUMBER 3.0 1 [source_file: expected0]


JSDoc differs on subtree: VAR 1 [source_file: expected0]
Expected JSDoc: (none)
Actual JSDoc  : JSDocInfo{info=LazilyInitializedInfo{suppressions=[duplicate]}, visibility=INHERITED}
	at com.google.javascript.jscomp.CompilerTestCase.test(CompilerTestCase.java:1161)
	at com.google.javascript.jscomp.CompilerTestCase.test(CompilerTestCase.java:935)
	at com.google.javascript.jscomp.CompilerTestCase.test(CompilerTestCase.java:543)
	at com.google.javascript.jscomp.CompilerTestCase.test(CompilerTestCase.java:509)
	at com.google.javascript.jscomp.CompilerTestCase.test(CompilerTestCase.java:489)
	at com.google.javascript.jscomp.CompilerTestCase.test(CompilerTestCase.java:466)
	at com.google.javascript.jscomp.NormalizeTest.testDuplicateVarInExterns(NormalizeTest.java:98)
</failure>
  </testcase>
  <testcase classname="com.google.javascript.jscomp.NormalizeTest" name="testForIn2" time="0.0" />
  <testcase classname="com.google.javascript.jscomp.NormalizeTest" name="testMoveFunctions1" time="0.001" />
  <testcase classname="com.google.javascript.jscomp.NormalizeTest" name="testSplitVar" time="0.007" />
  <testcase classname="com.google.javascript.jscomp.NormalizeTest" name="testForIn1" time="0.004" />
  <testcase classname="com.google.javascript.jscomp.NormalizeTest" name="testMoveFunctions2" time="0.003" />
  <testcase classname="com.google.javascript.jscomp.NormalizeTest" name="testNormalizeFunctionDeclarations" time="0.011" />
  <testcase classname="com.google.javascript.jscomp.NormalizeTest" name="testMakeLocalNamesUnique" time="0.006">
    <failure message="&#xa;Expected: var window&#xa;Result:   var window&#xa;Node tree inequality:&#xa;Tree:&#xa;BLOCK [synthetic: 1]&#xa;    SCRIPT 1 [synthetic: 1] [source_file: expected0] [input_id: InputId: expected0]&#xa;        VAR 1 [source_file: expected0]&#xa;            NAME window 1 [source_file: expected0]&#xa;&#xa;&#xa;JSDoc differs on subtree: VAR 1 [source_file: expected0]&#xa;Expected JSDoc: (none)&#xa;Actual JSDoc  : JSDocInfo{info=LazilyInitializedInfo{suppressions=[duplicate]}, visibility=INHERITED}" type="junit.framework.AssertionFailedError">junit.framework.AssertionFailedError: 
Expected: var window
Result:   var window
Node tree inequality:
Tree:
BLOCK [synthetic: 1]
    SCRIPT 1 [synthetic: 1] [source_file: expected0] [input_id: InputId: expected0]
        VAR 1 [source_file: expected0]
            NAME window 1 [source_file: expected0]


JSDoc differs on subtree: VAR 1 [source_file: expected0]
Expected JSDoc: (none)
Actual JSDoc  : JSDocInfo{info=LazilyInitializedInfo{suppressions=[duplicate]}, visibility=INHERITED}
	at com.google.javascript.jscomp.CompilerTestCase.test(CompilerTestCase.java:1161)
	at com.google.javascript.jscomp.CompilerTestCase.test(CompilerTestCase.java:935)
	at com.google.javascript.jscomp.CompilerTestCase.test(CompilerTestCase.java:543)
	at com.google.javascript.jscomp.CompilerTestCase.test(CompilerTestCase.java:509)
	at com.google.javascript.jscomp.CompilerTestCase.test(CompilerTestCase.java:450)
	at com.google.javascript.jscomp.CompilerTestCase.test(CompilerTestCase.java:408)
	at com.google.javascript.jscomp.NormalizeTest.testMakeLocalNamesUnique(NormalizeTest.java:271)
</failure>
  </testcase>
  <testcase classname="com.google.javascript.jscomp.NormalizeTest" name="testRemoveDuplicateVarDeclarations1" time="0.004" />
  <testcase classname="com.google.javascript.jscomp.NormalizeTest" name="testPropertyIsConstant2" time="0.001" />
  <testcase classname="com.google.javascript.jscomp.NormalizeTest" name="testGetterPropertyIsConstant" time="0.001" />
  <testcase classname="com.google.javascript.jscomp.NormalizeTest" name="testSetterPropertyIsConstant" time="0.001" />
  <testcase classname="com.google.javascript.jscomp.NormalizeTest" name="testExposeSimple" time="0.001">
    <failure message="&#xa;Expected: var x={};x[&quot;y&quot;]=3;x[&quot;y&quot;]=5&#xa;Result:   var x={};x[&quot;y&quot;]=3;x[&quot;y&quot;]=5&#xa;Node tree inequality:&#xa;Tree:&#xa;BLOCK [synthetic: 1]&#xa;    SCRIPT 1 [synthetic: 1] [source_file: expected0] [input_id: InputId: expected0]&#xa;        VAR 1 [source_file: expected0]&#xa;            NAME x 1 [source_file: expected0]&#xa;                OBJECTLIT 1 [source_file: expected0]&#xa;        EXPR_RESULT 1 [source_file: expected0]&#xa;            ASSIGN 1 [source_file: expected0]&#xa;                GETELEM 1 [source_file: expected0]&#xa;                    NAME x 1 [source_file: expected0]&#xa;                    STRING y 1 [source_file: expected0]&#xa;                NUMBER 3.0 1 [source_file: expected0]&#xa;        EXPR_RESULT 1 [source_file: expected0]&#xa;            ASSIGN 1 [source_file: expected0]&#xa;                GETELEM 1 [source_file: expected0]&#xa;                    NAME x 1 [source_file: expected0]&#xa;                    STRING y 1 [source_file: expected0]&#xa;                NUMBER 5.0 1 [source_file: expected0]&#xa;&#xa;&#xa;JSDoc differs on subtree: ASSIGN 1 [source_file: expected0]&#xa;Expected JSDoc: (none)&#xa;Actual JSDoc  : JSDocInfo{bitset=100000, visibility=INHERITED}" type="junit.framework.AssertionFailedError">junit.framework.AssertionFailedError: 
Expected: var x={};x[&quot;y&quot;]=3;x[&quot;y&quot;]=5
Result:   var x={};x[&quot;y&quot;]=3;x[&quot;y&quot;]=5
Node tree inequality:
Tree:
BLOCK [synthetic: 1]
    SCRIPT 1 [synthetic: 1] [source_file: expected0] [input_id: InputId: expected0]
        VAR 1 [source_file: expected0]
            NAME x 1 [source_file: expected0]
                OBJECTLIT 1 [source_file: expected0]
        EXPR_RESULT 1 [source_file: expected0]
            ASSIGN 1 [source_file: expected0]
                GETELEM 1 [source_file: expected0]
                    NAME x 1 [source_file: expected0]
                    STRING y 1 [source_file: expected0]
                NUMBER 3.0 1 [source_file: expected0]
        EXPR_RESULT 1 [source_file: expected0]
            ASSIGN 1 [source_file: expected0]
                GETELEM 1 [source_file: expected0]
                    NAME x 1 [source_file: expected0]
                    STRING y 1 [source_file: expected0]
                NUMBER 5.0 1 [source_file: expected0]


JSDoc differs on subtree: ASSIGN 1 [source_file: expected0]
Expected JSDoc: (none)
Actual JSDoc  : JSDocInfo{bitset=100000, visibility=INHERITED}
	at com.google.javascript.jscomp.CompilerTestCase.test(CompilerTestCase.java:1161)
	at com.google.javascript.jscomp.CompilerTestCase.test(CompilerTestCase.java:935)
	at com.google.javascript.jscomp.CompilerTestCase.test(CompilerTestCase.java:543)
	at com.google.javascript.jscomp.CompilerTestCase.test(CompilerTestCase.java:509)
	at com.google.javascript.jscomp.CompilerTestCase.test(CompilerTestCase.java:450)
	at com.google.javascript.jscomp.CompilerTestCase.test(CompilerTestCase.java:408)
	at com.google.javascript.jscomp.NormalizeTest.testExposeSimple(NormalizeTest.java:464)
</failure>
  </testcase>
  <testcase classname="com.google.javascript.jscomp.NormalizeTest" name="testExposeComplex" time="0.002">
    <failure message="&#xa;Expected: var x={&quot;a&quot;:1,&quot;b&quot;:2};x[&quot;a&quot;]=3;x[&quot;b&quot;]=5&#xa;Result:   var x={&quot;a&quot;:1,&quot;b&quot;:2};x[&quot;a&quot;]=3;x[&quot;b&quot;]=5&#xa;Node tree inequality:&#xa;Tree:&#xa;BLOCK [synthetic: 1]&#xa;    SCRIPT 1 [synthetic: 1] [source_file: expected0] [input_id: InputId: expected0]&#xa;        VAR 1 [source_file: expected0]&#xa;            NAME x 1 [source_file: expected0]&#xa;                OBJECTLIT 1 [source_file: expected0]&#xa;                    STRING_KEY a 1 [quoted: 1] [source_file: expected0]&#xa;                        NUMBER 1.0 1 [source_file: expected0]&#xa;                    STRING_KEY b 1 [quoted: 1] [source_file: expected0]&#xa;                        NUMBER 2.0 1 [source_file: expected0]&#xa;        EXPR_RESULT 1 [source_file: expected0]&#xa;            ASSIGN 1 [source_file: expected0]&#xa;                GETELEM 1 [source_file: expected0]&#xa;                    NAME x 1 [source_file: expected0]&#xa;                    STRING a 1 [source_file: expected0]&#xa;                NUMBER 3.0 1 [source_file: expected0]&#xa;        EXPR_RESULT 1 [source_file: expected0]&#xa;            ASSIGN 1 [source_file: expected0]&#xa;                GETELEM 1 [source_file: expected0]&#xa;                    NAME x 1 [source_file: expected0]&#xa;                    STRING b 1 [source_file: expected0]&#xa;                NUMBER 5.0 1 [source_file: expected0]&#xa;&#xa;&#xa;JSDoc differs on subtree: STRING_KEY a 1 [quoted: 1] [source_file: expected0]&#xa;Expected JSDoc: (none)&#xa;Actual JSDoc  : JSDocInfo{bitset=100000, visibility=INHERITED}" type="junit.framework.AssertionFailedError">junit.framework.AssertionFailedError: 
Expected: var x={&quot;a&quot;:1,&quot;b&quot;:2};x[&quot;a&quot;]=3;x[&quot;b&quot;]=5
Result:   var x={&quot;a&quot;:1,&quot;b&quot;:2};x[&quot;a&quot;]=3;x[&quot;b&quot;]=5
Node tree inequality:
Tree:
BLOCK [synthetic: 1]
    SCRIPT 1 [synthetic: 1] [source_file: expected0] [input_id: InputId: expected0]
        VAR 1 [source_file: expected0]
            NAME x 1 [source_file: expected0]
                OBJECTLIT 1 [source_file: expected0]
                    STRING_KEY a 1 [quoted: 1] [source_file: expected0]
                        NUMBER 1.0 1 [source_file: expected0]
                    STRING_KEY b 1 [quoted: 1] [source_file: expected0]
                        NUMBER 2.0 1 [source_file: expected0]
        EXPR_RESULT 1 [source_file: expected0]
            ASSIGN 1 [source_file: expected0]
                GETELEM 1 [source_file: expected0]
                    NAME x 1 [source_file: expected0]
                    STRING a 1 [source_file: expected0]
                NUMBER 3.0 1 [source_file: expected0]
        EXPR_RESULT 1 [source_file: expected0]
            ASSIGN 1 [source_file: expected0]
                GETELEM 1 [source_file: expected0]
                    NAME x 1 [source_file: expected0]
                    STRING b 1 [source_file: expected0]
                NUMBER 5.0 1 [source_file: expected0]


JSDoc differs on subtree: STRING_KEY a 1 [quoted: 1] [source_file: expected0]
Expected JSDoc: (none)
Actual JSDoc  : JSDocInfo{bitset=100000, visibility=INHERITED}
	at com.google.javascript.jscomp.CompilerTestCase.test(CompilerTestCase.java:1161)
	at com.google.javascript.jscomp.CompilerTestCase.test(CompilerTestCase.java:935)
	at com.google.javascript.jscomp.CompilerTestCase.test(CompilerTestCase.java:543)
	at com.google.javascript.jscomp.CompilerTestCase.test(CompilerTestCase.java:509)
	at com.google.javascript.jscomp.CompilerTestCase.test(CompilerTestCase.java:450)
	at com.google.javascript.jscomp.CompilerTestCase.test(CompilerTestCase.java:408)
	at com.google.javascript.jscomp.NormalizeTest.testExposeComplex(NormalizeTest.java:469)
</failure>
  </testcase>
  <testcase classname="com.google.javascript.jscomp.NormalizeTest" name="testRenamingConstantProperties" time="0.01" />
  <testcase classname="com.google.javascript.jscomp.NormalizeTest" name="testWhile" time="0.001" />
  <system-out><![CDATA[]]></system-out>
  <system-err><![CDATA[]]></system-err>
</testsuite>
