<?xml version="1.0" encoding="UTF-8" ?>
<testsuite errors="0" failures="0" hostname="cs-210-206.cs.ucla.edu" name="com.google.javascript.jscomp.parsing.JsDocInfoParserTest" skipped="0" tests="651" time="0.36" timestamp="2015-03-08T21:49:42">
  <properties>
    <property name="java.vendor" value="Oracle Corporation" />
    <property name="lib.dir" value="/Users/linmanna/Documents/proj/UCLA-CS-239-Winter-2015/Part_B/Benchmark/closure-compiler/lib" />
    <property name="refasterjs-jarfile" value="/Users/linmanna/Documents/proj/UCLA-CS-239-Winter-2015/Part_B/Benchmark/closure-compiler/build/refasterjs.jar" />
    <property name="sun.java.launcher" value="SUN_STANDARD" />
    <property name="sun.management.compiler" value="HotSpot 64-Bit Tiered Compilers" />
    <property name="os.name" value="Mac OS X" />
    <property name="sun.boot.class.path" value="/Library/Java/JavaVirtualMachines/jdk1.7.0_75.jdk/Contents/Home/jre/lib/resources.jar:/Library/Java/JavaVirtualMachines/jdk1.7.0_75.jdk/Contents/Home/jre/lib/rt.jar:/Library/Java/JavaVirtualMachines/jdk1.7.0_75.jdk/Contents/Home/jre/lib/sunrsasign.jar:/Library/Java/JavaVirtualMachines/jdk1.7.0_75.jdk/Contents/Home/jre/lib/jsse.jar:/Library/Java/JavaVirtualMachines/jdk1.7.0_75.jdk/Contents/Home/jre/lib/jce.jar:/Library/Java/JavaVirtualMachines/jdk1.7.0_75.jdk/Contents/Home/jre/lib/charsets.jar:/Library/Java/JavaVirtualMachines/jdk1.7.0_75.jdk/Contents/Home/jre/lib/jfr.jar:/Library/Java/JavaVirtualMachines/jdk1.7.0_75.jdk/Contents/Home/jre/classes" />
    <property name="maven-repository-id" value="sonatype-nexus-staging" />
    <property name="java.vm.specification.vendor" value="Oracle Corporation" />
    <property name="ant.home" value="//Users/linmanna/ant" />
    <property name="java.runtime.version" value="1.7.0_75-b13" />
    <property name="gen.dir" value="/Users/linmanna/Documents/proj/UCLA-CS-239-Winter-2015/Part_B/Benchmark/closure-compiler/gen" />
    <property name="user.name" value="linmanna" />
    <property name="ant.file.compiler" value="/Users/linmanna/Documents/proj/UCLA-CS-239-Winter-2015/Part_B/Benchmark/closure-compiler/build.xml" />
    <property name="build.dir" value="/Users/linmanna/Documents/proj/UCLA-CS-239-Winter-2015/Part_B/Benchmark/closure-compiler/build" />
    <property name="ant.build.javac.target" value="1.7" />
    <property name="user.language" value="zh" />
    <property name="test.method" value="" />
    <property name="sun.boot.library.path" value="/Library/Java/JavaVirtualMachines/jdk1.7.0_75.jdk/Contents/Home/jre/lib" />
    <property name="ant.project.default-target" value="jar" />
    <property name="ant.project.name" value="compiler" />
    <property name="java.version" value="1.7.0_75" />
    <property name="user.timezone" value="" />
    <property name="sun.arch.data.model" value="64" />
    <property name="http.nonProxyHosts" value="local|*.local|169.254/16|*.169.254/16" />
    <property name="java.endorsed.dirs" value="/Library/Java/JavaVirtualMachines/jdk1.7.0_75.jdk/Contents/Home/jre/lib/endorsed" />
    <property name="sun.cpu.isalist" value="" />
    <property name="sun.jnu.encoding" value="UTF-8" />
    <property name="file.encoding.pkg" value="sun.io" />
    <property name="file.separator" value="/" />
    <property name="java.specification.name" value="Java Platform API Specification" />
    <property name="protoc.executable" value="protoc" />
    <property name="classes.dir" value="/Users/linmanna/Documents/proj/UCLA-CS-239-Winter-2015/Part_B/Benchmark/closure-compiler/build/classes" />
    <property name="java.class.version" value="51.0" />
    <property name="testClasses.dir" value="/Users/linmanna/Documents/proj/UCLA-CS-239-Winter-2015/Part_B/Benchmark/closure-compiler/build/test" />
    <property name="user.country" value="CN" />
    <property name="java.home" value="/Library/Java/JavaVirtualMachines/jdk1.7.0_75.jdk/Contents/Home/jre" />
    <property name="java.vm.info" value="mixed mode" />
    <property name="externs.dir" value="/Users/linmanna/Documents/proj/UCLA-CS-239-Winter-2015/Part_B/Benchmark/closure-compiler/externs" />
    <property name="ant.file" value="/Users/linmanna/Documents/proj/UCLA-CS-239-Winter-2015/Part_B/Benchmark/closure-compiler/build.xml" />
    <property name="os.version" value="10.9.5" />
    <property name="javac.debug" value="on" />
    <property name="path.separator" value=":" />
    <property name="java.vm.version" value="24.75-b04" />
    <property name="ant.library.dir" value="//Users/linmanna/ant/lib" />
    <property name="java.awt.printerjob" value="sun.lwawt.macosx.CPrinterJob" />
    <property name="webservice-jarfile" value="/Users/linmanna/Documents/proj/UCLA-CS-239-Winter-2015/Part_B/Benchmark/closure-compiler/build/webservice.jar" />
    <property name="sun.io.unicode.encoding" value="UnicodeBig" />
    <property name="test.fork" value="true" />
    <property name="webservice.dir" value="/Users/linmanna/Documents/proj/UCLA-CS-239-Winter-2015/Part_B/Benchmark/closure-compiler/src/com/google/javascript/jscomp/webservice" />
    <property name="awt.toolkit" value="sun.lwawt.macosx.LWCToolkit" />
    <property name="buildlib.dir" value="/Users/linmanna/Documents/proj/UCLA-CS-239-Winter-2015/Part_B/Benchmark/closure-compiler/build/lib" />
    <property name="socksNonProxyHosts" value="local|*.local|169.254/16|*.169.254/16" />
    <property name="ftp.nonProxyHosts" value="local|*.local|169.254/16|*.169.254/16" />
    <property name="ant.build.javac.source" value="1.7" />
    <property name="refasterjs.dir" value="/Users/linmanna/Documents/proj/UCLA-CS-239-Winter-2015/Part_B/Benchmark/closure-compiler/src/com/google/javascript/refactoring" />
    <property name="user.home" value="/Users/linmanna" />
    <property name="java.specification.vendor" value="Oracle Corporation" />
    <property name="test.dir" value="/Users/linmanna/Documents/proj/UCLA-CS-239-Winter-2015/Part_B/Benchmark/closure-compiler/test" />
    <property name="java.library.path" value="/Users/linmanna/Library/Java/Extensions:/Library/Java/Extensions:/Network/Library/Java/Extensions:/System/Library/Java/Extensions:/usr/lib/java:." />
    <property name="java.vendor.url" value="http://java.oracle.com/" />
    <property name="java.vm.vendor" value="Oracle Corporation" />
    <property name="gopherProxySet" value="false" />
    <property name="build.relVersion" value="5107abc" />
    <property name="java.runtime.name" value="Java(TM) SE Runtime Environment" />
    <property name="sun.java.command" value="org.apache.tools.ant.taskdefs.optional.junit.JUnitTestRunner testsfile=/Users/linmanna/Documents/proj/UCLA-CS-239-Winter-2015/Part_B/Benchmark/closure-compiler/junittestcases5949901879760027472.properties skipNonTests=false filtertrace=true haltOnError=false haltOnFailure=false formatter=org.apache.tools.ant.taskdefs.optional.junit.SummaryJUnitResultFormatter showoutput=true outputtoformatters=true logfailedtests=true threadid=0 logtestlistenerevents=false formatter=org.apache.tools.ant.taskdefs.optional.junit.BriefJUnitResultFormatter formatter=org.apache.tools.ant.taskdefs.optional.junit.XMLJUnitResultFormatter,/Users/linmanna/Documents/proj/UCLA-CS-239-Winter-2015/Part_B/Benchmark/closure-compiler/build/testoutput/IGNORETHIS.xml crashfile=/Users/linmanna/Documents/proj/UCLA-CS-239-Winter-2015/Part_B/Benchmark/closure-compiler/junitvmwatcher5896012663290099626.properties propsfile=/Users/linmanna/Documents/proj/UCLA-CS-239-Winter-2015/Part_B/Benchmark/closure-compiler/junit3382148267101857145.properties" />
    <property name="java.class.path" value="/Users/linmanna/Documents/proj/UCLA-CS-239-Winter-2015/Part_B/Benchmark/closure-compiler/build/classes:/Users/linmanna/Documents/proj/UCLA-CS-239-Winter-2015/Part_B/Benchmark/closure-compiler/lib/ant-launcher.jar:/Users/linmanna/Documents/proj/UCLA-CS-239-Winter-2015/Part_B/Benchmark/closure-compiler/lib/ant.jar:/Users/linmanna/Documents/proj/UCLA-CS-239-Winter-2015/Part_B/Benchmark/closure-compiler/lib/args4j.jar:/Users/linmanna/Documents/proj/UCLA-CS-239-Winter-2015/Part_B/Benchmark/closure-compiler/lib/gson.jar:/Users/linmanna/Documents/proj/UCLA-CS-239-Winter-2015/Part_B/Benchmark/closure-compiler/lib/guava.jar:/Users/linmanna/Documents/proj/UCLA-CS-239-Winter-2015/Part_B/Benchmark/closure-compiler/lib/jsr305.jar:/Users/linmanna/Documents/proj/UCLA-CS-239-Winter-2015/Part_B/Benchmark/closure-compiler/lib/junit.jar:/Users/linmanna/Documents/proj/UCLA-CS-239-Winter-2015/Part_B/Benchmark/closure-compiler/lib/protobuf-java.jar:/Users/linmanna/Documents/proj/UCLA-CS-239-Winter-2015/Part_B/Benchmark/closure-compiler/lib/truth.jar:/Users/linmanna/Documents/proj/UCLA-CS-239-Winter-2015/Part_B/Benchmark/closure-compiler/build/test:/Users/linmanna/ant/lib/ant-launcher.jar:/Users/linmanna/ant/lib/ant.jar:/Users/linmanna/ant/lib/ant-junit.jar:/Users/linmanna/ant/lib/ant-junit4.jar" />
    <property name="ant.version" value="Apache Ant(TM) version 1.9.4 compiled on April 29 2014" />
    <property name="test.class" value="*Test" />
    <property name="java.vm.specification.name" value="Java Virtual Machine Specification" />
    <property name="ant.file.type" value="file" />
    <property name="java.vm.specification.version" value="1.7" />
    <property name="sun.cpu.endian" value="little" />
    <property name="sun.os.patch.level" value="unknown" />
    <property name="java.io.tmpdir" value="/var/folders/_p/3swdt4h96dn79vyt21dtny9h0000gn/T/" />
    <property name="java.vendor.url.bug" value="http://bugreport.sun.com/bugreport/" />
    <property name="java.awt.graphicsenv" value="sun.awt.CGraphicsEnvironment" />
    <property name="maven-repository-url" value="https://oss.sonatype.org/service/local/staging/deploy/maven2/" />
    <property name="os.arch" value="x86_64" />
    <property name="webservice-classes.dir" value="/Users/linmanna/Documents/proj/UCLA-CS-239-Winter-2015/Part_B/Benchmark/closure-compiler/build/webservice-classes" />
    <property name="java.ext.dirs" value="/Users/linmanna/Library/Java/Extensions:/Library/Java/JavaVirtualMachines/jdk1.7.0_75.jdk/Contents/Home/jre/lib/ext:/Library/Java/Extensions:/Network/Library/Java/Extensions:/System/Library/Java/Extensions:/usr/lib/java" />
    <property name="user.dir" value="/Users/linmanna/Documents/proj/UCLA-CS-239-Winter-2015/Part_B/Benchmark/closure-compiler" />
    <property name="ant.file.type.compiler" value="file" />
    <property name="line.separator" value="&#xa;" />
    <property name="java.vm.name" value="Java HotSpot(TM) 64-Bit Server VM" />
    <property name="refasterjs-classes.dir" value="/Users/linmanna/Documents/proj/UCLA-CS-239-Winter-2015/Part_B/Benchmark/closure-compiler/build/refasterjs-classes" />
    <property name="basedir" value="/Users/linmanna/Documents/proj/UCLA-CS-239-Winter-2015/Part_B/Benchmark/closure-compiler" />
    <property name="ant.java.version" value="1.7" />
    <property name="ant.core.lib" value="/Users/linmanna/ant/lib/ant.jar" />
    <property name="file.encoding" value="UTF-8" />
    <property name="closure.build.dir" value="/Users/linmanna/Documents/proj/UCLA-CS-239-Winter-2015/Part_B/Benchmark/closure-compiler/build" />
    <property name="compiler-jarfile" value="/Users/linmanna/Documents/proj/UCLA-CS-239-Winter-2015/Part_B/Benchmark/closure-compiler/build/compiler.jar" />
    <property name="java.specification.version" value="1.7" />
    <property name="src.dir" value="/Users/linmanna/Documents/proj/UCLA-CS-239-Winter-2015/Part_B/Benchmark/closure-compiler/src" />
    <property name="ant.project.invoked-targets" value="clean,compile,compile-tests,test" />
    <property name="javadoc.dir" value="/Users/linmanna/Documents/proj/UCLA-CS-239-Winter-2015/Part_B/Benchmark/closure-compiler/build/javadoc" />
    <property name="tools.dir" value="/Users/linmanna/Documents/proj/UCLA-CS-239-Winter-2015/Part_B/Benchmark/closure-compiler/tools" />
  </properties>
  <testcase classname="com.google.javascript.jscomp.parsing.JsDocInfoParserTest" name="testParserWithTTLNativeTypeExprUnion" time="0.001" />
  <testcase classname="com.google.javascript.jscomp.parsing.JsDocInfoParserTest" name="testParserWithTTLNativeTypeExprRecord" time="0.0" />
  <testcase classname="com.google.javascript.jscomp.parsing.JsDocInfoParserTest" name="testParserWithTTLNativeTypeExprNullable" time="0.0" />
  <testcase classname="com.google.javascript.jscomp.parsing.JsDocInfoParserTest" name="testParserWithTTLNativeTypeExprNonNullable" time="0.001" />
  <testcase classname="com.google.javascript.jscomp.parsing.JsDocInfoParserTest" name="testPrivateType" time="0.0" />
  <testcase classname="com.google.javascript.jscomp.parsing.JsDocInfoParserTest" name="testInterfaceExtends" time="0.001" />
  <testcase classname="com.google.javascript.jscomp.parsing.JsDocInfoParserTest" name="testParseNamedType2" time="0.001" />
  <testcase classname="com.google.javascript.jscomp.parsing.JsDocInfoParserTest" name="testParseNamedType1" time="0.0" />
  <testcase classname="com.google.javascript.jscomp.parsing.JsDocInfoParserTest" name="testParseTypeViaStatic1" time="0.0" />
  <testcase classname="com.google.javascript.jscomp.parsing.JsDocInfoParserTest" name="testParseTypeViaStatic2" time="0.001" />
  <testcase classname="com.google.javascript.jscomp.parsing.JsDocInfoParserTest" name="testParseTypeViaStatic3" time="0.0" />
  <testcase classname="com.google.javascript.jscomp.parsing.JsDocInfoParserTest" name="testParseTypeViaStatic4" time="0.001" />
  <testcase classname="com.google.javascript.jscomp.parsing.JsDocInfoParserTest" name="testParseInvalidTypeViaStatic" time="0.0" />
  <testcase classname="com.google.javascript.jscomp.parsing.JsDocInfoParserTest" name="testParseInvalidTypeViaStatic2" time="0.001" />
  <testcase classname="com.google.javascript.jscomp.parsing.JsDocInfoParserTest" name="testParseNamedType3" time="0.0" />
  <testcase classname="com.google.javascript.jscomp.parsing.JsDocInfoParserTest" name="testParseNamedType4" time="0.0" />
  <testcase classname="com.google.javascript.jscomp.parsing.JsDocInfoParserTest" name="testParseNamedType5" time="0.0" />
  <testcase classname="com.google.javascript.jscomp.parsing.JsDocInfoParserTest" name="testParseNamedType6" time="0.001" />
  <testcase classname="com.google.javascript.jscomp.parsing.JsDocInfoParserTest" name="testParseNamedTypeError1" time="0.001" />
  <testcase classname="com.google.javascript.jscomp.parsing.JsDocInfoParserTest" name="testParseNamedTypeError2" time="0.0" />
  <testcase classname="com.google.javascript.jscomp.parsing.JsDocInfoParserTest" name="testParseNamespaceType1" time="0.001" />
  <testcase classname="com.google.javascript.jscomp.parsing.JsDocInfoParserTest" name="testTypedefType1" time="0.0" />
  <testcase classname="com.google.javascript.jscomp.parsing.JsDocInfoParserTest" name="testTypedefType2" time="0.0" />
  <testcase classname="com.google.javascript.jscomp.parsing.JsDocInfoParserTest" name="testTypedefType3" time="0.0" />
  <testcase classname="com.google.javascript.jscomp.parsing.JsDocInfoParserTest" name="testParseStringType1" time="0.0" />
  <testcase classname="com.google.javascript.jscomp.parsing.JsDocInfoParserTest" name="testParseStringType2" time="0.001" />
  <testcase classname="com.google.javascript.jscomp.parsing.JsDocInfoParserTest" name="testParseBooleanType1" time="0.0" />
  <testcase classname="com.google.javascript.jscomp.parsing.JsDocInfoParserTest" name="testParseBooleanType2" time="0.001" />
  <testcase classname="com.google.javascript.jscomp.parsing.JsDocInfoParserTest" name="testParseNumberType1" time="0.001" />
  <testcase classname="com.google.javascript.jscomp.parsing.JsDocInfoParserTest" name="testParseNumberType2" time="0.0" />
  <testcase classname="com.google.javascript.jscomp.parsing.JsDocInfoParserTest" name="testParseNullType1" time="0.001" />
  <testcase classname="com.google.javascript.jscomp.parsing.JsDocInfoParserTest" name="testParseNullType2" time="0.0" />
  <testcase classname="com.google.javascript.jscomp.parsing.JsDocInfoParserTest" name="testParseAllType1" time="0.0" />
  <testcase classname="com.google.javascript.jscomp.parsing.JsDocInfoParserTest" name="testParseAllType2" time="0.001" />
  <testcase classname="com.google.javascript.jscomp.parsing.JsDocInfoParserTest" name="testParseObjectType" time="0.0" />
  <testcase classname="com.google.javascript.jscomp.parsing.JsDocInfoParserTest" name="testParseDateType" time="0.001" />
  <testcase classname="com.google.javascript.jscomp.parsing.JsDocInfoParserTest" name="testParseFunctionType" time="0.001" />
  <testcase classname="com.google.javascript.jscomp.parsing.JsDocInfoParserTest" name="testParseRegExpType" time="0.0" />
  <testcase classname="com.google.javascript.jscomp.parsing.JsDocInfoParserTest" name="testParseErrorTypes" time="0.001" />
  <testcase classname="com.google.javascript.jscomp.parsing.JsDocInfoParserTest" name="testParseUndefinedType1" time="0.0" />
  <testcase classname="com.google.javascript.jscomp.parsing.JsDocInfoParserTest" name="testParseUndefinedType2" time="0.001" />
  <testcase classname="com.google.javascript.jscomp.parsing.JsDocInfoParserTest" name="testParseUndefinedType3" time="0.0" />
  <testcase classname="com.google.javascript.jscomp.parsing.JsDocInfoParserTest" name="testParseTemplatizedTypeAlternateSyntax" time="0.0" />
  <testcase classname="com.google.javascript.jscomp.parsing.JsDocInfoParserTest" name="testParseTemplatizedType1" time="0.0" />
  <testcase classname="com.google.javascript.jscomp.parsing.JsDocInfoParserTest" name="testParseTemplatizedType2" time="0.0" />
  <testcase classname="com.google.javascript.jscomp.parsing.JsDocInfoParserTest" name="testParseTemplatizedType3" time="0.001" />
  <testcase classname="com.google.javascript.jscomp.parsing.JsDocInfoParserTest" name="testParseTemplatizedType4" time="0.0" />
  <testcase classname="com.google.javascript.jscomp.parsing.JsDocInfoParserTest" name="testParseTemplatizedType5" time="0.001" />
  <testcase classname="com.google.javascript.jscomp.parsing.JsDocInfoParserTest" name="testParseTemplatizedType6" time="0.001" />
  <testcase classname="com.google.javascript.jscomp.parsing.JsDocInfoParserTest" name="testParseTemplatizedType7" time="0.001" />
  <testcase classname="com.google.javascript.jscomp.parsing.JsDocInfoParserTest" name="testParseTemplatizedType8" time="0.0" />
  <testcase classname="com.google.javascript.jscomp.parsing.JsDocInfoParserTest" name="testParseTemplatizedType9" time="0.001" />
  <testcase classname="com.google.javascript.jscomp.parsing.JsDocInfoParserTest" name="testParseTemplatizedType10" time="0.0" />
  <testcase classname="com.google.javascript.jscomp.parsing.JsDocInfoParserTest" name="testParseTemplatizedType11" time="0.001" />
  <testcase classname="com.google.javascript.jscomp.parsing.JsDocInfoParserTest" name="testParseTemplatizedType12" time="0.0" />
  <testcase classname="com.google.javascript.jscomp.parsing.JsDocInfoParserTest" name="testParseTemplatizedType13" time="0.001" />
  <testcase classname="com.google.javascript.jscomp.parsing.JsDocInfoParserTest" name="testParseUnionType1" time="0.001" />
  <testcase classname="com.google.javascript.jscomp.parsing.JsDocInfoParserTest" name="testParseUnionType2" time="0.0" />
  <testcase classname="com.google.javascript.jscomp.parsing.JsDocInfoParserTest" name="testParseUnionType3" time="0.001" />
  <testcase classname="com.google.javascript.jscomp.parsing.JsDocInfoParserTest" name="testParseUnionType4" time="0.0" />
  <testcase classname="com.google.javascript.jscomp.parsing.JsDocInfoParserTest" name="testParseUnionType5" time="0.0" />
  <testcase classname="com.google.javascript.jscomp.parsing.JsDocInfoParserTest" name="testParseUnionType6" time="0.001" />
  <testcase classname="com.google.javascript.jscomp.parsing.JsDocInfoParserTest" name="testParseUnionType7" time="0.0" />
  <testcase classname="com.google.javascript.jscomp.parsing.JsDocInfoParserTest" name="testParseUnionType8" time="0.0" />
  <testcase classname="com.google.javascript.jscomp.parsing.JsDocInfoParserTest" name="testParseUnionType9" time="0.001" />
  <testcase classname="com.google.javascript.jscomp.parsing.JsDocInfoParserTest" name="testParseUnionType10" time="0.0" />
  <testcase classname="com.google.javascript.jscomp.parsing.JsDocInfoParserTest" name="testParseUnionType11" time="0.0" />
  <testcase classname="com.google.javascript.jscomp.parsing.JsDocInfoParserTest" name="testParseUnionType12" time="0.0" />
  <testcase classname="com.google.javascript.jscomp.parsing.JsDocInfoParserTest" name="testParseUnionType13" time="0.0" />
  <testcase classname="com.google.javascript.jscomp.parsing.JsDocInfoParserTest" name="testParseUnionType14" time="0.001" />
  <testcase classname="com.google.javascript.jscomp.parsing.JsDocInfoParserTest" name="testParseUnionType15" time="0.0" />
  <testcase classname="com.google.javascript.jscomp.parsing.JsDocInfoParserTest" name="testParseUnionType16" time="0.0" />
  <testcase classname="com.google.javascript.jscomp.parsing.JsDocInfoParserTest" name="testParseUnionType17" time="0.001" />
  <testcase classname="com.google.javascript.jscomp.parsing.JsDocInfoParserTest" name="testParseUnionType18" time="0.0" />
  <testcase classname="com.google.javascript.jscomp.parsing.JsDocInfoParserTest" name="testParseUnionType19" time="0.0" />
  <testcase classname="com.google.javascript.jscomp.parsing.JsDocInfoParserTest" name="testParseUnionTypeError1" time="0.001" />
  <testcase classname="com.google.javascript.jscomp.parsing.JsDocInfoParserTest" name="testParseUnknownType1" time="0.0" />
  <testcase classname="com.google.javascript.jscomp.parsing.JsDocInfoParserTest" name="testParseUnknownType2" time="0.0" />
  <testcase classname="com.google.javascript.jscomp.parsing.JsDocInfoParserTest" name="testParseUnknownType3" time="0.0" />
  <testcase classname="com.google.javascript.jscomp.parsing.JsDocInfoParserTest" name="testParseFunctionalType1" time="0.0" />
  <testcase classname="com.google.javascript.jscomp.parsing.JsDocInfoParserTest" name="testParseFunctionalType2" time="0.0" />
  <testcase classname="com.google.javascript.jscomp.parsing.JsDocInfoParserTest" name="testParseFunctionalType3" time="0.001" />
  <testcase classname="com.google.javascript.jscomp.parsing.JsDocInfoParserTest" name="testParseFunctionalType4" time="0.0" />
  <testcase classname="com.google.javascript.jscomp.parsing.JsDocInfoParserTest" name="testParseFunctionalType5" time="0.0" />
  <testcase classname="com.google.javascript.jscomp.parsing.JsDocInfoParserTest" name="testParseFunctionalType6" time="0.001" />
  <testcase classname="com.google.javascript.jscomp.parsing.JsDocInfoParserTest" name="testParseFunctionalType7" time="0.0" />
  <testcase classname="com.google.javascript.jscomp.parsing.JsDocInfoParserTest" name="testParseFunctionalType9" time="0.001" />
  <testcase classname="com.google.javascript.jscomp.parsing.JsDocInfoParserTest" name="testParseFunctionalType10" time="0.001" />
  <testcase classname="com.google.javascript.jscomp.parsing.JsDocInfoParserTest" name="testParseFunctionalType12" time="0.0" />
  <testcase classname="com.google.javascript.jscomp.parsing.JsDocInfoParserTest" name="testParseFunctionalType13" time="0.0" />
  <testcase classname="com.google.javascript.jscomp.parsing.JsDocInfoParserTest" name="testParseFunctionalType14" time="0.001" />
  <testcase classname="com.google.javascript.jscomp.parsing.JsDocInfoParserTest" name="testParseFunctionalType15" time="0.0" />
  <testcase classname="com.google.javascript.jscomp.parsing.JsDocInfoParserTest" name="testParseFunctionalType16" time="0.0" />
  <testcase classname="com.google.javascript.jscomp.parsing.JsDocInfoParserTest" name="testParseFunctionalType17" time="0.001" />
  <testcase classname="com.google.javascript.jscomp.parsing.JsDocInfoParserTest" name="testParseFunctionalType18" time="0.0" />
  <testcase classname="com.google.javascript.jscomp.parsing.JsDocInfoParserTest" name="testParseFunctionalType19" time="0.0" />
  <testcase classname="com.google.javascript.jscomp.parsing.JsDocInfoParserTest" name="testStructuralConstructor" time="0.001" />
  <testcase classname="com.google.javascript.jscomp.parsing.JsDocInfoParserTest" name="testStructuralConstructor2" time="0.0" />
  <testcase classname="com.google.javascript.jscomp.parsing.JsDocInfoParserTest" name="testStructuralConstructor3" time="0.0" />
  <testcase classname="com.google.javascript.jscomp.parsing.JsDocInfoParserTest" name="testNominalConstructor" time="0.001" />
  <testcase classname="com.google.javascript.jscomp.parsing.JsDocInfoParserTest" name="testBug1419535" time="0.0" />
  <testcase classname="com.google.javascript.jscomp.parsing.JsDocInfoParserTest" name="testIssue477" time="0.0" />
  <testcase classname="com.google.javascript.jscomp.parsing.JsDocInfoParserTest" name="testMalformedThisAnnotation" time="0.0" />
  <testcase classname="com.google.javascript.jscomp.parsing.JsDocInfoParserTest" name="testParseFunctionalTypeError1" time="0.001" />
  <testcase classname="com.google.javascript.jscomp.parsing.JsDocInfoParserTest" name="testParseFunctionalTypeError2" time="0.0" />
  <testcase classname="com.google.javascript.jscomp.parsing.JsDocInfoParserTest" name="testParseFunctionalTypeError3" time="0.0" />
  <testcase classname="com.google.javascript.jscomp.parsing.JsDocInfoParserTest" name="testParseFunctionalTypeError4" time="0.001" />
  <testcase classname="com.google.javascript.jscomp.parsing.JsDocInfoParserTest" name="testParseFunctionalTypeError5" time="0.0" />
  <testcase classname="com.google.javascript.jscomp.parsing.JsDocInfoParserTest" name="testParseFunctionalTypeError6" time="0.0" />
  <testcase classname="com.google.javascript.jscomp.parsing.JsDocInfoParserTest" name="testParseFunctionalTypeError7" time="0.001" />
  <testcase classname="com.google.javascript.jscomp.parsing.JsDocInfoParserTest" name="testParseFunctionalTypeError8" time="0.0" />
  <testcase classname="com.google.javascript.jscomp.parsing.JsDocInfoParserTest" name="testParseFunctionalTypeError9" time="0.0" />
  <testcase classname="com.google.javascript.jscomp.parsing.JsDocInfoParserTest" name="testParseFunctionalTypeError10" time="0.0" />
  <testcase classname="com.google.javascript.jscomp.parsing.JsDocInfoParserTest" name="testParseFunctionalTypeError11" time="0.001" />
  <testcase classname="com.google.javascript.jscomp.parsing.JsDocInfoParserTest" name="testParseFunctionalTypeError12" time="0.0" />
  <testcase classname="com.google.javascript.jscomp.parsing.JsDocInfoParserTest" name="testParseFunctionalTypeError13" time="0.001" />
  <testcase classname="com.google.javascript.jscomp.parsing.JsDocInfoParserTest" name="testParseFunctionalTypeError14" time="0.0" />
  <testcase classname="com.google.javascript.jscomp.parsing.JsDocInfoParserTest" name="testParseFunctionalType8" time="0.0" />
  <testcase classname="com.google.javascript.jscomp.parsing.JsDocInfoParserTest" name="testParseArrayTypeError1" time="0.001" />
  <testcase classname="com.google.javascript.jscomp.parsing.JsDocInfoParserTest" name="testParseArrayTypeError2" time="0.0" />
  <testcase classname="com.google.javascript.jscomp.parsing.JsDocInfoParserTest" name="testParseArrayTypeError3" time="0.0" />
  <testcase classname="com.google.javascript.jscomp.parsing.JsDocInfoParserTest" name="testParseArrayTypeError4" time="0.001" />
  <testcase classname="com.google.javascript.jscomp.parsing.JsDocInfoParserTest" name="testParseArrayTypeError5" time="0.0" />
  <testcase classname="com.google.javascript.jscomp.parsing.JsDocInfoParserTest" name="testParseNullableModifiers1" time="0.0" />
  <testcase classname="com.google.javascript.jscomp.parsing.JsDocInfoParserTest" name="testParseNullableModifiers2" time="0.001" />
  <testcase classname="com.google.javascript.jscomp.parsing.JsDocInfoParserTest" name="testParseNullableModifiers3" time="0.0" />
  <testcase classname="com.google.javascript.jscomp.parsing.JsDocInfoParserTest" name="testParseNullableModifiers4" time="0.0" />
  <testcase classname="com.google.javascript.jscomp.parsing.JsDocInfoParserTest" name="testParseNullableModifiers5" time="0.001" />
  <testcase classname="com.google.javascript.jscomp.parsing.JsDocInfoParserTest" name="testParseNullableModifiers6" time="0.0" />
  <testcase classname="com.google.javascript.jscomp.parsing.JsDocInfoParserTest" name="testParseNullableModifiers7" time="0.0" />
  <testcase classname="com.google.javascript.jscomp.parsing.JsDocInfoParserTest" name="testParseNullableModifiers8" time="0.001" />
  <testcase classname="com.google.javascript.jscomp.parsing.JsDocInfoParserTest" name="testParseNullableModifiers9" time="0.0" />
  <testcase classname="com.google.javascript.jscomp.parsing.JsDocInfoParserTest" name="testParseOptionalModifier" time="0.0" />
  <testcase classname="com.google.javascript.jscomp.parsing.JsDocInfoParserTest" name="testParseNewline1" time="0.0" />
  <testcase classname="com.google.javascript.jscomp.parsing.JsDocInfoParserTest" name="testParseNewline2" time="0.0" />
  <testcase classname="com.google.javascript.jscomp.parsing.JsDocInfoParserTest" name="testParseNewline3" time="0.001" />
  <testcase classname="com.google.javascript.jscomp.parsing.JsDocInfoParserTest" name="testParseNewline4" time="0.0" />
  <testcase classname="com.google.javascript.jscomp.parsing.JsDocInfoParserTest" name="testParseNewline5" time="0.0" />
  <testcase classname="com.google.javascript.jscomp.parsing.JsDocInfoParserTest" name="testParseReturnType1" time="0.001" />
  <testcase classname="com.google.javascript.jscomp.parsing.JsDocInfoParserTest" name="testParseReturnType2" time="0.0" />
  <testcase classname="com.google.javascript.jscomp.parsing.JsDocInfoParserTest" name="testParseReturnType3" time="0.001" />
  <testcase classname="com.google.javascript.jscomp.parsing.JsDocInfoParserTest" name="testParseThisType1" time="0.0" />
  <testcase classname="com.google.javascript.jscomp.parsing.JsDocInfoParserTest" name="testParseThisType2" time="0.0" />
  <testcase classname="com.google.javascript.jscomp.parsing.JsDocInfoParserTest" name="testParseThisType3" time="0.0" />
  <testcase classname="com.google.javascript.jscomp.parsing.JsDocInfoParserTest" name="testParseThisType4" time="0.0" />
  <testcase classname="com.google.javascript.jscomp.parsing.JsDocInfoParserTest" name="testParseThisType5" time="0.0" />
  <testcase classname="com.google.javascript.jscomp.parsing.JsDocInfoParserTest" name="testParseThisType6" time="0.0" />
  <testcase classname="com.google.javascript.jscomp.parsing.JsDocInfoParserTest" name="testParseParam1" time="0.001" />
  <testcase classname="com.google.javascript.jscomp.parsing.JsDocInfoParserTest" name="testParseParam2" time="0.0" />
  <testcase classname="com.google.javascript.jscomp.parsing.JsDocInfoParserTest" name="testParseParam3" time="0.0" />
  <testcase classname="com.google.javascript.jscomp.parsing.JsDocInfoParserTest" name="testParseParam4" time="0.0" />
  <testcase classname="com.google.javascript.jscomp.parsing.JsDocInfoParserTest" name="testParseParam5" time="0.0" />
  <testcase classname="com.google.javascript.jscomp.parsing.JsDocInfoParserTest" name="testParseParam6" time="0.0" />
  <testcase classname="com.google.javascript.jscomp.parsing.JsDocInfoParserTest" name="testParseParam7" time="0.0" />
  <testcase classname="com.google.javascript.jscomp.parsing.JsDocInfoParserTest" name="testParseParam8" time="0.0" />
  <testcase classname="com.google.javascript.jscomp.parsing.JsDocInfoParserTest" name="testParseParam9" time="0.0" />
  <testcase classname="com.google.javascript.jscomp.parsing.JsDocInfoParserTest" name="testParseParam10" time="0.001" />
  <testcase classname="com.google.javascript.jscomp.parsing.JsDocInfoParserTest" name="testParseParam11" time="0.0" />
  <testcase classname="com.google.javascript.jscomp.parsing.JsDocInfoParserTest" name="testParseParam12" time="0.0" />
  <testcase classname="com.google.javascript.jscomp.parsing.JsDocInfoParserTest" name="testParseParam13" time="0.001" />
  <testcase classname="com.google.javascript.jscomp.parsing.JsDocInfoParserTest" name="testParseParam14" time="0.0" />
  <testcase classname="com.google.javascript.jscomp.parsing.JsDocInfoParserTest" name="testParseParam15" time="0.0" />
  <testcase classname="com.google.javascript.jscomp.parsing.JsDocInfoParserTest" name="testParseParam16" time="0.0" />
  <testcase classname="com.google.javascript.jscomp.parsing.JsDocInfoParserTest" name="testParseParam17" time="0.0" />
  <testcase classname="com.google.javascript.jscomp.parsing.JsDocInfoParserTest" name="testParseParam18" time="0.0" />
  <testcase classname="com.google.javascript.jscomp.parsing.JsDocInfoParserTest" name="testParseParam19" time="0.0" />
  <testcase classname="com.google.javascript.jscomp.parsing.JsDocInfoParserTest" name="testParseParam20" time="0.001" />
  <testcase classname="com.google.javascript.jscomp.parsing.JsDocInfoParserTest" name="testParseParam21" time="0.0" />
  <testcase classname="com.google.javascript.jscomp.parsing.JsDocInfoParserTest" name="testParseParam22" time="0.0" />
  <testcase classname="com.google.javascript.jscomp.parsing.JsDocInfoParserTest" name="testParseParam23" time="0.001" />
  <testcase classname="com.google.javascript.jscomp.parsing.JsDocInfoParserTest" name="testParseParam24" time="0.0" />
  <testcase classname="com.google.javascript.jscomp.parsing.JsDocInfoParserTest" name="testParseParam25" time="0.0" />
  <testcase classname="com.google.javascript.jscomp.parsing.JsDocInfoParserTest" name="testParseThrows1" time="0.0" />
  <testcase classname="com.google.javascript.jscomp.parsing.JsDocInfoParserTest" name="testParseThrows2" time="0.0" />
  <testcase classname="com.google.javascript.jscomp.parsing.JsDocInfoParserTest" name="testParseRecordType1" time="0.0" />
  <testcase classname="com.google.javascript.jscomp.parsing.JsDocInfoParserTest" name="testParseRecordType2" time="0.0" />
  <testcase classname="com.google.javascript.jscomp.parsing.JsDocInfoParserTest" name="testParseRecordType3" time="0.001" />
  <testcase classname="com.google.javascript.jscomp.parsing.JsDocInfoParserTest" name="testParseRecordType4" time="0.0" />
  <testcase classname="com.google.javascript.jscomp.parsing.JsDocInfoParserTest" name="testParseRecordType5" time="0.0" />
  <testcase classname="com.google.javascript.jscomp.parsing.JsDocInfoParserTest" name="testParseRecordType6" time="0.0" />
  <testcase classname="com.google.javascript.jscomp.parsing.JsDocInfoParserTest" name="testParseRecordType7" time="0.0" />
  <testcase classname="com.google.javascript.jscomp.parsing.JsDocInfoParserTest" name="testParseRecordType8" time="0.0" />
  <testcase classname="com.google.javascript.jscomp.parsing.JsDocInfoParserTest" name="testParseRecordType9" time="0.001" />
  <testcase classname="com.google.javascript.jscomp.parsing.JsDocInfoParserTest" name="testParseRecordType10" time="0.0" />
  <testcase classname="com.google.javascript.jscomp.parsing.JsDocInfoParserTest" name="testParseRecordType11" time="0.0" />
  <testcase classname="com.google.javascript.jscomp.parsing.JsDocInfoParserTest" name="testParseRecordType12" time="0.0" />
  <testcase classname="com.google.javascript.jscomp.parsing.JsDocInfoParserTest" name="testParseRecordType13" time="0.0" />
  <testcase classname="com.google.javascript.jscomp.parsing.JsDocInfoParserTest" name="testParseRecordType14" time="0.0" />
  <testcase classname="com.google.javascript.jscomp.parsing.JsDocInfoParserTest" name="testParseRecordType15" time="0.001" />
  <testcase classname="com.google.javascript.jscomp.parsing.JsDocInfoParserTest" name="testParseRecordType16" time="0.0" />
  <testcase classname="com.google.javascript.jscomp.parsing.JsDocInfoParserTest" name="testParseRecordType17" time="0.0" />
  <testcase classname="com.google.javascript.jscomp.parsing.JsDocInfoParserTest" name="testParseRecordType18" time="0.001" />
  <testcase classname="com.google.javascript.jscomp.parsing.JsDocInfoParserTest" name="testParseRecordType19" time="0.0" />
  <testcase classname="com.google.javascript.jscomp.parsing.JsDocInfoParserTest" name="testParseRecordType20" time="0.0" />
  <testcase classname="com.google.javascript.jscomp.parsing.JsDocInfoParserTest" name="testParseRecordType21" time="0.001" />
  <testcase classname="com.google.javascript.jscomp.parsing.JsDocInfoParserTest" name="testParseRecordType22" time="0.0" />
  <testcase classname="com.google.javascript.jscomp.parsing.JsDocInfoParserTest" name="testParseRecordType23" time="0.0" />
  <testcase classname="com.google.javascript.jscomp.parsing.JsDocInfoParserTest" name="testParseParamError1" time="0.0" />
  <testcase classname="com.google.javascript.jscomp.parsing.JsDocInfoParserTest" name="testParseParamError2" time="0.001" />
  <testcase classname="com.google.javascript.jscomp.parsing.JsDocInfoParserTest" name="testParseParamError3" time="0.0" />
  <testcase classname="com.google.javascript.jscomp.parsing.JsDocInfoParserTest" name="testParseParamError4" time="0.0" />
  <testcase classname="com.google.javascript.jscomp.parsing.JsDocInfoParserTest" name="testParseParamError5" time="0.0" />
  <testcase classname="com.google.javascript.jscomp.parsing.JsDocInfoParserTest" name="testParseExtends1" time="0.0" />
  <testcase classname="com.google.javascript.jscomp.parsing.JsDocInfoParserTest" name="testParseExtends2" time="0.0" />
  <testcase classname="com.google.javascript.jscomp.parsing.JsDocInfoParserTest" name="testParseExtendsGenerics" time="0.0" />
  <testcase classname="com.google.javascript.jscomp.parsing.JsDocInfoParserTest" name="testParseImplementsGenerics" time="0.0" />
  <testcase classname="com.google.javascript.jscomp.parsing.JsDocInfoParserTest" name="testParseExtends4" time="0.0" />
  <testcase classname="com.google.javascript.jscomp.parsing.JsDocInfoParserTest" name="testParseExtends5" time="0.0" />
  <testcase classname="com.google.javascript.jscomp.parsing.JsDocInfoParserTest" name="testParseExtends6" time="0.0" />
  <testcase classname="com.google.javascript.jscomp.parsing.JsDocInfoParserTest" name="testParseExtendsInvalidName" time="0.0" />
  <testcase classname="com.google.javascript.jscomp.parsing.JsDocInfoParserTest" name="testParseExtendsNullable1" time="0.0" />
  <testcase classname="com.google.javascript.jscomp.parsing.JsDocInfoParserTest" name="testParseExtendsNullable2" time="0.0" />
  <testcase classname="com.google.javascript.jscomp.parsing.JsDocInfoParserTest" name="testParseEnum1" time="0.001" />
  <testcase classname="com.google.javascript.jscomp.parsing.JsDocInfoParserTest" name="testParseEnum2" time="0.0" />
  <testcase classname="com.google.javascript.jscomp.parsing.JsDocInfoParserTest" name="testParseEnum3" time="0.0" />
  <testcase classname="com.google.javascript.jscomp.parsing.JsDocInfoParserTest" name="testParseDesc1" time="0.001" />
  <testcase classname="com.google.javascript.jscomp.parsing.JsDocInfoParserTest" name="testParseDesc2" time="0.0" />
  <testcase classname="com.google.javascript.jscomp.parsing.JsDocInfoParserTest" name="testParseDesc3" time="0.0" />
  <testcase classname="com.google.javascript.jscomp.parsing.JsDocInfoParserTest" name="testParseDesc4" time="0.001" />
  <testcase classname="com.google.javascript.jscomp.parsing.JsDocInfoParserTest" name="testParseDesc5" time="0.0" />
  <testcase classname="com.google.javascript.jscomp.parsing.JsDocInfoParserTest" name="testParseDesc6" time="0.0" />
  <testcase classname="com.google.javascript.jscomp.parsing.JsDocInfoParserTest" name="testParseDesc7" time="0.0" />
  <testcase classname="com.google.javascript.jscomp.parsing.JsDocInfoParserTest" name="testParseDesc8" time="0.0" />
  <testcase classname="com.google.javascript.jscomp.parsing.JsDocInfoParserTest" name="testParseDesc9" time="0.0" />
  <testcase classname="com.google.javascript.jscomp.parsing.JsDocInfoParserTest" name="testParseDesc10" time="0.0" />
  <testcase classname="com.google.javascript.jscomp.parsing.JsDocInfoParserTest" name="testParseDesc11" time="0.0" />
  <testcase classname="com.google.javascript.jscomp.parsing.JsDocInfoParserTest" name="testParseDesc12" time="0.0" />
  <testcase classname="com.google.javascript.jscomp.parsing.JsDocInfoParserTest" name="testParseMeaning1" time="0.001" />
  <testcase classname="com.google.javascript.jscomp.parsing.JsDocInfoParserTest" name="testParseMeaning2" time="0.0" />
  <testcase classname="com.google.javascript.jscomp.parsing.JsDocInfoParserTest" name="testParseMeaning3" time="0.0" />
  <testcase classname="com.google.javascript.jscomp.parsing.JsDocInfoParserTest" name="testParseMeaning4" time="0.0" />
  <testcase classname="com.google.javascript.jscomp.parsing.JsDocInfoParserTest" name="testParseLends1" time="0.0" />
  <testcase classname="com.google.javascript.jscomp.parsing.JsDocInfoParserTest" name="testParseLends2" time="0.0" />
  <testcase classname="com.google.javascript.jscomp.parsing.JsDocInfoParserTest" name="testParseLends3" time="0.0" />
  <testcase classname="com.google.javascript.jscomp.parsing.JsDocInfoParserTest" name="testParseLends4" time="0.0" />
  <testcase classname="com.google.javascript.jscomp.parsing.JsDocInfoParserTest" name="testParseLends5" time="0.0" />
  <testcase classname="com.google.javascript.jscomp.parsing.JsDocInfoParserTest" name="testParseLends6" time="0.0" />
  <testcase classname="com.google.javascript.jscomp.parsing.JsDocInfoParserTest" name="testParseLends7" time="0.001" />
  <testcase classname="com.google.javascript.jscomp.parsing.JsDocInfoParserTest" name="testStackedAnnotation" time="0.0" />
  <testcase classname="com.google.javascript.jscomp.parsing.JsDocInfoParserTest" name="testStackedAnnotation2" time="0.0" />
  <testcase classname="com.google.javascript.jscomp.parsing.JsDocInfoParserTest" name="testStackedAnnotation3" time="0.0" />
  <testcase classname="com.google.javascript.jscomp.parsing.JsDocInfoParserTest" name="testStackedAnnotation4" time="0.0" />
  <testcase classname="com.google.javascript.jscomp.parsing.JsDocInfoParserTest" name="testStackedAnnotation5" time="0.0" />
  <testcase classname="com.google.javascript.jscomp.parsing.JsDocInfoParserTest" name="testStackedAnnotation6" time="0.0" />
  <testcase classname="com.google.javascript.jscomp.parsing.JsDocInfoParserTest" name="testStackedAnnotation7" time="0.0" />
  <testcase classname="com.google.javascript.jscomp.parsing.JsDocInfoParserTest" name="testStackedAnnotation8" time="0.0" />
  <testcase classname="com.google.javascript.jscomp.parsing.JsDocInfoParserTest" name="testStackedAnnotation9" time="0.0" />
  <testcase classname="com.google.javascript.jscomp.parsing.JsDocInfoParserTest" name="testStackedAnnotation10" time="0.001" />
  <testcase classname="com.google.javascript.jscomp.parsing.JsDocInfoParserTest" name="testStackedAnnotation11" time="0.001" />
  <testcase classname="com.google.javascript.jscomp.parsing.JsDocInfoParserTest" name="testStackedAnnotation12" time="0.0" />
  <testcase classname="com.google.javascript.jscomp.parsing.JsDocInfoParserTest" name="testParsePreserve" time="0.001" />
  <testcase classname="com.google.javascript.jscomp.parsing.JsDocInfoParserTest" name="testParseLicense" time="0.0" />
  <testcase classname="com.google.javascript.jscomp.parsing.JsDocInfoParserTest" name="testParseLicenseAscii" time="0.001" />
  <testcase classname="com.google.javascript.jscomp.parsing.JsDocInfoParserTest" name="testParseLicenseWithAnnotation" time="0.0" />
  <testcase classname="com.google.javascript.jscomp.parsing.JsDocInfoParserTest" name="testParseDefine1" time="0.0" />
  <testcase classname="com.google.javascript.jscomp.parsing.JsDocInfoParserTest" name="testParseDefine2" time="0.0" />
  <testcase classname="com.google.javascript.jscomp.parsing.JsDocInfoParserTest" name="testParseDefine3" time="0.001" />
  <testcase classname="com.google.javascript.jscomp.parsing.JsDocInfoParserTest" name="testParseDefine4" time="0.0" />
  <testcase classname="com.google.javascript.jscomp.parsing.JsDocInfoParserTest" name="testParseDefine5" time="0.0" />
  <testcase classname="com.google.javascript.jscomp.parsing.JsDocInfoParserTest" name="testParseDefineDescription" time="0.0" />
  <testcase classname="com.google.javascript.jscomp.parsing.JsDocInfoParserTest" name="testParsePrivateDescription" time="0.0" />
  <testcase classname="com.google.javascript.jscomp.parsing.JsDocInfoParserTest" name="testParsePackagePrivateDescription" time="0.0" />
  <testcase classname="com.google.javascript.jscomp.parsing.JsDocInfoParserTest" name="testParseProtectedDescription" time="0.001" />
  <testcase classname="com.google.javascript.jscomp.parsing.JsDocInfoParserTest" name="testParseDefineErrors1" time="0.0" />
  <testcase classname="com.google.javascript.jscomp.parsing.JsDocInfoParserTest" name="testParseDefineErrors2" time="0.001" />
  <testcase classname="com.google.javascript.jscomp.parsing.JsDocInfoParserTest" name="testParseDefineErrors3" time="0.0" />
  <testcase classname="com.google.javascript.jscomp.parsing.JsDocInfoParserTest" name="testParseDefineErrors4" time="0.001" />
  <testcase classname="com.google.javascript.jscomp.parsing.JsDocInfoParserTest" name="testParseDefineErrors5" time="0.0" />
  <testcase classname="com.google.javascript.jscomp.parsing.JsDocInfoParserTest" name="testParseDefineErrors7" time="0.001" />
  <testcase classname="com.google.javascript.jscomp.parsing.JsDocInfoParserTest" name="testParseDefineErrors8" time="0.001" />
  <testcase classname="com.google.javascript.jscomp.parsing.JsDocInfoParserTest" name="testParseOverride1" time="0.0" />
  <testcase classname="com.google.javascript.jscomp.parsing.JsDocInfoParserTest" name="testParseOverride2" time="0.0" />
  <testcase classname="com.google.javascript.jscomp.parsing.JsDocInfoParserTest" name="testParseInheritDoc1" time="0.001" />
  <testcase classname="com.google.javascript.jscomp.parsing.JsDocInfoParserTest" name="testParseInheritDoc2" time="0.0" />
  <testcase classname="com.google.javascript.jscomp.parsing.JsDocInfoParserTest" name="testParseInheritDoc3" time="0.0" />
  <testcase classname="com.google.javascript.jscomp.parsing.JsDocInfoParserTest" name="testParseNoAlias1" time="0.0" />
  <testcase classname="com.google.javascript.jscomp.parsing.JsDocInfoParserTest" name="testParseNoAlias2" time="0.0" />
  <testcase classname="com.google.javascript.jscomp.parsing.JsDocInfoParserTest" name="testParseDeprecated1" time="0.0" />
  <testcase classname="com.google.javascript.jscomp.parsing.JsDocInfoParserTest" name="testParseDeprecated2" time="0.0" />
  <testcase classname="com.google.javascript.jscomp.parsing.JsDocInfoParserTest" name="testParseExport1" time="0.001" />
  <testcase classname="com.google.javascript.jscomp.parsing.JsDocInfoParserTest" name="testParseExport2" time="0.0" />
  <testcase classname="com.google.javascript.jscomp.parsing.JsDocInfoParserTest" name="testParseExpose1" time="0.0" />
  <testcase classname="com.google.javascript.jscomp.parsing.JsDocInfoParserTest" name="testParseExpose2" time="0.0" />
  <testcase classname="com.google.javascript.jscomp.parsing.JsDocInfoParserTest" name="testParseExterns1" time="0.001" />
  <testcase classname="com.google.javascript.jscomp.parsing.JsDocInfoParserTest" name="testParseExterns2" time="0.0" />
  <testcase classname="com.google.javascript.jscomp.parsing.JsDocInfoParserTest" name="testParseExterns3" time="0.0" />
  <testcase classname="com.google.javascript.jscomp.parsing.JsDocInfoParserTest" name="testParseNoCompile1" time="0.001" />
  <testcase classname="com.google.javascript.jscomp.parsing.JsDocInfoParserTest" name="testParseNoCompile2" time="0.0" />
  <testcase classname="com.google.javascript.jscomp.parsing.JsDocInfoParserTest" name="testBugAnnotation" time="0.001" />
  <testcase classname="com.google.javascript.jscomp.parsing.JsDocInfoParserTest" name="testDescriptionAnnotation" time="0.0" />
  <testcase classname="com.google.javascript.jscomp.parsing.JsDocInfoParserTest" name="testRegression1" time="0.0" />
  <testcase classname="com.google.javascript.jscomp.parsing.JsDocInfoParserTest" name="testRegression2" time="0.0" />
  <testcase classname="com.google.javascript.jscomp.parsing.JsDocInfoParserTest" name="testRegression3" time="0.001" />
  <testcase classname="com.google.javascript.jscomp.parsing.JsDocInfoParserTest" name="testRegression4" time="0.001" />
  <testcase classname="com.google.javascript.jscomp.parsing.JsDocInfoParserTest" name="testRegression5" time="0.001" />
  <testcase classname="com.google.javascript.jscomp.parsing.JsDocInfoParserTest" name="testRegression6" time="0.001" />
  <testcase classname="com.google.javascript.jscomp.parsing.JsDocInfoParserTest" name="testRegression7" time="0.001" />
  <testcase classname="com.google.javascript.jscomp.parsing.JsDocInfoParserTest" name="testRegression8" time="0.0" />
  <testcase classname="com.google.javascript.jscomp.parsing.JsDocInfoParserTest" name="testRegression9" time="0.0" />
  <testcase classname="com.google.javascript.jscomp.parsing.JsDocInfoParserTest" name="testRegression10" time="0.0" />
  <testcase classname="com.google.javascript.jscomp.parsing.JsDocInfoParserTest" name="testRegression11" time="0.0" />
  <testcase classname="com.google.javascript.jscomp.parsing.JsDocInfoParserTest" name="testRegression12" time="0.0" />
  <testcase classname="com.google.javascript.jscomp.parsing.JsDocInfoParserTest" name="testRegression13" time="0.001" />
  <testcase classname="com.google.javascript.jscomp.parsing.JsDocInfoParserTest" name="testRegression14" time="0.0" />
  <testcase classname="com.google.javascript.jscomp.parsing.JsDocInfoParserTest" name="testRegression15" time="0.0" />
  <testcase classname="com.google.javascript.jscomp.parsing.JsDocInfoParserTest" name="testRegression16" time="0.0" />
  <testcase classname="com.google.javascript.jscomp.parsing.JsDocInfoParserTest" name="testRegression17" time="0.0" />
  <testcase classname="com.google.javascript.jscomp.parsing.JsDocInfoParserTest" name="testFullRegression1" time="0.0" />
  <testcase classname="com.google.javascript.jscomp.parsing.JsDocInfoParserTest" name="testFullRegression2" time="0.001" />
  <testcase classname="com.google.javascript.jscomp.parsing.JsDocInfoParserTest" name="testFullRegression3" time="0.0" />
  <testcase classname="com.google.javascript.jscomp.parsing.JsDocInfoParserTest" name="testBug907488" time="0.0" />
  <testcase classname="com.google.javascript.jscomp.parsing.JsDocInfoParserTest" name="testBug907494" time="0.001" />
  <testcase classname="com.google.javascript.jscomp.parsing.JsDocInfoParserTest" name="testBug909468" time="0.0" />
  <testcase classname="com.google.javascript.jscomp.parsing.JsDocInfoParserTest" name="testParseInterface" time="0.001" />
  <testcase classname="com.google.javascript.jscomp.parsing.JsDocInfoParserTest" name="testParseImplicitCast1" time="0.0" />
  <testcase classname="com.google.javascript.jscomp.parsing.JsDocInfoParserTest" name="testParseImplicitCast2" time="0.001" />
  <testcase classname="com.google.javascript.jscomp.parsing.JsDocInfoParserTest" name="testParseDuplicateImplicitCast" time="0.0" />
  <testcase classname="com.google.javascript.jscomp.parsing.JsDocInfoParserTest" name="testParseInterfaceDoubled" time="0.001" />
  <testcase classname="com.google.javascript.jscomp.parsing.JsDocInfoParserTest" name="testParseImplements" time="0.0" />
  <testcase classname="com.google.javascript.jscomp.parsing.JsDocInfoParserTest" name="testParseImplementsTwo" time="0.001" />
  <testcase classname="com.google.javascript.jscomp.parsing.JsDocInfoParserTest" name="testParseImplementsSameTwice" time="0.001" />
  <testcase classname="com.google.javascript.jscomp.parsing.JsDocInfoParserTest" name="testParseImplementsNoName" time="0.001" />
  <testcase classname="com.google.javascript.jscomp.parsing.JsDocInfoParserTest" name="testParseImplementsMissingRC" time="0.001" />
  <testcase classname="com.google.javascript.jscomp.parsing.JsDocInfoParserTest" name="testParseImplementsNullable1" time="0.001" />
  <testcase classname="com.google.javascript.jscomp.parsing.JsDocInfoParserTest" name="testParseImplementsNullable2" time="0.0" />
  <testcase classname="com.google.javascript.jscomp.parsing.JsDocInfoParserTest" name="testInterfaceMultiExtends1" time="0.0" />
  <testcase classname="com.google.javascript.jscomp.parsing.JsDocInfoParserTest" name="testInterfaceMultiExtends2" time="0.001" />
  <testcase classname="com.google.javascript.jscomp.parsing.JsDocInfoParserTest" name="testBadClassMultiExtends" time="0.0" />
  <testcase classname="com.google.javascript.jscomp.parsing.JsDocInfoParserTest" name="testBadExtendsWithNullable" time="0.001" />
  <testcase classname="com.google.javascript.jscomp.parsing.JsDocInfoParserTest" name="testBadImplementsWithNullable" time="0.0" />
  <testcase classname="com.google.javascript.jscomp.parsing.JsDocInfoParserTest" name="testBadTypeDefInterfaceAndConstructor1" time="0.0" />
  <testcase classname="com.google.javascript.jscomp.parsing.JsDocInfoParserTest" name="testBadTypeDefInterfaceAndConstructor2" time="0.001" />
  <testcase classname="com.google.javascript.jscomp.parsing.JsDocInfoParserTest" name="testDocumentationParameter" time="0.0" />
  <testcase classname="com.google.javascript.jscomp.parsing.JsDocInfoParserTest" name="testMultilineDocumentationParameter" time="0.0" />
  <testcase classname="com.google.javascript.jscomp.parsing.JsDocInfoParserTest" name="testDocumentationMultipleParameter" time="0.0" />
  <testcase classname="com.google.javascript.jscomp.parsing.JsDocInfoParserTest" name="testDocumentationMultipleParameter2" time="0.0" />
  <testcase classname="com.google.javascript.jscomp.parsing.JsDocInfoParserTest" name="testAuthors" time="0.0" />
  <testcase classname="com.google.javascript.jscomp.parsing.JsDocInfoParserTest" name="testSuppress1" time="0.001" />
  <testcase classname="com.google.javascript.jscomp.parsing.JsDocInfoParserTest" name="testSuppress2" time="0.0" />
  <testcase classname="com.google.javascript.jscomp.parsing.JsDocInfoParserTest" name="testSuppress3" time="0.0" />
  <testcase classname="com.google.javascript.jscomp.parsing.JsDocInfoParserTest" name="testBadSuppress1" time="0.001" />
  <testcase classname="com.google.javascript.jscomp.parsing.JsDocInfoParserTest" name="testBadSuppress2" time="0.0" />
  <testcase classname="com.google.javascript.jscomp.parsing.JsDocInfoParserTest" name="testBadSuppress3" time="0.0" />
  <testcase classname="com.google.javascript.jscomp.parsing.JsDocInfoParserTest" name="testBadSuppress4" time="0.0" />
  <testcase classname="com.google.javascript.jscomp.parsing.JsDocInfoParserTest" name="testBadSuppress6" time="0.001" />
  <testcase classname="com.google.javascript.jscomp.parsing.JsDocInfoParserTest" name="testBadSuppress7" time="0.001" />
  <testcase classname="com.google.javascript.jscomp.parsing.JsDocInfoParserTest" name="testBadSuppress8" time="0.0" />
  <testcase classname="com.google.javascript.jscomp.parsing.JsDocInfoParserTest" name="testModifies1" time="0.001" />
  <testcase classname="com.google.javascript.jscomp.parsing.JsDocInfoParserTest" name="testModifies2" time="0.0" />
  <testcase classname="com.google.javascript.jscomp.parsing.JsDocInfoParserTest" name="testModifies3" time="0.001" />
  <testcase classname="com.google.javascript.jscomp.parsing.JsDocInfoParserTest" name="testModifies4" time="0.0" />
  <testcase classname="com.google.javascript.jscomp.parsing.JsDocInfoParserTest" name="testModifies5" time="0.001" />
  <testcase classname="com.google.javascript.jscomp.parsing.JsDocInfoParserTest" name="testModifies6" time="0.001" />
  <testcase classname="com.google.javascript.jscomp.parsing.JsDocInfoParserTest" name="testBadModifies1" time="0.0" />
  <testcase classname="com.google.javascript.jscomp.parsing.JsDocInfoParserTest" name="testBadModifies2" time="0.0" />
  <testcase classname="com.google.javascript.jscomp.parsing.JsDocInfoParserTest" name="testBadModifies3" time="0.0" />
  <testcase classname="com.google.javascript.jscomp.parsing.JsDocInfoParserTest" name="testBadModifies4" time="0.001" />
  <testcase classname="com.google.javascript.jscomp.parsing.JsDocInfoParserTest" name="testBadModifies5" time="0.0" />
  <testcase classname="com.google.javascript.jscomp.parsing.JsDocInfoParserTest" name="testBadModifies6" time="0.0" />
  <testcase classname="com.google.javascript.jscomp.parsing.JsDocInfoParserTest" name="testBadModifies7" time="0.0" />
  <testcase classname="com.google.javascript.jscomp.parsing.JsDocInfoParserTest" name="testBadModifies8" time="0.0" />
  <testcase classname="com.google.javascript.jscomp.parsing.JsDocInfoParserTest" name="testBadModifies9" time="0.0" />
  <testcase classname="com.google.javascript.jscomp.parsing.JsDocInfoParserTest" name="testFileOverviewSingleLine" time="0.0" />
  <testcase classname="com.google.javascript.jscomp.parsing.JsDocInfoParserTest" name="testFileOverviewMultiLine" time="0.0" />
  <testcase classname="com.google.javascript.jscomp.parsing.JsDocInfoParserTest" name="testFileOverviewDuplicate" time="0.0" />
  <testcase classname="com.google.javascript.jscomp.parsing.JsDocInfoParserTest" name="testPublicVisibilityAllowedInFileOverview" time="0.0" />
  <testcase classname="com.google.javascript.jscomp.parsing.JsDocInfoParserTest" name="testPackageVisibilityAllowedInFileOverview" time="0.001" />
  <testcase classname="com.google.javascript.jscomp.parsing.JsDocInfoParserTest" name="testImplicitVisibilityAllowedInFileOverview" time="0.0" />
  <testcase classname="com.google.javascript.jscomp.parsing.JsDocInfoParserTest" name="testProtectedVisibilityNotAllowedInFileOverview" time="0.0" />
  <testcase classname="com.google.javascript.jscomp.parsing.JsDocInfoParserTest" name="testPrivateVisibilityNotAllowedInFileOverview" time="0.001" />
  <testcase classname="com.google.javascript.jscomp.parsing.JsDocInfoParserTest" name="testReferences" time="0.0" />
  <testcase classname="com.google.javascript.jscomp.parsing.JsDocInfoParserTest" name="testSingleTags" time="0.001" />
  <testcase classname="com.google.javascript.jscomp.parsing.JsDocInfoParserTest" name="testSingleTags2" time="0.0" />
  <testcase classname="com.google.javascript.jscomp.parsing.JsDocInfoParserTest" name="testSingleTagsReordered" time="0.0" />
  <testcase classname="com.google.javascript.jscomp.parsing.JsDocInfoParserTest" name="testVersionDuplication" time="0.0" />
  <testcase classname="com.google.javascript.jscomp.parsing.JsDocInfoParserTest" name="testVersionMissing" time="0.001" />
  <testcase classname="com.google.javascript.jscomp.parsing.JsDocInfoParserTest" name="testAuthorMissing" time="0.0" />
  <testcase classname="com.google.javascript.jscomp.parsing.JsDocInfoParserTest" name="testSeeMissing" time="0.001" />
  <testcase classname="com.google.javascript.jscomp.parsing.JsDocInfoParserTest" name="testSourceName" time="0.0" />
  <testcase classname="com.google.javascript.jscomp.parsing.JsDocInfoParserTest" name="testParseBlockComment" time="0.001" />
  <testcase classname="com.google.javascript.jscomp.parsing.JsDocInfoParserTest" name="testParseBlockComment2" time="0.001" />
  <testcase classname="com.google.javascript.jscomp.parsing.JsDocInfoParserTest" name="testParseBlockComment3" time="0.001" />
  <testcase classname="com.google.javascript.jscomp.parsing.JsDocInfoParserTest" name="testParseWithMarkers1" time="0.0" />
  <testcase classname="com.google.javascript.jscomp.parsing.JsDocInfoParserTest" name="testParseWithMarkers2" time="0.001" />
  <testcase classname="com.google.javascript.jscomp.parsing.JsDocInfoParserTest" name="testParseWithMarkers3" time="0.001" />
  <testcase classname="com.google.javascript.jscomp.parsing.JsDocInfoParserTest" name="testParseWithMarkers4" time="0.0" />
  <testcase classname="com.google.javascript.jscomp.parsing.JsDocInfoParserTest" name="testParseWithMarkers5" time="0.001" />
  <testcase classname="com.google.javascript.jscomp.parsing.JsDocInfoParserTest" name="testParseWithMarkers6" time="0.0" />
  <testcase classname="com.google.javascript.jscomp.parsing.JsDocInfoParserTest" name="testParseWithMarkerNames1" time="0.001" />
  <testcase classname="com.google.javascript.jscomp.parsing.JsDocInfoParserTest" name="testParseWithMarkerNames2" time="0.0" />
  <testcase classname="com.google.javascript.jscomp.parsing.JsDocInfoParserTest" name="testParseWithMarkerNames3" time="0.0" />
  <testcase classname="com.google.javascript.jscomp.parsing.JsDocInfoParserTest" name="testParseWithoutMarkerName" time="0.001" />
  <testcase classname="com.google.javascript.jscomp.parsing.JsDocInfoParserTest" name="testParseWithMarkerType" time="0.0" />
  <testcase classname="com.google.javascript.jscomp.parsing.JsDocInfoParserTest" name="testParseWithMarkerType2" time="0.0" />
  <testcase classname="com.google.javascript.jscomp.parsing.JsDocInfoParserTest" name="testTypeTagConflict1" time="0.001" />
  <testcase classname="com.google.javascript.jscomp.parsing.JsDocInfoParserTest" name="testTypeTagConflict2" time="0.0" />
  <testcase classname="com.google.javascript.jscomp.parsing.JsDocInfoParserTest" name="testTypeTagConflict3" time="0.0" />
  <testcase classname="com.google.javascript.jscomp.parsing.JsDocInfoParserTest" name="testTypeTagConflict4" time="0.0" />
  <testcase classname="com.google.javascript.jscomp.parsing.JsDocInfoParserTest" name="testTypeTagConflict5" time="0.0" />
  <testcase classname="com.google.javascript.jscomp.parsing.JsDocInfoParserTest" name="testTypeTagConflict6" time="0.0" />
  <testcase classname="com.google.javascript.jscomp.parsing.JsDocInfoParserTest" name="testTypeTagConflict7" time="0.0" />
  <testcase classname="com.google.javascript.jscomp.parsing.JsDocInfoParserTest" name="testTypeTagConflict8" time="0.0" />
  <testcase classname="com.google.javascript.jscomp.parsing.JsDocInfoParserTest" name="testTypeTagConflict9" time="0.0" />
  <testcase classname="com.google.javascript.jscomp.parsing.JsDocInfoParserTest" name="testTypeTagConflict10" time="0.0" />
  <testcase classname="com.google.javascript.jscomp.parsing.JsDocInfoParserTest" name="testTypeTagConflict11" time="0.001" />
  <testcase classname="com.google.javascript.jscomp.parsing.JsDocInfoParserTest" name="testTypeTagConflict12" time="0.0" />
  <testcase classname="com.google.javascript.jscomp.parsing.JsDocInfoParserTest" name="testTypeTagConflict13" time="0.001" />
  <testcase classname="com.google.javascript.jscomp.parsing.JsDocInfoParserTest" name="testTypeTagConflict14" time="0.001" />
  <testcase classname="com.google.javascript.jscomp.parsing.JsDocInfoParserTest" name="testTypeTagConflict15" time="0.001" />
  <testcase classname="com.google.javascript.jscomp.parsing.JsDocInfoParserTest" name="testTypeTagConflict16" time="0.001" />
  <testcase classname="com.google.javascript.jscomp.parsing.JsDocInfoParserTest" name="testTypeTagConflict17" time="0.001" />
  <testcase classname="com.google.javascript.jscomp.parsing.JsDocInfoParserTest" name="testTypeTagConflict18" time="0.0" />
  <testcase classname="com.google.javascript.jscomp.parsing.JsDocInfoParserTest" name="testTypeTagConflict19" time="0.001" />
  <testcase classname="com.google.javascript.jscomp.parsing.JsDocInfoParserTest" name="testTypeTagConflict20" time="0.0" />
  <testcase classname="com.google.javascript.jscomp.parsing.JsDocInfoParserTest" name="testTypeTagConflict21" time="0.0" />
  <testcase classname="com.google.javascript.jscomp.parsing.JsDocInfoParserTest" name="testTypeTagConflict22" time="0.0" />
  <testcase classname="com.google.javascript.jscomp.parsing.JsDocInfoParserTest" name="testTypeTagConflict23" time="0.0" />
  <testcase classname="com.google.javascript.jscomp.parsing.JsDocInfoParserTest" name="testTypeTagConflict24" time="0.001" />
  <testcase classname="com.google.javascript.jscomp.parsing.JsDocInfoParserTest" name="testTypeTagConflict25" time="0.0" />
  <testcase classname="com.google.javascript.jscomp.parsing.JsDocInfoParserTest" name="testPackageType" time="0.0" />
  <testcase classname="com.google.javascript.jscomp.parsing.JsDocInfoParserTest" name="testProtectedType" time="0.0" />
  <testcase classname="com.google.javascript.jscomp.parsing.JsDocInfoParserTest" name="testPublicType" time="0.0" />
  <testcase classname="com.google.javascript.jscomp.parsing.JsDocInfoParserTest" name="testConstType" time="0.0" />
  <testcase classname="com.google.javascript.jscomp.parsing.JsDocInfoParserTest" name="testExportType" time="0.0" />
  <testcase classname="com.google.javascript.jscomp.parsing.JsDocInfoParserTest" name="testMixedVisibility" time="0.001" />
  <testcase classname="com.google.javascript.jscomp.parsing.JsDocInfoParserTest" name="testStableIdGeneratorConflict" time="0.0" />
  <testcase classname="com.google.javascript.jscomp.parsing.JsDocInfoParserTest" name="testIdGenerator" time="0.0" />
  <testcase classname="com.google.javascript.jscomp.parsing.JsDocInfoParserTest" name="testIdGeneratorConflict" time="0.001" />
  <testcase classname="com.google.javascript.jscomp.parsing.JsDocInfoParserTest" name="testIdGenerator1" time="0.0" />
  <testcase classname="com.google.javascript.jscomp.parsing.JsDocInfoParserTest" name="testIdGenerator2" time="0.0" />
  <testcase classname="com.google.javascript.jscomp.parsing.JsDocInfoParserTest" name="testIdGenerator3" time="0.0" />
  <testcase classname="com.google.javascript.jscomp.parsing.JsDocInfoParserTest" name="testIdGenerator4" time="0.0" />
  <testcase classname="com.google.javascript.jscomp.parsing.JsDocInfoParserTest" name="testBadIdGenerator1" time="0.0" />
  <testcase classname="com.google.javascript.jscomp.parsing.JsDocInfoParserTest" name="testBadIdGenerator2" time="0.0" />
  <testcase classname="com.google.javascript.jscomp.parsing.JsDocInfoParserTest" name="testBadIdGenerator3" time="0.0" />
  <testcase classname="com.google.javascript.jscomp.parsing.JsDocInfoParserTest" name="testParserWithTemplateTypeNameMissing" time="0.0" />
  <testcase classname="com.google.javascript.jscomp.parsing.JsDocInfoParserTest" name="testParserWithTwoTemplates" time="0.001" />
  <testcase classname="com.google.javascript.jscomp.parsing.JsDocInfoParserTest" name="testParserWithInvalidTemplateType" time="0.001" />
  <testcase classname="com.google.javascript.jscomp.parsing.JsDocInfoParserTest" name="testParserWithValidAndInvalidTemplateType" time="0.0" />
  <testcase classname="com.google.javascript.jscomp.parsing.JsDocInfoParserTest" name="testParserWithTemplateDuplicated" time="0.001" />
  <testcase classname="com.google.javascript.jscomp.parsing.JsDocInfoParserTest" name="testParserWithTemplateDuplicated2" time="0.001" />
  <testcase classname="com.google.javascript.jscomp.parsing.JsDocInfoParserTest" name="testParserWithTemplateDuplicated3" time="0.001" />
  <testcase classname="com.google.javascript.jscomp.parsing.JsDocInfoParserTest" name="testParserWithTemplateTypeNameDeclaredTwice" time="0.0" />
  <testcase classname="com.google.javascript.jscomp.parsing.JsDocInfoParserTest" name="testParserWithTemplateTypeNameDeclaredTwice2" time="0.001" />
  <testcase classname="com.google.javascript.jscomp.parsing.JsDocInfoParserTest" name="testParserWithTemplateTypeNameDeclaredTwice3" time="0.001" />
  <testcase classname="com.google.javascript.jscomp.parsing.JsDocInfoParserTest" name="testParserWithTemplateTypeNameDeclaredTwice4" time="0.0" />
  <testcase classname="com.google.javascript.jscomp.parsing.JsDocInfoParserTest" name="testParserWithDoubleTemplateDeclaration2" time="0.001" />
  <testcase classname="com.google.javascript.jscomp.parsing.JsDocInfoParserTest" name="testParserWithTemplateDuplicatedTypeNameMissing" time="0.001" />
  <testcase classname="com.google.javascript.jscomp.parsing.JsDocInfoParserTest" name="testParserWithTypeTransformationNewline" time="0.001" />
  <testcase classname="com.google.javascript.jscomp.parsing.JsDocInfoParserTest" name="testParserWithTypeTransformation" time="0.001" />
  <testcase classname="com.google.javascript.jscomp.parsing.JsDocInfoParserTest" name="testParserWithTypeTransformation2" time="0.0" />
  <testcase classname="com.google.javascript.jscomp.parsing.JsDocInfoParserTest" name="testParserWithTypeTransformationMultipleNames" time="0.0" />
  <testcase classname="com.google.javascript.jscomp.parsing.JsDocInfoParserTest" name="testParserWithMissingTypeTransformationExpression" time="0.001" />
  <testcase classname="com.google.javascript.jscomp.parsing.JsDocInfoParserTest" name="testParserWithMissingTypeTransformationExpression2" time="0.001" />
  <testcase classname="com.google.javascript.jscomp.parsing.JsDocInfoParserTest" name="testBug16129690" time="0.001" />
  <testcase classname="com.google.javascript.jscomp.parsing.JsDocInfoParserTest" name="testParserWithTTLInvalidOperation" time="0.001" />
  <testcase classname="com.google.javascript.jscomp.parsing.JsDocInfoParserTest" name="testParserWithTTLInvalidTypeTransformation" time="0.0" />
  <testcase classname="com.google.javascript.jscomp.parsing.JsDocInfoParserTest" name="testParserWithTTLValidTypename" time="0.001" />
  <testcase classname="com.google.javascript.jscomp.parsing.JsDocInfoParserTest" name="testParserWithTTLValidTypename2" time="0.0" />
  <testcase classname="com.google.javascript.jscomp.parsing.JsDocInfoParserTest" name="testParserWithTTLValidTypename3" time="0.0" />
  <testcase classname="com.google.javascript.jscomp.parsing.JsDocInfoParserTest" name="testParserWithTTLValidTypename4" time="0.001" />
  <testcase classname="com.google.javascript.jscomp.parsing.JsDocInfoParserTest" name="testParserWithTTLBasicType" time="0.0" />
  <testcase classname="com.google.javascript.jscomp.parsing.JsDocInfoParserTest" name="testParserWithTTLValidUnionType" time="0.0" />
  <testcase classname="com.google.javascript.jscomp.parsing.JsDocInfoParserTest" name="testParserWithTTLValidUnionType2" time="0.0" />
  <testcase classname="com.google.javascript.jscomp.parsing.JsDocInfoParserTest" name="testParserWithTTLValidUnionType3" time="0.0" />
  <testcase classname="com.google.javascript.jscomp.parsing.JsDocInfoParserTest" name="testParserWithTTLEmptyUnionType" time="0.001" />
  <testcase classname="com.google.javascript.jscomp.parsing.JsDocInfoParserTest" name="testParserWithTTLSingletonUnionType" time="0.0" />
  <testcase classname="com.google.javascript.jscomp.parsing.JsDocInfoParserTest" name="testParserWithTTLInvalidUnionType2" time="0.0" />
  <testcase classname="com.google.javascript.jscomp.parsing.JsDocInfoParserTest" name="testParserWithNestedUnionFirstParam" time="0.001" />
  <testcase classname="com.google.javascript.jscomp.parsing.JsDocInfoParserTest" name="testParserWithNestedUnionSecondParam" time="0.0" />
  <testcase classname="com.google.javascript.jscomp.parsing.JsDocInfoParserTest" name="testParserWithNestedBooleanFirstParam" time="0.0" />
  <testcase classname="com.google.javascript.jscomp.parsing.JsDocInfoParserTest" name="testParserWithNestedBooleanSecondParam" time="0.003" />
  <testcase classname="com.google.javascript.jscomp.parsing.JsDocInfoParserTest" name="testParserWithTTLConditional" time="0.002" />
  <testcase classname="com.google.javascript.jscomp.parsing.JsDocInfoParserTest" name="testParserWithTTLConditional2" time="0.001" />
  <testcase classname="com.google.javascript.jscomp.parsing.JsDocInfoParserTest" name="testParserWithTTLConditionalStringEquivalence" time="0.0" />
  <testcase classname="com.google.javascript.jscomp.parsing.JsDocInfoParserTest" name="testParserWithTTLConditionalStringEquivalence2" time="0.0" />
  <testcase classname="com.google.javascript.jscomp.parsing.JsDocInfoParserTest" name="testParserWithTTLConditionalStringEquivalence3" time="0.0" />
  <testcase classname="com.google.javascript.jscomp.parsing.JsDocInfoParserTest" name="testParserWithTTLConditionalIsConstructor" time="0.0" />
  <testcase classname="com.google.javascript.jscomp.parsing.JsDocInfoParserTest" name="testParserWithTTLConditionalIsConstructor2" time="0.001" />
  <testcase classname="com.google.javascript.jscomp.parsing.JsDocInfoParserTest" name="testParserWithTTLConditionalIsTemplatized" time="0.001" />
  <testcase classname="com.google.javascript.jscomp.parsing.JsDocInfoParserTest" name="testParserWithTTLConditionalIsTemplatized2" time="0.001" />
  <testcase classname="com.google.javascript.jscomp.parsing.JsDocInfoParserTest" name="testParserWithTTLConditionalIsRecord" time="0.0" />
  <testcase classname="com.google.javascript.jscomp.parsing.JsDocInfoParserTest" name="testParserWithTTLConditionalAndOperation" time="0.0" />
  <testcase classname="com.google.javascript.jscomp.parsing.JsDocInfoParserTest" name="testParserWithTTLConditionalOrOperation" time="0.0" />
  <testcase classname="com.google.javascript.jscomp.parsing.JsDocInfoParserTest" name="testParserWithTTLConditionalNotOperation" time="0.001" />
  <testcase classname="com.google.javascript.jscomp.parsing.JsDocInfoParserTest" name="testParserWithTTLConditionalNestedBoolOperation" time="0.0" />
  <testcase classname="com.google.javascript.jscomp.parsing.JsDocInfoParserTest" name="testParserWithTTLConditionalIsRecord2" time="0.001" />
  <testcase classname="com.google.javascript.jscomp.parsing.JsDocInfoParserTest" name="testParserWithTTLConditionalIsDefined" time="0.001" />
  <testcase classname="com.google.javascript.jscomp.parsing.JsDocInfoParserTest" name="testParserWithTTLConditionalIsUnknown" time="0.001" />
  <testcase classname="com.google.javascript.jscomp.parsing.JsDocInfoParserTest" name="testParserWithTTLConditionalStringEquivalenceInvalidParam" time="0.001" />
  <testcase classname="com.google.javascript.jscomp.parsing.JsDocInfoParserTest" name="testParserWithTTLConditionalStringEquivalenceInvalidParamEmptyStr" time="0.002" />
  <testcase classname="com.google.javascript.jscomp.parsing.JsDocInfoParserTest" name="testParserWithTTLConditionalIsConstructorInvalidParam" time="0.001" />
  <testcase classname="com.google.javascript.jscomp.parsing.JsDocInfoParserTest" name="testParserWithTTLConditionalIsTemplatizedInvalidParam" time="0.001" />
  <testcase classname="com.google.javascript.jscomp.parsing.JsDocInfoParserTest" name="testParserWithTTLConditionalIsRecordInvalidParam" time="0.001" />
  <testcase classname="com.google.javascript.jscomp.parsing.JsDocInfoParserTest" name="testParserWithTTLConditionalIsDefinedInvalidParam" time="0.0" />
  <testcase classname="com.google.javascript.jscomp.parsing.JsDocInfoParserTest" name="testParserWithTTLConditionalIsUnknownInvalidParam" time="0.001" />
  <testcase classname="com.google.javascript.jscomp.parsing.JsDocInfoParserTest" name="testParserWithTTLConditionalAndInvalidParam" time="0.0" />
  <testcase classname="com.google.javascript.jscomp.parsing.JsDocInfoParserTest" name="testParserWithTTLConditionalAndInvalidParam2" time="0.0" />
  <testcase classname="com.google.javascript.jscomp.parsing.JsDocInfoParserTest" name="testParserWithTTLConditionalOrInvalidParam" time="0.001" />
  <testcase classname="com.google.javascript.jscomp.parsing.JsDocInfoParserTest" name="testParserWithTTLConditionalOrInvalidParam2" time="0.0" />
  <testcase classname="com.google.javascript.jscomp.parsing.JsDocInfoParserTest" name="testParserWithTTLConditionalNotInvalidParam" time="0.001" />
  <testcase classname="com.google.javascript.jscomp.parsing.JsDocInfoParserTest" name="testParserWithTTLExtraParamBoolean" time="0.0" />
  <testcase classname="com.google.javascript.jscomp.parsing.JsDocInfoParserTest" name="testParserWithTTLExtraParamStringEq" time="0.001" />
  <testcase classname="com.google.javascript.jscomp.parsing.JsDocInfoParserTest" name="testParserWithTTLExtraParamIsConstructor" time="0.0" />
  <testcase classname="com.google.javascript.jscomp.parsing.JsDocInfoParserTest" name="testParserWithTTLExtraParamIsTemplatized" time="0.0" />
  <testcase classname="com.google.javascript.jscomp.parsing.JsDocInfoParserTest" name="testParserWithTTLExtraParamIsRecord" time="0.0" />
  <testcase classname="com.google.javascript.jscomp.parsing.JsDocInfoParserTest" name="testParserWithTTLExtraParamIsDefined" time="0.0" />
  <testcase classname="com.google.javascript.jscomp.parsing.JsDocInfoParserTest" name="testParserWithTTLExtraParamIsUnknown" time="0.0" />
  <testcase classname="com.google.javascript.jscomp.parsing.JsDocInfoParserTest" name="testParserWithTTLMissingParamBoolean" time="0.0" />
  <testcase classname="com.google.javascript.jscomp.parsing.JsDocInfoParserTest" name="testParserWithTTLMissingParamStringEquivalence" time="0.001" />
  <testcase classname="com.google.javascript.jscomp.parsing.JsDocInfoParserTest" name="testParserWithTTLMissingParamIsConstructor" time="0.001" />
  <testcase classname="com.google.javascript.jscomp.parsing.JsDocInfoParserTest" name="testParserWithTTLMissingParamIsTemplatized" time="0.002" />
  <testcase classname="com.google.javascript.jscomp.parsing.JsDocInfoParserTest" name="testParserWithTTLMissingParamIsRecord" time="0.001" />
  <testcase classname="com.google.javascript.jscomp.parsing.JsDocInfoParserTest" name="testParserWithTTLMissingParamIsDefined" time="0.0" />
  <testcase classname="com.google.javascript.jscomp.parsing.JsDocInfoParserTest" name="testParserWithTTLMissingParamIsUnknown" time="0.0" />
  <testcase classname="com.google.javascript.jscomp.parsing.JsDocInfoParserTest" name="testParserWithTTLInvalidBooleanConditional" time="0.001" />
  <testcase classname="com.google.javascript.jscomp.parsing.JsDocInfoParserTest" name="testParserWithTTLInvalidBooleanConditional2" time="0.0" />
  <testcase classname="com.google.javascript.jscomp.parsing.JsDocInfoParserTest" name="testParserWithTTLInvalidBooleanConditional3" time="0.0" />
  <testcase classname="com.google.javascript.jscomp.parsing.JsDocInfoParserTest" name="testParserWithTTLInvalidConditionalMissingParam" time="0.001" />
  <testcase classname="com.google.javascript.jscomp.parsing.JsDocInfoParserTest" name="testParserWithTTLInvalidConditionalExtraParam" time="0.0" />
  <testcase classname="com.google.javascript.jscomp.parsing.JsDocInfoParserTest" name="testParserWithTTLInvalidConditional" time="0.001" />
  <testcase classname="com.google.javascript.jscomp.parsing.JsDocInfoParserTest" name="testParserWithTTLInvalidConditional2" time="0.001" />
  <testcase classname="com.google.javascript.jscomp.parsing.JsDocInfoParserTest" name="testParserWithTTLValidMapunion" time="0.0" />
  <testcase classname="com.google.javascript.jscomp.parsing.JsDocInfoParserTest" name="testParserWithTTLValidMapunion2" time="0.0" />
  <testcase classname="com.google.javascript.jscomp.parsing.JsDocInfoParserTest" name="testParserWithTTLInvalidMapunionType" time="0.001" />
  <testcase classname="com.google.javascript.jscomp.parsing.JsDocInfoParserTest" name="testParserWithTTLInvalidMapunionFn" time="0.001" />
  <testcase classname="com.google.javascript.jscomp.parsing.JsDocInfoParserTest" name="testParserWithTTLInvalidMapunionMissingParams" time="0.0" />
  <testcase classname="com.google.javascript.jscomp.parsing.JsDocInfoParserTest" name="testParserWithTTLInvalidMapunionExtraParams" time="0.001" />
  <testcase classname="com.google.javascript.jscomp.parsing.JsDocInfoParserTest" name="testParserWithTTLInvalidMapunionMissingFnParams" time="0.0" />
  <testcase classname="com.google.javascript.jscomp.parsing.JsDocInfoParserTest" name="testParserWithTTLInvalidMapunionExtraFnParams" time="0.001" />
  <testcase classname="com.google.javascript.jscomp.parsing.JsDocInfoParserTest" name="testParserWithTTLInvalidMapunionFunctionBody" time="0.0" />
  <testcase classname="com.google.javascript.jscomp.parsing.JsDocInfoParserTest" name="testParserWithTTLUseCaseObject" time="0.0" />
  <testcase classname="com.google.javascript.jscomp.parsing.JsDocInfoParserTest" name="testParserWithTTLNoneType" time="0.0" />
  <testcase classname="com.google.javascript.jscomp.parsing.JsDocInfoParserTest" name="testParserWithTTLNoneType2" time="0.001" />
  <testcase classname="com.google.javascript.jscomp.parsing.JsDocInfoParserTest" name="testParserWithTTLInvalidNoneType" time="0.001" />
  <testcase classname="com.google.javascript.jscomp.parsing.JsDocInfoParserTest" name="testParserWithTTLInvalidNoneType2" time="0.001" />
  <testcase classname="com.google.javascript.jscomp.parsing.JsDocInfoParserTest" name="testParserWithTTLAllType" time="0.001" />
  <testcase classname="com.google.javascript.jscomp.parsing.JsDocInfoParserTest" name="testParserWithTTLAllType2" time="0.0" />
  <testcase classname="com.google.javascript.jscomp.parsing.JsDocInfoParserTest" name="testParserWithTTLInvalidAllType" time="0.001" />
  <testcase classname="com.google.javascript.jscomp.parsing.JsDocInfoParserTest" name="testParserWithTTLInvalidAllType2" time="0.0" />
  <testcase classname="com.google.javascript.jscomp.parsing.JsDocInfoParserTest" name="testParserWithTTLUnknownType" time="0.0" />
  <testcase classname="com.google.javascript.jscomp.parsing.JsDocInfoParserTest" name="testParserWithTTLUnknownType2" time="0.0" />
  <testcase classname="com.google.javascript.jscomp.parsing.JsDocInfoParserTest" name="testParserWithTTLInvalidUnknownType" time="0.0" />
  <testcase classname="com.google.javascript.jscomp.parsing.JsDocInfoParserTest" name="testParserWithTTLInvalidUnknownType2" time="0.0" />
  <testcase classname="com.google.javascript.jscomp.parsing.JsDocInfoParserTest" name="testParserWithTTLTemplateTypeOperation" time="0.0" />
  <testcase classname="com.google.javascript.jscomp.parsing.JsDocInfoParserTest" name="testParserWithTTLTemplateTypeOperationGeneric" time="0.001" />
  <testcase classname="com.google.javascript.jscomp.parsing.JsDocInfoParserTest" name="testParserWithTTLTemplateTypeOperationGeneric2" time="0.0" />
  <testcase classname="com.google.javascript.jscomp.parsing.JsDocInfoParserTest" name="testParserWithTTLTemplateTypeOperationNestedGeneric" time="0.001" />
  <testcase classname="com.google.javascript.jscomp.parsing.JsDocInfoParserTest" name="testParserWithTTLTemplateTypeOperationGenericWithUnion" time="0.0" />
  <testcase classname="com.google.javascript.jscomp.parsing.JsDocInfoParserTest" name="testParserWithTTLInvalidTemplateTypeOperationGenericUnion" time="0.001" />
  <testcase classname="com.google.javascript.jscomp.parsing.JsDocInfoParserTest" name="testParserWithTTLInvalidTypeOperationNestedGeneric" time="0.001" />
  <testcase classname="com.google.javascript.jscomp.parsing.JsDocInfoParserTest" name="testParserWithTTLValidRawTypeOperation" time="0.001" />
  <testcase classname="com.google.javascript.jscomp.parsing.JsDocInfoParserTest" name="testParserWithTTLValidRawTypeOperation2" time="0.0" />
  <testcase classname="com.google.javascript.jscomp.parsing.JsDocInfoParserTest" name="testParserWithTTLInvalidRawTypeOperation" time="0.0" />
  <testcase classname="com.google.javascript.jscomp.parsing.JsDocInfoParserTest" name="testParserWithTTLInvalidRawTypeOperationExtraParam" time="0.0" />
  <testcase classname="com.google.javascript.jscomp.parsing.JsDocInfoParserTest" name="testParserWithTTLInvalidRawTypeOperationMissingParam" time="0.001" />
  <testcase classname="com.google.javascript.jscomp.parsing.JsDocInfoParserTest" name="testParserWithTTLNestedRawTypeOperation" time="0.0" />
  <testcase classname="com.google.javascript.jscomp.parsing.JsDocInfoParserTest" name="testParserWithTTLValidTemplateTypeOfOperation" time="0.001" />
  <testcase classname="com.google.javascript.jscomp.parsing.JsDocInfoParserTest" name="testParserWithTTLValidTemplateTypeOfOperation2" time="0.002" />
  <testcase classname="com.google.javascript.jscomp.parsing.JsDocInfoParserTest" name="testParserWithTTLInvalidFirstParamTemplateTypeOf" time="0.001" />
  <testcase classname="com.google.javascript.jscomp.parsing.JsDocInfoParserTest" name="testParserWithTTLInvalidSecondParamTemplateTypeOf" time="0.001" />
  <testcase classname="com.google.javascript.jscomp.parsing.JsDocInfoParserTest" name="testParserWithTTLInvalidSecondParamTemplateTypeOf2" time="0.0" />
  <testcase classname="com.google.javascript.jscomp.parsing.JsDocInfoParserTest" name="testParserWithTTLInvalidSecondParamTemplateTypeOf3" time="0.0" />
  <testcase classname="com.google.javascript.jscomp.parsing.JsDocInfoParserTest" name="testParserWithTTLInvalidTemplateTypeOfExtraParam" time="0.0" />
  <testcase classname="com.google.javascript.jscomp.parsing.JsDocInfoParserTest" name="testParserWithTTLInvalidTemplateTypeOfMissingParam" time="0.001" />
  <testcase classname="com.google.javascript.jscomp.parsing.JsDocInfoParserTest" name="testParserWithTTLInvalidTemplateTypeOfMissingParam2" time="0.0" />
  <testcase classname="com.google.javascript.jscomp.parsing.JsDocInfoParserTest" name="testParserWithTTLNestedTemplateTypeOfOperation" time="0.0" />
  <testcase classname="com.google.javascript.jscomp.parsing.JsDocInfoParserTest" name="testParserWithTTLValidPrintType" time="0.001" />
  <testcase classname="com.google.javascript.jscomp.parsing.JsDocInfoParserTest" name="testParserWithTTLInvalidFirstParamPrintType" time="0.0" />
  <testcase classname="com.google.javascript.jscomp.parsing.JsDocInfoParserTest" name="testParserWithTTLInvalidSecondParamPrintType" time="0.001" />
  <testcase classname="com.google.javascript.jscomp.parsing.JsDocInfoParserTest" name="testParserWithTTLInvalidPrintTypeExtraParam" time="0.0" />
  <testcase classname="com.google.javascript.jscomp.parsing.JsDocInfoParserTest" name="testParserWithTTLInvalidPrintTypeOfMissingParam" time="0.0" />
  <testcase classname="com.google.javascript.jscomp.parsing.JsDocInfoParserTest" name="testParserWithTTLInvalidPrintTypeOfMissingParam2" time="0.0" />
  <testcase classname="com.google.javascript.jscomp.parsing.JsDocInfoParserTest" name="testParserWithTTLValidPropType" time="0.0" />
  <testcase classname="com.google.javascript.jscomp.parsing.JsDocInfoParserTest" name="testParserWithTTLInvalidFirstParamPropType" time="0.0" />
  <testcase classname="com.google.javascript.jscomp.parsing.JsDocInfoParserTest" name="testParserWithTTLInvalidSecondParamPropType" time="0.0" />
  <testcase classname="com.google.javascript.jscomp.parsing.JsDocInfoParserTest" name="testParserWithTTLInvalidPropTypeExtraParam" time="0.001" />
  <testcase classname="com.google.javascript.jscomp.parsing.JsDocInfoParserTest" name="testParserWithTTLInvalidPropTypeOfMissingParam" time="0.0" />
  <testcase classname="com.google.javascript.jscomp.parsing.JsDocInfoParserTest" name="testParserWithTTLInvalidPropTypeOfMissingParam2" time="0.001" />
  <testcase classname="com.google.javascript.jscomp.parsing.JsDocInfoParserTest" name="testParserWithTTLRecordType" time="0.0" />
  <testcase classname="com.google.javascript.jscomp.parsing.JsDocInfoParserTest" name="testParserWithTTLNestedRecordType" time="0.0" />
  <testcase classname="com.google.javascript.jscomp.parsing.JsDocInfoParserTest" name="testParserWithTTLInvalidRecordTypeMissingParam" time="0.001" />
  <testcase classname="com.google.javascript.jscomp.parsing.JsDocInfoParserTest" name="testParserWithTTLMergeRecords" time="0.0" />
  <testcase classname="com.google.javascript.jscomp.parsing.JsDocInfoParserTest" name="testParserWithTTLInvalidMergeRecords" time="0.001" />
  <testcase classname="com.google.javascript.jscomp.parsing.JsDocInfoParserTest" name="testParserWithTTLInvalidRecordTypeWithInvalidTypeInProperty" time="0.0" />
  <testcase classname="com.google.javascript.jscomp.parsing.JsDocInfoParserTest" name="testParserWithTTLInvalidRecordTypeMissingTypeInProperty" time="0.0" />
  <testcase classname="com.google.javascript.jscomp.parsing.JsDocInfoParserTest" name="testParserWithTTLInvalidRecordTypeInvalidRecordExpression" time="0.0" />
  <testcase classname="com.google.javascript.jscomp.parsing.JsDocInfoParserTest" name="testParserWithTTLRecordTypeTypeVars" time="0.001" />
  <testcase classname="com.google.javascript.jscomp.parsing.JsDocInfoParserTest" name="testParserWithTTLEmptyRecordType" time="0.001" />
  <testcase classname="com.google.javascript.jscomp.parsing.JsDocInfoParserTest" name="testParserWithTTLTypeTransformationInFirstParamMapunion" time="0.002" />
  <testcase classname="com.google.javascript.jscomp.parsing.JsDocInfoParserTest" name="testParserWithTTLValidMaprecord" time="0.001" />
  <testcase classname="com.google.javascript.jscomp.parsing.JsDocInfoParserTest" name="testParserWithTTLValidMaprecord2" time="0.001" />
  <testcase classname="com.google.javascript.jscomp.parsing.JsDocInfoParserTest" name="testParserWithTTLInvalidMaprecordFirstParam" time="0.0" />
  <testcase classname="com.google.javascript.jscomp.parsing.JsDocInfoParserTest" name="testParserWithTTLInvalidMaprecordNotAFunction" time="0.001" />
  <testcase classname="com.google.javascript.jscomp.parsing.JsDocInfoParserTest" name="testParserWithTTLInvalidMaprecordMissingParams" time="0.0" />
  <testcase classname="com.google.javascript.jscomp.parsing.JsDocInfoParserTest" name="testParserWithTTLInvalidMaprecordExtraParams" time="0.001" />
  <testcase classname="com.google.javascript.jscomp.parsing.JsDocInfoParserTest" name="testParserWithTTLInvalidMaprecordMissingParamsInMapFunction" time="0.0" />
  <testcase classname="com.google.javascript.jscomp.parsing.JsDocInfoParserTest" name="testParserWithTTLInvalidMaprecordMissingParamsInMapFunction2" time="0.001" />
  <testcase classname="com.google.javascript.jscomp.parsing.JsDocInfoParserTest" name="testParserWithTTLInvalidMaprecordExtraParamsInMapFunction" time="0.0" />
  <testcase classname="com.google.javascript.jscomp.parsing.JsDocInfoParserTest" name="testParserWithTTLInvalidMaprecordInvalidFunctionBody" time="0.0" />
  <testcase classname="com.google.javascript.jscomp.parsing.JsDocInfoParserTest" name="testParserWithTTLTypeOfVar" time="0.001" />
  <testcase classname="com.google.javascript.jscomp.parsing.JsDocInfoParserTest" name="testParserWithTTLTypeOfVar2" time="0.0" />
  <testcase classname="com.google.javascript.jscomp.parsing.JsDocInfoParserTest" name="testParserWithTTLTypeOfVarInvalidName" time="0.0" />
  <testcase classname="com.google.javascript.jscomp.parsing.JsDocInfoParserTest" name="testParserWithTTLTypeOfVarMissingParam" time="0.0" />
  <testcase classname="com.google.javascript.jscomp.parsing.JsDocInfoParserTest" name="testParserWithTTLTypeOfVarExtraParam" time="0.001" />
  <testcase classname="com.google.javascript.jscomp.parsing.JsDocInfoParserTest" name="testParserWithTTLInstanceOf" time="0.0" />
  <testcase classname="com.google.javascript.jscomp.parsing.JsDocInfoParserTest" name="testParserWithTTLInstanceOf2" time="0.0" />
  <testcase classname="com.google.javascript.jscomp.parsing.JsDocInfoParserTest" name="testParserWithTTLInstanceOfInvalidName" time="0.0" />
  <testcase classname="com.google.javascript.jscomp.parsing.JsDocInfoParserTest" name="testParserWithTTLInstanceOfMissingParam" time="0.0" />
  <testcase classname="com.google.javascript.jscomp.parsing.JsDocInfoParserTest" name="testParserWithTTLInstanceOfExtraParam" time="0.0" />
  <testcase classname="com.google.javascript.jscomp.parsing.JsDocInfoParserTest" name="testParserWithTTLNativeTypeExprBasic" time="0.0" />
  <testcase classname="com.google.javascript.jscomp.parsing.JsDocInfoParserTest" name="testParserWithTTLNativeTypeExprBasic2" time="0.0" />
  <testcase classname="com.google.javascript.jscomp.parsing.JsDocInfoParserTest" name="testParserWithTTLNativeTypeExprFunction" time="0.0" />
  <testcase classname="com.google.javascript.jscomp.parsing.JsDocInfoParserTest" name="testParserWithTTLNativeTypeExprFunctionReturn" time="0.001" />
  <testcase classname="com.google.javascript.jscomp.parsing.JsDocInfoParserTest" name="testParserWithTTLNativeTypeExprFunctionThis" time="0.0" />
  <testcase classname="com.google.javascript.jscomp.parsing.JsDocInfoParserTest" name="testParserWithTTLNativeTypeExprFunctionNew" time="0.0" />
  <testcase classname="com.google.javascript.jscomp.parsing.JsDocInfoParserTest" name="testParserWithTTLNativeTypeExprFunctionVarargs" time="0.0" />
  <testcase classname="com.google.javascript.jscomp.parsing.JsDocInfoParserTest" name="testParserWithTTLNativeTypeExprFunctionOptional" time="0.0" />
  <testcase classname="com.google.javascript.jscomp.parsing.JsDocInfoParserTest" name="testParserWithTTLNativeTypeExprMissingParam" time="0.001" />
  <testcase classname="com.google.javascript.jscomp.parsing.JsDocInfoParserTest" name="testParserWithTTLNativeTypeExprExtraParam" time="0.0" />
  <testcase classname="com.google.javascript.jscomp.parsing.JsDocInfoParserTest" name="testParserWithTTLNativeInvalidTypeExpr" time="0.0" />
  <testcase classname="com.google.javascript.jscomp.parsing.JsDocInfoParserTest" name="testParserWithTTLAsynchUseCase" time="0.001" />
  <testcase classname="com.google.javascript.jscomp.parsing.JsDocInfoParserTest" name="testWhitelistedNewAnnotations" time="0.0" />
  <testcase classname="com.google.javascript.jscomp.parsing.JsDocInfoParserTest" name="testWhitelistedConflictingAnnotation" time="0.0" />
  <testcase classname="com.google.javascript.jscomp.parsing.JsDocInfoParserTest" name="testNonIdentifierAnnotation" time="0.0" />
  <testcase classname="com.google.javascript.jscomp.parsing.JsDocInfoParserTest" name="testUnsupportedJsDocSyntax1" time="0.0" />
  <testcase classname="com.google.javascript.jscomp.parsing.JsDocInfoParserTest" name="testUnsupportedJsDocSyntax2" time="0.0" />
  <testcase classname="com.google.javascript.jscomp.parsing.JsDocInfoParserTest" name="testWhitelistedAnnotations" time="0.001" />
  <testcase classname="com.google.javascript.jscomp.parsing.JsDocInfoParserTest" name="testJsDocInfoPosition" time="0.0" />
  <testcase classname="com.google.javascript.jscomp.parsing.JsDocInfoParserTest" name="testGetOriginalCommentString" time="0.0" />
  <testcase classname="com.google.javascript.jscomp.parsing.JsDocInfoParserTest" name="testParseNgInject1" time="0.001" />
  <testcase classname="com.google.javascript.jscomp.parsing.JsDocInfoParserTest" name="testParseNgInject2" time="0.0" />
  <testcase classname="com.google.javascript.jscomp.parsing.JsDocInfoParserTest" name="testParseJaggerInject" time="0.0" />
  <testcase classname="com.google.javascript.jscomp.parsing.JsDocInfoParserTest" name="testParseJaggerInjectExtra" time="0.001" />
  <testcase classname="com.google.javascript.jscomp.parsing.JsDocInfoParserTest" name="testParseJaggerModule" time="0.0" />
  <testcase classname="com.google.javascript.jscomp.parsing.JsDocInfoParserTest" name="testParseJaggerModuleExtra" time="0.0" />
  <testcase classname="com.google.javascript.jscomp.parsing.JsDocInfoParserTest" name="testParseJaggerProvide" time="0.001" />
  <testcase classname="com.google.javascript.jscomp.parsing.JsDocInfoParserTest" name="testParseJaggerProvideExtra" time="0.0" />
  <testcase classname="com.google.javascript.jscomp.parsing.JsDocInfoParserTest" name="testParseJaggerProvidePromise" time="0.0" />
  <testcase classname="com.google.javascript.jscomp.parsing.JsDocInfoParserTest" name="testParseJaggerProvidePromiseExtra" time="0.0" />
  <testcase classname="com.google.javascript.jscomp.parsing.JsDocInfoParserTest" name="testParseWizaction1" time="0.0" />
  <testcase classname="com.google.javascript.jscomp.parsing.JsDocInfoParserTest" name="testParseWizaction2" time="0.0" />
  <testcase classname="com.google.javascript.jscomp.parsing.JsDocInfoParserTest" name="testParseDisposes1" time="0.001" />
  <testcase classname="com.google.javascript.jscomp.parsing.JsDocInfoParserTest" name="testParseDisposes2" time="0.0" />
  <testcase classname="com.google.javascript.jscomp.parsing.JsDocInfoParserTest" name="testParseDisposes3" time="0.0" />
  <testcase classname="com.google.javascript.jscomp.parsing.JsDocInfoParserTest" name="testParseDisposesUnknown" time="0.001" />
  <testcase classname="com.google.javascript.jscomp.parsing.JsDocInfoParserTest" name="testParseDisposesMultiple" time="0.0" />
  <testcase classname="com.google.javascript.jscomp.parsing.JsDocInfoParserTest" name="testParseDisposesAll1" time="0.0" />
  <testcase classname="com.google.javascript.jscomp.parsing.JsDocInfoParserTest" name="testParseDisposesAll2" time="0.0" />
  <testcase classname="com.google.javascript.jscomp.parsing.JsDocInfoParserTest" name="testParseDisposesAll3" time="0.0" />
  <testcase classname="com.google.javascript.jscomp.parsing.JsDocInfoParserTest" name="testTextExtents" time="0.0" />
  <system-out><![CDATA[]]></system-out>
  <system-err><![CDATA[]]></system-err>
</testsuite>
