<?xml version="1.0" encoding="UTF-8" ?>
<testsuite errors="0" failures="6" hostname="cs-210-206.cs.ucla.edu" name="com.google.javascript.jscomp.IntegrationTest" skipped="0" tests="200" time="1.686" timestamp="2015-03-08T21:49:17">
  <properties>
    <property name="java.vendor" value="Oracle Corporation" />
    <property name="lib.dir" value="/Users/linmanna/Documents/proj/UCLA-CS-239-Winter-2015/Part_B/Benchmark/closure-compiler/lib" />
    <property name="refasterjs-jarfile" value="/Users/linmanna/Documents/proj/UCLA-CS-239-Winter-2015/Part_B/Benchmark/closure-compiler/build/refasterjs.jar" />
    <property name="sun.java.launcher" value="SUN_STANDARD" />
    <property name="sun.management.compiler" value="HotSpot 64-Bit Tiered Compilers" />
    <property name="os.name" value="Mac OS X" />
    <property name="sun.boot.class.path" value="/Library/Java/JavaVirtualMachines/jdk1.7.0_75.jdk/Contents/Home/jre/lib/resources.jar:/Library/Java/JavaVirtualMachines/jdk1.7.0_75.jdk/Contents/Home/jre/lib/rt.jar:/Library/Java/JavaVirtualMachines/jdk1.7.0_75.jdk/Contents/Home/jre/lib/sunrsasign.jar:/Library/Java/JavaVirtualMachines/jdk1.7.0_75.jdk/Contents/Home/jre/lib/jsse.jar:/Library/Java/JavaVirtualMachines/jdk1.7.0_75.jdk/Contents/Home/jre/lib/jce.jar:/Library/Java/JavaVirtualMachines/jdk1.7.0_75.jdk/Contents/Home/jre/lib/charsets.jar:/Library/Java/JavaVirtualMachines/jdk1.7.0_75.jdk/Contents/Home/jre/lib/jfr.jar:/Library/Java/JavaVirtualMachines/jdk1.7.0_75.jdk/Contents/Home/jre/classes" />
    <property name="maven-repository-id" value="sonatype-nexus-staging" />
    <property name="java.vm.specification.vendor" value="Oracle Corporation" />
    <property name="ant.home" value="//Users/linmanna/ant" />
    <property name="java.runtime.version" value="1.7.0_75-b13" />
    <property name="gen.dir" value="/Users/linmanna/Documents/proj/UCLA-CS-239-Winter-2015/Part_B/Benchmark/closure-compiler/gen" />
    <property name="user.name" value="linmanna" />
    <property name="ant.file.compiler" value="/Users/linmanna/Documents/proj/UCLA-CS-239-Winter-2015/Part_B/Benchmark/closure-compiler/build.xml" />
    <property name="build.dir" value="/Users/linmanna/Documents/proj/UCLA-CS-239-Winter-2015/Part_B/Benchmark/closure-compiler/build" />
    <property name="ant.build.javac.target" value="1.7" />
    <property name="user.language" value="zh" />
    <property name="test.method" value="" />
    <property name="sun.boot.library.path" value="/Library/Java/JavaVirtualMachines/jdk1.7.0_75.jdk/Contents/Home/jre/lib" />
    <property name="ant.project.default-target" value="jar" />
    <property name="ant.project.name" value="compiler" />
    <property name="java.version" value="1.7.0_75" />
    <property name="user.timezone" value="" />
    <property name="sun.arch.data.model" value="64" />
    <property name="http.nonProxyHosts" value="local|*.local|169.254/16|*.169.254/16" />
    <property name="java.endorsed.dirs" value="/Library/Java/JavaVirtualMachines/jdk1.7.0_75.jdk/Contents/Home/jre/lib/endorsed" />
    <property name="sun.cpu.isalist" value="" />
    <property name="sun.jnu.encoding" value="UTF-8" />
    <property name="file.encoding.pkg" value="sun.io" />
    <property name="file.separator" value="/" />
    <property name="java.specification.name" value="Java Platform API Specification" />
    <property name="protoc.executable" value="protoc" />
    <property name="classes.dir" value="/Users/linmanna/Documents/proj/UCLA-CS-239-Winter-2015/Part_B/Benchmark/closure-compiler/build/classes" />
    <property name="java.class.version" value="51.0" />
    <property name="testClasses.dir" value="/Users/linmanna/Documents/proj/UCLA-CS-239-Winter-2015/Part_B/Benchmark/closure-compiler/build/test" />
    <property name="user.country" value="CN" />
    <property name="java.home" value="/Library/Java/JavaVirtualMachines/jdk1.7.0_75.jdk/Contents/Home/jre" />
    <property name="java.vm.info" value="mixed mode" />
    <property name="externs.dir" value="/Users/linmanna/Documents/proj/UCLA-CS-239-Winter-2015/Part_B/Benchmark/closure-compiler/externs" />
    <property name="ant.file" value="/Users/linmanna/Documents/proj/UCLA-CS-239-Winter-2015/Part_B/Benchmark/closure-compiler/build.xml" />
    <property name="os.version" value="10.9.5" />
    <property name="javac.debug" value="on" />
    <property name="path.separator" value=":" />
    <property name="java.vm.version" value="24.75-b04" />
    <property name="ant.library.dir" value="//Users/linmanna/ant/lib" />
    <property name="java.awt.printerjob" value="sun.lwawt.macosx.CPrinterJob" />
    <property name="webservice-jarfile" value="/Users/linmanna/Documents/proj/UCLA-CS-239-Winter-2015/Part_B/Benchmark/closure-compiler/build/webservice.jar" />
    <property name="sun.io.unicode.encoding" value="UnicodeBig" />
    <property name="test.fork" value="true" />
    <property name="webservice.dir" value="/Users/linmanna/Documents/proj/UCLA-CS-239-Winter-2015/Part_B/Benchmark/closure-compiler/src/com/google/javascript/jscomp/webservice" />
    <property name="awt.toolkit" value="sun.lwawt.macosx.LWCToolkit" />
    <property name="buildlib.dir" value="/Users/linmanna/Documents/proj/UCLA-CS-239-Winter-2015/Part_B/Benchmark/closure-compiler/build/lib" />
    <property name="socksNonProxyHosts" value="local|*.local|169.254/16|*.169.254/16" />
    <property name="ftp.nonProxyHosts" value="local|*.local|169.254/16|*.169.254/16" />
    <property name="ant.build.javac.source" value="1.7" />
    <property name="refasterjs.dir" value="/Users/linmanna/Documents/proj/UCLA-CS-239-Winter-2015/Part_B/Benchmark/closure-compiler/src/com/google/javascript/refactoring" />
    <property name="user.home" value="/Users/linmanna" />
    <property name="java.specification.vendor" value="Oracle Corporation" />
    <property name="test.dir" value="/Users/linmanna/Documents/proj/UCLA-CS-239-Winter-2015/Part_B/Benchmark/closure-compiler/test" />
    <property name="java.library.path" value="/Users/linmanna/Library/Java/Extensions:/Library/Java/Extensions:/Network/Library/Java/Extensions:/System/Library/Java/Extensions:/usr/lib/java:." />
    <property name="java.vendor.url" value="http://java.oracle.com/" />
    <property name="java.vm.vendor" value="Oracle Corporation" />
    <property name="gopherProxySet" value="false" />
    <property name="build.relVersion" value="5107abc" />
    <property name="java.runtime.name" value="Java(TM) SE Runtime Environment" />
    <property name="sun.java.command" value="org.apache.tools.ant.taskdefs.optional.junit.JUnitTestRunner testsfile=/Users/linmanna/Documents/proj/UCLA-CS-239-Winter-2015/Part_B/Benchmark/closure-compiler/junittestcases5949901879760027472.properties skipNonTests=false filtertrace=true haltOnError=false haltOnFailure=false formatter=org.apache.tools.ant.taskdefs.optional.junit.SummaryJUnitResultFormatter showoutput=true outputtoformatters=true logfailedtests=true threadid=0 logtestlistenerevents=false formatter=org.apache.tools.ant.taskdefs.optional.junit.BriefJUnitResultFormatter formatter=org.apache.tools.ant.taskdefs.optional.junit.XMLJUnitResultFormatter,/Users/linmanna/Documents/proj/UCLA-CS-239-Winter-2015/Part_B/Benchmark/closure-compiler/build/testoutput/IGNORETHIS.xml crashfile=/Users/linmanna/Documents/proj/UCLA-CS-239-Winter-2015/Part_B/Benchmark/closure-compiler/junitvmwatcher5896012663290099626.properties propsfile=/Users/linmanna/Documents/proj/UCLA-CS-239-Winter-2015/Part_B/Benchmark/closure-compiler/junit3382148267101857145.properties" />
    <property name="java.class.path" value="/Users/linmanna/Documents/proj/UCLA-CS-239-Winter-2015/Part_B/Benchmark/closure-compiler/build/classes:/Users/linmanna/Documents/proj/UCLA-CS-239-Winter-2015/Part_B/Benchmark/closure-compiler/lib/ant-launcher.jar:/Users/linmanna/Documents/proj/UCLA-CS-239-Winter-2015/Part_B/Benchmark/closure-compiler/lib/ant.jar:/Users/linmanna/Documents/proj/UCLA-CS-239-Winter-2015/Part_B/Benchmark/closure-compiler/lib/args4j.jar:/Users/linmanna/Documents/proj/UCLA-CS-239-Winter-2015/Part_B/Benchmark/closure-compiler/lib/gson.jar:/Users/linmanna/Documents/proj/UCLA-CS-239-Winter-2015/Part_B/Benchmark/closure-compiler/lib/guava.jar:/Users/linmanna/Documents/proj/UCLA-CS-239-Winter-2015/Part_B/Benchmark/closure-compiler/lib/jsr305.jar:/Users/linmanna/Documents/proj/UCLA-CS-239-Winter-2015/Part_B/Benchmark/closure-compiler/lib/junit.jar:/Users/linmanna/Documents/proj/UCLA-CS-239-Winter-2015/Part_B/Benchmark/closure-compiler/lib/protobuf-java.jar:/Users/linmanna/Documents/proj/UCLA-CS-239-Winter-2015/Part_B/Benchmark/closure-compiler/lib/truth.jar:/Users/linmanna/Documents/proj/UCLA-CS-239-Winter-2015/Part_B/Benchmark/closure-compiler/build/test:/Users/linmanna/ant/lib/ant-launcher.jar:/Users/linmanna/ant/lib/ant.jar:/Users/linmanna/ant/lib/ant-junit.jar:/Users/linmanna/ant/lib/ant-junit4.jar" />
    <property name="ant.version" value="Apache Ant(TM) version 1.9.4 compiled on April 29 2014" />
    <property name="test.class" value="*Test" />
    <property name="java.vm.specification.name" value="Java Virtual Machine Specification" />
    <property name="ant.file.type" value="file" />
    <property name="java.vm.specification.version" value="1.7" />
    <property name="sun.cpu.endian" value="little" />
    <property name="sun.os.patch.level" value="unknown" />
    <property name="java.io.tmpdir" value="/var/folders/_p/3swdt4h96dn79vyt21dtny9h0000gn/T/" />
    <property name="java.vendor.url.bug" value="http://bugreport.sun.com/bugreport/" />
    <property name="java.awt.graphicsenv" value="sun.awt.CGraphicsEnvironment" />
    <property name="maven-repository-url" value="https://oss.sonatype.org/service/local/staging/deploy/maven2/" />
    <property name="os.arch" value="x86_64" />
    <property name="webservice-classes.dir" value="/Users/linmanna/Documents/proj/UCLA-CS-239-Winter-2015/Part_B/Benchmark/closure-compiler/build/webservice-classes" />
    <property name="java.ext.dirs" value="/Users/linmanna/Library/Java/Extensions:/Library/Java/JavaVirtualMachines/jdk1.7.0_75.jdk/Contents/Home/jre/lib/ext:/Library/Java/Extensions:/Network/Library/Java/Extensions:/System/Library/Java/Extensions:/usr/lib/java" />
    <property name="user.dir" value="/Users/linmanna/Documents/proj/UCLA-CS-239-Winter-2015/Part_B/Benchmark/closure-compiler" />
    <property name="ant.file.type.compiler" value="file" />
    <property name="line.separator" value="&#xa;" />
    <property name="java.vm.name" value="Java HotSpot(TM) 64-Bit Server VM" />
    <property name="refasterjs-classes.dir" value="/Users/linmanna/Documents/proj/UCLA-CS-239-Winter-2015/Part_B/Benchmark/closure-compiler/build/refasterjs-classes" />
    <property name="basedir" value="/Users/linmanna/Documents/proj/UCLA-CS-239-Winter-2015/Part_B/Benchmark/closure-compiler" />
    <property name="ant.java.version" value="1.7" />
    <property name="ant.core.lib" value="/Users/linmanna/ant/lib/ant.jar" />
    <property name="file.encoding" value="UTF-8" />
    <property name="closure.build.dir" value="/Users/linmanna/Documents/proj/UCLA-CS-239-Winter-2015/Part_B/Benchmark/closure-compiler/build" />
    <property name="compiler-jarfile" value="/Users/linmanna/Documents/proj/UCLA-CS-239-Winter-2015/Part_B/Benchmark/closure-compiler/build/compiler.jar" />
    <property name="java.specification.version" value="1.7" />
    <property name="src.dir" value="/Users/linmanna/Documents/proj/UCLA-CS-239-Winter-2015/Part_B/Benchmark/closure-compiler/src" />
    <property name="ant.project.invoked-targets" value="clean,compile,compile-tests,test" />
    <property name="javadoc.dir" value="/Users/linmanna/Documents/proj/UCLA-CS-239-Winter-2015/Part_B/Benchmark/closure-compiler/build/javadoc" />
    <property name="tools.dir" value="/Users/linmanna/Documents/proj/UCLA-CS-239-Winter-2015/Part_B/Benchmark/closure-compiler/tools" />
  </properties>
  <testcase classname="com.google.javascript.jscomp.IntegrationTest" name="testInlineConstants" time="0.003" />
  <testcase classname="com.google.javascript.jscomp.IntegrationTest" name="testIssue90" time="0.002" />
  <testcase classname="com.google.javascript.jscomp.IntegrationTest" name="testMissingReturn" time="0.007" />
  <testcase classname="com.google.javascript.jscomp.IntegrationTest" name="testManyAdds" time="0.542" />
  <testcase classname="com.google.javascript.jscomp.IntegrationTest" name="testExports" time="0.04" />
  <testcase classname="com.google.javascript.jscomp.IntegrationTest" name="testBug1956277" time="0.002" />
  <testcase classname="com.google.javascript.jscomp.IntegrationTest" name="testCheckGlobalThisOff" time="0.003" />
  <testcase classname="com.google.javascript.jscomp.IntegrationTest" name="testInlineVariables" time="0.007" />
  <testcase classname="com.google.javascript.jscomp.IntegrationTest" name="testHiddenSideEffect" time="0.006" />
  <testcase classname="com.google.javascript.jscomp.IntegrationTest" name="testConstructorCycle" time="0.004" />
  <testcase classname="com.google.javascript.jscomp.IntegrationTest" name="testBug1949424" time="0.002" />
  <testcase classname="com.google.javascript.jscomp.IntegrationTest" name="testBug1949424_v2" time="0.002" />
  <testcase classname="com.google.javascript.jscomp.IntegrationTest" name="testUnresolvedDefine" time="0.004" />
  <testcase classname="com.google.javascript.jscomp.IntegrationTest" name="testBug1962380" time="0.003" />
  <testcase classname="com.google.javascript.jscomp.IntegrationTest" name="testBug2410122" time="0.002" />
  <testcase classname="com.google.javascript.jscomp.IntegrationTest" name="testBug18078936" time="0.005" />
  <testcase classname="com.google.javascript.jscomp.IntegrationTest" name="testClosurePassOff" time="0.004" />
  <testcase classname="com.google.javascript.jscomp.IntegrationTest" name="testClosurePassOn" time="0.003" />
  <testcase classname="com.google.javascript.jscomp.IntegrationTest" name="testCssNameCheck" time="0.001" />
  <testcase classname="com.google.javascript.jscomp.IntegrationTest" name="testCheckEventfulDisposalWarningLevels" time="0.011" />
  <testcase classname="com.google.javascript.jscomp.IntegrationTest" name="testBug2592659" time="0.004" />
  <testcase classname="com.google.javascript.jscomp.IntegrationTest" name="testTypedefBeforeOwner1" time="0.001" />
  <testcase classname="com.google.javascript.jscomp.IntegrationTest" name="testTypedefBeforeOwner2" time="0.001" />
  <testcase classname="com.google.javascript.jscomp.IntegrationTest" name="testExportedNames" time="0.004" />
  <testcase classname="com.google.javascript.jscomp.IntegrationTest" name="testCheckGlobalThisOn" time="0.001" />
  <testcase classname="com.google.javascript.jscomp.IntegrationTest" name="testSusiciousCodeOff" time="0.001" />
  <testcase classname="com.google.javascript.jscomp.IntegrationTest" name="testCheckRequiresAndCheckProvidesOff" time="0.002" />
  <testcase classname="com.google.javascript.jscomp.IntegrationTest" name="testCheckProvidesOn" time="0.001" />
  <testcase classname="com.google.javascript.jscomp.IntegrationTest" name="testGenerateExportsOff" time="0.002" />
  <testcase classname="com.google.javascript.jscomp.IntegrationTest" name="testGenerateExportsOn" time="0.002">
    <failure message="&#xa;Expected: function f(){}goog.exportSymbol(&quot;f&quot;,f)&#xa;Result: function f(){}&#xa;Node tree inequality:&#xa;Tree1:&#xa;BLOCK [synthetic: 1]&#xa;    SCRIPT 1 [synthetic: 1] [source_file: input0] [input_id: InputId: input0]&#xa;        FUNCTION f 1 [jsdoc_info: JSDocInfo] [source_file: input0]&#xa;            NAME f 1 [source_file: input0]&#xa;            PARAM_LIST 1 [source_file: input0]&#xa;            BLOCK 1 [source_file: input0]&#xa;        EXPR_RESULT 1 [source_file: input0]&#xa;            CALL 1 [source_file: input0]&#xa;                GETPROP 1 [source_file: input0]&#xa;                    NAME goog 1 [source_file: input0]&#xa;                    STRING exportSymbol 1 [source_file: input0]&#xa;                STRING f 1 [source_file: input0]&#xa;                NAME f 1 [source_file: input0]&#xa;&#xa;&#xa;Tree2:&#xa;BLOCK [synthetic: 1]&#xa;    SCRIPT 1 [synthetic: 1] [source_file: i0] [input_id: InputId: i0]&#xa;        FUNCTION f 1 [jsdoc_info: JSDocInfo] [source_file: i0]&#xa;            NAME f 1 [source_file: i0] [is_constant_var: 1]&#xa;            PARAM_LIST 1 [source_file: i0]&#xa;            BLOCK 1 [source_file: i0]&#xa;&#xa;&#xa;Subtree1: SCRIPT 1 [synthetic: 1] [source_file: input0] [input_id: InputId: input0]&#xa;    FUNCTION f 1 [jsdoc_info: JSDocInfo] [source_file: input0]&#xa;        NAME f 1 [source_file: input0]&#xa;        PARAM_LIST 1 [source_file: input0]&#xa;        BLOCK 1 [source_file: input0]&#xa;    EXPR_RESULT 1 [source_file: input0]&#xa;        CALL 1 [source_file: input0]&#xa;            GETPROP 1 [source_file: input0]&#xa;                NAME goog 1 [source_file: input0]&#xa;                STRING exportSymbol 1 [source_file: input0]&#xa;            STRING f 1 [source_file: input0]&#xa;            NAME f 1 [source_file: input0]&#xa;&#xa;&#xa;Subtree2: SCRIPT 1 [synthetic: 1] [source_file: i0] [input_id: InputId: i0]&#xa;    FUNCTION f 1 [jsdoc_info: JSDocInfo] [source_file: i0]&#xa;        NAME f 1 [source_file: i0] [is_constant_var: 1]&#xa;        PARAM_LIST 1 [source_file: i0]&#xa;        BLOCK 1 [source_file: i0]&#xa;" type="junit.framework.AssertionFailedError">junit.framework.AssertionFailedError: 
Expected: function f(){}goog.exportSymbol(&quot;f&quot;,f)
Result: function f(){}
Node tree inequality:
Tree1:
BLOCK [synthetic: 1]
    SCRIPT 1 [synthetic: 1] [source_file: input0] [input_id: InputId: input0]
        FUNCTION f 1 [jsdoc_info: JSDocInfo] [source_file: input0]
            NAME f 1 [source_file: input0]
            PARAM_LIST 1 [source_file: input0]
            BLOCK 1 [source_file: input0]
        EXPR_RESULT 1 [source_file: input0]
            CALL 1 [source_file: input0]
                GETPROP 1 [source_file: input0]
                    NAME goog 1 [source_file: input0]
                    STRING exportSymbol 1 [source_file: input0]
                STRING f 1 [source_file: input0]
                NAME f 1 [source_file: input0]


Tree2:
BLOCK [synthetic: 1]
    SCRIPT 1 [synthetic: 1] [source_file: i0] [input_id: InputId: i0]
        FUNCTION f 1 [jsdoc_info: JSDocInfo] [source_file: i0]
            NAME f 1 [source_file: i0] [is_constant_var: 1]
            PARAM_LIST 1 [source_file: i0]
            BLOCK 1 [source_file: i0]


Subtree1: SCRIPT 1 [synthetic: 1] [source_file: input0] [input_id: InputId: input0]
    FUNCTION f 1 [jsdoc_info: JSDocInfo] [source_file: input0]
        NAME f 1 [source_file: input0]
        PARAM_LIST 1 [source_file: input0]
        BLOCK 1 [source_file: input0]
    EXPR_RESULT 1 [source_file: input0]
        CALL 1 [source_file: input0]
            GETPROP 1 [source_file: input0]
                NAME goog 1 [source_file: input0]
                STRING exportSymbol 1 [source_file: input0]
            STRING f 1 [source_file: input0]
            NAME f 1 [source_file: input0]


Subtree2: SCRIPT 1 [synthetic: 1] [source_file: i0] [input_id: InputId: i0]
    FUNCTION f 1 [jsdoc_info: JSDocInfo] [source_file: i0]
        NAME f 1 [source_file: i0] [is_constant_var: 1]
        PARAM_LIST 1 [source_file: i0]
        BLOCK 1 [source_file: i0]

	at com.google.javascript.jscomp.IntegrationTestCase.test(IntegrationTestCase.java:105)
	at com.google.javascript.jscomp.IntegrationTestCase.test(IntegrationTestCase.java:87)
	at com.google.javascript.jscomp.IntegrationTest.testGenerateExportsOn(IntegrationTest.java:338)
</failure>
  </testcase>
  <testcase classname="com.google.javascript.jscomp.IntegrationTest" name="testAngularPassOff" time="0.002" />
  <testcase classname="com.google.javascript.jscomp.IntegrationTest" name="testAngularPassOn" time="0.003" />
  <testcase classname="com.google.javascript.jscomp.IntegrationTest" name="testExportTestFunctionsOff" time="0.001" />
  <testcase classname="com.google.javascript.jscomp.IntegrationTest" name="testExportTestFunctionsOn" time="0.001" />
  <testcase classname="com.google.javascript.jscomp.IntegrationTest" name="testExpose" time="0.014" />
  <testcase classname="com.google.javascript.jscomp.IntegrationTest" name="testCheckSymbolsOff" time="0.002" />
  <testcase classname="com.google.javascript.jscomp.IntegrationTest" name="testCheckSymbolsOn" time="0.001" />
  <testcase classname="com.google.javascript.jscomp.IntegrationTest" name="testCheckReferencesOff" time="0.002" />
  <testcase classname="com.google.javascript.jscomp.IntegrationTest" name="testCheckReferencesOn" time="0.007" />
  <testcase classname="com.google.javascript.jscomp.IntegrationTest" name="testInferTypes" time="0.009" />
  <testcase classname="com.google.javascript.jscomp.IntegrationTest" name="testTypeCheckAndInference" time="0.009">
    <failure message="Unexpected warnings or errors.&#xa;  expected:&lt;1&gt; but was:&lt;0&gt;" type="junit.framework.AssertionFailedError">junit.framework.AssertionFailedError: Unexpected warnings or errors.
  expected:&lt;1&gt; but was:&lt;0&gt;
	at com.google.javascript.jscomp.IntegrationTestCase.checkUnexpectedErrorsOrWarnings(IntegrationTestCase.java:219)
	at com.google.javascript.jscomp.IntegrationTestCase.test(IntegrationTestCase.java:137)
	at com.google.javascript.jscomp.IntegrationTestCase.test(IntegrationTestCase.java:127)
	at com.google.javascript.jscomp.IntegrationTestCase.test(IntegrationTestCase.java:116)
	at com.google.javascript.jscomp.IntegrationTest.testTypeCheckAndInference(IntegrationTest.java:439)
</failure>
  </testcase>
  <testcase classname="com.google.javascript.jscomp.IntegrationTest" name="testTypeNameParser" time="0.007" />
  <testcase classname="com.google.javascript.jscomp.IntegrationTest" name="testMemoizedTypedScopeCreator" time="0.022" />
  <testcase classname="com.google.javascript.jscomp.IntegrationTest" name="testCheckTypes" time="0.008" />
  <testcase classname="com.google.javascript.jscomp.IntegrationTest" name="testReplaceCssNames" time="0.004">
    <failure message="expected:&lt;{foo=1}&gt; but was:&lt;{foo=3}&gt;" type="junit.framework.AssertionFailedError">junit.framework.AssertionFailedError: expected:&lt;{foo=1}&gt; but was:&lt;{foo=3}&gt;
	at com.google.javascript.jscomp.IntegrationTest.testReplaceCssNames(IntegrationTest.java:504)
</failure>
  </testcase>
  <testcase classname="com.google.javascript.jscomp.IntegrationTest" name="testReplaceIdGeneratorsTest" time="0.007" />
  <testcase classname="com.google.javascript.jscomp.IntegrationTest" name="testRemoveClosureAsserts" time="0.007">
    <failure message="&#xa;Expected: var goog={}&#xa;Result: var goog={};goog.asserts.assert(goog)&#xa;Node tree inequality:&#xa;Tree1:&#xa;BLOCK [synthetic: 1]&#xa;    SCRIPT 1 [synthetic: 1] [source_file: input0] [input_id: InputId: input0]&#xa;        VAR 1 [source_file: input0]&#xa;            NAME goog 1 [source_file: input0]&#xa;                OBJECTLIT 1 [source_file: input0]&#xa;&#xa;&#xa;Tree2:&#xa;BLOCK [synthetic: 1]&#xa;    SCRIPT 1 [synthetic: 1] [source_file: i0] [input_id: InputId: i0]&#xa;        VAR 1 [source_file: i0]&#xa;            NAME goog 1 [source_file: i0] [is_constant_var: 1]&#xa;                OBJECTLIT 1 [source_file: i0]&#xa;        EXPR_RESULT 1 [source_file: i0]&#xa;            CALL 1 [source_file: i0]&#xa;                GETPROP 1 [source_file: i0]&#xa;                    GETPROP 1 [source_file: i0]&#xa;                        NAME goog 1 [source_file: i0]&#xa;                        STRING asserts 1 [source_file: i0]&#xa;                    STRING assert 1 [source_file: i0]&#xa;                NAME goog 1 [source_file: i0]&#xa;&#xa;&#xa;Subtree1: SCRIPT 1 [synthetic: 1] [source_file: input0] [input_id: InputId: input0]&#xa;    VAR 1 [source_file: input0]&#xa;        NAME goog 1 [source_file: input0]&#xa;            OBJECTLIT 1 [source_file: input0]&#xa;&#xa;&#xa;Subtree2: SCRIPT 1 [synthetic: 1] [source_file: i0] [input_id: InputId: i0]&#xa;    VAR 1 [source_file: i0]&#xa;        NAME goog 1 [source_file: i0] [is_constant_var: 1]&#xa;            OBJECTLIT 1 [source_file: i0]&#xa;    EXPR_RESULT 1 [source_file: i0]&#xa;        CALL 1 [source_file: i0]&#xa;            GETPROP 1 [source_file: i0]&#xa;                GETPROP 1 [source_file: i0]&#xa;                    NAME goog 1 [source_file: i0]&#xa;                    STRING asserts 1 [source_file: i0]&#xa;                STRING assert 1 [source_file: i0]&#xa;            NAME goog 1 [source_file: i0]&#xa;" type="junit.framework.AssertionFailedError">junit.framework.AssertionFailedError: 
Expected: var goog={}
Result: var goog={};goog.asserts.assert(goog)
Node tree inequality:
Tree1:
BLOCK [synthetic: 1]
    SCRIPT 1 [synthetic: 1] [source_file: input0] [input_id: InputId: input0]
        VAR 1 [source_file: input0]
            NAME goog 1 [source_file: input0]
                OBJECTLIT 1 [source_file: input0]


Tree2:
BLOCK [synthetic: 1]
    SCRIPT 1 [synthetic: 1] [source_file: i0] [input_id: InputId: i0]
        VAR 1 [source_file: i0]
            NAME goog 1 [source_file: i0] [is_constant_var: 1]
                OBJECTLIT 1 [source_file: i0]
        EXPR_RESULT 1 [source_file: i0]
            CALL 1 [source_file: i0]
                GETPROP 1 [source_file: i0]
                    GETPROP 1 [source_file: i0]
                        NAME goog 1 [source_file: i0]
                        STRING asserts 1 [source_file: i0]
                    STRING assert 1 [source_file: i0]
                NAME goog 1 [source_file: i0]


Subtree1: SCRIPT 1 [synthetic: 1] [source_file: input0] [input_id: InputId: input0]
    VAR 1 [source_file: input0]
        NAME goog 1 [source_file: input0]
            OBJECTLIT 1 [source_file: input0]


Subtree2: SCRIPT 1 [synthetic: 1] [source_file: i0] [input_id: InputId: i0]
    VAR 1 [source_file: i0]
        NAME goog 1 [source_file: i0] [is_constant_var: 1]
            OBJECTLIT 1 [source_file: i0]
    EXPR_RESULT 1 [source_file: i0]
        CALL 1 [source_file: i0]
            GETPROP 1 [source_file: i0]
                GETPROP 1 [source_file: i0]
                    NAME goog 1 [source_file: i0]
                    STRING asserts 1 [source_file: i0]
                STRING assert 1 [source_file: i0]
            NAME goog 1 [source_file: i0]

	at com.google.javascript.jscomp.IntegrationTestCase.test(IntegrationTestCase.java:105)
	at com.google.javascript.jscomp.IntegrationTestCase.test(IntegrationTestCase.java:87)
	at com.google.javascript.jscomp.IntegrationTest.testRemoveClosureAsserts(IntegrationTest.java:540)
</failure>
  </testcase>
  <testcase classname="com.google.javascript.jscomp.IntegrationTest" name="testDeprecation" time="0.014" />
  <testcase classname="com.google.javascript.jscomp.IntegrationTest" name="testVisibility" time="0.014" />
  <testcase classname="com.google.javascript.jscomp.IntegrationTest" name="testUnreachableCode" time="0.003" />
  <testcase classname="com.google.javascript.jscomp.IntegrationTest" name="testIdGenerators" time="0.012" />
  <testcase classname="com.google.javascript.jscomp.IntegrationTest" name="testOptimizeArgumentsArray" time="0.003" />
  <testcase classname="com.google.javascript.jscomp.IntegrationTest" name="testOptimizeParameters" time="0.002" />
  <testcase classname="com.google.javascript.jscomp.IntegrationTest" name="testOptimizeReturns" time="0.002" />
  <testcase classname="com.google.javascript.jscomp.IntegrationTest" name="testRemoveAbstractMethods" time="0.009" />
  <testcase classname="com.google.javascript.jscomp.IntegrationTest" name="testGoogDefine1" time="0.005" />
  <testcase classname="com.google.javascript.jscomp.IntegrationTest" name="testGoogDefine2" time="0.004" />
  <testcase classname="com.google.javascript.jscomp.IntegrationTest" name="testCollapseProperties1" time="0.005" />
  <testcase classname="com.google.javascript.jscomp.IntegrationTest" name="testCollapseProperties2" time="0.004" />
  <testcase classname="com.google.javascript.jscomp.IntegrationTest" name="testCollapseObjectLiteral1" time="0.003" />
  <testcase classname="com.google.javascript.jscomp.IntegrationTest" name="testCollapseObjectLiteral2" time="0.003" />
  <testcase classname="com.google.javascript.jscomp.IntegrationTest" name="testDisambiguateProperties" time="0.007" />
  <testcase classname="com.google.javascript.jscomp.IntegrationTest" name="testMarkPureCalls" time="0.004" />
  <testcase classname="com.google.javascript.jscomp.IntegrationTest" name="testMarkNoSideEffects" time="0.004" />
  <testcase classname="com.google.javascript.jscomp.IntegrationTest" name="testChainedCalls" time="0.001" />
  <testcase classname="com.google.javascript.jscomp.IntegrationTest" name="testExtraAnnotationNames" time="0.001" />
  <testcase classname="com.google.javascript.jscomp.IntegrationTest" name="testDevirtualizePrototypeMethods" time="0.002" />
  <testcase classname="com.google.javascript.jscomp.IntegrationTest" name="testCheckConsts" time="0.001" />
  <testcase classname="com.google.javascript.jscomp.IntegrationTest" name="testAllChecksOn" time="0.004" />
  <testcase classname="com.google.javascript.jscomp.IntegrationTest" name="testTypeCheckingWithSyntheticBlocks" time="0.004" />
  <testcase classname="com.google.javascript.jscomp.IntegrationTest" name="testCompilerDoesNotBlowUpIfUndefinedSymbols" time="0.002" />
  <testcase classname="com.google.javascript.jscomp.IntegrationTest" name="testConstantTagsMustAlwaysBeRemoved" time="0.002" />
  <testcase classname="com.google.javascript.jscomp.IntegrationTest" name="testClosurePassPreservesJsDoc" time="0.007" />
  <testcase classname="com.google.javascript.jscomp.IntegrationTest" name="testProvidedNamespaceIsConst" time="0.003" />
  <testcase classname="com.google.javascript.jscomp.IntegrationTest" name="testProvidedNamespaceIsConst2" time="0.002" />
  <testcase classname="com.google.javascript.jscomp.IntegrationTest" name="testProvidedNamespaceIsConst3" time="0.003" />
  <testcase classname="com.google.javascript.jscomp.IntegrationTest" name="testProvidedNamespaceIsConst4" time="0.003" />
  <testcase classname="com.google.javascript.jscomp.IntegrationTest" name="testProvidedNamespaceIsConst5" time="0.002" />
  <testcase classname="com.google.javascript.jscomp.IntegrationTest" name="testProcessDefinesAlwaysOn" time="0.002" />
  <testcase classname="com.google.javascript.jscomp.IntegrationTest" name="testProcessDefinesAdditionalReplacements" time="0.002" />
  <testcase classname="com.google.javascript.jscomp.IntegrationTest" name="testReplaceMessages" time="0.004" />
  <testcase classname="com.google.javascript.jscomp.IntegrationTest" name="testCheckGlobalNames" time="0.001" />
  <testcase classname="com.google.javascript.jscomp.IntegrationTest" name="testInlineGetters" time="0.004" />
  <testcase classname="com.google.javascript.jscomp.IntegrationTest" name="testInlineGettersWithAmbiguate" time="0.009" />
  <testcase classname="com.google.javascript.jscomp.IntegrationTest" name="testMinimizeExits" time="0.006" />
  <testcase classname="com.google.javascript.jscomp.IntegrationTest" name="testFoldConstants" time="0.004" />
  <testcase classname="com.google.javascript.jscomp.IntegrationTest" name="testRemoveUnreachableCode" time="0.004" />
  <testcase classname="com.google.javascript.jscomp.IntegrationTest" name="testRemoveUnusedPrototypeProperties1" time="0.003" />
  <testcase classname="com.google.javascript.jscomp.IntegrationTest" name="testRemoveUnusedPrototypeProperties2" time="0.007" />
  <testcase classname="com.google.javascript.jscomp.IntegrationTest" name="testSmartNamePass" time="0.004" />
  <testcase classname="com.google.javascript.jscomp.IntegrationTest" name="testSmartNamePassBug11163486" time="0.007" />
  <testcase classname="com.google.javascript.jscomp.IntegrationTest" name="testDeadCodeHasNoDisambiguationSideEffects" time="0.011" />
  <testcase classname="com.google.javascript.jscomp.IntegrationTest" name="testQMarkTIsNullable" time="0.005">
    <failure message="Unexpected warnings or errors.&#xa;  expected:&lt;1&gt; but was:&lt;0&gt;" type="junit.framework.AssertionFailedError">junit.framework.AssertionFailedError: Unexpected warnings or errors.
  expected:&lt;1&gt; but was:&lt;0&gt;
	at com.google.javascript.jscomp.IntegrationTestCase.checkUnexpectedErrorsOrWarnings(IntegrationTestCase.java:219)
	at com.google.javascript.jscomp.IntegrationTestCase.test(IntegrationTestCase.java:137)
	at com.google.javascript.jscomp.IntegrationTestCase.test(IntegrationTestCase.java:127)
	at com.google.javascript.jscomp.IntegrationTestCase.test(IntegrationTestCase.java:116)
	at com.google.javascript.jscomp.IntegrationTest.testQMarkTIsNullable(IntegrationTest.java:1257)
</failure>
  </testcase>
  <testcase classname="com.google.javascript.jscomp.IntegrationTest" name="testTIsNotNullable" time="0.004">
    <failure message="Unexpected warnings or errors.&#xa;  expected:&lt;1&gt; but was:&lt;0&gt;" type="junit.framework.AssertionFailedError">junit.framework.AssertionFailedError: Unexpected warnings or errors.
  expected:&lt;1&gt; but was:&lt;0&gt;
	at com.google.javascript.jscomp.IntegrationTestCase.checkUnexpectedErrorsOrWarnings(IntegrationTestCase.java:219)
	at com.google.javascript.jscomp.IntegrationTestCase.test(IntegrationTestCase.java:137)
	at com.google.javascript.jscomp.IntegrationTestCase.test(IntegrationTestCase.java:127)
	at com.google.javascript.jscomp.IntegrationTestCase.test(IntegrationTestCase.java:116)
	at com.google.javascript.jscomp.IntegrationTest.testTIsNotNullable(IntegrationTest.java:1269)
</failure>
  </testcase>
  <testcase classname="com.google.javascript.jscomp.IntegrationTest" name="testDeadAssignmentsElimination" time="0.007" />
  <testcase classname="com.google.javascript.jscomp.IntegrationTest" name="testInlineFunctions" time="0.004" />
  <testcase classname="com.google.javascript.jscomp.IntegrationTest" name="testRemoveUnusedVars1" time="0.003" />
  <testcase classname="com.google.javascript.jscomp.IntegrationTest" name="testRemoveUnusedVars2" time="0.009" />
  <testcase classname="com.google.javascript.jscomp.IntegrationTest" name="testCrossModuleCodeMotion" time="0.004" />
  <testcase classname="com.google.javascript.jscomp.IntegrationTest" name="testCrossModuleMethodMotion" time="0.005" />
  <testcase classname="com.google.javascript.jscomp.IntegrationTest" name="testFlowSensitiveInlineVariables1" time="0.009" />
  <testcase classname="com.google.javascript.jscomp.IntegrationTest" name="testFlowSensitiveInlineVariables2" time="0.003" />
  <testcase classname="com.google.javascript.jscomp.IntegrationTest" name="testCollapseAnonymousFunctions" time="0.002" />
  <testcase classname="com.google.javascript.jscomp.IntegrationTest" name="testMoveFunctionDeclarations" time="0.004" />
  <testcase classname="com.google.javascript.jscomp.IntegrationTest" name="testNameAnonymousFunctions" time="0.007" />
  <testcase classname="com.google.javascript.jscomp.IntegrationTest" name="testNameAnonymousFunctionsWithVarRemoval" time="0.005" />
  <testcase classname="com.google.javascript.jscomp.IntegrationTest" name="testExtractPrototypeMemberDeclarations" time="0.009" />
  <testcase classname="com.google.javascript.jscomp.IntegrationTest" name="testDevirtualizationAndExtractPrototypeMemberDeclarations" time="0.005" />
  <testcase classname="com.google.javascript.jscomp.IntegrationTest" name="testCoalesceVariableNames" time="0.003" />
  <testcase classname="com.google.javascript.jscomp.IntegrationTest" name="testPropertyRenaming" time="0.008" />
  <testcase classname="com.google.javascript.jscomp.IntegrationTest" name="testConvertToDottedProperties" time="0.003" />
  <testcase classname="com.google.javascript.jscomp.IntegrationTest" name="testRewriteFunctionExpressions" time="0.003" />
  <testcase classname="com.google.javascript.jscomp.IntegrationTest" name="testAliasAllStrings" time="0.003" />
  <testcase classname="com.google.javascript.jscomp.IntegrationTest" name="testAliasExterns" time="0.003" />
  <testcase classname="com.google.javascript.jscomp.IntegrationTest" name="testRenameVars1" time="0.006" />
  <testcase classname="com.google.javascript.jscomp.IntegrationTest" name="testRenameVars2" time="0.002" />
  <testcase classname="com.google.javascript.jscomp.IntegrationTest" name="testShadowVaribles" time="0.002" />
  <testcase classname="com.google.javascript.jscomp.IntegrationTest" name="testRenameLabels" time="0.002" />
  <testcase classname="com.google.javascript.jscomp.IntegrationTest" name="testBadBreakStatementInIdeMode" time="0.002" />
  <testcase classname="com.google.javascript.jscomp.IntegrationTest" name="testIssue63SourceMap" time="0.001" />
  <testcase classname="com.google.javascript.jscomp.IntegrationTest" name="testRegExp1" time="0.005" />
  <testcase classname="com.google.javascript.jscomp.IntegrationTest" name="testRegExp2" time="0.004" />
  <testcase classname="com.google.javascript.jscomp.IntegrationTest" name="testFoldLocals1" time="0.002" />
  <testcase classname="com.google.javascript.jscomp.IntegrationTest" name="testFoldLocals2" time="0.01" />
  <testcase classname="com.google.javascript.jscomp.IntegrationTest" name="testFoldLocals3" time="0.004" />
  <testcase classname="com.google.javascript.jscomp.IntegrationTest" name="testFoldLocals4" time="0.005" />
  <testcase classname="com.google.javascript.jscomp.IntegrationTest" name="testFoldLocals5" time="0.004" />
  <testcase classname="com.google.javascript.jscomp.IntegrationTest" name="testFoldLocals6" time="0.003" />
  <testcase classname="com.google.javascript.jscomp.IntegrationTest" name="testFoldLocals7" time="0.003" />
  <testcase classname="com.google.javascript.jscomp.IntegrationTest" name="testVarDeclarationsIntoFor" time="0.002" />
  <testcase classname="com.google.javascript.jscomp.IntegrationTest" name="testExploitAssigns" time="0.003" />
  <testcase classname="com.google.javascript.jscomp.IntegrationTest" name="testRecoverOnBadExterns" time="0.003" />
  <testcase classname="com.google.javascript.jscomp.IntegrationTest" name="testDuplicateVariablesInExterns" time="0.001" />
  <testcase classname="com.google.javascript.jscomp.IntegrationTest" name="testLanguageMode" time="0.004" />
  <testcase classname="com.google.javascript.jscomp.IntegrationTest" name="testLanguageMode2" time="0.006" />
  <testcase classname="com.google.javascript.jscomp.IntegrationTest" name="testIssue598" time="0.006" />
  <testcase classname="com.google.javascript.jscomp.IntegrationTest" name="testCheckStrictMode" time="0.022" />
  <testcase classname="com.google.javascript.jscomp.IntegrationTest" name="testIssue701" time="0.003" />
  <testcase classname="com.google.javascript.jscomp.IntegrationTest" name="testIssue730" time="0.016" />
  <testcase classname="com.google.javascript.jscomp.IntegrationTest" name="testAddFunctionProperties1" time="0.005" />
  <testcase classname="com.google.javascript.jscomp.IntegrationTest" name="testAddFunctionProperties2" time="0.007" />
  <testcase classname="com.google.javascript.jscomp.IntegrationTest" name="testAddFunctionProperties3" time="0.009" />
  <testcase classname="com.google.javascript.jscomp.IntegrationTest" name="testAddFunctionProperties4" time="0.01" />
  <testcase classname="com.google.javascript.jscomp.IntegrationTest" name="testCoaleseVariables" time="0.004" />
  <testcase classname="com.google.javascript.jscomp.IntegrationTest" name="testLateStatementFusion" time="0.002" />
  <testcase classname="com.google.javascript.jscomp.IntegrationTest" name="testLateConstantReordering" time="0.002" />
  <testcase classname="com.google.javascript.jscomp.IntegrationTest" name="testsyntheticBlockOnDeadAssignments" time="0.002" />
  <testcase classname="com.google.javascript.jscomp.IntegrationTest" name="testBug4152835" time="0.002" />
  <testcase classname="com.google.javascript.jscomp.IntegrationTest" name="testNoFuseIntoSyntheticBlock" time="0.01" />
  <testcase classname="com.google.javascript.jscomp.IntegrationTest" name="testBug5786871" time="0.002" />
  <testcase classname="com.google.javascript.jscomp.IntegrationTest" name="testIssue378" time="0.003" />
  <testcase classname="com.google.javascript.jscomp.IntegrationTest" name="testIssue550" time="0.008" />
  <testcase classname="com.google.javascript.jscomp.IntegrationTest" name="testIssue1168" time="0.005" />
  <testcase classname="com.google.javascript.jscomp.IntegrationTest" name="testIssue1198" time="0.004" />
  <testcase classname="com.google.javascript.jscomp.IntegrationTest" name="testIssue1131" time="0.006" />
  <testcase classname="com.google.javascript.jscomp.IntegrationTest" name="testIssue284" time="0.003" />
  <testcase classname="com.google.javascript.jscomp.IntegrationTest" name="testIssue772" time="0.005" />
  <testcase classname="com.google.javascript.jscomp.IntegrationTest" name="testSuppressBadGoogRequire" time="0.004" />
  <testcase classname="com.google.javascript.jscomp.IntegrationTest" name="testIssue1204" time="0.009" />
  <testcase classname="com.google.javascript.jscomp.IntegrationTest" name="testCodingConvention" time="0.0" />
  <testcase classname="com.google.javascript.jscomp.IntegrationTest" name="testJQueryStringSplitLoops" time="0.003" />
  <testcase classname="com.google.javascript.jscomp.IntegrationTest" name="testAlwaysRunSafetyCheck" time="0.003" />
  <testcase classname="com.google.javascript.jscomp.IntegrationTest" name="testSuppressEs5StrictWarning" time="0.002" />
  <testcase classname="com.google.javascript.jscomp.IntegrationTest" name="testCheckProvidesWarning" time="0.003" />
  <testcase classname="com.google.javascript.jscomp.IntegrationTest" name="testSuppressCheckProvidesWarning" time="0.002" />
  <testcase classname="com.google.javascript.jscomp.IntegrationTest" name="testSuppressCastWarning" time="0.017" />
  <testcase classname="com.google.javascript.jscomp.IntegrationTest" name="testLhsCast" time="0.002" />
  <testcase classname="com.google.javascript.jscomp.IntegrationTest" name="testRenamePrefix" time="0.003" />
  <testcase classname="com.google.javascript.jscomp.IntegrationTest" name="testRenamePrefixNamespace" time="0.011" />
  <testcase classname="com.google.javascript.jscomp.IntegrationTest" name="testRenamePrefixNamespaceProtectSideEffects" time="0.019" />
  <testcase classname="com.google.javascript.jscomp.IntegrationTest" name="testRenameCollision" time="0.028" />
  <testcase classname="com.google.javascript.jscomp.IntegrationTest" name="testRenamePrefixNamespaceActivatesMoveFunctionDeclarations" time="0.005" />
  <testcase classname="com.google.javascript.jscomp.IntegrationTest" name="testBrokenNameSpace" time="0.005" />
  <testcase classname="com.google.javascript.jscomp.IntegrationTest" name="testNamelessParameter" time="0.01" />
  <testcase classname="com.google.javascript.jscomp.IntegrationTest" name="testNegativeZero" time="0.008" />
  <testcase classname="com.google.javascript.jscomp.IntegrationTest" name="testSingletonGetter1" time="0.009" />
  <testcase classname="com.google.javascript.jscomp.IntegrationTest" name="testIncompleteFunction1" time="0.003" />
  <testcase classname="com.google.javascript.jscomp.IntegrationTest" name="testIncompleteFunction2" time="0.005" />
  <testcase classname="com.google.javascript.jscomp.IntegrationTest" name="testSortingOff" time="0.002" />
  <testcase classname="com.google.javascript.jscomp.IntegrationTest" name="testUnboundedArrayLiteralInfiniteLoop" time="0.003" />
  <testcase classname="com.google.javascript.jscomp.IntegrationTest" name="testProvideRequireSameFile" time="0.011" />
  <testcase classname="com.google.javascript.jscomp.IntegrationTest" name="testDependencySorting" time="0.005" />
  <testcase classname="com.google.javascript.jscomp.IntegrationTest" name="testStrictWarningsGuard" time="0.005" />
  <testcase classname="com.google.javascript.jscomp.IntegrationTest" name="testStrictWarningsGuardEmergencyMode" time="0.004" />
  <testcase classname="com.google.javascript.jscomp.IntegrationTest" name="testInlineProperties" time="0.012" />
  <testcase classname="com.google.javascript.jscomp.IntegrationTest" name="testGoogDefineClass1" time="0.016" />
  <testcase classname="com.google.javascript.jscomp.IntegrationTest" name="testGoogDefineClass2" time="0.012" />
  <testcase classname="com.google.javascript.jscomp.IntegrationTest" name="testGoogDefineClass3" time="0.024" />
  <testcase classname="com.google.javascript.jscomp.IntegrationTest" name="testGoogDefineClass4" time="0.033" />
  <testcase classname="com.google.javascript.jscomp.IntegrationTest" name="testCheckConstants1" time="0.01" />
  <testcase classname="com.google.javascript.jscomp.IntegrationTest" name="testCheckConstants2" time="0.003" />
  <testcase classname="com.google.javascript.jscomp.IntegrationTest" name="testIssue937" time="0.004" />
  <testcase classname="com.google.javascript.jscomp.IntegrationTest" name="testES5toES6" time="0.006" />
  <testcase classname="com.google.javascript.jscomp.IntegrationTest" name="testIssue787" time="0.006" />
  <testcase classname="com.google.javascript.jscomp.IntegrationTest" name="testClosureDefines" time="0.004" />
  <testcase classname="com.google.javascript.jscomp.IntegrationTest" name="testClosureDefinesDuplicates2" time="0.003" />
  <testcase classname="com.google.javascript.jscomp.IntegrationTest" name="testRmUnusedProtoPropsInExternsUsage" time="0.0" />
  <testcase classname="com.google.javascript.jscomp.IntegrationTest" name="testMaxFunSizeAfterInliningUsage" time="0.0" />
  <testcase classname="com.google.javascript.jscomp.IntegrationTest" name="testIsEquivalentTo" time="0.0" />
  <testcase classname="com.google.javascript.jscomp.IntegrationTest" name="testIssue724" time="0.006" />
  <system-out><![CDATA[]]></system-out>
  <system-err><![CDATA[]]></system-err>
</testsuite>
